2020-10-27T19:52:48.061-0500 [DEBUG] [org.gradle.launcher.daemon.bootstrap.DaemonMain] Assuming the daemon was started with following jvm opts: [-XX:MaxMetaspaceSize=256m, -XX:+HeapDumpOnOutOfMemoryError, -agentlib:jdwp=transport=dt_socket,server=n,suspend=y,address=127.0.0.1:53587, --add-opens, java.base/java.util=ALL-UNNAMED, --add-opens, java.base/java.lang=ALL-UNNAMED, --add-opens, java.base/java.lang.invoke=ALL-UNNAMED, --add-opens, java.prefs/java.util.prefs=ALL-UNNAMED, -Xms256m, -Xmx512m, -Dfile.encoding=windows-1252, -Duser.country=US, -Duser.language=en, -Duser.variant]
2020-10-27T19:52:48.730-0500 [DEBUG] [org.gradle.internal.nativeintegration.services.NativeServices] Native-platform posix files integration is not available. Continuing with fallback.
2020-10-27T19:52:52.655-0500 [INFO] [org.gradle.launcher.daemon.server.Daemon] start() called on daemon - DefaultDaemonContext[uid=e426d7c0-474a-4830-b2dc-72d93d12b154,javaHome=C:\Program Files\Java\jdk-13.0.2,daemonRegistryDir=C:\Users\lburk\lc101\java-web-dev-techjobs-persistent\daemon,pid=4888,idleTimeout=10800000,priority=NORMAL,daemonOpts=-XX:MaxMetaspaceSize=256m,-XX:+HeapDumpOnOutOfMemoryError,-agentlib:jdwp=transport=dt_socket,server=n,suspend=y,address=127.0.0.1:53587,--add-opens,java.base/java.util=ALL-UNNAMED,--add-opens,java.base/java.lang=ALL-UNNAMED,--add-opens,java.base/java.lang.invoke=ALL-UNNAMED,--add-opens,java.prefs/java.util.prefs=ALL-UNNAMED,-Xms256m,-Xmx512m,-Dfile.encoding=windows-1252,-Duser.country=US,-Duser.language=en,-Duser.variant]
2020-10-27T19:52:54.792-0500 [DEBUG] [org.gradle.internal.remote.internal.inet.InetAddresses] Adding IP addresses for network interface Software Loopback Interface 1
2020-10-27T19:52:54.798-0500 [DEBUG] [org.gradle.internal.remote.internal.inet.InetAddresses] Is this a loopback interface? true
2020-10-27T19:52:54.799-0500 [DEBUG] [org.gradle.internal.remote.internal.inet.InetAddresses] Adding loopback address /127.0.0.1
2020-10-27T19:52:54.799-0500 [DEBUG] [org.gradle.internal.remote.internal.inet.InetAddresses] Adding loopback address /0:0:0:0:0:0:0:1
2020-10-27T19:52:54.806-0500 [DEBUG] [org.gradle.internal.remote.internal.inet.InetAddresses] Adding IP addresses for network interface Microsoft 6to4 Adapter
2020-10-27T19:52:54.812-0500 [DEBUG] [org.gradle.internal.remote.internal.inet.InetAddresses] Is this a loopback interface? false
2020-10-27T19:52:54.813-0500 [DEBUG] [org.gradle.internal.remote.internal.inet.InetAddresses] Adding IP addresses for network interface Microsoft Wi-Fi Direct Virtual Adapter #2
2020-10-27T19:52:54.819-0500 [DEBUG] [org.gradle.internal.remote.internal.inet.InetAddresses] Is this a loopback interface? false
2020-10-27T19:52:54.820-0500 [DEBUG] [org.gradle.internal.remote.internal.inet.InetAddresses] Adding remote address /192.168.137.1
2020-10-27T19:52:54.821-0500 [DEBUG] [org.gradle.internal.remote.internal.inet.InetAddresses] Adding remote address /fe80:0:0:0:2108:fa4b:eef4:62b3%wlan0
2020-10-27T19:52:54.822-0500 [DEBUG] [org.gradle.internal.remote.internal.inet.InetAddresses] Adding IP addresses for network interface Microsoft Kernel Debug Network Adapter
2020-10-27T19:52:54.829-0500 [DEBUG] [org.gradle.internal.remote.internal.inet.InetAddresses] Is this a loopback interface? false
2020-10-27T19:52:54.830-0500 [DEBUG] [org.gradle.internal.remote.internal.inet.InetAddresses] Adding IP addresses for network interface WAN Miniport (IPv6)
2020-10-27T19:52:54.836-0500 [DEBUG] [org.gradle.internal.remote.internal.inet.InetAddresses] Is this a loopback interface? false
2020-10-27T19:52:54.837-0500 [DEBUG] [org.gradle.internal.remote.internal.inet.InetAddresses] Adding IP addresses for network interface Microsoft IP-HTTPS Platform Adapter
2020-10-27T19:52:54.842-0500 [DEBUG] [org.gradle.internal.remote.internal.inet.InetAddresses] Is this a loopback interface? false
2020-10-27T19:52:54.843-0500 [DEBUG] [org.gradle.internal.remote.internal.inet.InetAddresses] Adding IP addresses for network interface WAN Miniport (IP)
2020-10-27T19:52:54.848-0500 [DEBUG] [org.gradle.internal.remote.internal.inet.InetAddresses] Is this a loopback interface? false
2020-10-27T19:52:54.849-0500 [DEBUG] [org.gradle.internal.remote.internal.inet.InetAddresses] Adding IP addresses for network interface Realtek 8821CE Wireless LAN 802.11ac PCI-E NIC
2020-10-27T19:52:54.855-0500 [DEBUG] [org.gradle.internal.remote.internal.inet.InetAddresses] Is this a loopback interface? false
2020-10-27T19:52:54.855-0500 [DEBUG] [org.gradle.internal.remote.internal.inet.InetAddresses] Adding remote address /192.168.1.163
2020-10-27T19:52:54.857-0500 [DEBUG] [org.gradle.internal.remote.internal.inet.InetAddresses] Adding remote address /2600:6c40:5a80:1870:0:7754:906d:d57
2020-10-27T19:52:54.857-0500 [DEBUG] [org.gradle.internal.remote.internal.inet.InetAddresses] Adding remote address /2600:6c40:5a80:1870:f933:bb7d:5e2c:68d
2020-10-27T19:52:54.858-0500 [DEBUG] [org.gradle.internal.remote.internal.inet.InetAddresses] Adding remote address /2600:6c40:5a80:1870:5c4c:8457:6c90:cfb7
2020-10-27T19:52:54.858-0500 [DEBUG] [org.gradle.internal.remote.internal.inet.InetAddresses] Adding remote address /2600:6c40:5a80:1870:74b5:9599:de4c:4ce3
2020-10-27T19:52:54.859-0500 [DEBUG] [org.gradle.internal.remote.internal.inet.InetAddresses] Adding remote address /2600:6c40:5a80:1870:9d31:4f67:1800:d876
2020-10-27T19:52:54.859-0500 [DEBUG] [org.gradle.internal.remote.internal.inet.InetAddresses] Adding remote address /fe80:0:0:0:f933:bb7d:5e2c:68d%wlan1
2020-10-27T19:52:54.862-0500 [DEBUG] [org.gradle.internal.remote.internal.inet.InetAddresses] Adding IP addresses for network interface WAN Miniport (Network Monitor)
2020-10-27T19:52:54.870-0500 [DEBUG] [org.gradle.internal.remote.internal.inet.InetAddresses] Is this a loopback interface? false
2020-10-27T19:52:54.877-0500 [DEBUG] [org.gradle.internal.remote.internal.inet.InetAddresses] Adding IP addresses for network interface WAN Miniport (L2TP)
2020-10-27T19:52:54.887-0500 [DEBUG] [org.gradle.internal.remote.internal.inet.InetAddresses] Is this a loopback interface? false
2020-10-27T19:52:54.888-0500 [DEBUG] [org.gradle.internal.remote.internal.inet.InetAddresses] Adding IP addresses for network interface WAN Miniport (PPTP)
2020-10-27T19:52:54.894-0500 [DEBUG] [org.gradle.internal.remote.internal.inet.InetAddresses] Is this a loopback interface? false
2020-10-27T19:52:54.895-0500 [DEBUG] [org.gradle.internal.remote.internal.inet.InetAddresses] Adding IP addresses for network interface WAN Miniport (PPPOE)
2020-10-27T19:52:54.902-0500 [DEBUG] [org.gradle.internal.remote.internal.inet.InetAddresses] Is this a loopback interface? false
2020-10-27T19:52:54.902-0500 [DEBUG] [org.gradle.internal.remote.internal.inet.InetAddresses] Adding IP addresses for network interface Microsoft Teredo Tunneling Adapter
2020-10-27T19:52:54.908-0500 [DEBUG] [org.gradle.internal.remote.internal.inet.InetAddresses] Is this a loopback interface? false
2020-10-27T19:52:54.908-0500 [DEBUG] [org.gradle.internal.remote.internal.inet.InetAddresses] Adding IP addresses for network interface WAN Miniport (IKEv2)
2020-10-27T19:52:54.913-0500 [DEBUG] [org.gradle.internal.remote.internal.inet.InetAddresses] Is this a loopback interface? false
2020-10-27T19:52:54.916-0500 [DEBUG] [org.gradle.internal.remote.internal.inet.InetAddresses] Adding IP addresses for network interface Bluetooth Device (Personal Area Network)
2020-10-27T19:52:54.921-0500 [DEBUG] [org.gradle.internal.remote.internal.inet.InetAddresses] Is this a loopback interface? false
2020-10-27T19:52:54.922-0500 [DEBUG] [org.gradle.internal.remote.internal.inet.InetAddresses] Adding remote address /fe80:0:0:0:f559:2eeb:3908:3e72%eth4
2020-10-27T19:52:54.922-0500 [DEBUG] [org.gradle.internal.remote.internal.inet.InetAddresses] Adding IP addresses for network interface Microsoft Wi-Fi Direct Virtual Adapter
2020-10-27T19:52:54.928-0500 [DEBUG] [org.gradle.internal.remote.internal.inet.InetAddresses] Is this a loopback interface? false
2020-10-27T19:52:54.928-0500 [DEBUG] [org.gradle.internal.remote.internal.inet.InetAddresses] Adding remote address /fe80:0:0:0:881:6590:171d:199e%wlan2
2020-10-27T19:52:54.929-0500 [DEBUG] [org.gradle.internal.remote.internal.inet.InetAddresses] Adding IP addresses for network interface WAN Miniport (SSTP)
2020-10-27T19:52:54.937-0500 [DEBUG] [org.gradle.internal.remote.internal.inet.InetAddresses] Is this a loopback interface? false
2020-10-27T19:52:54.937-0500 [DEBUG] [org.gradle.internal.remote.internal.inet.InetAddresses] Adding IP addresses for network interface Realtek 8821CE Wireless LAN 802.11ac PCI-E NIC-WFP Native MAC Layer LightWeight Filter-0000
2020-10-27T19:52:54.947-0500 [DEBUG] [org.gradle.internal.remote.internal.inet.InetAddresses] Is this a loopback interface? false
2020-10-27T19:52:54.948-0500 [DEBUG] [org.gradle.internal.remote.internal.inet.InetAddresses] Adding IP addresses for network interface Realtek 8821CE Wireless LAN 802.11ac PCI-E NIC-Virtual WiFi Filter Driver-0000
2020-10-27T19:52:54.954-0500 [DEBUG] [org.gradle.internal.remote.internal.inet.InetAddresses] Is this a loopback interface? false
2020-10-27T19:52:54.954-0500 [DEBUG] [org.gradle.internal.remote.internal.inet.InetAddresses] Adding IP addresses for network interface Realtek 8821CE Wireless LAN 802.11ac PCI-E NIC-Native WiFi Filter Driver-0000
2020-10-27T19:52:54.960-0500 [DEBUG] [org.gradle.internal.remote.internal.inet.InetAddresses] Is this a loopback interface? false
2020-10-27T19:52:54.960-0500 [DEBUG] [org.gradle.internal.remote.internal.inet.InetAddresses] Adding IP addresses for network interface Realtek 8821CE Wireless LAN 802.11ac PCI-E NIC-QoS Packet Scheduler-0000
2020-10-27T19:52:54.966-0500 [DEBUG] [org.gradle.internal.remote.internal.inet.InetAddresses] Is this a loopback interface? false
2020-10-27T19:52:54.967-0500 [DEBUG] [org.gradle.internal.remote.internal.inet.InetAddresses] Adding IP addresses for network interface Realtek 8821CE Wireless LAN 802.11ac PCI-E NIC-WFP 802.3 MAC Layer LightWeight Filter-0000
2020-10-27T19:52:54.972-0500 [DEBUG] [org.gradle.internal.remote.internal.inet.InetAddresses] Is this a loopback interface? false
2020-10-27T19:52:54.973-0500 [DEBUG] [org.gradle.internal.remote.internal.inet.InetAddresses] Adding IP addresses for network interface WAN Miniport (IP)-WFP Native MAC Layer LightWeight Filter-0000
2020-10-27T19:52:54.978-0500 [DEBUG] [org.gradle.internal.remote.internal.inet.InetAddresses] Is this a loopback interface? false
2020-10-27T19:52:54.979-0500 [DEBUG] [org.gradle.internal.remote.internal.inet.InetAddresses] Adding IP addresses for network interface WAN Miniport (IP)-QoS Packet Scheduler-0000
2020-10-27T19:52:54.984-0500 [DEBUG] [org.gradle.internal.remote.internal.inet.InetAddresses] Is this a loopback interface? false
2020-10-27T19:52:54.985-0500 [DEBUG] [org.gradle.internal.remote.internal.inet.InetAddresses] Adding IP addresses for network interface WAN Miniport (IPv6)-WFP Native MAC Layer LightWeight Filter-0000
2020-10-27T19:52:54.992-0500 [DEBUG] [org.gradle.internal.remote.internal.inet.InetAddresses] Is this a loopback interface? false
2020-10-27T19:52:54.993-0500 [DEBUG] [org.gradle.internal.remote.internal.inet.InetAddresses] Adding IP addresses for network interface WAN Miniport (IPv6)-QoS Packet Scheduler-0000
2020-10-27T19:52:54.999-0500 [DEBUG] [org.gradle.internal.remote.internal.inet.InetAddresses] Is this a loopback interface? false
2020-10-27T19:52:54.999-0500 [DEBUG] [org.gradle.internal.remote.internal.inet.InetAddresses] Adding IP addresses for network interface WAN Miniport (Network Monitor)-WFP Native MAC Layer LightWeight Filter-0000
2020-10-27T19:52:55.005-0500 [DEBUG] [org.gradle.internal.remote.internal.inet.InetAddresses] Is this a loopback interface? false
2020-10-27T19:52:55.005-0500 [DEBUG] [org.gradle.internal.remote.internal.inet.InetAddresses] Adding IP addresses for network interface WAN Miniport (Network Monitor)-QoS Packet Scheduler-0000
2020-10-27T19:52:55.010-0500 [DEBUG] [org.gradle.internal.remote.internal.inet.InetAddresses] Is this a loopback interface? false
2020-10-27T19:52:55.010-0500 [DEBUG] [org.gradle.internal.remote.internal.inet.InetAddresses] Adding IP addresses for network interface Microsoft Wi-Fi Direct Virtual Adapter-WFP Native MAC Layer LightWeight Filter-0000
2020-10-27T19:52:55.015-0500 [DEBUG] [org.gradle.internal.remote.internal.inet.InetAddresses] Is this a loopback interface? false
2020-10-27T19:52:55.016-0500 [DEBUG] [org.gradle.internal.remote.internal.inet.InetAddresses] Adding IP addresses for network interface Microsoft Wi-Fi Direct Virtual Adapter-Native WiFi Filter Driver-0000
2020-10-27T19:52:55.020-0500 [DEBUG] [org.gradle.internal.remote.internal.inet.InetAddresses] Is this a loopback interface? false
2020-10-27T19:52:55.021-0500 [DEBUG] [org.gradle.internal.remote.internal.inet.InetAddresses] Adding IP addresses for network interface Microsoft Wi-Fi Direct Virtual Adapter-QoS Packet Scheduler-0000
2020-10-27T19:52:55.026-0500 [DEBUG] [org.gradle.internal.remote.internal.inet.InetAddresses] Is this a loopback interface? false
2020-10-27T19:52:55.026-0500 [DEBUG] [org.gradle.internal.remote.internal.inet.InetAddresses] Adding IP addresses for network interface Microsoft Wi-Fi Direct Virtual Adapter-WFP 802.3 MAC Layer LightWeight Filter-0000
2020-10-27T19:52:55.031-0500 [DEBUG] [org.gradle.internal.remote.internal.inet.InetAddresses] Is this a loopback interface? false
2020-10-27T19:52:55.032-0500 [DEBUG] [org.gradle.internal.remote.internal.inet.InetAddresses] Adding IP addresses for network interface Microsoft Wi-Fi Direct Virtual Adapter #2-WFP Native MAC Layer LightWeight Filter-0000
2020-10-27T19:52:55.037-0500 [DEBUG] [org.gradle.internal.remote.internal.inet.InetAddresses] Is this a loopback interface? false
2020-10-27T19:52:55.037-0500 [DEBUG] [org.gradle.internal.remote.internal.inet.InetAddresses] Adding IP addresses for network interface Microsoft Wi-Fi Direct Virtual Adapter #2-Native WiFi Filter Driver-0000
2020-10-27T19:52:55.042-0500 [DEBUG] [org.gradle.internal.remote.internal.inet.InetAddresses] Is this a loopback interface? false
2020-10-27T19:52:55.042-0500 [DEBUG] [org.gradle.internal.remote.internal.inet.InetAddresses] Adding IP addresses for network interface Microsoft Wi-Fi Direct Virtual Adapter #2-QoS Packet Scheduler-0000
2020-10-27T19:52:55.047-0500 [DEBUG] [org.gradle.internal.remote.internal.inet.InetAddresses] Is this a loopback interface? false
2020-10-27T19:52:55.048-0500 [DEBUG] [org.gradle.internal.remote.internal.inet.InetAddresses] Adding IP addresses for network interface Microsoft Wi-Fi Direct Virtual Adapter #2-WFP 802.3 MAC Layer LightWeight Filter-0000
2020-10-27T19:52:55.053-0500 [DEBUG] [org.gradle.internal.remote.internal.inet.InetAddresses] Is this a loopback interface? false
2020-10-27T19:52:55.581-0500 [DEBUG] [org.gradle.internal.remote.internal.inet.TcpIncomingConnector] Listening on [f787744a-3497-4627-8aea-e9ae98a9ef5a port:53592, addresses:[/127.0.0.1, /0:0:0:0:0:0:0:1]].
2020-10-27T19:52:55.604-0500 [DEBUG] [org.gradle.launcher.daemon.server.Daemon] Daemon starting at: Tue Oct 27 19:52:55 CDT 2020, with address: [f787744a-3497-4627-8aea-e9ae98a9ef5a port:53592, addresses:[/127.0.0.1, /0:0:0:0:0:0:0:1]]
2020-10-27T19:52:55.605-0500 [INFO] [org.gradle.launcher.daemon.server.DaemonRegistryUpdater] Advertising the daemon address to the clients: [f787744a-3497-4627-8aea-e9ae98a9ef5a port:53592, addresses:[/127.0.0.1, /0:0:0:0:0:0:0:1]]
2020-10-27T19:52:55.606-0500 [DEBUG] [org.gradle.launcher.daemon.server.DaemonRegistryUpdater] Advertised daemon context: DefaultDaemonContext[uid=e426d7c0-474a-4830-b2dc-72d93d12b154,javaHome=C:\Program Files\Java\jdk-13.0.2,daemonRegistryDir=C:\Users\lburk\lc101\java-web-dev-techjobs-persistent\daemon,pid=4888,idleTimeout=10800000,priority=NORMAL,daemonOpts=-XX:MaxMetaspaceSize=256m,-XX:+HeapDumpOnOutOfMemoryError,-agentlib:jdwp=transport=dt_socket,server=n,suspend=y,address=127.0.0.1:53587,--add-opens,java.base/java.util=ALL-UNNAMED,--add-opens,java.base/java.lang=ALL-UNNAMED,--add-opens,java.base/java.lang.invoke=ALL-UNNAMED,--add-opens,java.prefs/java.util.prefs=ALL-UNNAMED,-Xms256m,-Xmx512m,-Dfile.encoding=windows-1252,-Duser.country=US,-Duser.language=en,-Duser.variant]
2020-10-27T19:52:55.609-0500 [DEBUG] [org.gradle.launcher.daemon.registry.PersistentDaemonRegistry] Storing daemon address: [f787744a-3497-4627-8aea-e9ae98a9ef5a port:53592, addresses:[/127.0.0.1, /0:0:0:0:0:0:0:1]], context: DefaultDaemonContext[uid=e426d7c0-474a-4830-b2dc-72d93d12b154,javaHome=C:\Program Files\Java\jdk-13.0.2,daemonRegistryDir=C:\Users\lburk\lc101\java-web-dev-techjobs-persistent\daemon,pid=4888,idleTimeout=10800000,priority=NORMAL,daemonOpts=-XX:MaxMetaspaceSize=256m,-XX:+HeapDumpOnOutOfMemoryError,-agentlib:jdwp=transport=dt_socket,server=n,suspend=y,address=127.0.0.1:53587,--add-opens,java.base/java.util=ALL-UNNAMED,--add-opens,java.base/java.lang=ALL-UNNAMED,--add-opens,java.base/java.lang.invoke=ALL-UNNAMED,--add-opens,java.prefs/java.util.prefs=ALL-UNNAMED,-Xms256m,-Xmx512m,-Dfile.encoding=windows-1252,-Duser.country=US,-Duser.language=en,-Duser.variant]
2020-10-27T19:52:55.643-0500 [DEBUG] [org.gradle.cache.internal.DefaultFileLockManager] Waiting to acquire exclusive lock on daemon addresses registry.
2020-10-27T19:52:55.654-0500 [DEBUG] [org.gradle.cache.internal.DefaultFileLockManager] Lock acquired on daemon addresses registry.
2020-10-27T19:52:55.669-0500 [DEBUG] [org.gradle.cache.internal.DefaultFileLockManager] Releasing lock on daemon addresses registry.
2020-10-27T19:52:55.670-0500 [LIFECYCLE] [org.gradle.launcher.daemon.server.Daemon] Daemon server started.
2020-10-27T19:52:55.683-0500 [DEBUG] [org.gradle.launcher.daemon.bootstrap.DaemonStartupCommunication] Completed writing the daemon greeting. Closing streams...
2020-10-27T19:52:55.704-0500 [DEBUG] [org.gradle.launcher.daemon.server.Daemon] stopOnExpiration() called on daemon
2020-10-27T19:52:55.707-0500 [DEBUG] [org.gradle.launcher.daemon.server.Daemon] awaitExpiration() called on daemon
2020-10-27T19:52:55.709-0500 [DEBUG] [org.gradle.launcher.daemon.server.DaemonStateCoordinator] daemon is running. Sleeping until state changes.
2020-10-27T19:52:55.737-0500 [DEBUG] [org.gradle.internal.remote.internal.inet.TcpIncomingConnector] Accepted connection from /127.0.0.1:53593 to /127.0.0.1:53592.
2020-10-27T19:52:56.059-0500 [DEBUG] [org.gradle.launcher.daemon.server.SynchronizedDispatchConnection] thread 21: received class org.gradle.launcher.daemon.protocol.Build
2020-10-27T19:52:56.060-0500 [DEBUG] [org.gradle.launcher.daemon.server.DefaultDaemonConnection] thread 21: Received non-IO message from client: Build{id=261fe50d-4074-43ea-b049-db8b84cac2f5, currentDir=C:\Users\lburk\lc101\java-web-dev-techjobs-persistent}
2020-10-27T19:52:56.061-0500 [INFO] [org.gradle.launcher.daemon.server.DefaultIncomingConnectionHandler] Received command: Build{id=261fe50d-4074-43ea-b049-db8b84cac2f5, currentDir=C:\Users\lburk\lc101\java-web-dev-techjobs-persistent}.
2020-10-27T19:52:56.061-0500 [DEBUG] [org.gradle.launcher.daemon.server.DefaultIncomingConnectionHandler] Starting executing command: Build{id=261fe50d-4074-43ea-b049-db8b84cac2f5, currentDir=C:\Users\lburk\lc101\java-web-dev-techjobs-persistent} with connection: socket connection from /127.0.0.1:53592 to /127.0.0.1:53593.
2020-10-27T19:52:56.105-0500 [ERROR] [org.gradle.launcher.daemon.server.DaemonStateCoordinator] Command execution: started DaemonCommandExecution[command = Build{id=261fe50d-4074-43ea-b049-db8b84cac2f5, currentDir=C:\Users\lburk\lc101\java-web-dev-techjobs-persistent}, connection = DefaultDaemonConnection: socket connection from /127.0.0.1:53592 to /127.0.0.1:53593] after 0.0 minutes of idle
2020-10-27T19:52:56.115-0500 [INFO] [org.gradle.launcher.daemon.server.DaemonRegistryUpdater] Marking the daemon as busy, address: [f787744a-3497-4627-8aea-e9ae98a9ef5a port:53592, addresses:[/127.0.0.1, /0:0:0:0:0:0:0:1]]
2020-10-27T19:52:56.115-0500 [DEBUG] [org.gradle.launcher.daemon.registry.PersistentDaemonRegistry] Marking busy by address: [f787744a-3497-4627-8aea-e9ae98a9ef5a port:53592, addresses:[/127.0.0.1, /0:0:0:0:0:0:0:1]]
2020-10-27T19:52:56.120-0500 [DEBUG] [org.gradle.cache.internal.DefaultFileLockManager] Waiting to acquire exclusive lock on daemon addresses registry.
2020-10-27T19:52:56.124-0500 [DEBUG] [org.gradle.cache.internal.DefaultFileLockManager] Lock acquired on daemon addresses registry.
2020-10-27T19:52:56.131-0500 [DEBUG] [org.gradle.cache.internal.DefaultFileLockManager] Releasing lock on daemon addresses registry.
2020-10-27T19:52:56.134-0500 [DEBUG] [org.gradle.launcher.daemon.server.DaemonStateCoordinator] resetting idle timer
2020-10-27T19:52:56.134-0500 [DEBUG] [org.gradle.launcher.daemon.server.DaemonStateCoordinator] daemon is running. Sleeping until state changes.
2020-10-27T19:52:56.138-0500 [INFO] [org.gradle.launcher.daemon.server.exec.StartBuildOrRespondWithBusy] Daemon is about to start building Build{id=261fe50d-4074-43ea-b049-db8b84cac2f5, currentDir=C:\Users\lburk\lc101\java-web-dev-techjobs-persistent}. Dispatching build started information...
2020-10-27T19:52:56.139-0500 [DEBUG] [org.gradle.launcher.daemon.server.SynchronizedDispatchConnection] thread 23: dispatching class org.gradle.launcher.daemon.protocol.BuildStarted
2020-10-27T19:52:56.150-0500 [DEBUG] [org.gradle.launcher.daemon.server.exec.EstablishBuildEnvironment] Configuring env variables: {configsetroot=C:\WINDOWS\ConfigSetRoot, USERDOMAIN_ROAMINGPROFILE=LAPTOP-TOLOOT87, LOCALAPPDATA=C:\Users\lburk\AppData\Local, PROCESSOR_LEVEL=21, USERDOMAIN=LAPTOP-TOLOOT87, LOGONSERVER=\\LAPTOP-TOLOOT87, JAVA_HOME=C:\Program Files\Java\jdk-13.0.2, SESSIONNAME=Console, ALLUSERSPROFILE=C:\ProgramData, PROCESSOR_ARCHITECTURE=AMD64, ANDROID_HOME=C:\Users\lburk\lc101\angular-lc101-mission-planner\node_modules\protractor\node_modules\webdriver-manager\built\lib\binaries, PSModulePath=C:\Program Files\WindowsPowerShell\Modules;C:\WINDOWS\system32\WindowsPowerShell\v1.0\Modules, SystemDrive=C:, OneDrive=C:\Users\lburk\OneDrive, APPDATA=C:\Users\lburk\AppData\Roaming, USERNAME=lburk, ProgramFiles(x86)=C:\Program Files (x86), CommonProgramFiles=C:\Program Files\Common Files, Path=C:\WINDOWS\system32;C:\WINDOWS;C:\WINDOWS\System32\Wbem;C:\WINDOWS\System32\WindowsPowerShell\v1.0\;C:\WINDOWS\System32\OpenSSH\;C:\Program Files\Git\cmd;C:\Program Files\nodejs\;C:\Program Files\Java\jdk-13.0.2\bin;C:\Program Files\MySQL\MySQL Shell 8.0\bin\;C:\Users\lburk\AppData\Local\Microsoft\WindowsApps;C:\Users\lburk\AppData\Local\Programs\Microsoft VS Code\bin;C:\Users\lburk\AppData\Local\GitHubDesktop\bin;C:\Users\lburk\AppData\Roaming\npm, PATHEXT=.COM;.EXE;.BAT;.CMD;.VBS;.VBE;.JS;.JSE;.WSF;.WSH;.MSC, DriverData=C:\Windows\System32\Drivers\DriverData, OS=Windows_NT, OneDriveConsumer=C:\Users\lburk\OneDrive, COMPUTERNAME=LAPTOP-TOLOOT87, PROCESSOR_REVISION=7000, CommonProgramW6432=C:\Program Files\Common Files, ComSpec=C:\WINDOWS\system32\cmd.exe, ProgramData=C:\ProgramData, ProgramW6432=C:\Program Files, HOMEPATH=\Users\lburk, SystemRoot=C:\WINDOWS, TEMP=C:\Users\lburk\AppData\Local\Temp, PROCESSOR_IDENTIFIER=AMD64 Family 21 Model 112 Stepping 0, AuthenticAMD, USERPROFILE=C:\Users\lburk, HOMEDRIVE=C:, TMP=C:\Users\lburk\AppData\Local\Temp, ProgramFiles=C:\Program Files, CommonProgramFiles(x86)=C:\Program Files (x86)\Common Files, PUBLIC=C:\Users\Public, windir=C:\WINDOWS, NUMBER_OF_PROCESSORS=2, =::=::\, IDEA_INITIAL_DIRECTORY=C:\Users\lburk\AppData\Local\JetBrains\IntelliJ IDEA Community Edition 2020.2\bin}
2020-10-27T19:52:56.189-0500 [DEBUG] [org.gradle.launcher.daemon.server.exec.LogToClient] About to start relaying all logs to the client via the connection.
2020-10-27T19:52:56.190-0500 [INFO] [org.gradle.launcher.daemon.server.exec.LogToClient] The client will now receive all logging from the daemon (pid: 4888). The daemon log file: C:\Users\lburk\lc101\java-web-dev-techjobs-persistent\daemon\6.0.1\daemon-4888.out.log
2020-10-27T19:52:56.206-0500 [INFO] [org.gradle.launcher.daemon.server.exec.LogAndCheckHealth] Starting build in new daemon [memory: 536.9 MB]
2020-10-27T19:52:56.343-0500 [DEBUG] [org.gradle.launcher.daemon.server.exec.ExecuteBuild] The daemon has started executing the build.
2020-10-27T19:52:56.345-0500 [DEBUG] [org.gradle.launcher.daemon.server.exec.ExecuteBuild] Executing build with daemon context: DefaultDaemonContext[uid=e426d7c0-474a-4830-b2dc-72d93d12b154,javaHome=C:\Program Files\Java\jdk-13.0.2,daemonRegistryDir=C:\Users\lburk\lc101\java-web-dev-techjobs-persistent\daemon,pid=4888,idleTimeout=10800000,priority=NORMAL,daemonOpts=-XX:MaxMetaspaceSize=256m,-XX:+HeapDumpOnOutOfMemoryError,-agentlib:jdwp=transport=dt_socket,server=n,suspend=y,address=127.0.0.1:53587,--add-opens,java.base/java.util=ALL-UNNAMED,--add-opens,java.base/java.lang=ALL-UNNAMED,--add-opens,java.base/java.lang.invoke=ALL-UNNAMED,--add-opens,java.prefs/java.util.prefs=ALL-UNNAMED,-Xms256m,-Xmx512m,-Dfile.encoding=windows-1252,-Duser.country=US,-Duser.language=en,-Duser.variant]

  .   ____          _            __ _ _
 /\\ / ___'_ __ _ _(_)_ __  __ _ \ \ \ \
( ( )\___ | '_ | '_| | '_ \/ _` | \ \ \ \
 \\/  ___)| |_)| | | | | || (_| |  ) ) ) )
  '  |____| .__|_| |_|_| |_\__, | / / / /
 =========|_|==============|___/=/_/_/_/
 :: Spring Boot ::        (v2.2.2.RELEASE)

2020-10-27 19:53:35.104  INFO 5816 --- [  restartedMain] .JavaWebDevTechjobsPersistentApplication : Starting JavaWebDevTechjobsPersistentApplication on LAPTOP-TOLOOT87 with PID 5816 (C:\Users\lburk\lc101\java-web-dev-techjobs-persistent\build\classes\java\main started by lburk in C:\Users\lburk\lc101\java-web-dev-techjobs-persistent)
2020-10-27 19:53:35.119  INFO 5816 --- [  restartedMain] .JavaWebDevTechjobsPersistentApplication : No active profile set, falling back to default profiles: default
2020-10-27 19:53:35.668  INFO 5816 --- [  restartedMain] o.s.b.devtools.restart.ChangeableUrls    : The Class-Path manifest attribute in C:\Users\lburk\lc101\java-web-dev-techjobs-persistent\caches\modules-2\files-2.1\org.glassfish.jaxb\jaxb-runtime\2.3.2\5528bc882ea499a09d720b42af11785c4fc6be2a\jaxb-runtime-2.3.2.jar referenced one or more files that do not exist: file:/C:/Users/lburk/lc101/java-web-dev-techjobs-persistent/caches/modules-2/files-2.1/org.glassfish.jaxb/jaxb-runtime/2.3.2/5528bc882ea499a09d720b42af11785c4fc6be2a/jakarta.xml.bind-api-2.3.2.jar,file:/C:/Users/lburk/lc101/java-web-dev-techjobs-persistent/caches/modules-2/files-2.1/org.glassfish.jaxb/jaxb-runtime/2.3.2/5528bc882ea499a09d720b42af11785c4fc6be2a/txw2-2.3.2.jar,file:/C:/Users/lburk/lc101/java-web-dev-techjobs-persistent/caches/modules-2/files-2.1/org.glassfish.jaxb/jaxb-runtime/2.3.2/5528bc882ea499a09d720b42af11785c4fc6be2a/istack-commons-runtime-3.0.8.jar,file:/C:/Users/lburk/lc101/java-web-dev-techjobs-persistent/caches/modules-2/files-2.1/org.glassfish.jaxb/jaxb-runtime/2.3.2/5528bc882ea499a09d720b42af11785c4fc6be2a/stax-ex-1.8.1.jar,file:/C:/Users/lburk/lc101/java-web-dev-techjobs-persistent/caches/modules-2/files-2.1/org.glassfish.jaxb/jaxb-runtime/2.3.2/5528bc882ea499a09d720b42af11785c4fc6be2a/FastInfoset-1.2.16.jar,file:/C:/Users/lburk/lc101/java-web-dev-techjobs-persistent/caches/modules-2/files-2.1/org.glassfish.jaxb/jaxb-runtime/2.3.2/5528bc882ea499a09d720b42af11785c4fc6be2a/jakarta.activation-api-1.2.1.jar
2020-10-27 19:53:35.671  INFO 5816 --- [  restartedMain] .e.DevToolsPropertyDefaultsPostProcessor : Devtools property defaults active! Set 'spring.devtools.add-properties' to 'false' to disable
2020-10-27 19:53:35.672  INFO 5816 --- [  restartedMain] .e.DevToolsPropertyDefaultsPostProcessor : For additional web related logging consider setting the 'logging.level.web' property to 'DEBUG'
2020-10-27 19:53:40.343  INFO 5816 --- [  restartedMain] .s.d.r.c.RepositoryConfigurationDelegate : Bootstrapping Spring Data JPA repositories in DEFAULT mode.
2020-10-27 19:53:40.629  INFO 5816 --- [  restartedMain] .s.d.r.c.RepositoryConfigurationDelegate : Finished Spring Data repository scanning in 259ms. Found 3 JPA repository interfaces.
2020-10-27 19:53:42.143  INFO 5816 --- [  restartedMain] trationDelegate$BeanPostProcessorChecker : Bean 'org.springframework.transaction.annotation.ProxyTransactionManagementConfiguration' of type [org.springframework.transaction.annotation.ProxyTransactionManagementConfiguration] is not eligible for getting processed by all BeanPostProcessors (for example: not eligible for auto-proxying)
2020-10-27 19:53:44.110  INFO 5816 --- [  restartedMain] o.s.b.w.embedded.tomcat.TomcatWebServer  : Tomcat initialized with port(s): 8080 (http)
2020-10-27 19:53:44.184  INFO 5816 --- [  restartedMain] o.apache.catalina.core.StandardService   : Starting service [Tomcat]
2020-10-27 19:53:44.185  INFO 5816 --- [  restartedMain] org.apache.catalina.core.StandardEngine  : Starting Servlet engine: [Apache Tomcat/9.0.29]
2020-10-27 19:53:45.221  INFO 5816 --- [  restartedMain] o.a.c.c.C.[Tomcat].[localhost].[/]       : Initializing Spring embedded WebApplicationContext
2020-10-27 19:53:45.222  INFO 5816 --- [  restartedMain] o.s.web.context.ContextLoader            : Root WebApplicationContext: initialization completed in 9549 ms
2020-10-27 19:53:46.222  INFO 5816 --- [  restartedMain] o.hibernate.jpa.internal.util.LogHelper  : HHH000204: Processing PersistenceUnitInfo [name: default]
2020-10-27 19:53:46.665  INFO 5816 --- [  restartedMain] org.hibernate.Version                    : HHH000412: Hibernate Core {5.4.9.Final}
2020-10-27 19:53:47.708  INFO 5816 --- [  restartedMain] o.hibernate.annotations.common.Version   : HCANN000001: Hibernate Commons Annotations {5.1.0.Final}
2020-10-27 19:53:48.360  INFO 5816 --- [  restartedMain] com.zaxxer.hikari.HikariDataSource       : HikariPool-1 - Starting...
2020-10-27 19:53:50.383  INFO 5816 --- [  restartedMain] com.zaxxer.hikari.HikariDataSource       : HikariPool-1 - Start completed.
2020-10-27 19:53:50.587  INFO 5816 --- [  restartedMain] org.hibernate.dialect.Dialect            : HHH000400: Using dialect: org.hibernate.dialect.MySQL8Dialect
2020-10-27 19:53:55.840  INFO 5816 --- [  restartedMain] o.h.e.t.j.p.i.JtaPlatformInitiator       : HHH000490: Using JtaPlatform implementation: [org.hibernate.engine.transaction.jta.platform.internal.NoJtaPlatform]
2020-10-27 19:53:55.862  INFO 5816 --- [  restartedMain] j.LocalContainerEntityManagerFactoryBean : Initialized JPA EntityManagerFactory for persistence unit 'default'
2020-10-27 19:53:55.921  INFO 5816 --- [  restartedMain] o.s.b.d.a.OptionalLiveReloadServer       : LiveReload server is running on port 35729
2020-10-27 19:53:57.364  WARN 5816 --- [  restartedMain] JpaBaseConfiguration$JpaWebConfiguration : spring.jpa.open-in-view is enabled by default. Therefore, database queries may be performed during view rendering. Explicitly configure spring.jpa.open-in-view to disable this warning
2020-10-27 19:53:57.898  INFO 5816 --- [  restartedMain] o.s.s.concurrent.ThreadPoolTaskExecutor  : Initializing ExecutorService 'applicationTaskExecutor'
2020-10-27 19:53:58.178  INFO 5816 --- [  restartedMain] o.s.b.a.w.s.WelcomePageHandlerMapping    : Adding welcome page template: index
2020-10-27 19:53:59.283  INFO 5816 --- [  restartedMain] o.s.b.w.embedded.tomcat.TomcatWebServer  : Tomcat started on port(s): 8080 (http) with context path ''
2020-10-27 19:53:59.290  INFO 5816 --- [  restartedMain] .JavaWebDevTechjobsPersistentApplication : Started JavaWebDevTechjobsPersistentApplication in 26.671 seconds (JVM running for 28.896)
2020-10-27 19:54:17.097  INFO 5816 --- [nio-8080-exec-1] o.a.c.c.C.[Tomcat].[localhost].[/]       : Initializing Spring DispatcherServlet 'dispatcherServlet'
2020-10-27 19:54:17.100  INFO 5816 --- [nio-8080-exec-1] o.s.web.servlet.DispatcherServlet        : Initializing Servlet 'dispatcherServlet'
2020-10-27 19:54:17.129  INFO 5816 --- [nio-8080-exec-1] o.s.web.servlet.DispatcherServlet        : Completed initialization in 28 ms
Hibernate: select employer0_.id as id1_0_, employer0_.name as name2_0_, employer0_.location as location3_0_ from employer employer0_
Hibernate: select skill0_.id as id1_3_, skill0_.name as name2_3_, skill0_.description as descript3_3_ from skill skill0_
Hibernate: select employer0_.id as id1_0_0_, employer0_.name as name2_0_0_, employer0_.location as location3_0_0_ from employer employer0_ where employer0_.id=?
Hibernate: select next_val as id_val from hibernate_sequence for update
Hibernate: update hibernate_sequence set next_val= ? where next_val=?
Hibernate: insert into job (name, employer_id, id) values (?, ?, ?)
Hibernate: select employer0_.id as id1_0_, employer0_.name as name2_0_, employer0_.location as location3_0_ from employer employer0_
Hibernate: select skill0_.id as id1_3_, skill0_.name as name2_3_, skill0_.description as descript3_3_ from skill skill0_
Hibernate: select job0_.id as id1_1_, job0_.name as name2_1_, job0_.employer_id as employer3_1_ from job job0_
Hibernate: select employer0_.id as id1_0_0_, employer0_.name as name2_0_0_, employer0_.location as location3_0_0_ from employer employer0_ where employer0_.id=?
Hibernate: select employer0_.id as id1_0_0_, employer0_.name as name2_0_0_, employer0_.location as location3_0_0_ from employer employer0_ where employer0_.id=?
Hibernate: select employer0_.id as id1_0_0_, employer0_.name as name2_0_0_, employer0_.location as location3_0_0_ from employer employer0_ where employer0_.id=?
Hibernate: select employer0_.id as id1_0_0_, employer0_.name as name2_0_0_, employer0_.location as location3_0_0_ from employer employer0_ where employer0_.id=?
Hibernate: select skills0_.jobs_id as jobs_id1_2_0_, skills0_.skills_id as skills_i2_2_0_, skill1_.id as id1_3_1_, skill1_.name as name2_3_1_, skill1_.description as descript3_3_1_ from job_skills skills0_ inner join skill skill1_ on skills0_.skills_id=skill1_.id where skills0_.jobs_id=?
Hibernate: select skills0_.jobs_id as jobs_id1_2_0_, skills0_.skills_id as skills_i2_2_0_, skill1_.id as id1_3_1_, skill1_.name as name2_3_1_, skill1_.description as descript3_3_1_ from job_skills skills0_ inner join skill skill1_ on skills0_.skills_id=skill1_.id where skills0_.jobs_id=?
Hibernate: select skills0_.jobs_id as jobs_id1_2_0_, skills0_.skills_id as skills_i2_2_0_, skill1_.id as id1_3_1_, skill1_.name as name2_3_1_, skill1_.description as descript3_3_1_ from job_skills skills0_ inner join skill skill1_ on skills0_.skills_id=skill1_.id where skills0_.jobs_id=?
Hibernate: select skills0_.jobs_id as jobs_id1_2_0_, skills0_.skills_id as skills_i2_2_0_, skill1_.id as id1_3_1_, skill1_.name as name2_3_1_, skill1_.description as descript3_3_1_ from job_skills skills0_ inner join skill skill1_ on skills0_.skills_id=skill1_.id where skills0_.jobs_id=?
Hibernate: select skills0_.jobs_id as jobs_id1_2_0_, skills0_.skills_id as skills_i2_2_0_, skill1_.id as id1_3_1_, skill1_.name as name2_3_1_, skill1_.description as descript3_3_1_ from job_skills skills0_ inner join skill skill1_ on skills0_.skills_id=skill1_.id where skills0_.jobs_id=?
Hibernate: select skills0_.jobs_id as jobs_id1_2_0_, skills0_.skills_id as skills_i2_2_0_, skill1_.id as id1_3_1_, skill1_.name as name2_3_1_, skill1_.description as descript3_3_1_ from job_skills skills0_ inner join skill skill1_ on skills0_.skills_id=skill1_.id where skills0_.jobs_id=?
Hibernate: select skills0_.jobs_id as jobs_id1_2_0_, skills0_.skills_id as skills_i2_2_0_, skill1_.id as id1_3_1_, skill1_.name as name2_3_1_, skill1_.description as descript3_3_1_ from job_skills skills0_ inner join skill skill1_ on skills0_.skills_id=skill1_.id where skills0_.jobs_id=?
Hibernate: select employer0_.id as id1_0_, employer0_.name as name2_0_, employer0_.location as location3_0_ from employer employer0_
Hibernate: select skill0_.id as id1_3_, skill0_.name as name2_3_, skill0_.description as descript3_3_ from skill skill0_
Hibernate: select job0_.id as id1_1_, job0_.name as name2_1_, job0_.employer_id as employer3_1_ from job job0_
Hibernate: select employer0_.id as id1_0_0_, employer0_.name as name2_0_0_, employer0_.location as location3_0_0_ from employer employer0_ where employer0_.id=?
Hibernate: select employer0_.id as id1_0_0_, employer0_.name as name2_0_0_, employer0_.location as location3_0_0_ from employer employer0_ where employer0_.id=?
Hibernate: select employer0_.id as id1_0_0_, employer0_.name as name2_0_0_, employer0_.location as location3_0_0_ from employer employer0_ where employer0_.id=?
Hibernate: select employer0_.id as id1_0_0_, employer0_.name as name2_0_0_, employer0_.location as location3_0_0_ from employer employer0_ where employer0_.id=?
Hibernate: select skills0_.jobs_id as jobs_id1_2_0_, skills0_.skills_id as skills_i2_2_0_, skill1_.id as id1_3_1_, skill1_.name as name2_3_1_, skill1_.description as descript3_3_1_ from job_skills skills0_ inner join skill skill1_ on skills0_.skills_id=skill1_.id where skills0_.jobs_id=?
Hibernate: select skills0_.jobs_id as jobs_id1_2_0_, skills0_.skills_id as skills_i2_2_0_, skill1_.id as id1_3_1_, skill1_.name as name2_3_1_, skill1_.description as descript3_3_1_ from job_skills skills0_ inner join skill skill1_ on skills0_.skills_id=skill1_.id where skills0_.jobs_id=?
Hibernate: select skills0_.jobs_id as jobs_id1_2_0_, skills0_.skills_id as skills_i2_2_0_, skill1_.id as id1_3_1_, skill1_.name as name2_3_1_, skill1_.description as descript3_3_1_ from job_skills skills0_ inner join skill skill1_ on skills0_.skills_id=skill1_.id where skills0_.jobs_id=?
Hibernate: select skills0_.jobs_id as jobs_id1_2_0_, skills0_.skills_id as skills_i2_2_0_, skill1_.id as id1_3_1_, skill1_.name as name2_3_1_, skill1_.description as descript3_3_1_ from job_skills skills0_ inner join skill skill1_ on skills0_.skills_id=skill1_.id where skills0_.jobs_id=?
Hibernate: select skills0_.jobs_id as jobs_id1_2_0_, skills0_.skills_id as skills_i2_2_0_, skill1_.id as id1_3_1_, skill1_.name as name2_3_1_, skill1_.description as descript3_3_1_ from job_skills skills0_ inner join skill skill1_ on skills0_.skills_id=skill1_.id where skills0_.jobs_id=?
Hibernate: select skills0_.jobs_id as jobs_id1_2_0_, skills0_.skills_id as skills_i2_2_0_, skill1_.id as id1_3_1_, skill1_.name as name2_3_1_, skill1_.description as descript3_3_1_ from job_skills skills0_ inner join skill skill1_ on skills0_.skills_id=skill1_.id where skills0_.jobs_id=?
Hibernate: select skills0_.jobs_id as jobs_id1_2_0_, skills0_.skills_id as skills_i2_2_0_, skill1_.id as id1_3_1_, skill1_.name as name2_3_1_, skill1_.description as descript3_3_1_ from job_skills skills0_ inner join skill skill1_ on skills0_.skills_id=skill1_.id where skills0_.jobs_id=?
Hibernate: select job0_.id as id1_1_, job0_.name as name2_1_, job0_.employer_id as employer3_1_ from job job0_
Hibernate: select employer0_.id as id1_0_0_, employer0_.name as name2_0_0_, employer0_.location as location3_0_0_ from employer employer0_ where employer0_.id=?
Hibernate: select employer0_.id as id1_0_0_, employer0_.name as name2_0_0_, employer0_.location as location3_0_0_ from employer employer0_ where employer0_.id=?
Hibernate: select employer0_.id as id1_0_0_, employer0_.name as name2_0_0_, employer0_.location as location3_0_0_ from employer employer0_ where employer0_.id=?
Hibernate: select employer0_.id as id1_0_0_, employer0_.name as name2_0_0_, employer0_.location as location3_0_0_ from employer employer0_ where employer0_.id=?
Hibernate: select skills0_.jobs_id as jobs_id1_2_0_, skills0_.skills_id as skills_i2_2_0_, skill1_.id as id1_3_1_, skill1_.name as name2_3_1_, skill1_.description as descript3_3_1_ from job_skills skills0_ inner join skill skill1_ on skills0_.skills_id=skill1_.id where skills0_.jobs_id=?
Hibernate: select skills0_.jobs_id as jobs_id1_2_0_, skills0_.skills_id as skills_i2_2_0_, skill1_.id as id1_3_1_, skill1_.name as name2_3_1_, skill1_.description as descript3_3_1_ from job_skills skills0_ inner join skill skill1_ on skills0_.skills_id=skill1_.id where skills0_.jobs_id=?
Hibernate: select skills0_.jobs_id as jobs_id1_2_0_, skills0_.skills_id as skills_i2_2_0_, skill1_.id as id1_3_1_, skill1_.name as name2_3_1_, skill1_.description as descript3_3_1_ from job_skills skills0_ inner join skill skill1_ on skills0_.skills_id=skill1_.id where skills0_.jobs_id=?
Hibernate: select skills0_.jobs_id as jobs_id1_2_0_, skills0_.skills_id as skills_i2_2_0_, skill1_.id as id1_3_1_, skill1_.name as name2_3_1_, skill1_.description as descript3_3_1_ from job_skills skills0_ inner join skill skill1_ on skills0_.skills_id=skill1_.id where skills0_.jobs_id=?
Hibernate: select skills0_.jobs_id as jobs_id1_2_0_, skills0_.skills_id as skills_i2_2_0_, skill1_.id as id1_3_1_, skill1_.name as name2_3_1_, skill1_.description as descript3_3_1_ from job_skills skills0_ inner join skill skill1_ on skills0_.skills_id=skill1_.id where skills0_.jobs_id=?
Hibernate: select skills0_.jobs_id as jobs_id1_2_0_, skills0_.skills_id as skills_i2_2_0_, skill1_.id as id1_3_1_, skill1_.name as name2_3_1_, skill1_.description as descript3_3_1_ from job_skills skills0_ inner join skill skill1_ on skills0_.skills_id=skill1_.id where skills0_.jobs_id=?
Hibernate: select skills0_.jobs_id as jobs_id1_2_0_, skills0_.skills_id as skills_i2_2_0_, skill1_.id as id1_3_1_, skill1_.name as name2_3_1_, skill1_.description as descript3_3_1_ from job_skills skills0_ inner join skill skill1_ on skills0_.skills_id=skill1_.id where skills0_.jobs_id=?
Hibernate: select employer0_.id as id1_0_, employer0_.name as name2_0_, employer0_.location as location3_0_ from employer employer0_
Hibernate: select skill0_.id as id1_3_, skill0_.name as name2_3_, skill0_.description as descript3_3_ from skill skill0_
Hibernate: select employer0_.id as id1_0_, employer0_.name as name2_0_, employer0_.location as location3_0_ from employer employer0_
Hibernate: select skill0_.id as id1_3_, skill0_.name as name2_3_, skill0_.description as descript3_3_ from skill skill0_
Hibernate: select job0_.id as id1_1_, job0_.name as name2_1_, job0_.employer_id as employer3_1_ from job job0_
Hibernate: select employer0_.id as id1_0_0_, employer0_.name as name2_0_0_, employer0_.location as location3_0_0_ from employer employer0_ where employer0_.id=?
Hibernate: select employer0_.id as id1_0_0_, employer0_.name as name2_0_0_, employer0_.location as location3_0_0_ from employer employer0_ where employer0_.id=?
Hibernate: select employer0_.id as id1_0_0_, employer0_.name as name2_0_0_, employer0_.location as location3_0_0_ from employer employer0_ where employer0_.id=?
Hibernate: select employer0_.id as id1_0_0_, employer0_.name as name2_0_0_, employer0_.location as location3_0_0_ from employer employer0_ where employer0_.id=?
Hibernate: select skills0_.jobs_id as jobs_id1_2_0_, skills0_.skills_id as skills_i2_2_0_, skill1_.id as id1_3_1_, skill1_.name as name2_3_1_, skill1_.description as descript3_3_1_ from job_skills skills0_ inner join skill skill1_ on skills0_.skills_id=skill1_.id where skills0_.jobs_id=?
Hibernate: select skills0_.jobs_id as jobs_id1_2_0_, skills0_.skills_id as skills_i2_2_0_, skill1_.id as id1_3_1_, skill1_.name as name2_3_1_, skill1_.description as descript3_3_1_ from job_skills skills0_ inner join skill skill1_ on skills0_.skills_id=skill1_.id where skills0_.jobs_id=?
Hibernate: select skills0_.jobs_id as jobs_id1_2_0_, skills0_.skills_id as skills_i2_2_0_, skill1_.id as id1_3_1_, skill1_.name as name2_3_1_, skill1_.description as descript3_3_1_ from job_skills skills0_ inner join skill skill1_ on skills0_.skills_id=skill1_.id where skills0_.jobs_id=?
Hibernate: select skills0_.jobs_id as jobs_id1_2_0_, skills0_.skills_id as skills_i2_2_0_, skill1_.id as id1_3_1_, skill1_.name as name2_3_1_, skill1_.description as descript3_3_1_ from job_skills skills0_ inner join skill skill1_ on skills0_.skills_id=skill1_.id where skills0_.jobs_id=?
Hibernate: select skills0_.jobs_id as jobs_id1_2_0_, skills0_.skills_id as skills_i2_2_0_, skill1_.id as id1_3_1_, skill1_.name as name2_3_1_, skill1_.description as descript3_3_1_ from job_skills skills0_ inner join skill skill1_ on skills0_.skills_id=skill1_.id where skills0_.jobs_id=?
Hibernate: select skills0_.jobs_id as jobs_id1_2_0_, skills0_.skills_id as skills_i2_2_0_, skill1_.id as id1_3_1_, skill1_.name as name2_3_1_, skill1_.description as descript3_3_1_ from job_skills skills0_ inner join skill skill1_ on skills0_.skills_id=skill1_.id where skills0_.jobs_id=?
Hibernate: select skills0_.jobs_id as jobs_id1_2_0_, skills0_.skills_id as skills_i2_2_0_, skill1_.id as id1_3_1_, skill1_.name as name2_3_1_, skill1_.description as descript3_3_1_ from job_skills skills0_ inner join skill skill1_ on skills0_.skills_id=skill1_.id where skills0_.jobs_id=?
