2020-10-26T16:29:41.648-0500 [DEBUG] [org.gradle.launcher.daemon.bootstrap.DaemonMain] Assuming the daemon was started with following jvm opts: [-XX:MaxMetaspaceSize=256m, -XX:+HeapDumpOnOutOfMemoryError, -agentlib:jdwp=transport=dt_socket,server=n,suspend=y,address=127.0.0.1:49420, --add-opens, java.base/java.util=ALL-UNNAMED, --add-opens, java.base/java.lang=ALL-UNNAMED, --add-opens, java.base/java.lang.invoke=ALL-UNNAMED, --add-opens, java.prefs/java.util.prefs=ALL-UNNAMED, -Xms256m, -Xmx512m, -Dfile.encoding=windows-1252, -Duser.country=US, -Duser.language=en, -Duser.variant]
2020-10-26T16:29:42.133-0500 [DEBUG] [org.gradle.internal.nativeintegration.services.NativeServices] Native-platform posix files integration is not available. Continuing with fallback.
2020-10-26T16:29:42.352-0500 [INFO] [org.gradle.launcher.daemon.server.Daemon] start() called on daemon - DefaultDaemonContext[uid=cd0b5121-409c-4e83-a251-b59cbf2dbfb4,javaHome=C:\Program Files\Java\jdk-13.0.2,daemonRegistryDir=C:\Users\lburk\lc101\java-web-dev-techjobs-persistent\daemon,pid=10408,idleTimeout=10800000,priority=NORMAL,daemonOpts=-XX:MaxMetaspaceSize=256m,-XX:+HeapDumpOnOutOfMemoryError,-agentlib:jdwp=transport=dt_socket,server=n,suspend=y,address=127.0.0.1:49420,--add-opens,java.base/java.util=ALL-UNNAMED,--add-opens,java.base/java.lang=ALL-UNNAMED,--add-opens,java.base/java.lang.invoke=ALL-UNNAMED,--add-opens,java.prefs/java.util.prefs=ALL-UNNAMED,-Xms256m,-Xmx512m,-Dfile.encoding=windows-1252,-Duser.country=US,-Duser.language=en,-Duser.variant]
2020-10-26T16:29:43.114-0500 [DEBUG] [org.gradle.internal.remote.internal.inet.InetAddresses] Adding IP addresses for network interface Software Loopback Interface 1
2020-10-26T16:29:43.119-0500 [DEBUG] [org.gradle.internal.remote.internal.inet.InetAddresses] Is this a loopback interface? true
2020-10-26T16:29:43.119-0500 [DEBUG] [org.gradle.internal.remote.internal.inet.InetAddresses] Adding loopback address /127.0.0.1
2020-10-26T16:29:43.120-0500 [DEBUG] [org.gradle.internal.remote.internal.inet.InetAddresses] Adding loopback address /0:0:0:0:0:0:0:1
2020-10-26T16:29:43.141-0500 [DEBUG] [org.gradle.internal.remote.internal.inet.InetAddresses] Adding IP addresses for network interface Microsoft 6to4 Adapter
2020-10-26T16:29:43.145-0500 [DEBUG] [org.gradle.internal.remote.internal.inet.InetAddresses] Is this a loopback interface? false
2020-10-26T16:29:43.146-0500 [DEBUG] [org.gradle.internal.remote.internal.inet.InetAddresses] Adding IP addresses for network interface Microsoft Wi-Fi Direct Virtual Adapter #2
2020-10-26T16:29:43.151-0500 [DEBUG] [org.gradle.internal.remote.internal.inet.InetAddresses] Is this a loopback interface? false
2020-10-26T16:29:43.151-0500 [DEBUG] [org.gradle.internal.remote.internal.inet.InetAddresses] Adding remote address /192.168.137.1
2020-10-26T16:29:43.152-0500 [DEBUG] [org.gradle.internal.remote.internal.inet.InetAddresses] Adding remote address /fe80:0:0:0:2108:fa4b:eef4:62b3%wlan0
2020-10-26T16:29:43.153-0500 [DEBUG] [org.gradle.internal.remote.internal.inet.InetAddresses] Adding IP addresses for network interface Microsoft Kernel Debug Network Adapter
2020-10-26T16:29:43.159-0500 [DEBUG] [org.gradle.internal.remote.internal.inet.InetAddresses] Is this a loopback interface? false
2020-10-26T16:29:43.160-0500 [DEBUG] [org.gradle.internal.remote.internal.inet.InetAddresses] Adding IP addresses for network interface WAN Miniport (IPv6)
2020-10-26T16:29:43.165-0500 [DEBUG] [org.gradle.internal.remote.internal.inet.InetAddresses] Is this a loopback interface? false
2020-10-26T16:29:43.165-0500 [DEBUG] [org.gradle.internal.remote.internal.inet.InetAddresses] Adding IP addresses for network interface Microsoft IP-HTTPS Platform Adapter
2020-10-26T16:29:43.170-0500 [DEBUG] [org.gradle.internal.remote.internal.inet.InetAddresses] Is this a loopback interface? false
2020-10-26T16:29:43.170-0500 [DEBUG] [org.gradle.internal.remote.internal.inet.InetAddresses] Adding IP addresses for network interface WAN Miniport (IP)
2020-10-26T16:29:43.174-0500 [DEBUG] [org.gradle.internal.remote.internal.inet.InetAddresses] Is this a loopback interface? false
2020-10-26T16:29:43.175-0500 [DEBUG] [org.gradle.internal.remote.internal.inet.InetAddresses] Adding IP addresses for network interface Realtek 8821CE Wireless LAN 802.11ac PCI-E NIC
2020-10-26T16:29:43.180-0500 [DEBUG] [org.gradle.internal.remote.internal.inet.InetAddresses] Is this a loopback interface? false
2020-10-26T16:29:43.181-0500 [DEBUG] [org.gradle.internal.remote.internal.inet.InetAddresses] Adding remote address /192.168.1.163
2020-10-26T16:29:43.181-0500 [DEBUG] [org.gradle.internal.remote.internal.inet.InetAddresses] Adding remote address /2600:6c40:5a80:1870:0:7754:906d:d57
2020-10-26T16:29:43.183-0500 [DEBUG] [org.gradle.internal.remote.internal.inet.InetAddresses] Adding remote address /2600:6c40:5a80:1870:f933:bb7d:5e2c:68d
2020-10-26T16:29:43.183-0500 [DEBUG] [org.gradle.internal.remote.internal.inet.InetAddresses] Adding remote address /2600:6c40:5a80:1870:5c4c:8457:6c90:cfb7
2020-10-26T16:29:43.183-0500 [DEBUG] [org.gradle.internal.remote.internal.inet.InetAddresses] Adding remote address /2600:6c40:5a80:1870:74b5:9599:de4c:4ce3
2020-10-26T16:29:43.184-0500 [DEBUG] [org.gradle.internal.remote.internal.inet.InetAddresses] Adding remote address /fe80:0:0:0:f933:bb7d:5e2c:68d%wlan1
2020-10-26T16:29:43.184-0500 [DEBUG] [org.gradle.internal.remote.internal.inet.InetAddresses] Adding IP addresses for network interface WAN Miniport (Network Monitor)
2020-10-26T16:29:43.188-0500 [DEBUG] [org.gradle.internal.remote.internal.inet.InetAddresses] Is this a loopback interface? false
2020-10-26T16:29:43.189-0500 [DEBUG] [org.gradle.internal.remote.internal.inet.InetAddresses] Adding IP addresses for network interface WAN Miniport (L2TP)
2020-10-26T16:29:43.209-0500 [DEBUG] [org.gradle.internal.remote.internal.inet.InetAddresses] Is this a loopback interface? false
2020-10-26T16:29:43.210-0500 [DEBUG] [org.gradle.internal.remote.internal.inet.InetAddresses] Adding IP addresses for network interface WAN Miniport (PPTP)
2020-10-26T16:29:43.214-0500 [DEBUG] [org.gradle.internal.remote.internal.inet.InetAddresses] Is this a loopback interface? false
2020-10-26T16:29:43.215-0500 [DEBUG] [org.gradle.internal.remote.internal.inet.InetAddresses] Adding IP addresses for network interface WAN Miniport (PPPOE)
2020-10-26T16:29:43.219-0500 [DEBUG] [org.gradle.internal.remote.internal.inet.InetAddresses] Is this a loopback interface? false
2020-10-26T16:29:43.220-0500 [DEBUG] [org.gradle.internal.remote.internal.inet.InetAddresses] Adding IP addresses for network interface Microsoft Teredo Tunneling Adapter
2020-10-26T16:29:43.225-0500 [DEBUG] [org.gradle.internal.remote.internal.inet.InetAddresses] Is this a loopback interface? false
2020-10-26T16:29:43.225-0500 [DEBUG] [org.gradle.internal.remote.internal.inet.InetAddresses] Adding IP addresses for network interface WAN Miniport (IKEv2)
2020-10-26T16:29:43.229-0500 [DEBUG] [org.gradle.internal.remote.internal.inet.InetAddresses] Is this a loopback interface? false
2020-10-26T16:29:43.230-0500 [DEBUG] [org.gradle.internal.remote.internal.inet.InetAddresses] Adding IP addresses for network interface Bluetooth Device (Personal Area Network)
2020-10-26T16:29:43.234-0500 [DEBUG] [org.gradle.internal.remote.internal.inet.InetAddresses] Is this a loopback interface? false
2020-10-26T16:29:43.234-0500 [DEBUG] [org.gradle.internal.remote.internal.inet.InetAddresses] Adding remote address /fe80:0:0:0:f559:2eeb:3908:3e72%eth4
2020-10-26T16:29:43.235-0500 [DEBUG] [org.gradle.internal.remote.internal.inet.InetAddresses] Adding IP addresses for network interface Microsoft Wi-Fi Direct Virtual Adapter
2020-10-26T16:29:43.239-0500 [DEBUG] [org.gradle.internal.remote.internal.inet.InetAddresses] Is this a loopback interface? false
2020-10-26T16:29:43.239-0500 [DEBUG] [org.gradle.internal.remote.internal.inet.InetAddresses] Adding remote address /fe80:0:0:0:881:6590:171d:199e%wlan2
2020-10-26T16:29:43.240-0500 [DEBUG] [org.gradle.internal.remote.internal.inet.InetAddresses] Adding IP addresses for network interface WAN Miniport (SSTP)
2020-10-26T16:29:43.246-0500 [DEBUG] [org.gradle.internal.remote.internal.inet.InetAddresses] Is this a loopback interface? false
2020-10-26T16:29:43.247-0500 [DEBUG] [org.gradle.internal.remote.internal.inet.InetAddresses] Adding IP addresses for network interface Realtek 8821CE Wireless LAN 802.11ac PCI-E NIC-WFP Native MAC Layer LightWeight Filter-0000
2020-10-26T16:29:43.251-0500 [DEBUG] [org.gradle.internal.remote.internal.inet.InetAddresses] Is this a loopback interface? false
2020-10-26T16:29:43.251-0500 [DEBUG] [org.gradle.internal.remote.internal.inet.InetAddresses] Adding IP addresses for network interface Realtek 8821CE Wireless LAN 802.11ac PCI-E NIC-Virtual WiFi Filter Driver-0000
2020-10-26T16:29:43.256-0500 [DEBUG] [org.gradle.internal.remote.internal.inet.InetAddresses] Is this a loopback interface? false
2020-10-26T16:29:43.256-0500 [DEBUG] [org.gradle.internal.remote.internal.inet.InetAddresses] Adding IP addresses for network interface Realtek 8821CE Wireless LAN 802.11ac PCI-E NIC-Native WiFi Filter Driver-0000
2020-10-26T16:29:43.261-0500 [DEBUG] [org.gradle.internal.remote.internal.inet.InetAddresses] Is this a loopback interface? false
2020-10-26T16:29:43.261-0500 [DEBUG] [org.gradle.internal.remote.internal.inet.InetAddresses] Adding IP addresses for network interface Realtek 8821CE Wireless LAN 802.11ac PCI-E NIC-QoS Packet Scheduler-0000
2020-10-26T16:29:43.265-0500 [DEBUG] [org.gradle.internal.remote.internal.inet.InetAddresses] Is this a loopback interface? false
2020-10-26T16:29:43.266-0500 [DEBUG] [org.gradle.internal.remote.internal.inet.InetAddresses] Adding IP addresses for network interface Realtek 8821CE Wireless LAN 802.11ac PCI-E NIC-WFP 802.3 MAC Layer LightWeight Filter-0000
2020-10-26T16:29:43.270-0500 [DEBUG] [org.gradle.internal.remote.internal.inet.InetAddresses] Is this a loopback interface? false
2020-10-26T16:29:43.270-0500 [DEBUG] [org.gradle.internal.remote.internal.inet.InetAddresses] Adding IP addresses for network interface WAN Miniport (IP)-WFP Native MAC Layer LightWeight Filter-0000
2020-10-26T16:29:43.275-0500 [DEBUG] [org.gradle.internal.remote.internal.inet.InetAddresses] Is this a loopback interface? false
2020-10-26T16:29:43.276-0500 [DEBUG] [org.gradle.internal.remote.internal.inet.InetAddresses] Adding IP addresses for network interface WAN Miniport (IP)-QoS Packet Scheduler-0000
2020-10-26T16:29:43.280-0500 [DEBUG] [org.gradle.internal.remote.internal.inet.InetAddresses] Is this a loopback interface? false
2020-10-26T16:29:43.280-0500 [DEBUG] [org.gradle.internal.remote.internal.inet.InetAddresses] Adding IP addresses for network interface WAN Miniport (IPv6)-WFP Native MAC Layer LightWeight Filter-0000
2020-10-26T16:29:43.286-0500 [DEBUG] [org.gradle.internal.remote.internal.inet.InetAddresses] Is this a loopback interface? false
2020-10-26T16:29:43.287-0500 [DEBUG] [org.gradle.internal.remote.internal.inet.InetAddresses] Adding IP addresses for network interface WAN Miniport (IPv6)-QoS Packet Scheduler-0000
2020-10-26T16:29:43.292-0500 [DEBUG] [org.gradle.internal.remote.internal.inet.InetAddresses] Is this a loopback interface? false
2020-10-26T16:29:43.292-0500 [DEBUG] [org.gradle.internal.remote.internal.inet.InetAddresses] Adding IP addresses for network interface WAN Miniport (Network Monitor)-WFP Native MAC Layer LightWeight Filter-0000
2020-10-26T16:29:43.296-0500 [DEBUG] [org.gradle.internal.remote.internal.inet.InetAddresses] Is this a loopback interface? false
2020-10-26T16:29:43.296-0500 [DEBUG] [org.gradle.internal.remote.internal.inet.InetAddresses] Adding IP addresses for network interface WAN Miniport (Network Monitor)-QoS Packet Scheduler-0000
2020-10-26T16:29:43.300-0500 [DEBUG] [org.gradle.internal.remote.internal.inet.InetAddresses] Is this a loopback interface? false
2020-10-26T16:29:43.301-0500 [DEBUG] [org.gradle.internal.remote.internal.inet.InetAddresses] Adding IP addresses for network interface Microsoft Wi-Fi Direct Virtual Adapter-WFP Native MAC Layer LightWeight Filter-0000
2020-10-26T16:29:43.305-0500 [DEBUG] [org.gradle.internal.remote.internal.inet.InetAddresses] Is this a loopback interface? false
2020-10-26T16:29:43.305-0500 [DEBUG] [org.gradle.internal.remote.internal.inet.InetAddresses] Adding IP addresses for network interface Microsoft Wi-Fi Direct Virtual Adapter-Native WiFi Filter Driver-0000
2020-10-26T16:29:43.310-0500 [DEBUG] [org.gradle.internal.remote.internal.inet.InetAddresses] Is this a loopback interface? false
2020-10-26T16:29:43.310-0500 [DEBUG] [org.gradle.internal.remote.internal.inet.InetAddresses] Adding IP addresses for network interface Microsoft Wi-Fi Direct Virtual Adapter-QoS Packet Scheduler-0000
2020-10-26T16:29:43.314-0500 [DEBUG] [org.gradle.internal.remote.internal.inet.InetAddresses] Is this a loopback interface? false
2020-10-26T16:29:43.315-0500 [DEBUG] [org.gradle.internal.remote.internal.inet.InetAddresses] Adding IP addresses for network interface Microsoft Wi-Fi Direct Virtual Adapter-WFP 802.3 MAC Layer LightWeight Filter-0000
2020-10-26T16:29:43.320-0500 [DEBUG] [org.gradle.internal.remote.internal.inet.InetAddresses] Is this a loopback interface? false
2020-10-26T16:29:43.320-0500 [DEBUG] [org.gradle.internal.remote.internal.inet.InetAddresses] Adding IP addresses for network interface Microsoft Wi-Fi Direct Virtual Adapter #2-WFP Native MAC Layer LightWeight Filter-0000
2020-10-26T16:29:43.325-0500 [DEBUG] [org.gradle.internal.remote.internal.inet.InetAddresses] Is this a loopback interface? false
2020-10-26T16:29:43.326-0500 [DEBUG] [org.gradle.internal.remote.internal.inet.InetAddresses] Adding IP addresses for network interface Microsoft Wi-Fi Direct Virtual Adapter #2-Native WiFi Filter Driver-0000
2020-10-26T16:29:43.330-0500 [DEBUG] [org.gradle.internal.remote.internal.inet.InetAddresses] Is this a loopback interface? false
2020-10-26T16:29:43.330-0500 [DEBUG] [org.gradle.internal.remote.internal.inet.InetAddresses] Adding IP addresses for network interface Microsoft Wi-Fi Direct Virtual Adapter #2-QoS Packet Scheduler-0000
2020-10-26T16:29:43.334-0500 [DEBUG] [org.gradle.internal.remote.internal.inet.InetAddresses] Is this a loopback interface? false
2020-10-26T16:29:43.335-0500 [DEBUG] [org.gradle.internal.remote.internal.inet.InetAddresses] Adding IP addresses for network interface Microsoft Wi-Fi Direct Virtual Adapter #2-WFP 802.3 MAC Layer LightWeight Filter-0000
2020-10-26T16:29:43.339-0500 [DEBUG] [org.gradle.internal.remote.internal.inet.InetAddresses] Is this a loopback interface? false
2020-10-26T16:29:43.632-0500 [DEBUG] [org.gradle.internal.remote.internal.inet.TcpIncomingConnector] Listening on [0138cbc0-af13-4bfc-a4d4-1e6b7390e8bd port:49425, addresses:[/127.0.0.1, /0:0:0:0:0:0:0:1]].
2020-10-26T16:29:43.651-0500 [DEBUG] [org.gradle.launcher.daemon.server.Daemon] Daemon starting at: Mon Oct 26 16:29:43 CDT 2020, with address: [0138cbc0-af13-4bfc-a4d4-1e6b7390e8bd port:49425, addresses:[/127.0.0.1, /0:0:0:0:0:0:0:1]]
2020-10-26T16:29:43.651-0500 [INFO] [org.gradle.launcher.daemon.server.DaemonRegistryUpdater] Advertising the daemon address to the clients: [0138cbc0-af13-4bfc-a4d4-1e6b7390e8bd port:49425, addresses:[/127.0.0.1, /0:0:0:0:0:0:0:1]]
2020-10-26T16:29:43.652-0500 [DEBUG] [org.gradle.launcher.daemon.server.DaemonRegistryUpdater] Advertised daemon context: DefaultDaemonContext[uid=cd0b5121-409c-4e83-a251-b59cbf2dbfb4,javaHome=C:\Program Files\Java\jdk-13.0.2,daemonRegistryDir=C:\Users\lburk\lc101\java-web-dev-techjobs-persistent\daemon,pid=10408,idleTimeout=10800000,priority=NORMAL,daemonOpts=-XX:MaxMetaspaceSize=256m,-XX:+HeapDumpOnOutOfMemoryError,-agentlib:jdwp=transport=dt_socket,server=n,suspend=y,address=127.0.0.1:49420,--add-opens,java.base/java.util=ALL-UNNAMED,--add-opens,java.base/java.lang=ALL-UNNAMED,--add-opens,java.base/java.lang.invoke=ALL-UNNAMED,--add-opens,java.prefs/java.util.prefs=ALL-UNNAMED,-Xms256m,-Xmx512m,-Dfile.encoding=windows-1252,-Duser.country=US,-Duser.language=en,-Duser.variant]
2020-10-26T16:29:43.656-0500 [DEBUG] [org.gradle.launcher.daemon.registry.PersistentDaemonRegistry] Storing daemon address: [0138cbc0-af13-4bfc-a4d4-1e6b7390e8bd port:49425, addresses:[/127.0.0.1, /0:0:0:0:0:0:0:1]], context: DefaultDaemonContext[uid=cd0b5121-409c-4e83-a251-b59cbf2dbfb4,javaHome=C:\Program Files\Java\jdk-13.0.2,daemonRegistryDir=C:\Users\lburk\lc101\java-web-dev-techjobs-persistent\daemon,pid=10408,idleTimeout=10800000,priority=NORMAL,daemonOpts=-XX:MaxMetaspaceSize=256m,-XX:+HeapDumpOnOutOfMemoryError,-agentlib:jdwp=transport=dt_socket,server=n,suspend=y,address=127.0.0.1:49420,--add-opens,java.base/java.util=ALL-UNNAMED,--add-opens,java.base/java.lang=ALL-UNNAMED,--add-opens,java.base/java.lang.invoke=ALL-UNNAMED,--add-opens,java.prefs/java.util.prefs=ALL-UNNAMED,-Xms256m,-Xmx512m,-Dfile.encoding=windows-1252,-Duser.country=US,-Duser.language=en,-Duser.variant]
2020-10-26T16:29:43.688-0500 [DEBUG] [org.gradle.cache.internal.DefaultFileLockManager] Waiting to acquire exclusive lock on daemon addresses registry.
2020-10-26T16:29:43.698-0500 [DEBUG] [org.gradle.cache.internal.DefaultFileLockManager] Lock acquired on daemon addresses registry.
2020-10-26T16:29:43.710-0500 [DEBUG] [org.gradle.cache.internal.DefaultFileLockManager] Releasing lock on daemon addresses registry.
2020-10-26T16:29:43.712-0500 [LIFECYCLE] [org.gradle.launcher.daemon.server.Daemon] Daemon server started.
2020-10-26T16:29:43.728-0500 [DEBUG] [org.gradle.launcher.daemon.bootstrap.DaemonStartupCommunication] Completed writing the daemon greeting. Closing streams...
2020-10-26T16:29:43.749-0500 [DEBUG] [org.gradle.launcher.daemon.server.Daemon] stopOnExpiration() called on daemon
2020-10-26T16:29:43.752-0500 [DEBUG] [org.gradle.launcher.daemon.server.Daemon] awaitExpiration() called on daemon
2020-10-26T16:29:43.753-0500 [DEBUG] [org.gradle.launcher.daemon.server.DaemonStateCoordinator] daemon is running. Sleeping until state changes.
2020-10-26T16:29:43.783-0500 [DEBUG] [org.gradle.internal.remote.internal.inet.TcpIncomingConnector] Accepted connection from /127.0.0.1:49426 to /127.0.0.1:49425.
2020-10-26T16:29:44.060-0500 [DEBUG] [org.gradle.launcher.daemon.server.SynchronizedDispatchConnection] thread 21: received class org.gradle.launcher.daemon.protocol.Build
2020-10-26T16:29:44.061-0500 [DEBUG] [org.gradle.launcher.daemon.server.DefaultDaemonConnection] thread 21: Received non-IO message from client: Build{id=fa72153c-2fbd-4692-b04c-22d6ac059236, currentDir=C:\Users\lburk\lc101\java-web-dev-techjobs-persistent}
2020-10-26T16:29:44.061-0500 [INFO] [org.gradle.launcher.daemon.server.DefaultIncomingConnectionHandler] Received command: Build{id=fa72153c-2fbd-4692-b04c-22d6ac059236, currentDir=C:\Users\lburk\lc101\java-web-dev-techjobs-persistent}.
2020-10-26T16:29:44.062-0500 [DEBUG] [org.gradle.launcher.daemon.server.DefaultIncomingConnectionHandler] Starting executing command: Build{id=fa72153c-2fbd-4692-b04c-22d6ac059236, currentDir=C:\Users\lburk\lc101\java-web-dev-techjobs-persistent} with connection: socket connection from /127.0.0.1:49425 to /127.0.0.1:49426.
2020-10-26T16:29:44.070-0500 [ERROR] [org.gradle.launcher.daemon.server.DaemonStateCoordinator] Command execution: started DaemonCommandExecution[command = Build{id=fa72153c-2fbd-4692-b04c-22d6ac059236, currentDir=C:\Users\lburk\lc101\java-web-dev-techjobs-persistent}, connection = DefaultDaemonConnection: socket connection from /127.0.0.1:49425 to /127.0.0.1:49426] after 0.0 minutes of idle
2020-10-26T16:29:44.071-0500 [INFO] [org.gradle.launcher.daemon.server.DaemonRegistryUpdater] Marking the daemon as busy, address: [0138cbc0-af13-4bfc-a4d4-1e6b7390e8bd port:49425, addresses:[/127.0.0.1, /0:0:0:0:0:0:0:1]]
2020-10-26T16:29:44.072-0500 [DEBUG] [org.gradle.launcher.daemon.registry.PersistentDaemonRegistry] Marking busy by address: [0138cbc0-af13-4bfc-a4d4-1e6b7390e8bd port:49425, addresses:[/127.0.0.1, /0:0:0:0:0:0:0:1]]
2020-10-26T16:29:44.076-0500 [DEBUG] [org.gradle.cache.internal.DefaultFileLockManager] Waiting to acquire exclusive lock on daemon addresses registry.
2020-10-26T16:29:44.083-0500 [DEBUG] [org.gradle.cache.internal.DefaultFileLockManager] Lock acquired on daemon addresses registry.
2020-10-26T16:29:44.089-0500 [DEBUG] [org.gradle.cache.internal.DefaultFileLockManager] Releasing lock on daemon addresses registry.
2020-10-26T16:29:44.091-0500 [DEBUG] [org.gradle.launcher.daemon.server.DaemonStateCoordinator] resetting idle timer
2020-10-26T16:29:44.091-0500 [DEBUG] [org.gradle.launcher.daemon.server.DaemonStateCoordinator] daemon is running. Sleeping until state changes.
2020-10-26T16:29:44.093-0500 [INFO] [org.gradle.launcher.daemon.server.exec.StartBuildOrRespondWithBusy] Daemon is about to start building Build{id=fa72153c-2fbd-4692-b04c-22d6ac059236, currentDir=C:\Users\lburk\lc101\java-web-dev-techjobs-persistent}. Dispatching build started information...
2020-10-26T16:29:44.093-0500 [DEBUG] [org.gradle.launcher.daemon.server.SynchronizedDispatchConnection] thread 23: dispatching class org.gradle.launcher.daemon.protocol.BuildStarted
2020-10-26T16:29:44.108-0500 [DEBUG] [org.gradle.launcher.daemon.server.exec.EstablishBuildEnvironment] Configuring env variables: {configsetroot=C:\WINDOWS\ConfigSetRoot, USERDOMAIN_ROAMINGPROFILE=LAPTOP-TOLOOT87, LOCALAPPDATA=C:\Users\lburk\AppData\Local, PROCESSOR_LEVEL=21, USERDOMAIN=LAPTOP-TOLOOT87, LOGONSERVER=\\LAPTOP-TOLOOT87, JAVA_HOME=C:\Program Files\Java\jdk-13.0.2, SESSIONNAME=Console, ALLUSERSPROFILE=C:\ProgramData, PROCESSOR_ARCHITECTURE=AMD64, ANDROID_HOME=C:\Users\lburk\lc101\angular-lc101-mission-planner\node_modules\protractor\node_modules\webdriver-manager\built\lib\binaries, PSModulePath=C:\Program Files\WindowsPowerShell\Modules;C:\WINDOWS\system32\WindowsPowerShell\v1.0\Modules, SystemDrive=C:, OneDrive=C:\Users\lburk\OneDrive, APPDATA=C:\Users\lburk\AppData\Roaming, USERNAME=lburk, ProgramFiles(x86)=C:\Program Files (x86), CommonProgramFiles=C:\Program Files\Common Files, Path=C:\WINDOWS\system32;C:\WINDOWS;C:\WINDOWS\System32\Wbem;C:\WINDOWS\System32\WindowsPowerShell\v1.0\;C:\WINDOWS\System32\OpenSSH\;C:\Program Files\Git\cmd;C:\Program Files\nodejs\;C:\Program Files\Java\jdk-13.0.2\bin;C:\Program Files\MySQL\MySQL Shell 8.0\bin\;C:\Users\lburk\AppData\Local\Microsoft\WindowsApps;C:\Users\lburk\AppData\Local\Programs\Microsoft VS Code\bin;C:\Users\lburk\AppData\Local\GitHubDesktop\bin;C:\Users\lburk\AppData\Roaming\npm, PATHEXT=.COM;.EXE;.BAT;.CMD;.VBS;.VBE;.JS;.JSE;.WSF;.WSH;.MSC, DriverData=C:\Windows\System32\Drivers\DriverData, OS=Windows_NT, OneDriveConsumer=C:\Users\lburk\OneDrive, COMPUTERNAME=LAPTOP-TOLOOT87, PROCESSOR_REVISION=7000, CommonProgramW6432=C:\Program Files\Common Files, ComSpec=C:\WINDOWS\system32\cmd.exe, ProgramData=C:\ProgramData, ProgramW6432=C:\Program Files, HOMEPATH=\Users\lburk, SystemRoot=C:\WINDOWS, TEMP=C:\Users\lburk\AppData\Local\Temp, PROCESSOR_IDENTIFIER=AMD64 Family 21 Model 112 Stepping 0, AuthenticAMD, USERPROFILE=C:\Users\lburk, HOMEDRIVE=C:, TMP=C:\Users\lburk\AppData\Local\Temp, ProgramFiles=C:\Program Files, CommonProgramFiles(x86)=C:\Program Files (x86)\Common Files, PUBLIC=C:\Users\Public, windir=C:\WINDOWS, NUMBER_OF_PROCESSORS=2, =::=::\, IDEA_INITIAL_DIRECTORY=C:\Users\lburk\AppData\Local\JetBrains\IntelliJ IDEA Community Edition 2020.2\bin}
2020-10-26T16:29:44.131-0500 [DEBUG] [org.gradle.launcher.daemon.server.exec.LogToClient] About to start relaying all logs to the client via the connection.
2020-10-26T16:29:44.132-0500 [INFO] [org.gradle.launcher.daemon.server.exec.LogToClient] The client will now receive all logging from the daemon (pid: 10408). The daemon log file: C:\Users\lburk\lc101\java-web-dev-techjobs-persistent\daemon\6.0.1\daemon-10408.out.log
2020-10-26T16:29:44.142-0500 [INFO] [org.gradle.launcher.daemon.server.exec.LogAndCheckHealth] Starting build in new daemon [memory: 536.9 MB]
2020-10-26T16:29:44.167-0500 [DEBUG] [org.gradle.launcher.daemon.server.exec.ExecuteBuild] The daemon has started executing the build.
2020-10-26T16:29:44.169-0500 [DEBUG] [org.gradle.launcher.daemon.server.exec.ExecuteBuild] Executing build with daemon context: DefaultDaemonContext[uid=cd0b5121-409c-4e83-a251-b59cbf2dbfb4,javaHome=C:\Program Files\Java\jdk-13.0.2,daemonRegistryDir=C:\Users\lburk\lc101\java-web-dev-techjobs-persistent\daemon,pid=10408,idleTimeout=10800000,priority=NORMAL,daemonOpts=-XX:MaxMetaspaceSize=256m,-XX:+HeapDumpOnOutOfMemoryError,-agentlib:jdwp=transport=dt_socket,server=n,suspend=y,address=127.0.0.1:49420,--add-opens,java.base/java.util=ALL-UNNAMED,--add-opens,java.base/java.lang=ALL-UNNAMED,--add-opens,java.base/java.lang.invoke=ALL-UNNAMED,--add-opens,java.prefs/java.util.prefs=ALL-UNNAMED,-Xms256m,-Xmx512m,-Dfile.encoding=windows-1252,-Duser.country=US,-Duser.language=en,-Duser.variant]

  .   ____          _            __ _ _
 /\\ / ___'_ __ _ _(_)_ __  __ _ \ \ \ \
( ( )\___ | '_ | '_| | '_ \/ _` | \ \ \ \
 \\/  ___)| |_)| | | | | || (_| |  ) ) ) )
  '  |____| .__|_| |_|_| |_\__, | / / / /
 =========|_|==============|___/=/_/_/_/
 :: Spring Boot ::        (v2.2.2.RELEASE)

2020-10-26 16:30:30.152  INFO 9340 --- [  restartedMain] .JavaWebDevTechjobsPersistentApplication : Starting JavaWebDevTechjobsPersistentApplication on LAPTOP-TOLOOT87 with PID 9340 (C:\Users\lburk\lc101\java-web-dev-techjobs-persistent\build\classes\java\main started by lburk in C:\Users\lburk\lc101\java-web-dev-techjobs-persistent)
2020-10-26 16:30:30.168  INFO 9340 --- [  restartedMain] .JavaWebDevTechjobsPersistentApplication : No active profile set, falling back to default profiles: default
2020-10-26 16:30:30.793  INFO 9340 --- [  restartedMain] o.s.b.devtools.restart.ChangeableUrls    : The Class-Path manifest attribute in C:\Users\lburk\lc101\java-web-dev-techjobs-persistent\caches\modules-2\files-2.1\org.glassfish.jaxb\jaxb-runtime\2.3.2\5528bc882ea499a09d720b42af11785c4fc6be2a\jaxb-runtime-2.3.2.jar referenced one or more files that do not exist: file:/C:/Users/lburk/lc101/java-web-dev-techjobs-persistent/caches/modules-2/files-2.1/org.glassfish.jaxb/jaxb-runtime/2.3.2/5528bc882ea499a09d720b42af11785c4fc6be2a/jakarta.xml.bind-api-2.3.2.jar,file:/C:/Users/lburk/lc101/java-web-dev-techjobs-persistent/caches/modules-2/files-2.1/org.glassfish.jaxb/jaxb-runtime/2.3.2/5528bc882ea499a09d720b42af11785c4fc6be2a/txw2-2.3.2.jar,file:/C:/Users/lburk/lc101/java-web-dev-techjobs-persistent/caches/modules-2/files-2.1/org.glassfish.jaxb/jaxb-runtime/2.3.2/5528bc882ea499a09d720b42af11785c4fc6be2a/istack-commons-runtime-3.0.8.jar,file:/C:/Users/lburk/lc101/java-web-dev-techjobs-persistent/caches/modules-2/files-2.1/org.glassfish.jaxb/jaxb-runtime/2.3.2/5528bc882ea499a09d720b42af11785c4fc6be2a/stax-ex-1.8.1.jar,file:/C:/Users/lburk/lc101/java-web-dev-techjobs-persistent/caches/modules-2/files-2.1/org.glassfish.jaxb/jaxb-runtime/2.3.2/5528bc882ea499a09d720b42af11785c4fc6be2a/FastInfoset-1.2.16.jar,file:/C:/Users/lburk/lc101/java-web-dev-techjobs-persistent/caches/modules-2/files-2.1/org.glassfish.jaxb/jaxb-runtime/2.3.2/5528bc882ea499a09d720b42af11785c4fc6be2a/jakarta.activation-api-1.2.1.jar
2020-10-26 16:30:30.809  INFO 9340 --- [  restartedMain] .e.DevToolsPropertyDefaultsPostProcessor : Devtools property defaults active! Set 'spring.devtools.add-properties' to 'false' to disable
2020-10-26 16:30:30.809  INFO 9340 --- [  restartedMain] .e.DevToolsPropertyDefaultsPostProcessor : For additional web related logging consider setting the 'logging.level.web' property to 'DEBUG'
2020-10-26 16:30:35.887  INFO 9340 --- [  restartedMain] .s.d.r.c.RepositoryConfigurationDelegate : Bootstrapping Spring Data JPA repositories in DEFAULT mode.
2020-10-26 16:30:36.747  INFO 9340 --- [  restartedMain] .s.d.r.c.RepositoryConfigurationDelegate : Finished Spring Data repository scanning in 504ms. Found 3 JPA repository interfaces.
2020-10-26 16:30:40.138  INFO 9340 --- [  restartedMain] trationDelegate$BeanPostProcessorChecker : Bean 'org.springframework.transaction.annotation.ProxyTransactionManagementConfiguration' of type [org.springframework.transaction.annotation.ProxyTransactionManagementConfiguration] is not eligible for getting processed by all BeanPostProcessors (for example: not eligible for auto-proxying)
2020-10-26 16:30:42.700  INFO 9340 --- [  restartedMain] o.s.b.w.embedded.tomcat.TomcatWebServer  : Tomcat initialized with port(s): 8080 (http)
2020-10-26 16:30:42.747  INFO 9340 --- [  restartedMain] o.apache.catalina.core.StandardService   : Starting service [Tomcat]
2020-10-26 16:30:42.747  INFO 9340 --- [  restartedMain] org.apache.catalina.core.StandardEngine  : Starting Servlet engine: [Apache Tomcat/9.0.29]
2020-10-26 16:30:43.403  INFO 9340 --- [  restartedMain] o.a.c.c.C.[Tomcat].[localhost].[/]       : Initializing Spring embedded WebApplicationContext
2020-10-26 16:30:43.403  INFO 9340 --- [  restartedMain] o.s.web.context.ContextLoader            : Root WebApplicationContext: initialization completed in 12594 ms
2020-10-26 16:30:44.122  INFO 9340 --- [  restartedMain] o.hibernate.jpa.internal.util.LogHelper  : HHH000204: Processing PersistenceUnitInfo [name: default]
2020-10-26 16:30:44.841  INFO 9340 --- [  restartedMain] org.hibernate.Version                    : HHH000412: Hibernate Core {5.4.9.Final}
2020-10-26 16:30:45.435  INFO 9340 --- [  restartedMain] o.hibernate.annotations.common.Version   : HCANN000001: Hibernate Commons Annotations {5.1.0.Final}
2020-10-26 16:30:46.075  INFO 9340 --- [  restartedMain] com.zaxxer.hikari.HikariDataSource       : HikariPool-1 - Starting...
2020-10-26 16:30:48.326  INFO 9340 --- [  restartedMain] com.zaxxer.hikari.HikariDataSource       : HikariPool-1 - Start completed.
2020-10-26 16:30:48.419  INFO 9340 --- [  restartedMain] org.hibernate.dialect.Dialect            : HHH000400: Using dialect: org.hibernate.dialect.MySQL8Dialect
2020-10-26 16:30:53.073  INFO 9340 --- [  restartedMain] o.h.e.t.j.p.i.JtaPlatformInitiator       : HHH000490: Using JtaPlatform implementation: [org.hibernate.engine.transaction.jta.platform.internal.NoJtaPlatform]
2020-10-26 16:30:53.105  INFO 9340 --- [  restartedMain] j.LocalContainerEntityManagerFactoryBean : Initialized JPA EntityManagerFactory for persistence unit 'default'
2020-10-26 16:30:53.152  INFO 9340 --- [  restartedMain] o.s.b.d.a.OptionalLiveReloadServer       : LiveReload server is running on port 35729
2020-10-26 16:30:54.902  WARN 9340 --- [  restartedMain] JpaBaseConfiguration$JpaWebConfiguration : spring.jpa.open-in-view is enabled by default. Therefore, database queries may be performed during view rendering. Explicitly configure spring.jpa.open-in-view to disable this warning
2020-10-26 16:30:55.480  INFO 9340 --- [  restartedMain] o.s.s.concurrent.ThreadPoolTaskExecutor  : Initializing ExecutorService 'applicationTaskExecutor'
2020-10-26 16:30:55.917  INFO 9340 --- [  restartedMain] o.s.b.a.w.s.WelcomePageHandlerMapping    : Adding welcome page template: index
2020-10-26 16:30:58.293  INFO 9340 --- [  restartedMain] o.s.b.w.embedded.tomcat.TomcatWebServer  : Tomcat started on port(s): 8080 (http) with context path ''
2020-10-26 16:30:58.293  INFO 9340 --- [  restartedMain] .JavaWebDevTechjobsPersistentApplication : Started JavaWebDevTechjobsPersistentApplication in 31.361 seconds (JVM running for 34.996)
2020-10-26 16:31:14.281  INFO 9340 --- [nio-8080-exec-1] o.a.c.c.C.[Tomcat].[localhost].[/]       : Initializing Spring DispatcherServlet 'dispatcherServlet'
2020-10-26 16:31:14.284  INFO 9340 --- [nio-8080-exec-1] o.s.web.servlet.DispatcherServlet        : Initializing Servlet 'dispatcherServlet'
2020-10-26 16:31:14.390  INFO 9340 --- [nio-8080-exec-1] o.s.web.servlet.DispatcherServlet        : Completed initialization in 105 ms
Hibernate: select employer0_.id as id1_0_, employer0_.name as name2_0_, employer0_.location as location3_0_ from employer employer0_
Hibernate: select jobs0_.jobs_id as jobs_id5_1_0_, jobs0_.id as id1_1_0_, jobs0_.id as id1_1_1_, jobs0_.name as name2_1_1_, jobs0_.employer_id as employer4_1_1_, jobs0_.skills as skills3_1_1_, employer1_.id as id1_0_2_, employer1_.name as name2_0_2_, employer1_.location as location3_0_2_ from job jobs0_ left outer join employer employer1_ on jobs0_.employer_id=employer1_.id where jobs0_.jobs_id=?
Hibernate: select jobs0_.jobs_id as jobs_id5_1_0_, jobs0_.id as id1_1_0_, jobs0_.id as id1_1_1_, jobs0_.name as name2_1_1_, jobs0_.employer_id as employer4_1_1_, jobs0_.skills as skills3_1_1_, employer1_.id as id1_0_2_, employer1_.name as name2_0_2_, employer1_.location as location3_0_2_ from job jobs0_ left outer join employer employer1_ on jobs0_.employer_id=employer1_.id where jobs0_.jobs_id=?
Hibernate: select jobs0_.jobs_id as jobs_id5_1_0_, jobs0_.id as id1_1_0_, jobs0_.id as id1_1_1_, jobs0_.name as name2_1_1_, jobs0_.employer_id as employer4_1_1_, jobs0_.skills as skills3_1_1_, employer1_.id as id1_0_2_, employer1_.name as name2_0_2_, employer1_.location as location3_0_2_ from job jobs0_ left outer join employer employer1_ on jobs0_.employer_id=employer1_.id where jobs0_.jobs_id=?
Hibernate: select jobs0_.jobs_id as jobs_id5_1_0_, jobs0_.id as id1_1_0_, jobs0_.id as id1_1_1_, jobs0_.name as name2_1_1_, jobs0_.employer_id as employer4_1_1_, jobs0_.skills as skills3_1_1_, employer1_.id as id1_0_2_, employer1_.name as name2_0_2_, employer1_.location as location3_0_2_ from job jobs0_ left outer join employer employer1_ on jobs0_.employer_id=employer1_.id where jobs0_.jobs_id=?
Hibernate: select jobs0_.jobs_id as jobs_id5_1_0_, jobs0_.id as id1_1_0_, jobs0_.id as id1_1_1_, jobs0_.name as name2_1_1_, jobs0_.employer_id as employer4_1_1_, jobs0_.skills as skills3_1_1_, employer1_.id as id1_0_2_, employer1_.name as name2_0_2_, employer1_.location as location3_0_2_ from job jobs0_ left outer join employer employer1_ on jobs0_.employer_id=employer1_.id where jobs0_.jobs_id=?
Hibernate: select jobs0_.jobs_id as jobs_id5_1_0_, jobs0_.id as id1_1_0_, jobs0_.id as id1_1_1_, jobs0_.name as name2_1_1_, jobs0_.employer_id as employer4_1_1_, jobs0_.skills as skills3_1_1_, employer1_.id as id1_0_2_, employer1_.name as name2_0_2_, employer1_.location as location3_0_2_ from job jobs0_ left outer join employer employer1_ on jobs0_.employer_id=employer1_.id where jobs0_.jobs_id=?
Hibernate: select jobs0_.jobs_id as jobs_id5_1_0_, jobs0_.id as id1_1_0_, jobs0_.id as id1_1_1_, jobs0_.name as name2_1_1_, jobs0_.employer_id as employer4_1_1_, jobs0_.skills as skills3_1_1_, employer1_.id as id1_0_2_, employer1_.name as name2_0_2_, employer1_.location as location3_0_2_ from job jobs0_ left outer join employer employer1_ on jobs0_.employer_id=employer1_.id where jobs0_.jobs_id=?
Hibernate: select jobs0_.jobs_id as jobs_id5_1_0_, jobs0_.id as id1_1_0_, jobs0_.id as id1_1_1_, jobs0_.name as name2_1_1_, jobs0_.employer_id as employer4_1_1_, jobs0_.skills as skills3_1_1_, employer1_.id as id1_0_2_, employer1_.name as name2_0_2_, employer1_.location as location3_0_2_ from job jobs0_ left outer join employer employer1_ on jobs0_.employer_id=employer1_.id where jobs0_.jobs_id=?
Hibernate: select jobs0_.jobs_id as jobs_id5_1_0_, jobs0_.id as id1_1_0_, jobs0_.id as id1_1_1_, jobs0_.name as name2_1_1_, jobs0_.employer_id as employer4_1_1_, jobs0_.skills as skills3_1_1_, employer1_.id as id1_0_2_, employer1_.name as name2_0_2_, employer1_.location as location3_0_2_ from job jobs0_ left outer join employer employer1_ on jobs0_.employer_id=employer1_.id where jobs0_.jobs_id=?
Hibernate: select employer0_.id as id1_0_0_, employer0_.name as name2_0_0_, employer0_.location as location3_0_0_, jobs1_.jobs_id as jobs_id5_1_1_, jobs1_.id as id1_1_1_, jobs1_.id as id1_1_2_, jobs1_.name as name2_1_2_, jobs1_.employer_id as employer4_1_2_, jobs1_.skills as skills3_1_2_, employer2_.id as id1_0_3_, employer2_.name as name2_0_3_, employer2_.location as location3_0_3_ from employer employer0_ left outer join job jobs1_ on employer0_.id=jobs1_.jobs_id left outer join employer employer2_ on jobs1_.employer_id=employer2_.id where employer0_.id=?
Hibernate: select job0_.id as id1_1_0_, job0_.name as name2_1_0_, job0_.employer_id as employer4_1_0_, job0_.skills as skills3_1_0_, employer1_.id as id1_0_1_, employer1_.name as name2_0_1_, employer1_.location as location3_0_1_, jobs2_.jobs_id as jobs_id5_1_2_, jobs2_.id as id1_1_2_, jobs2_.id as id1_1_3_, jobs2_.name as name2_1_3_, jobs2_.employer_id as employer4_1_3_, jobs2_.skills as skills3_1_3_ from job job0_ left outer join employer employer1_ on job0_.employer_id=employer1_.id left outer join job jobs2_ on employer1_.id=jobs2_.jobs_id where job0_.id=?
2020-10-26 16:34:41.499 ERROR 9340 --- [io-8080-exec-10] org.thymeleaf.TemplateEngine             : [THYMELEAF][http-nio-8080-exec-10] Exception processing template "view": An error happened during template parsing (template: "class path resource [templates/view.html]")

org.thymeleaf.exceptions.TemplateInputException: An error happened during template parsing (template: "class path resource [templates/view.html]")
	at org.thymeleaf.templateparser.markup.AbstractMarkupTemplateParser.parse(AbstractMarkupTemplateParser.java:241) ~[thymeleaf-3.0.11.RELEASE.jar:3.0.11.RELEASE]
	at org.thymeleaf.templateparser.markup.AbstractMarkupTemplateParser.parseStandalone(AbstractMarkupTemplateParser.java:100) ~[thymeleaf-3.0.11.RELEASE.jar:3.0.11.RELEASE]
	at org.thymeleaf.engine.TemplateManager.parseAndProcess(TemplateManager.java:666) ~[thymeleaf-3.0.11.RELEASE.jar:3.0.11.RELEASE]
	at org.thymeleaf.TemplateEngine.process(TemplateEngine.java:1098) ~[thymeleaf-3.0.11.RELEASE.jar:3.0.11.RELEASE]
	at org.thymeleaf.TemplateEngine.process(TemplateEngine.java:1072) ~[thymeleaf-3.0.11.RELEASE.jar:3.0.11.RELEASE]
	at org.thymeleaf.spring5.view.ThymeleafView.renderFragment(ThymeleafView.java:362) ~[thymeleaf-spring5-3.0.11.RELEASE.jar:3.0.11.RELEASE]
	at org.thymeleaf.spring5.view.ThymeleafView.render(ThymeleafView.java:189) ~[thymeleaf-spring5-3.0.11.RELEASE.jar:3.0.11.RELEASE]
	at org.springframework.web.servlet.DispatcherServlet.render(DispatcherServlet.java:1373) ~[spring-webmvc-5.2.2.RELEASE.jar:5.2.2.RELEASE]
	at org.springframework.web.servlet.DispatcherServlet.processDispatchResult(DispatcherServlet.java:1118) ~[spring-webmvc-5.2.2.RELEASE.jar:5.2.2.RELEASE]
	at org.springframework.web.servlet.DispatcherServlet.doDispatch(DispatcherServlet.java:1057) ~[spring-webmvc-5.2.2.RELEASE.jar:5.2.2.RELEASE]
	at org.springframework.web.servlet.DispatcherServlet.doService(DispatcherServlet.java:943) ~[spring-webmvc-5.2.2.RELEASE.jar:5.2.2.RELEASE]
	at org.springframework.web.servlet.FrameworkServlet.processRequest(FrameworkServlet.java:1006) ~[spring-webmvc-5.2.2.RELEASE.jar:5.2.2.RELEASE]
	at org.springframework.web.servlet.FrameworkServlet.doGet(FrameworkServlet.java:898) ~[spring-webmvc-5.2.2.RELEASE.jar:5.2.2.RELEASE]
	at javax.servlet.http.HttpServlet.service(HttpServlet.java:634) ~[tomcat-embed-core-9.0.29.jar:9.0.29]
	at org.springframework.web.servlet.FrameworkServlet.service(FrameworkServlet.java:883) ~[spring-webmvc-5.2.2.RELEASE.jar:5.2.2.RELEASE]
	at javax.servlet.http.HttpServlet.service(HttpServlet.java:741) ~[tomcat-embed-core-9.0.29.jar:9.0.29]
	at org.apache.catalina.core.ApplicationFilterChain.internalDoFilter(ApplicationFilterChain.java:231) ~[tomcat-embed-core-9.0.29.jar:9.0.29]
	at org.apache.catalina.core.ApplicationFilterChain.doFilter(ApplicationFilterChain.java:166) ~[tomcat-embed-core-9.0.29.jar:9.0.29]
	at org.apache.tomcat.websocket.server.WsFilter.doFilter(WsFilter.java:53) ~[tomcat-embed-websocket-9.0.29.jar:9.0.29]
	at org.apache.catalina.core.ApplicationFilterChain.internalDoFilter(ApplicationFilterChain.java:193) ~[tomcat-embed-core-9.0.29.jar:9.0.29]
	at org.apache.catalina.core.ApplicationFilterChain.doFilter(ApplicationFilterChain.java:166) ~[tomcat-embed-core-9.0.29.jar:9.0.29]
	at org.springframework.web.filter.RequestContextFilter.doFilterInternal(RequestContextFilter.java:100) ~[spring-web-5.2.2.RELEASE.jar:5.2.2.RELEASE]
	at org.springframework.web.filter.OncePerRequestFilter.doFilter(OncePerRequestFilter.java:119) ~[spring-web-5.2.2.RELEASE.jar:5.2.2.RELEASE]
	at org.apache.catalina.core.ApplicationFilterChain.internalDoFilter(ApplicationFilterChain.java:193) ~[tomcat-embed-core-9.0.29.jar:9.0.29]
	at org.apache.catalina.core.ApplicationFilterChain.doFilter(ApplicationFilterChain.java:166) ~[tomcat-embed-core-9.0.29.jar:9.0.29]
	at org.springframework.web.filter.FormContentFilter.doFilterInternal(FormContentFilter.java:93) ~[spring-web-5.2.2.RELEASE.jar:5.2.2.RELEASE]
	at org.springframework.web.filter.OncePerRequestFilter.doFilter(OncePerRequestFilter.java:119) ~[spring-web-5.2.2.RELEASE.jar:5.2.2.RELEASE]
	at org.apache.catalina.core.ApplicationFilterChain.internalDoFilter(ApplicationFilterChain.java:193) ~[tomcat-embed-core-9.0.29.jar:9.0.29]
	at org.apache.catalina.core.ApplicationFilterChain.doFilter(ApplicationFilterChain.java:166) ~[tomcat-embed-core-9.0.29.jar:9.0.29]
	at org.springframework.web.filter.CharacterEncodingFilter.doFilterInternal(CharacterEncodingFilter.java:201) ~[spring-web-5.2.2.RELEASE.jar:5.2.2.RELEASE]
	at org.springframework.web.filter.OncePerRequestFilter.doFilter(OncePerRequestFilter.java:119) ~[spring-web-5.2.2.RELEASE.jar:5.2.2.RELEASE]
	at org.apache.catalina.core.ApplicationFilterChain.internalDoFilter(ApplicationFilterChain.java:193) ~[tomcat-embed-core-9.0.29.jar:9.0.29]
	at org.apache.catalina.core.ApplicationFilterChain.doFilter(ApplicationFilterChain.java:166) ~[tomcat-embed-core-9.0.29.jar:9.0.29]
	at org.apache.catalina.core.StandardWrapperValve.invoke(StandardWrapperValve.java:202) ~[tomcat-embed-core-9.0.29.jar:9.0.29]
	at org.apache.catalina.core.StandardContextValve.invoke(StandardContextValve.java:96) ~[tomcat-embed-core-9.0.29.jar:9.0.29]
	at org.apache.catalina.authenticator.AuthenticatorBase.invoke(AuthenticatorBase.java:526) ~[tomcat-embed-core-9.0.29.jar:9.0.29]
	at org.apache.catalina.core.StandardHostValve.invoke(StandardHostValve.java:139) ~[tomcat-embed-core-9.0.29.jar:9.0.29]
	at org.apache.catalina.valves.ErrorReportValve.invoke(ErrorReportValve.java:92) ~[tomcat-embed-core-9.0.29.jar:9.0.29]
	at org.apache.catalina.core.StandardEngineValve.invoke(StandardEngineValve.java:74) ~[tomcat-embed-core-9.0.29.jar:9.0.29]
	at org.apache.catalina.connector.CoyoteAdapter.service(CoyoteAdapter.java:343) ~[tomcat-embed-core-9.0.29.jar:9.0.29]
	at org.apache.coyote.http11.Http11Processor.service(Http11Processor.java:367) ~[tomcat-embed-core-9.0.29.jar:9.0.29]
	at org.apache.coyote.AbstractProcessorLight.process(AbstractProcessorLight.java:65) ~[tomcat-embed-core-9.0.29.jar:9.0.29]
	at org.apache.coyote.AbstractProtocol$ConnectionHandler.process(AbstractProtocol.java:860) ~[tomcat-embed-core-9.0.29.jar:9.0.29]
	at org.apache.tomcat.util.net.NioEndpoint$SocketProcessor.doRun(NioEndpoint.java:1591) ~[tomcat-embed-core-9.0.29.jar:9.0.29]
	at org.apache.tomcat.util.net.SocketProcessorBase.run(SocketProcessorBase.java:49) ~[tomcat-embed-core-9.0.29.jar:9.0.29]
	at java.base/java.util.concurrent.ThreadPoolExecutor.runWorker(ThreadPoolExecutor.java:1128) ~[na:na]
	at java.base/java.util.concurrent.ThreadPoolExecutor$Worker.run(ThreadPoolExecutor.java:628) ~[na:na]
	at org.apache.tomcat.util.threads.TaskThread$WrappingRunnable.run(TaskThread.java:61) ~[tomcat-embed-core-9.0.29.jar:9.0.29]
	at java.base/java.lang.Thread.run(Thread.java:830) ~[na:na]
Caused by: org.attoparser.ParseException: Exception evaluating SpringEL expression: "'Job: ' + job.name" (template: "view" - line 6, col 5)
	at org.attoparser.MarkupParser.parseDocument(MarkupParser.java:393) ~[attoparser-2.0.5.RELEASE.jar:2.0.5.RELEASE]
	at org.attoparser.MarkupParser.parse(MarkupParser.java:257) ~[attoparser-2.0.5.RELEASE.jar:2.0.5.RELEASE]
	at org.thymeleaf.templateparser.markup.AbstractMarkupTemplateParser.parse(AbstractMarkupTemplateParser.java:230) ~[thymeleaf-3.0.11.RELEASE.jar:3.0.11.RELEASE]
	... 48 common frames omitted
Caused by: org.thymeleaf.exceptions.TemplateProcessingException: Exception evaluating SpringEL expression: "'Job: ' + job.name" (template: "view" - line 6, col 5)
	at org.thymeleaf.spring5.expression.SPELVariableExpressionEvaluator.evaluate(SPELVariableExpressionEvaluator.java:290) ~[thymeleaf-spring5-3.0.11.RELEASE.jar:3.0.11.RELEASE]
	at org.thymeleaf.standard.expression.VariableExpression.executeVariableExpression(VariableExpression.java:166) ~[thymeleaf-3.0.11.RELEASE.jar:3.0.11.RELEASE]
	at org.thymeleaf.standard.expression.SimpleExpression.executeSimple(SimpleExpression.java:66) ~[thymeleaf-3.0.11.RELEASE.jar:3.0.11.RELEASE]
	at org.thymeleaf.standard.expression.Expression.execute(Expression.java:109) ~[thymeleaf-3.0.11.RELEASE.jar:3.0.11.RELEASE]
	at org.thymeleaf.standard.expression.Expression.execute(Expression.java:138) ~[thymeleaf-3.0.11.RELEASE.jar:3.0.11.RELEASE]
	at org.thymeleaf.standard.processor.AbstractStandardExpressionAttributeTagProcessor.doProcess(AbstractStandardExpressionAttributeTagProcessor.java:144) ~[thymeleaf-3.0.11.RELEASE.jar:3.0.11.RELEASE]
	at org.thymeleaf.processor.element.AbstractAttributeTagProcessor.doProcess(AbstractAttributeTagProcessor.java:74) ~[thymeleaf-3.0.11.RELEASE.jar:3.0.11.RELEASE]
	at org.thymeleaf.processor.element.AbstractElementTagProcessor.process(AbstractElementTagProcessor.java:95) ~[thymeleaf-3.0.11.RELEASE.jar:3.0.11.RELEASE]
	at org.thymeleaf.util.ProcessorConfigurationUtils$ElementTagProcessorWrapper.process(ProcessorConfigurationUtils.java:633) ~[thymeleaf-3.0.11.RELEASE.jar:3.0.11.RELEASE]
	at org.thymeleaf.engine.ProcessorTemplateHandler.handleOpenElement(ProcessorTemplateHandler.java:1314) ~[thymeleaf-3.0.11.RELEASE.jar:3.0.11.RELEASE]
	at org.thymeleaf.engine.TemplateHandlerAdapterMarkupHandler.handleOpenElementEnd(TemplateHandlerAdapterMarkupHandler.java:304) ~[thymeleaf-3.0.11.RELEASE.jar:3.0.11.RELEASE]
	at org.thymeleaf.templateparser.markup.InlinedOutputExpressionMarkupHandler$InlineMarkupAdapterPreProcessorHandler.handleOpenElementEnd(InlinedOutputExpressionMarkupHandler.java:278) ~[thymeleaf-3.0.11.RELEASE.jar:3.0.11.RELEASE]
	at org.thymeleaf.standard.inline.OutputExpressionInlinePreProcessorHandler.handleOpenElementEnd(OutputExpressionInlinePreProcessorHandler.java:186) ~[thymeleaf-3.0.11.RELEASE.jar:3.0.11.RELEASE]
	at org.thymeleaf.templateparser.markup.InlinedOutputExpressionMarkupHandler.handleOpenElementEnd(InlinedOutputExpressionMarkupHandler.java:124) ~[thymeleaf-3.0.11.RELEASE.jar:3.0.11.RELEASE]
	at org.attoparser.HtmlElement.handleOpenElementEnd(HtmlElement.java:109) ~[attoparser-2.0.5.RELEASE.jar:2.0.5.RELEASE]
	at org.attoparser.HtmlMarkupHandler.handleOpenElementEnd(HtmlMarkupHandler.java:297) ~[attoparser-2.0.5.RELEASE.jar:2.0.5.RELEASE]
	at org.attoparser.MarkupEventProcessorHandler.handleOpenElementEnd(MarkupEventProcessorHandler.java:402) ~[attoparser-2.0.5.RELEASE.jar:2.0.5.RELEASE]
	at org.attoparser.ParsingElementMarkupUtil.parseOpenElement(ParsingElementMarkupUtil.java:159) ~[attoparser-2.0.5.RELEASE.jar:2.0.5.RELEASE]
	at org.attoparser.MarkupParser.parseBuffer(MarkupParser.java:710) ~[attoparser-2.0.5.RELEASE.jar:2.0.5.RELEASE]
	at org.attoparser.MarkupParser.parseDocument(MarkupParser.java:301) ~[attoparser-2.0.5.RELEASE.jar:2.0.5.RELEASE]
	... 50 common frames omitted
Caused by: org.springframework.expression.spel.SpelEvaluationException: EL1007E: Property or field 'name' cannot be found on null
	at org.springframework.expression.spel.ast.PropertyOrFieldReference.readProperty(PropertyOrFieldReference.java:213) ~[spring-expression-5.2.2.RELEASE.jar:5.2.2.RELEASE]
	at org.springframework.expression.spel.ast.PropertyOrFieldReference.getValueInternal(PropertyOrFieldReference.java:104) ~[spring-expression-5.2.2.RELEASE.jar:5.2.2.RELEASE]
	at org.springframework.expression.spel.ast.PropertyOrFieldReference.access$000(PropertyOrFieldReference.java:51) ~[spring-expression-5.2.2.RELEASE.jar:5.2.2.RELEASE]
	at org.springframework.expression.spel.ast.PropertyOrFieldReference$AccessorLValue.getValue(PropertyOrFieldReference.java:406) ~[spring-expression-5.2.2.RELEASE.jar:5.2.2.RELEASE]
	at org.springframework.expression.spel.ast.CompoundExpression.getValueInternal(CompoundExpression.java:92) ~[spring-expression-5.2.2.RELEASE.jar:5.2.2.RELEASE]
	at org.springframework.expression.spel.ast.OpPlus.getValueInternal(OpPlus.java:85) ~[spring-expression-5.2.2.RELEASE.jar:5.2.2.RELEASE]
	at org.springframework.expression.spel.ast.SpelNodeImpl.getValue(SpelNodeImpl.java:112) ~[spring-expression-5.2.2.RELEASE.jar:5.2.2.RELEASE]
	at org.springframework.expression.spel.standard.SpelExpression.getValue(SpelExpression.java:330) ~[spring-expression-5.2.2.RELEASE.jar:5.2.2.RELEASE]
	at org.thymeleaf.spring5.expression.SPELVariableExpressionEvaluator.evaluate(SPELVariableExpressionEvaluator.java:263) ~[thymeleaf-spring5-3.0.11.RELEASE.jar:3.0.11.RELEASE]
	... 69 common frames omitted

2020-10-26 16:34:41.532 ERROR 9340 --- [io-8080-exec-10] o.a.c.c.C.[.[.[/].[dispatcherServlet]    : Servlet.service() for servlet [dispatcherServlet] in context with path [] threw exception [Request processing failed; nested exception is org.thymeleaf.exceptions.TemplateInputException: An error happened during template parsing (template: "class path resource [templates/view.html]")] with root cause

org.springframework.expression.spel.SpelEvaluationException: EL1007E: Property or field 'name' cannot be found on null
	at org.springframework.expression.spel.ast.PropertyOrFieldReference.readProperty(PropertyOrFieldReference.java:213) ~[spring-expression-5.2.2.RELEASE.jar:5.2.2.RELEASE]
	at org.springframework.expression.spel.ast.PropertyOrFieldReference.getValueInternal(PropertyOrFieldReference.java:104) ~[spring-expression-5.2.2.RELEASE.jar:5.2.2.RELEASE]
	at org.springframework.expression.spel.ast.PropertyOrFieldReference.access$000(PropertyOrFieldReference.java:51) ~[spring-expression-5.2.2.RELEASE.jar:5.2.2.RELEASE]
	at org.springframework.expression.spel.ast.PropertyOrFieldReference$AccessorLValue.getValue(PropertyOrFieldReference.java:406) ~[spring-expression-5.2.2.RELEASE.jar:5.2.2.RELEASE]
	at org.springframework.expression.spel.ast.CompoundExpression.getValueInternal(CompoundExpression.java:92) ~[spring-expression-5.2.2.RELEASE.jar:5.2.2.RELEASE]
	at org.springframework.expression.spel.ast.OpPlus.getValueInternal(OpPlus.java:85) ~[spring-expression-5.2.2.RELEASE.jar:5.2.2.RELEASE]
	at org.springframework.expression.spel.ast.SpelNodeImpl.getValue(SpelNodeImpl.java:112) ~[spring-expression-5.2.2.RELEASE.jar:5.2.2.RELEASE]
	at org.springframework.expression.spel.standard.SpelExpression.getValue(SpelExpression.java:330) ~[spring-expression-5.2.2.RELEASE.jar:5.2.2.RELEASE]
	at org.thymeleaf.spring5.expression.SPELVariableExpressionEvaluator.evaluate(SPELVariableExpressionEvaluator.java:263) ~[thymeleaf-spring5-3.0.11.RELEASE.jar:3.0.11.RELEASE]
	at org.thymeleaf.standard.expression.VariableExpression.executeVariableExpression(VariableExpression.java:166) ~[thymeleaf-3.0.11.RELEASE.jar:3.0.11.RELEASE]
	at org.thymeleaf.standard.expression.SimpleExpression.executeSimple(SimpleExpression.java:66) ~[thymeleaf-3.0.11.RELEASE.jar:3.0.11.RELEASE]
	at org.thymeleaf.standard.expression.Expression.execute(Expression.java:109) ~[thymeleaf-3.0.11.RELEASE.jar:3.0.11.RELEASE]
	at org.thymeleaf.standard.expression.Expression.execute(Expression.java:138) ~[thymeleaf-3.0.11.RELEASE.jar:3.0.11.RELEASE]
	at org.thymeleaf.standard.processor.AbstractStandardExpressionAttributeTagProcessor.doProcess(AbstractStandardExpressionAttributeTagProcessor.java:144) ~[thymeleaf-3.0.11.RELEASE.jar:3.0.11.RELEASE]
	at org.thymeleaf.processor.element.AbstractAttributeTagProcessor.doProcess(AbstractAttributeTagProcessor.java:74) ~[thymeleaf-3.0.11.RELEASE.jar:3.0.11.RELEASE]
	at org.thymeleaf.processor.element.AbstractElementTagProcessor.process(AbstractElementTagProcessor.java:95) ~[thymeleaf-3.0.11.RELEASE.jar:3.0.11.RELEASE]
	at org.thymeleaf.util.ProcessorConfigurationUtils$ElementTagProcessorWrapper.process(ProcessorConfigurationUtils.java:633) ~[thymeleaf-3.0.11.RELEASE.jar:3.0.11.RELEASE]
	at org.thymeleaf.engine.ProcessorTemplateHandler.handleOpenElement(ProcessorTemplateHandler.java:1314) ~[thymeleaf-3.0.11.RELEASE.jar:3.0.11.RELEASE]
	at org.thymeleaf.engine.TemplateHandlerAdapterMarkupHandler.handleOpenElementEnd(TemplateHandlerAdapterMarkupHandler.java:304) ~[thymeleaf-3.0.11.RELEASE.jar:3.0.11.RELEASE]
	at org.thymeleaf.templateparser.markup.InlinedOutputExpressionMarkupHandler$InlineMarkupAdapterPreProcessorHandler.handleOpenElementEnd(InlinedOutputExpressionMarkupHandler.java:278) ~[thymeleaf-3.0.11.RELEASE.jar:3.0.11.RELEASE]
	at org.thymeleaf.standard.inline.OutputExpressionInlinePreProcessorHandler.handleOpenElementEnd(OutputExpressionInlinePreProcessorHandler.java:186) ~[thymeleaf-3.0.11.RELEASE.jar:3.0.11.RELEASE]
	at org.thymeleaf.templateparser.markup.InlinedOutputExpressionMarkupHandler.handleOpenElementEnd(InlinedOutputExpressionMarkupHandler.java:124) ~[thymeleaf-3.0.11.RELEASE.jar:3.0.11.RELEASE]
	at org.attoparser.HtmlElement.handleOpenElementEnd(HtmlElement.java:109) ~[attoparser-2.0.5.RELEASE.jar:2.0.5.RELEASE]
	at org.attoparser.HtmlMarkupHandler.handleOpenElementEnd(HtmlMarkupHandler.java:297) ~[attoparser-2.0.5.RELEASE.jar:2.0.5.RELEASE]
	at org.attoparser.MarkupEventProcessorHandler.handleOpenElementEnd(MarkupEventProcessorHandler.java:402) ~[attoparser-2.0.5.RELEASE.jar:2.0.5.RELEASE]
	at org.attoparser.ParsingElementMarkupUtil.parseOpenElement(ParsingElementMarkupUtil.java:159) ~[attoparser-2.0.5.RELEASE.jar:2.0.5.RELEASE]
	at org.attoparser.MarkupParser.parseBuffer(MarkupParser.java:710) ~[attoparser-2.0.5.RELEASE.jar:2.0.5.RELEASE]
	at org.attoparser.MarkupParser.parseDocument(MarkupParser.java:301) ~[attoparser-2.0.5.RELEASE.jar:2.0.5.RELEASE]
	at org.attoparser.MarkupParser.parse(MarkupParser.java:257) ~[attoparser-2.0.5.RELEASE.jar:2.0.5.RELEASE]
	at org.thymeleaf.templateparser.markup.AbstractMarkupTemplateParser.parse(AbstractMarkupTemplateParser.java:230) ~[thymeleaf-3.0.11.RELEASE.jar:3.0.11.RELEASE]
	at org.thymeleaf.templateparser.markup.AbstractMarkupTemplateParser.parseStandalone(AbstractMarkupTemplateParser.java:100) ~[thymeleaf-3.0.11.RELEASE.jar:3.0.11.RELEASE]
	at org.thymeleaf.engine.TemplateManager.parseAndProcess(TemplateManager.java:666) ~[thymeleaf-3.0.11.RELEASE.jar:3.0.11.RELEASE]
	at org.thymeleaf.TemplateEngine.process(TemplateEngine.java:1098) ~[thymeleaf-3.0.11.RELEASE.jar:3.0.11.RELEASE]
	at org.thymeleaf.TemplateEngine.process(TemplateEngine.java:1072) ~[thymeleaf-3.0.11.RELEASE.jar:3.0.11.RELEASE]
	at org.thymeleaf.spring5.view.ThymeleafView.renderFragment(ThymeleafView.java:362) ~[thymeleaf-spring5-3.0.11.RELEASE.jar:3.0.11.RELEASE]
	at org.thymeleaf.spring5.view.ThymeleafView.render(ThymeleafView.java:189) ~[thymeleaf-spring5-3.0.11.RELEASE.jar:3.0.11.RELEASE]
	at org.springframework.web.servlet.DispatcherServlet.render(DispatcherServlet.java:1373) ~[spring-webmvc-5.2.2.RELEASE.jar:5.2.2.RELEASE]
	at org.springframework.web.servlet.DispatcherServlet.processDispatchResult(DispatcherServlet.java:1118) ~[spring-webmvc-5.2.2.RELEASE.jar:5.2.2.RELEASE]
	at org.springframework.web.servlet.DispatcherServlet.doDispatch(DispatcherServlet.java:1057) ~[spring-webmvc-5.2.2.RELEASE.jar:5.2.2.RELEASE]
	at org.springframework.web.servlet.DispatcherServlet.doService(DispatcherServlet.java:943) ~[spring-webmvc-5.2.2.RELEASE.jar:5.2.2.RELEASE]
	at org.springframework.web.servlet.FrameworkServlet.processRequest(FrameworkServlet.java:1006) ~[spring-webmvc-5.2.2.RELEASE.jar:5.2.2.RELEASE]
	at org.springframework.web.servlet.FrameworkServlet.doGet(FrameworkServlet.java:898) ~[spring-webmvc-5.2.2.RELEASE.jar:5.2.2.RELEASE]
	at javax.servlet.http.HttpServlet.service(HttpServlet.java:634) ~[tomcat-embed-core-9.0.29.jar:9.0.29]
	at org.springframework.web.servlet.FrameworkServlet.service(FrameworkServlet.java:883) ~[spring-webmvc-5.2.2.RELEASE.jar:5.2.2.RELEASE]
	at javax.servlet.http.HttpServlet.service(HttpServlet.java:741) ~[tomcat-embed-core-9.0.29.jar:9.0.29]
	at org.apache.catalina.core.ApplicationFilterChain.internalDoFilter(ApplicationFilterChain.java:231) ~[tomcat-embed-core-9.0.29.jar:9.0.29]
	at org.apache.catalina.core.ApplicationFilterChain.doFilter(ApplicationFilterChain.java:166) ~[tomcat-embed-core-9.0.29.jar:9.0.29]
	at org.apache.tomcat.websocket.server.WsFilter.doFilter(WsFilter.java:53) ~[tomcat-embed-websocket-9.0.29.jar:9.0.29]
	at org.apache.catalina.core.ApplicationFilterChain.internalDoFilter(ApplicationFilterChain.java:193) ~[tomcat-embed-core-9.0.29.jar:9.0.29]
	at org.apache.catalina.core.ApplicationFilterChain.doFilter(ApplicationFilterChain.java:166) ~[tomcat-embed-core-9.0.29.jar:9.0.29]
	at org.springframework.web.filter.RequestContextFilter.doFilterInternal(RequestContextFilter.java:100) ~[spring-web-5.2.2.RELEASE.jar:5.2.2.RELEASE]
	at org.springframework.web.filter.OncePerRequestFilter.doFilter(OncePerRequestFilter.java:119) ~[spring-web-5.2.2.RELEASE.jar:5.2.2.RELEASE]
	at org.apache.catalina.core.ApplicationFilterChain.internalDoFilter(ApplicationFilterChain.java:193) ~[tomcat-embed-core-9.0.29.jar:9.0.29]
	at org.apache.catalina.core.ApplicationFilterChain.doFilter(ApplicationFilterChain.java:166) ~[tomcat-embed-core-9.0.29.jar:9.0.29]
	at org.springframework.web.filter.FormContentFilter.doFilterInternal(FormContentFilter.java:93) ~[spring-web-5.2.2.RELEASE.jar:5.2.2.RELEASE]
	at org.springframework.web.filter.OncePerRequestFilter.doFilter(OncePerRequestFilter.java:119) ~[spring-web-5.2.2.RELEASE.jar:5.2.2.RELEASE]
	at org.apache.catalina.core.ApplicationFilterChain.internalDoFilter(ApplicationFilterChain.java:193) ~[tomcat-embed-core-9.0.29.jar:9.0.29]
	at org.apache.catalina.core.ApplicationFilterChain.doFilter(ApplicationFilterChain.java:166) ~[tomcat-embed-core-9.0.29.jar:9.0.29]
	at org.springframework.web.filter.CharacterEncodingFilter.doFilterInternal(CharacterEncodingFilter.java:201) ~[spring-web-5.2.2.RELEASE.jar:5.2.2.RELEASE]
	at org.springframework.web.filter.OncePerRequestFilter.doFilter(OncePerRequestFilter.java:119) ~[spring-web-5.2.2.RELEASE.jar:5.2.2.RELEASE]
	at org.apache.catalina.core.ApplicationFilterChain.internalDoFilter(ApplicationFilterChain.java:193) ~[tomcat-embed-core-9.0.29.jar:9.0.29]
	at org.apache.catalina.core.ApplicationFilterChain.doFilter(ApplicationFilterChain.java:166) ~[tomcat-embed-core-9.0.29.jar:9.0.29]
	at org.apache.catalina.core.StandardWrapperValve.invoke(StandardWrapperValve.java:202) ~[tomcat-embed-core-9.0.29.jar:9.0.29]
	at org.apache.catalina.core.StandardContextValve.invoke(StandardContextValve.java:96) ~[tomcat-embed-core-9.0.29.jar:9.0.29]
	at org.apache.catalina.authenticator.AuthenticatorBase.invoke(AuthenticatorBase.java:526) ~[tomcat-embed-core-9.0.29.jar:9.0.29]
	at org.apache.catalina.core.StandardHostValve.invoke(StandardHostValve.java:139) ~[tomcat-embed-core-9.0.29.jar:9.0.29]
	at org.apache.catalina.valves.ErrorReportValve.invoke(ErrorReportValve.java:92) ~[tomcat-embed-core-9.0.29.jar:9.0.29]
	at org.apache.catalina.core.StandardEngineValve.invoke(StandardEngineValve.java:74) ~[tomcat-embed-core-9.0.29.jar:9.0.29]
	at org.apache.catalina.connector.CoyoteAdapter.service(CoyoteAdapter.java:343) ~[tomcat-embed-core-9.0.29.jar:9.0.29]
	at org.apache.coyote.http11.Http11Processor.service(Http11Processor.java:367) ~[tomcat-embed-core-9.0.29.jar:9.0.29]
	at org.apache.coyote.AbstractProcessorLight.process(AbstractProcessorLight.java:65) ~[tomcat-embed-core-9.0.29.jar:9.0.29]
	at org.apache.coyote.AbstractProtocol$ConnectionHandler.process(AbstractProtocol.java:860) ~[tomcat-embed-core-9.0.29.jar:9.0.29]
	at org.apache.tomcat.util.net.NioEndpoint$SocketProcessor.doRun(NioEndpoint.java:1591) ~[tomcat-embed-core-9.0.29.jar:9.0.29]
	at org.apache.tomcat.util.net.SocketProcessorBase.run(SocketProcessorBase.java:49) ~[tomcat-embed-core-9.0.29.jar:9.0.29]
	at java.base/java.util.concurrent.ThreadPoolExecutor.runWorker(ThreadPoolExecutor.java:1128) ~[na:na]
	at java.base/java.util.concurrent.ThreadPoolExecutor$Worker.run(ThreadPoolExecutor.java:628) ~[na:na]
	at org.apache.tomcat.util.threads.TaskThread$WrappingRunnable.run(TaskThread.java:61) ~[tomcat-embed-core-9.0.29.jar:9.0.29]
	at java.base/java.lang.Thread.run(Thread.java:830) ~[na:na]

