2020-10-27T19:29:31.367-0500 [DEBUG] [org.gradle.launcher.daemon.bootstrap.DaemonMain] Assuming the daemon was started with following jvm opts: [-XX:MaxMetaspaceSize=256m, -XX:+HeapDumpOnOutOfMemoryError, -agentlib:jdwp=transport=dt_socket,server=n,suspend=y,address=127.0.0.1:53463, --add-opens, java.base/java.util=ALL-UNNAMED, --add-opens, java.base/java.lang=ALL-UNNAMED, --add-opens, java.base/java.lang.invoke=ALL-UNNAMED, --add-opens, java.prefs/java.util.prefs=ALL-UNNAMED, -Xms256m, -Xmx512m, -Dfile.encoding=windows-1252, -Duser.country=US, -Duser.language=en, -Duser.variant]
2020-10-27T19:29:31.953-0500 [DEBUG] [org.gradle.internal.nativeintegration.services.NativeServices] Native-platform posix files integration is not available. Continuing with fallback.
2020-10-27T19:29:32.183-0500 [INFO] [org.gradle.launcher.daemon.server.Daemon] start() called on daemon - DefaultDaemonContext[uid=7132f53c-7038-43ec-a93d-70e0c523f7fb,javaHome=C:\Program Files\Java\jdk-13.0.2,daemonRegistryDir=C:\Users\lburk\lc101\java-web-dev-techjobs-persistent\daemon,pid=4780,idleTimeout=10800000,priority=NORMAL,daemonOpts=-XX:MaxMetaspaceSize=256m,-XX:+HeapDumpOnOutOfMemoryError,-agentlib:jdwp=transport=dt_socket,server=n,suspend=y,address=127.0.0.1:53463,--add-opens,java.base/java.util=ALL-UNNAMED,--add-opens,java.base/java.lang=ALL-UNNAMED,--add-opens,java.base/java.lang.invoke=ALL-UNNAMED,--add-opens,java.prefs/java.util.prefs=ALL-UNNAMED,-Xms256m,-Xmx512m,-Dfile.encoding=windows-1252,-Duser.country=US,-Duser.language=en,-Duser.variant]
2020-10-27T19:29:32.981-0500 [DEBUG] [org.gradle.internal.remote.internal.inet.InetAddresses] Adding IP addresses for network interface Software Loopback Interface 1
2020-10-27T19:29:32.987-0500 [DEBUG] [org.gradle.internal.remote.internal.inet.InetAddresses] Is this a loopback interface? true
2020-10-27T19:29:32.988-0500 [DEBUG] [org.gradle.internal.remote.internal.inet.InetAddresses] Adding loopback address /127.0.0.1
2020-10-27T19:29:32.989-0500 [DEBUG] [org.gradle.internal.remote.internal.inet.InetAddresses] Adding loopback address /0:0:0:0:0:0:0:1
2020-10-27T19:29:33.005-0500 [DEBUG] [org.gradle.internal.remote.internal.inet.InetAddresses] Adding IP addresses for network interface Microsoft 6to4 Adapter
2020-10-27T19:29:33.011-0500 [DEBUG] [org.gradle.internal.remote.internal.inet.InetAddresses] Is this a loopback interface? false
2020-10-27T19:29:33.012-0500 [DEBUG] [org.gradle.internal.remote.internal.inet.InetAddresses] Adding IP addresses for network interface Microsoft Wi-Fi Direct Virtual Adapter #2
2020-10-27T19:29:33.018-0500 [DEBUG] [org.gradle.internal.remote.internal.inet.InetAddresses] Is this a loopback interface? false
2020-10-27T19:29:33.019-0500 [DEBUG] [org.gradle.internal.remote.internal.inet.InetAddresses] Adding remote address /192.168.137.1
2020-10-27T19:29:33.020-0500 [DEBUG] [org.gradle.internal.remote.internal.inet.InetAddresses] Adding remote address /fe80:0:0:0:2108:fa4b:eef4:62b3%wlan0
2020-10-27T19:29:33.021-0500 [DEBUG] [org.gradle.internal.remote.internal.inet.InetAddresses] Adding IP addresses for network interface Microsoft Kernel Debug Network Adapter
2020-10-27T19:29:33.028-0500 [DEBUG] [org.gradle.internal.remote.internal.inet.InetAddresses] Is this a loopback interface? false
2020-10-27T19:29:33.029-0500 [DEBUG] [org.gradle.internal.remote.internal.inet.InetAddresses] Adding IP addresses for network interface WAN Miniport (IPv6)
2020-10-27T19:29:33.035-0500 [DEBUG] [org.gradle.internal.remote.internal.inet.InetAddresses] Is this a loopback interface? false
2020-10-27T19:29:33.035-0500 [DEBUG] [org.gradle.internal.remote.internal.inet.InetAddresses] Adding IP addresses for network interface Microsoft IP-HTTPS Platform Adapter
2020-10-27T19:29:33.041-0500 [DEBUG] [org.gradle.internal.remote.internal.inet.InetAddresses] Is this a loopback interface? false
2020-10-27T19:29:33.042-0500 [DEBUG] [org.gradle.internal.remote.internal.inet.InetAddresses] Adding IP addresses for network interface WAN Miniport (IP)
2020-10-27T19:29:33.047-0500 [DEBUG] [org.gradle.internal.remote.internal.inet.InetAddresses] Is this a loopback interface? false
2020-10-27T19:29:33.048-0500 [DEBUG] [org.gradle.internal.remote.internal.inet.InetAddresses] Adding IP addresses for network interface Realtek 8821CE Wireless LAN 802.11ac PCI-E NIC
2020-10-27T19:29:33.053-0500 [DEBUG] [org.gradle.internal.remote.internal.inet.InetAddresses] Is this a loopback interface? false
2020-10-27T19:29:33.053-0500 [DEBUG] [org.gradle.internal.remote.internal.inet.InetAddresses] Adding remote address /192.168.1.163
2020-10-27T19:29:33.054-0500 [DEBUG] [org.gradle.internal.remote.internal.inet.InetAddresses] Adding remote address /2600:6c40:5a80:1870:0:7754:906d:d57
2020-10-27T19:29:33.055-0500 [DEBUG] [org.gradle.internal.remote.internal.inet.InetAddresses] Adding remote address /2600:6c40:5a80:1870:f933:bb7d:5e2c:68d
2020-10-27T19:29:33.058-0500 [DEBUG] [org.gradle.internal.remote.internal.inet.InetAddresses] Adding remote address /2600:6c40:5a80:1870:5c4c:8457:6c90:cfb7
2020-10-27T19:29:33.058-0500 [DEBUG] [org.gradle.internal.remote.internal.inet.InetAddresses] Adding remote address /2600:6c40:5a80:1870:74b5:9599:de4c:4ce3
2020-10-27T19:29:33.058-0500 [DEBUG] [org.gradle.internal.remote.internal.inet.InetAddresses] Adding remote address /2600:6c40:5a80:1870:9d31:4f67:1800:d876
2020-10-27T19:29:33.059-0500 [DEBUG] [org.gradle.internal.remote.internal.inet.InetAddresses] Adding remote address /fe80:0:0:0:f933:bb7d:5e2c:68d%wlan1
2020-10-27T19:29:33.059-0500 [DEBUG] [org.gradle.internal.remote.internal.inet.InetAddresses] Adding IP addresses for network interface WAN Miniport (Network Monitor)
2020-10-27T19:29:33.067-0500 [DEBUG] [org.gradle.internal.remote.internal.inet.InetAddresses] Is this a loopback interface? false
2020-10-27T19:29:33.092-0500 [DEBUG] [org.gradle.internal.remote.internal.inet.InetAddresses] Adding IP addresses for network interface WAN Miniport (L2TP)
2020-10-27T19:29:33.098-0500 [DEBUG] [org.gradle.internal.remote.internal.inet.InetAddresses] Is this a loopback interface? false
2020-10-27T19:29:33.098-0500 [DEBUG] [org.gradle.internal.remote.internal.inet.InetAddresses] Adding IP addresses for network interface WAN Miniport (PPTP)
2020-10-27T19:29:33.103-0500 [DEBUG] [org.gradle.internal.remote.internal.inet.InetAddresses] Is this a loopback interface? false
2020-10-27T19:29:33.104-0500 [DEBUG] [org.gradle.internal.remote.internal.inet.InetAddresses] Adding IP addresses for network interface WAN Miniport (PPPOE)
2020-10-27T19:29:33.108-0500 [DEBUG] [org.gradle.internal.remote.internal.inet.InetAddresses] Is this a loopback interface? false
2020-10-27T19:29:33.109-0500 [DEBUG] [org.gradle.internal.remote.internal.inet.InetAddresses] Adding IP addresses for network interface Microsoft Teredo Tunneling Adapter
2020-10-27T19:29:33.114-0500 [DEBUG] [org.gradle.internal.remote.internal.inet.InetAddresses] Is this a loopback interface? false
2020-10-27T19:29:33.114-0500 [DEBUG] [org.gradle.internal.remote.internal.inet.InetAddresses] Adding IP addresses for network interface WAN Miniport (IKEv2)
2020-10-27T19:29:33.119-0500 [DEBUG] [org.gradle.internal.remote.internal.inet.InetAddresses] Is this a loopback interface? false
2020-10-27T19:29:33.119-0500 [DEBUG] [org.gradle.internal.remote.internal.inet.InetAddresses] Adding IP addresses for network interface Bluetooth Device (Personal Area Network)
2020-10-27T19:29:33.124-0500 [DEBUG] [org.gradle.internal.remote.internal.inet.InetAddresses] Is this a loopback interface? false
2020-10-27T19:29:33.124-0500 [DEBUG] [org.gradle.internal.remote.internal.inet.InetAddresses] Adding remote address /fe80:0:0:0:f559:2eeb:3908:3e72%eth4
2020-10-27T19:29:33.125-0500 [DEBUG] [org.gradle.internal.remote.internal.inet.InetAddresses] Adding IP addresses for network interface Microsoft Wi-Fi Direct Virtual Adapter
2020-10-27T19:29:33.130-0500 [DEBUG] [org.gradle.internal.remote.internal.inet.InetAddresses] Is this a loopback interface? false
2020-10-27T19:29:33.130-0500 [DEBUG] [org.gradle.internal.remote.internal.inet.InetAddresses] Adding remote address /fe80:0:0:0:881:6590:171d:199e%wlan2
2020-10-27T19:29:33.131-0500 [DEBUG] [org.gradle.internal.remote.internal.inet.InetAddresses] Adding IP addresses for network interface WAN Miniport (SSTP)
2020-10-27T19:29:33.137-0500 [DEBUG] [org.gradle.internal.remote.internal.inet.InetAddresses] Is this a loopback interface? false
2020-10-27T19:29:33.137-0500 [DEBUG] [org.gradle.internal.remote.internal.inet.InetAddresses] Adding IP addresses for network interface Realtek 8821CE Wireless LAN 802.11ac PCI-E NIC-WFP Native MAC Layer LightWeight Filter-0000
2020-10-27T19:29:33.144-0500 [DEBUG] [org.gradle.internal.remote.internal.inet.InetAddresses] Is this a loopback interface? false
2020-10-27T19:29:33.145-0500 [DEBUG] [org.gradle.internal.remote.internal.inet.InetAddresses] Adding IP addresses for network interface Realtek 8821CE Wireless LAN 802.11ac PCI-E NIC-Virtual WiFi Filter Driver-0000
2020-10-27T19:29:33.150-0500 [DEBUG] [org.gradle.internal.remote.internal.inet.InetAddresses] Is this a loopback interface? false
2020-10-27T19:29:33.150-0500 [DEBUG] [org.gradle.internal.remote.internal.inet.InetAddresses] Adding IP addresses for network interface Realtek 8821CE Wireless LAN 802.11ac PCI-E NIC-Native WiFi Filter Driver-0000
2020-10-27T19:29:33.155-0500 [DEBUG] [org.gradle.internal.remote.internal.inet.InetAddresses] Is this a loopback interface? false
2020-10-27T19:29:33.155-0500 [DEBUG] [org.gradle.internal.remote.internal.inet.InetAddresses] Adding IP addresses for network interface Realtek 8821CE Wireless LAN 802.11ac PCI-E NIC-QoS Packet Scheduler-0000
2020-10-27T19:29:33.160-0500 [DEBUG] [org.gradle.internal.remote.internal.inet.InetAddresses] Is this a loopback interface? false
2020-10-27T19:29:33.161-0500 [DEBUG] [org.gradle.internal.remote.internal.inet.InetAddresses] Adding IP addresses for network interface Realtek 8821CE Wireless LAN 802.11ac PCI-E NIC-WFP 802.3 MAC Layer LightWeight Filter-0000
2020-10-27T19:29:33.166-0500 [DEBUG] [org.gradle.internal.remote.internal.inet.InetAddresses] Is this a loopback interface? false
2020-10-27T19:29:33.166-0500 [DEBUG] [org.gradle.internal.remote.internal.inet.InetAddresses] Adding IP addresses for network interface WAN Miniport (IP)-WFP Native MAC Layer LightWeight Filter-0000
2020-10-27T19:29:33.171-0500 [DEBUG] [org.gradle.internal.remote.internal.inet.InetAddresses] Is this a loopback interface? false
2020-10-27T19:29:33.171-0500 [DEBUG] [org.gradle.internal.remote.internal.inet.InetAddresses] Adding IP addresses for network interface WAN Miniport (IP)-QoS Packet Scheduler-0000
2020-10-27T19:29:33.176-0500 [DEBUG] [org.gradle.internal.remote.internal.inet.InetAddresses] Is this a loopback interface? false
2020-10-27T19:29:33.177-0500 [DEBUG] [org.gradle.internal.remote.internal.inet.InetAddresses] Adding IP addresses for network interface WAN Miniport (IPv6)-WFP Native MAC Layer LightWeight Filter-0000
2020-10-27T19:29:33.182-0500 [DEBUG] [org.gradle.internal.remote.internal.inet.InetAddresses] Is this a loopback interface? false
2020-10-27T19:29:33.183-0500 [DEBUG] [org.gradle.internal.remote.internal.inet.InetAddresses] Adding IP addresses for network interface WAN Miniport (IPv6)-QoS Packet Scheduler-0000
2020-10-27T19:29:33.187-0500 [DEBUG] [org.gradle.internal.remote.internal.inet.InetAddresses] Is this a loopback interface? false
2020-10-27T19:29:33.188-0500 [DEBUG] [org.gradle.internal.remote.internal.inet.InetAddresses] Adding IP addresses for network interface WAN Miniport (Network Monitor)-WFP Native MAC Layer LightWeight Filter-0000
2020-10-27T19:29:33.193-0500 [DEBUG] [org.gradle.internal.remote.internal.inet.InetAddresses] Is this a loopback interface? false
2020-10-27T19:29:33.194-0500 [DEBUG] [org.gradle.internal.remote.internal.inet.InetAddresses] Adding IP addresses for network interface WAN Miniport (Network Monitor)-QoS Packet Scheduler-0000
2020-10-27T19:29:33.199-0500 [DEBUG] [org.gradle.internal.remote.internal.inet.InetAddresses] Is this a loopback interface? false
2020-10-27T19:29:33.199-0500 [DEBUG] [org.gradle.internal.remote.internal.inet.InetAddresses] Adding IP addresses for network interface Microsoft Wi-Fi Direct Virtual Adapter-WFP Native MAC Layer LightWeight Filter-0000
2020-10-27T19:29:33.204-0500 [DEBUG] [org.gradle.internal.remote.internal.inet.InetAddresses] Is this a loopback interface? false
2020-10-27T19:29:33.205-0500 [DEBUG] [org.gradle.internal.remote.internal.inet.InetAddresses] Adding IP addresses for network interface Microsoft Wi-Fi Direct Virtual Adapter-Native WiFi Filter Driver-0000
2020-10-27T19:29:33.210-0500 [DEBUG] [org.gradle.internal.remote.internal.inet.InetAddresses] Is this a loopback interface? false
2020-10-27T19:29:33.211-0500 [DEBUG] [org.gradle.internal.remote.internal.inet.InetAddresses] Adding IP addresses for network interface Microsoft Wi-Fi Direct Virtual Adapter-QoS Packet Scheduler-0000
2020-10-27T19:29:33.216-0500 [DEBUG] [org.gradle.internal.remote.internal.inet.InetAddresses] Is this a loopback interface? false
2020-10-27T19:29:33.216-0500 [DEBUG] [org.gradle.internal.remote.internal.inet.InetAddresses] Adding IP addresses for network interface Microsoft Wi-Fi Direct Virtual Adapter-WFP 802.3 MAC Layer LightWeight Filter-0000
2020-10-27T19:29:33.221-0500 [DEBUG] [org.gradle.internal.remote.internal.inet.InetAddresses] Is this a loopback interface? false
2020-10-27T19:29:33.221-0500 [DEBUG] [org.gradle.internal.remote.internal.inet.InetAddresses] Adding IP addresses for network interface Microsoft Wi-Fi Direct Virtual Adapter #2-WFP Native MAC Layer LightWeight Filter-0000
2020-10-27T19:29:33.226-0500 [DEBUG] [org.gradle.internal.remote.internal.inet.InetAddresses] Is this a loopback interface? false
2020-10-27T19:29:33.227-0500 [DEBUG] [org.gradle.internal.remote.internal.inet.InetAddresses] Adding IP addresses for network interface Microsoft Wi-Fi Direct Virtual Adapter #2-Native WiFi Filter Driver-0000
2020-10-27T19:29:33.232-0500 [DEBUG] [org.gradle.internal.remote.internal.inet.InetAddresses] Is this a loopback interface? false
2020-10-27T19:29:33.232-0500 [DEBUG] [org.gradle.internal.remote.internal.inet.InetAddresses] Adding IP addresses for network interface Microsoft Wi-Fi Direct Virtual Adapter #2-QoS Packet Scheduler-0000
2020-10-27T19:29:33.237-0500 [DEBUG] [org.gradle.internal.remote.internal.inet.InetAddresses] Is this a loopback interface? false
2020-10-27T19:29:33.237-0500 [DEBUG] [org.gradle.internal.remote.internal.inet.InetAddresses] Adding IP addresses for network interface Microsoft Wi-Fi Direct Virtual Adapter #2-WFP 802.3 MAC Layer LightWeight Filter-0000
2020-10-27T19:29:33.242-0500 [DEBUG] [org.gradle.internal.remote.internal.inet.InetAddresses] Is this a loopback interface? false
2020-10-27T19:29:33.541-0500 [DEBUG] [org.gradle.internal.remote.internal.inet.TcpIncomingConnector] Listening on [f252e4a3-36f8-4196-8833-633fd9239815 port:53471, addresses:[/127.0.0.1, /0:0:0:0:0:0:0:1]].
2020-10-27T19:29:33.560-0500 [DEBUG] [org.gradle.launcher.daemon.server.Daemon] Daemon starting at: Tue Oct 27 19:29:33 CDT 2020, with address: [f252e4a3-36f8-4196-8833-633fd9239815 port:53471, addresses:[/127.0.0.1, /0:0:0:0:0:0:0:1]]
2020-10-27T19:29:33.561-0500 [INFO] [org.gradle.launcher.daemon.server.DaemonRegistryUpdater] Advertising the daemon address to the clients: [f252e4a3-36f8-4196-8833-633fd9239815 port:53471, addresses:[/127.0.0.1, /0:0:0:0:0:0:0:1]]
2020-10-27T19:29:33.561-0500 [DEBUG] [org.gradle.launcher.daemon.server.DaemonRegistryUpdater] Advertised daemon context: DefaultDaemonContext[uid=7132f53c-7038-43ec-a93d-70e0c523f7fb,javaHome=C:\Program Files\Java\jdk-13.0.2,daemonRegistryDir=C:\Users\lburk\lc101\java-web-dev-techjobs-persistent\daemon,pid=4780,idleTimeout=10800000,priority=NORMAL,daemonOpts=-XX:MaxMetaspaceSize=256m,-XX:+HeapDumpOnOutOfMemoryError,-agentlib:jdwp=transport=dt_socket,server=n,suspend=y,address=127.0.0.1:53463,--add-opens,java.base/java.util=ALL-UNNAMED,--add-opens,java.base/java.lang=ALL-UNNAMED,--add-opens,java.base/java.lang.invoke=ALL-UNNAMED,--add-opens,java.prefs/java.util.prefs=ALL-UNNAMED,-Xms256m,-Xmx512m,-Dfile.encoding=windows-1252,-Duser.country=US,-Duser.language=en,-Duser.variant]
2020-10-27T19:29:33.565-0500 [DEBUG] [org.gradle.launcher.daemon.registry.PersistentDaemonRegistry] Storing daemon address: [f252e4a3-36f8-4196-8833-633fd9239815 port:53471, addresses:[/127.0.0.1, /0:0:0:0:0:0:0:1]], context: DefaultDaemonContext[uid=7132f53c-7038-43ec-a93d-70e0c523f7fb,javaHome=C:\Program Files\Java\jdk-13.0.2,daemonRegistryDir=C:\Users\lburk\lc101\java-web-dev-techjobs-persistent\daemon,pid=4780,idleTimeout=10800000,priority=NORMAL,daemonOpts=-XX:MaxMetaspaceSize=256m,-XX:+HeapDumpOnOutOfMemoryError,-agentlib:jdwp=transport=dt_socket,server=n,suspend=y,address=127.0.0.1:53463,--add-opens,java.base/java.util=ALL-UNNAMED,--add-opens,java.base/java.lang=ALL-UNNAMED,--add-opens,java.base/java.lang.invoke=ALL-UNNAMED,--add-opens,java.prefs/java.util.prefs=ALL-UNNAMED,-Xms256m,-Xmx512m,-Dfile.encoding=windows-1252,-Duser.country=US,-Duser.language=en,-Duser.variant]
2020-10-27T19:29:33.598-0500 [DEBUG] [org.gradle.cache.internal.DefaultFileLockManager] Waiting to acquire exclusive lock on daemon addresses registry.
2020-10-27T19:29:33.607-0500 [DEBUG] [org.gradle.cache.internal.DefaultFileLockManager] Lock acquired on daemon addresses registry.
2020-10-27T19:29:33.620-0500 [DEBUG] [org.gradle.cache.internal.DefaultFileLockManager] Releasing lock on daemon addresses registry.
2020-10-27T19:29:33.622-0500 [LIFECYCLE] [org.gradle.launcher.daemon.server.Daemon] Daemon server started.
2020-10-27T19:29:33.639-0500 [DEBUG] [org.gradle.launcher.daemon.bootstrap.DaemonStartupCommunication] Completed writing the daemon greeting. Closing streams...
2020-10-27T19:29:33.657-0500 [DEBUG] [org.gradle.launcher.daemon.server.Daemon] stopOnExpiration() called on daemon
2020-10-27T19:29:33.660-0500 [DEBUG] [org.gradle.launcher.daemon.server.Daemon] awaitExpiration() called on daemon
2020-10-27T19:29:33.661-0500 [DEBUG] [org.gradle.launcher.daemon.server.DaemonStateCoordinator] daemon is running. Sleeping until state changes.
2020-10-27T19:29:33.683-0500 [DEBUG] [org.gradle.internal.remote.internal.inet.TcpIncomingConnector] Accepted connection from /127.0.0.1:53472 to /127.0.0.1:53471.
2020-10-27T19:29:33.988-0500 [DEBUG] [org.gradle.launcher.daemon.server.SynchronizedDispatchConnection] thread 21: received class org.gradle.launcher.daemon.protocol.Build
2020-10-27T19:29:33.989-0500 [DEBUG] [org.gradle.launcher.daemon.server.DefaultDaemonConnection] thread 21: Received non-IO message from client: Build{id=64044b75-a52a-4a05-85d8-b736cec947b0, currentDir=C:\Users\lburk\lc101\java-web-dev-techjobs-persistent}
2020-10-27T19:29:33.990-0500 [INFO] [org.gradle.launcher.daemon.server.DefaultIncomingConnectionHandler] Received command: Build{id=64044b75-a52a-4a05-85d8-b736cec947b0, currentDir=C:\Users\lburk\lc101\java-web-dev-techjobs-persistent}.
2020-10-27T19:29:33.990-0500 [DEBUG] [org.gradle.launcher.daemon.server.DefaultIncomingConnectionHandler] Starting executing command: Build{id=64044b75-a52a-4a05-85d8-b736cec947b0, currentDir=C:\Users\lburk\lc101\java-web-dev-techjobs-persistent} with connection: socket connection from /127.0.0.1:53471 to /127.0.0.1:53472.
2020-10-27T19:29:34.000-0500 [ERROR] [org.gradle.launcher.daemon.server.DaemonStateCoordinator] Command execution: started DaemonCommandExecution[command = Build{id=64044b75-a52a-4a05-85d8-b736cec947b0, currentDir=C:\Users\lburk\lc101\java-web-dev-techjobs-persistent}, connection = DefaultDaemonConnection: socket connection from /127.0.0.1:53471 to /127.0.0.1:53472] after 0.0 minutes of idle
2020-10-27T19:29:34.001-0500 [INFO] [org.gradle.launcher.daemon.server.DaemonRegistryUpdater] Marking the daemon as busy, address: [f252e4a3-36f8-4196-8833-633fd9239815 port:53471, addresses:[/127.0.0.1, /0:0:0:0:0:0:0:1]]
2020-10-27T19:29:34.001-0500 [DEBUG] [org.gradle.launcher.daemon.registry.PersistentDaemonRegistry] Marking busy by address: [f252e4a3-36f8-4196-8833-633fd9239815 port:53471, addresses:[/127.0.0.1, /0:0:0:0:0:0:0:1]]
2020-10-27T19:29:34.004-0500 [DEBUG] [org.gradle.cache.internal.DefaultFileLockManager] Waiting to acquire exclusive lock on daemon addresses registry.
2020-10-27T19:29:34.012-0500 [DEBUG] [org.gradle.cache.internal.DefaultFileLockManager] Lock acquired on daemon addresses registry.
2020-10-27T19:29:34.022-0500 [DEBUG] [org.gradle.cache.internal.DefaultFileLockManager] Releasing lock on daemon addresses registry.
2020-10-27T19:29:34.026-0500 [DEBUG] [org.gradle.launcher.daemon.server.DaemonStateCoordinator] resetting idle timer
2020-10-27T19:29:34.027-0500 [DEBUG] [org.gradle.launcher.daemon.server.DaemonStateCoordinator] daemon is running. Sleeping until state changes.
2020-10-27T19:29:34.030-0500 [INFO] [org.gradle.launcher.daemon.server.exec.StartBuildOrRespondWithBusy] Daemon is about to start building Build{id=64044b75-a52a-4a05-85d8-b736cec947b0, currentDir=C:\Users\lburk\lc101\java-web-dev-techjobs-persistent}. Dispatching build started information...
2020-10-27T19:29:34.031-0500 [DEBUG] [org.gradle.launcher.daemon.server.SynchronizedDispatchConnection] thread 23: dispatching class org.gradle.launcher.daemon.protocol.BuildStarted
2020-10-27T19:29:34.041-0500 [DEBUG] [org.gradle.launcher.daemon.server.exec.EstablishBuildEnvironment] Configuring env variables: {configsetroot=C:\WINDOWS\ConfigSetRoot, USERDOMAIN_ROAMINGPROFILE=LAPTOP-TOLOOT87, LOCALAPPDATA=C:\Users\lburk\AppData\Local, PROCESSOR_LEVEL=21, USERDOMAIN=LAPTOP-TOLOOT87, LOGONSERVER=\\LAPTOP-TOLOOT87, JAVA_HOME=C:\Program Files\Java\jdk-13.0.2, SESSIONNAME=Console, ALLUSERSPROFILE=C:\ProgramData, PROCESSOR_ARCHITECTURE=AMD64, ANDROID_HOME=C:\Users\lburk\lc101\angular-lc101-mission-planner\node_modules\protractor\node_modules\webdriver-manager\built\lib\binaries, PSModulePath=C:\Program Files\WindowsPowerShell\Modules;C:\WINDOWS\system32\WindowsPowerShell\v1.0\Modules, SystemDrive=C:, OneDrive=C:\Users\lburk\OneDrive, APPDATA=C:\Users\lburk\AppData\Roaming, USERNAME=lburk, ProgramFiles(x86)=C:\Program Files (x86), CommonProgramFiles=C:\Program Files\Common Files, Path=C:\WINDOWS\system32;C:\WINDOWS;C:\WINDOWS\System32\Wbem;C:\WINDOWS\System32\WindowsPowerShell\v1.0\;C:\WINDOWS\System32\OpenSSH\;C:\Program Files\Git\cmd;C:\Program Files\nodejs\;C:\Program Files\Java\jdk-13.0.2\bin;C:\Program Files\MySQL\MySQL Shell 8.0\bin\;C:\Users\lburk\AppData\Local\Microsoft\WindowsApps;C:\Users\lburk\AppData\Local\Programs\Microsoft VS Code\bin;C:\Users\lburk\AppData\Local\GitHubDesktop\bin;C:\Users\lburk\AppData\Roaming\npm, PATHEXT=.COM;.EXE;.BAT;.CMD;.VBS;.VBE;.JS;.JSE;.WSF;.WSH;.MSC, DriverData=C:\Windows\System32\Drivers\DriverData, OS=Windows_NT, OneDriveConsumer=C:\Users\lburk\OneDrive, COMPUTERNAME=LAPTOP-TOLOOT87, PROCESSOR_REVISION=7000, CommonProgramW6432=C:\Program Files\Common Files, ComSpec=C:\WINDOWS\system32\cmd.exe, ProgramData=C:\ProgramData, ProgramW6432=C:\Program Files, HOMEPATH=\Users\lburk, SystemRoot=C:\WINDOWS, TEMP=C:\Users\lburk\AppData\Local\Temp, PROCESSOR_IDENTIFIER=AMD64 Family 21 Model 112 Stepping 0, AuthenticAMD, USERPROFILE=C:\Users\lburk, HOMEDRIVE=C:, TMP=C:\Users\lburk\AppData\Local\Temp, ProgramFiles=C:\Program Files, CommonProgramFiles(x86)=C:\Program Files (x86)\Common Files, PUBLIC=C:\Users\Public, windir=C:\WINDOWS, NUMBER_OF_PROCESSORS=2, =::=::\, IDEA_INITIAL_DIRECTORY=C:\Users\lburk\AppData\Local\JetBrains\IntelliJ IDEA Community Edition 2020.2\bin}
2020-10-27T19:29:34.071-0500 [DEBUG] [org.gradle.launcher.daemon.server.exec.LogToClient] About to start relaying all logs to the client via the connection.
2020-10-27T19:29:34.072-0500 [INFO] [org.gradle.launcher.daemon.server.exec.LogToClient] The client will now receive all logging from the daemon (pid: 4780). The daemon log file: C:\Users\lburk\lc101\java-web-dev-techjobs-persistent\daemon\6.0.1\daemon-4780.out.log
2020-10-27T19:29:34.362-0500 [INFO] [org.gradle.launcher.daemon.server.exec.LogAndCheckHealth] Starting build in new daemon [memory: 536.9 MB]
2020-10-27T19:29:34.381-0500 [DEBUG] [org.gradle.launcher.daemon.server.exec.ExecuteBuild] The daemon has started executing the build.
2020-10-27T19:29:34.382-0500 [DEBUG] [org.gradle.launcher.daemon.server.exec.ExecuteBuild] Executing build with daemon context: DefaultDaemonContext[uid=7132f53c-7038-43ec-a93d-70e0c523f7fb,javaHome=C:\Program Files\Java\jdk-13.0.2,daemonRegistryDir=C:\Users\lburk\lc101\java-web-dev-techjobs-persistent\daemon,pid=4780,idleTimeout=10800000,priority=NORMAL,daemonOpts=-XX:MaxMetaspaceSize=256m,-XX:+HeapDumpOnOutOfMemoryError,-agentlib:jdwp=transport=dt_socket,server=n,suspend=y,address=127.0.0.1:53463,--add-opens,java.base/java.util=ALL-UNNAMED,--add-opens,java.base/java.lang=ALL-UNNAMED,--add-opens,java.base/java.lang.invoke=ALL-UNNAMED,--add-opens,java.prefs/java.util.prefs=ALL-UNNAMED,-Xms256m,-Xmx512m,-Dfile.encoding=windows-1252,-Duser.country=US,-Duser.language=en,-Duser.variant]

  .   ____          _            __ _ _
 /\\ / ___'_ __ _ _(_)_ __  __ _ \ \ \ \
( ( )\___ | '_ | '_| | '_ \/ _` | \ \ \ \
 \\/  ___)| |_)| | | | | || (_| |  ) ) ) )
  '  |____| .__|_| |_|_| |_\__, | / / / /
 =========|_|==============|___/=/_/_/_/
 :: Spring Boot ::        (v2.2.2.RELEASE)

2020-10-27 19:30:06.156  INFO 12436 --- [  restartedMain] .JavaWebDevTechjobsPersistentApplication : Starting JavaWebDevTechjobsPersistentApplication on LAPTOP-TOLOOT87 with PID 12436 (C:\Users\lburk\lc101\java-web-dev-techjobs-persistent\build\classes\java\main started by lburk in C:\Users\lburk\lc101\java-web-dev-techjobs-persistent)
2020-10-27 19:30:06.168  INFO 12436 --- [  restartedMain] .JavaWebDevTechjobsPersistentApplication : No active profile set, falling back to default profiles: default
2020-10-27 19:30:06.507  INFO 12436 --- [  restartedMain] o.s.b.devtools.restart.ChangeableUrls    : The Class-Path manifest attribute in C:\Users\lburk\lc101\java-web-dev-techjobs-persistent\caches\modules-2\files-2.1\org.glassfish.jaxb\jaxb-runtime\2.3.2\5528bc882ea499a09d720b42af11785c4fc6be2a\jaxb-runtime-2.3.2.jar referenced one or more files that do not exist: file:/C:/Users/lburk/lc101/java-web-dev-techjobs-persistent/caches/modules-2/files-2.1/org.glassfish.jaxb/jaxb-runtime/2.3.2/5528bc882ea499a09d720b42af11785c4fc6be2a/jakarta.xml.bind-api-2.3.2.jar,file:/C:/Users/lburk/lc101/java-web-dev-techjobs-persistent/caches/modules-2/files-2.1/org.glassfish.jaxb/jaxb-runtime/2.3.2/5528bc882ea499a09d720b42af11785c4fc6be2a/txw2-2.3.2.jar,file:/C:/Users/lburk/lc101/java-web-dev-techjobs-persistent/caches/modules-2/files-2.1/org.glassfish.jaxb/jaxb-runtime/2.3.2/5528bc882ea499a09d720b42af11785c4fc6be2a/istack-commons-runtime-3.0.8.jar,file:/C:/Users/lburk/lc101/java-web-dev-techjobs-persistent/caches/modules-2/files-2.1/org.glassfish.jaxb/jaxb-runtime/2.3.2/5528bc882ea499a09d720b42af11785c4fc6be2a/stax-ex-1.8.1.jar,file:/C:/Users/lburk/lc101/java-web-dev-techjobs-persistent/caches/modules-2/files-2.1/org.glassfish.jaxb/jaxb-runtime/2.3.2/5528bc882ea499a09d720b42af11785c4fc6be2a/FastInfoset-1.2.16.jar,file:/C:/Users/lburk/lc101/java-web-dev-techjobs-persistent/caches/modules-2/files-2.1/org.glassfish.jaxb/jaxb-runtime/2.3.2/5528bc882ea499a09d720b42af11785c4fc6be2a/jakarta.activation-api-1.2.1.jar
2020-10-27 19:30:06.509  INFO 12436 --- [  restartedMain] .e.DevToolsPropertyDefaultsPostProcessor : Devtools property defaults active! Set 'spring.devtools.add-properties' to 'false' to disable
2020-10-27 19:30:06.511  INFO 12436 --- [  restartedMain] .e.DevToolsPropertyDefaultsPostProcessor : For additional web related logging consider setting the 'logging.level.web' property to 'DEBUG'
2020-10-27 19:30:10.909  INFO 12436 --- [  restartedMain] .s.d.r.c.RepositoryConfigurationDelegate : Bootstrapping Spring Data JPA repositories in DEFAULT mode.
2020-10-27 19:30:11.371  INFO 12436 --- [  restartedMain] .s.d.r.c.RepositoryConfigurationDelegate : Finished Spring Data repository scanning in 421ms. Found 3 JPA repository interfaces.
2020-10-27 19:30:13.788  INFO 12436 --- [  restartedMain] trationDelegate$BeanPostProcessorChecker : Bean 'org.springframework.transaction.annotation.ProxyTransactionManagementConfiguration' of type [org.springframework.transaction.annotation.ProxyTransactionManagementConfiguration] is not eligible for getting processed by all BeanPostProcessors (for example: not eligible for auto-proxying)
2020-10-27 19:30:16.240  INFO 12436 --- [  restartedMain] o.s.b.w.embedded.tomcat.TomcatWebServer  : Tomcat initialized with port(s): 8080 (http)
2020-10-27 19:30:16.286  INFO 12436 --- [  restartedMain] o.apache.catalina.core.StandardService   : Starting service [Tomcat]
2020-10-27 19:30:16.288  INFO 12436 --- [  restartedMain] org.apache.catalina.core.StandardEngine  : Starting Servlet engine: [Apache Tomcat/9.0.29]
2020-10-27 19:30:16.986  INFO 12436 --- [  restartedMain] o.a.c.c.C.[Tomcat].[localhost].[/]       : Initializing Spring embedded WebApplicationContext
2020-10-27 19:30:16.987  INFO 12436 --- [  restartedMain] o.s.web.context.ContextLoader            : Root WebApplicationContext: initialization completed in 10474 ms
2020-10-27 19:30:17.745  INFO 12436 --- [  restartedMain] o.hibernate.jpa.internal.util.LogHelper  : HHH000204: Processing PersistenceUnitInfo [name: default]
2020-10-27 19:30:18.156  INFO 12436 --- [  restartedMain] org.hibernate.Version                    : HHH000412: Hibernate Core {5.4.9.Final}
2020-10-27 19:30:18.989  INFO 12436 --- [  restartedMain] o.hibernate.annotations.common.Version   : HCANN000001: Hibernate Commons Annotations {5.1.0.Final}
2020-10-27 19:30:19.707  INFO 12436 --- [  restartedMain] com.zaxxer.hikari.HikariDataSource       : HikariPool-1 - Starting...
2020-10-27 19:30:21.527  INFO 12436 --- [  restartedMain] com.zaxxer.hikari.HikariDataSource       : HikariPool-1 - Start completed.
2020-10-27 19:30:21.620  INFO 12436 --- [  restartedMain] org.hibernate.dialect.Dialect            : HHH000400: Using dialect: org.hibernate.dialect.MySQL8Dialect
2020-10-27 19:30:26.202  INFO 12436 --- [  restartedMain] o.h.e.t.j.p.i.JtaPlatformInitiator       : HHH000490: Using JtaPlatform implementation: [org.hibernate.engine.transaction.jta.platform.internal.NoJtaPlatform]
2020-10-27 19:30:26.231  INFO 12436 --- [  restartedMain] j.LocalContainerEntityManagerFactoryBean : Initialized JPA EntityManagerFactory for persistence unit 'default'
2020-10-27 19:30:26.284  INFO 12436 --- [  restartedMain] o.s.b.d.a.OptionalLiveReloadServer       : LiveReload server is running on port 35729
2020-10-27 19:30:27.859  WARN 12436 --- [  restartedMain] JpaBaseConfiguration$JpaWebConfiguration : spring.jpa.open-in-view is enabled by default. Therefore, database queries may be performed during view rendering. Explicitly configure spring.jpa.open-in-view to disable this warning
2020-10-27 19:30:28.419  INFO 12436 --- [  restartedMain] o.s.s.concurrent.ThreadPoolTaskExecutor  : Initializing ExecutorService 'applicationTaskExecutor'
2020-10-27 19:30:29.173  INFO 12436 --- [  restartedMain] o.s.b.a.w.s.WelcomePageHandlerMapping    : Adding welcome page template: index
2020-10-27 19:30:31.319  INFO 12436 --- [  restartedMain] o.s.b.w.embedded.tomcat.TomcatWebServer  : Tomcat started on port(s): 8080 (http) with context path ''
2020-10-27 19:30:31.328  INFO 12436 --- [  restartedMain] .JavaWebDevTechjobsPersistentApplication : Started JavaWebDevTechjobsPersistentApplication in 27.924 seconds (JVM running for 30.768)
2020-10-27 19:32:41.966  INFO 12436 --- [nio-8080-exec-1] o.a.c.c.C.[Tomcat].[localhost].[/]       : Initializing Spring DispatcherServlet 'dispatcherServlet'
2020-10-27 19:32:41.969  INFO 12436 --- [nio-8080-exec-1] o.s.web.servlet.DispatcherServlet        : Initializing Servlet 'dispatcherServlet'
2020-10-27 19:32:42.036  INFO 12436 --- [nio-8080-exec-1] o.s.web.servlet.DispatcherServlet        : Completed initialization in 66 ms
Hibernate: select employer0_.id as id1_0_, employer0_.name as name2_0_, employer0_.location as location3_0_ from employer employer0_
Hibernate: select skill0_.id as id1_3_, skill0_.name as name2_3_, skill0_.description as descript3_3_ from skill skill0_
Hibernate: select skill0_.id as id1_3_0_, skill0_.name as name2_3_0_, skill0_.description as descript3_3_0_ from skill skill0_ where skill0_.id=?
Hibernate: select employer0_.id as id1_0_0_, employer0_.name as name2_0_0_, employer0_.location as location3_0_0_ from employer employer0_ where employer0_.id=?
Hibernate: select skill0_.id as id1_3_, skill0_.name as name2_3_, skill0_.description as descript3_3_ from skill skill0_ where skill0_.id in (?)
Hibernate: select next_val as id_val from hibernate_sequence for update
Hibernate: update hibernate_sequence set next_val= ? where next_val=?
Hibernate: insert into job (name, employer_id, id) values (?, ?, ?)
Hibernate: insert into job_skills (jobs_id, skills_id) values (?, ?)
Hibernate: select employer0_.id as id1_0_, employer0_.name as name2_0_, employer0_.location as location3_0_ from employer employer0_
Hibernate: select skill0_.id as id1_3_, skill0_.name as name2_3_, skill0_.description as descript3_3_ from skill skill0_
2020-10-27 19:34:32.504  WARN 12436 --- [nio-8080-exec-2] .w.s.m.s.DefaultHandlerExceptionResolver : Resolved [org.springframework.web.bind.MissingServletRequestParameterException: Required List parameter 'skills' is not present]
