2020-10-27T19:43:33.761-0500 [DEBUG] [org.gradle.launcher.daemon.bootstrap.DaemonMain] Assuming the daemon was started with following jvm opts: [-XX:MaxMetaspaceSize=256m, -XX:+HeapDumpOnOutOfMemoryError, -agentlib:jdwp=transport=dt_socket,server=n,suspend=y,address=127.0.0.1:53542, --add-opens, java.base/java.util=ALL-UNNAMED, --add-opens, java.base/java.lang=ALL-UNNAMED, --add-opens, java.base/java.lang.invoke=ALL-UNNAMED, --add-opens, java.prefs/java.util.prefs=ALL-UNNAMED, -Xms256m, -Xmx512m, -Dfile.encoding=windows-1252, -Duser.country=US, -Duser.language=en, -Duser.variant]
2020-10-27T19:43:34.354-0500 [DEBUG] [org.gradle.internal.nativeintegration.services.NativeServices] Native-platform posix files integration is not available. Continuing with fallback.
2020-10-27T19:43:34.586-0500 [INFO] [org.gradle.launcher.daemon.server.Daemon] start() called on daemon - DefaultDaemonContext[uid=59eedc0f-609c-4955-8260-9e4f0211c3c2,javaHome=C:\Program Files\Java\jdk-13.0.2,daemonRegistryDir=C:\Users\lburk\lc101\java-web-dev-techjobs-persistent\daemon,pid=9780,idleTimeout=10800000,priority=NORMAL,daemonOpts=-XX:MaxMetaspaceSize=256m,-XX:+HeapDumpOnOutOfMemoryError,-agentlib:jdwp=transport=dt_socket,server=n,suspend=y,address=127.0.0.1:53542,--add-opens,java.base/java.util=ALL-UNNAMED,--add-opens,java.base/java.lang=ALL-UNNAMED,--add-opens,java.base/java.lang.invoke=ALL-UNNAMED,--add-opens,java.prefs/java.util.prefs=ALL-UNNAMED,-Xms256m,-Xmx512m,-Dfile.encoding=windows-1252,-Duser.country=US,-Duser.language=en,-Duser.variant]
2020-10-27T19:43:35.465-0500 [DEBUG] [org.gradle.internal.remote.internal.inet.InetAddresses] Adding IP addresses for network interface Software Loopback Interface 1
2020-10-27T19:43:35.471-0500 [DEBUG] [org.gradle.internal.remote.internal.inet.InetAddresses] Is this a loopback interface? true
2020-10-27T19:43:35.472-0500 [DEBUG] [org.gradle.internal.remote.internal.inet.InetAddresses] Adding loopback address /127.0.0.1
2020-10-27T19:43:35.472-0500 [DEBUG] [org.gradle.internal.remote.internal.inet.InetAddresses] Adding loopback address /0:0:0:0:0:0:0:1
2020-10-27T19:43:35.479-0500 [DEBUG] [org.gradle.internal.remote.internal.inet.InetAddresses] Adding IP addresses for network interface Microsoft 6to4 Adapter
2020-10-27T19:43:35.485-0500 [DEBUG] [org.gradle.internal.remote.internal.inet.InetAddresses] Is this a loopback interface? false
2020-10-27T19:43:35.486-0500 [DEBUG] [org.gradle.internal.remote.internal.inet.InetAddresses] Adding IP addresses for network interface Microsoft Wi-Fi Direct Virtual Adapter #2
2020-10-27T19:43:35.491-0500 [DEBUG] [org.gradle.internal.remote.internal.inet.InetAddresses] Is this a loopback interface? false
2020-10-27T19:43:35.493-0500 [DEBUG] [org.gradle.internal.remote.internal.inet.InetAddresses] Adding remote address /192.168.137.1
2020-10-27T19:43:35.493-0500 [DEBUG] [org.gradle.internal.remote.internal.inet.InetAddresses] Adding remote address /fe80:0:0:0:2108:fa4b:eef4:62b3%wlan0
2020-10-27T19:43:35.494-0500 [DEBUG] [org.gradle.internal.remote.internal.inet.InetAddresses] Adding IP addresses for network interface Microsoft Kernel Debug Network Adapter
2020-10-27T19:43:35.501-0500 [DEBUG] [org.gradle.internal.remote.internal.inet.InetAddresses] Is this a loopback interface? false
2020-10-27T19:43:35.502-0500 [DEBUG] [org.gradle.internal.remote.internal.inet.InetAddresses] Adding IP addresses for network interface WAN Miniport (IPv6)
2020-10-27T19:43:35.508-0500 [DEBUG] [org.gradle.internal.remote.internal.inet.InetAddresses] Is this a loopback interface? false
2020-10-27T19:43:35.508-0500 [DEBUG] [org.gradle.internal.remote.internal.inet.InetAddresses] Adding IP addresses for network interface Microsoft IP-HTTPS Platform Adapter
2020-10-27T19:43:35.514-0500 [DEBUG] [org.gradle.internal.remote.internal.inet.InetAddresses] Is this a loopback interface? false
2020-10-27T19:43:35.515-0500 [DEBUG] [org.gradle.internal.remote.internal.inet.InetAddresses] Adding IP addresses for network interface WAN Miniport (IP)
2020-10-27T19:43:35.520-0500 [DEBUG] [org.gradle.internal.remote.internal.inet.InetAddresses] Is this a loopback interface? false
2020-10-27T19:43:35.521-0500 [DEBUG] [org.gradle.internal.remote.internal.inet.InetAddresses] Adding IP addresses for network interface Realtek 8821CE Wireless LAN 802.11ac PCI-E NIC
2020-10-27T19:43:35.526-0500 [DEBUG] [org.gradle.internal.remote.internal.inet.InetAddresses] Is this a loopback interface? false
2020-10-27T19:43:35.527-0500 [DEBUG] [org.gradle.internal.remote.internal.inet.InetAddresses] Adding remote address /192.168.1.163
2020-10-27T19:43:35.528-0500 [DEBUG] [org.gradle.internal.remote.internal.inet.InetAddresses] Adding remote address /2600:6c40:5a80:1870:0:7754:906d:d57
2020-10-27T19:43:35.529-0500 [DEBUG] [org.gradle.internal.remote.internal.inet.InetAddresses] Adding remote address /2600:6c40:5a80:1870:f933:bb7d:5e2c:68d
2020-10-27T19:43:35.530-0500 [DEBUG] [org.gradle.internal.remote.internal.inet.InetAddresses] Adding remote address /2600:6c40:5a80:1870:5c4c:8457:6c90:cfb7
2020-10-27T19:43:35.530-0500 [DEBUG] [org.gradle.internal.remote.internal.inet.InetAddresses] Adding remote address /2600:6c40:5a80:1870:74b5:9599:de4c:4ce3
2020-10-27T19:43:35.530-0500 [DEBUG] [org.gradle.internal.remote.internal.inet.InetAddresses] Adding remote address /2600:6c40:5a80:1870:9d31:4f67:1800:d876
2020-10-27T19:43:35.531-0500 [DEBUG] [org.gradle.internal.remote.internal.inet.InetAddresses] Adding remote address /fe80:0:0:0:f933:bb7d:5e2c:68d%wlan1
2020-10-27T19:43:35.534-0500 [DEBUG] [org.gradle.internal.remote.internal.inet.InetAddresses] Adding IP addresses for network interface WAN Miniport (Network Monitor)
2020-10-27T19:43:35.540-0500 [DEBUG] [org.gradle.internal.remote.internal.inet.InetAddresses] Is this a loopback interface? false
2020-10-27T19:43:35.559-0500 [DEBUG] [org.gradle.internal.remote.internal.inet.InetAddresses] Adding IP addresses for network interface WAN Miniport (L2TP)
2020-10-27T19:43:35.564-0500 [DEBUG] [org.gradle.internal.remote.internal.inet.InetAddresses] Is this a loopback interface? false
2020-10-27T19:43:35.565-0500 [DEBUG] [org.gradle.internal.remote.internal.inet.InetAddresses] Adding IP addresses for network interface WAN Miniport (PPTP)
2020-10-27T19:43:35.570-0500 [DEBUG] [org.gradle.internal.remote.internal.inet.InetAddresses] Is this a loopback interface? false
2020-10-27T19:43:35.571-0500 [DEBUG] [org.gradle.internal.remote.internal.inet.InetAddresses] Adding IP addresses for network interface WAN Miniport (PPPOE)
2020-10-27T19:43:35.577-0500 [DEBUG] [org.gradle.internal.remote.internal.inet.InetAddresses] Is this a loopback interface? false
2020-10-27T19:43:35.578-0500 [DEBUG] [org.gradle.internal.remote.internal.inet.InetAddresses] Adding IP addresses for network interface Microsoft Teredo Tunneling Adapter
2020-10-27T19:43:35.583-0500 [DEBUG] [org.gradle.internal.remote.internal.inet.InetAddresses] Is this a loopback interface? false
2020-10-27T19:43:35.583-0500 [DEBUG] [org.gradle.internal.remote.internal.inet.InetAddresses] Adding IP addresses for network interface WAN Miniport (IKEv2)
2020-10-27T19:43:35.588-0500 [DEBUG] [org.gradle.internal.remote.internal.inet.InetAddresses] Is this a loopback interface? false
2020-10-27T19:43:35.589-0500 [DEBUG] [org.gradle.internal.remote.internal.inet.InetAddresses] Adding IP addresses for network interface Bluetooth Device (Personal Area Network)
2020-10-27T19:43:35.594-0500 [DEBUG] [org.gradle.internal.remote.internal.inet.InetAddresses] Is this a loopback interface? false
2020-10-27T19:43:35.594-0500 [DEBUG] [org.gradle.internal.remote.internal.inet.InetAddresses] Adding remote address /fe80:0:0:0:f559:2eeb:3908:3e72%eth4
2020-10-27T19:43:35.595-0500 [DEBUG] [org.gradle.internal.remote.internal.inet.InetAddresses] Adding IP addresses for network interface Microsoft Wi-Fi Direct Virtual Adapter
2020-10-27T19:43:35.600-0500 [DEBUG] [org.gradle.internal.remote.internal.inet.InetAddresses] Is this a loopback interface? false
2020-10-27T19:43:35.601-0500 [DEBUG] [org.gradle.internal.remote.internal.inet.InetAddresses] Adding remote address /fe80:0:0:0:881:6590:171d:199e%wlan2
2020-10-27T19:43:35.601-0500 [DEBUG] [org.gradle.internal.remote.internal.inet.InetAddresses] Adding IP addresses for network interface WAN Miniport (SSTP)
2020-10-27T19:43:35.607-0500 [DEBUG] [org.gradle.internal.remote.internal.inet.InetAddresses] Is this a loopback interface? false
2020-10-27T19:43:35.608-0500 [DEBUG] [org.gradle.internal.remote.internal.inet.InetAddresses] Adding IP addresses for network interface Realtek 8821CE Wireless LAN 802.11ac PCI-E NIC-WFP Native MAC Layer LightWeight Filter-0000
2020-10-27T19:43:35.613-0500 [DEBUG] [org.gradle.internal.remote.internal.inet.InetAddresses] Is this a loopback interface? false
2020-10-27T19:43:35.614-0500 [DEBUG] [org.gradle.internal.remote.internal.inet.InetAddresses] Adding IP addresses for network interface Realtek 8821CE Wireless LAN 802.11ac PCI-E NIC-Virtual WiFi Filter Driver-0000
2020-10-27T19:43:35.619-0500 [DEBUG] [org.gradle.internal.remote.internal.inet.InetAddresses] Is this a loopback interface? false
2020-10-27T19:43:35.620-0500 [DEBUG] [org.gradle.internal.remote.internal.inet.InetAddresses] Adding IP addresses for network interface Realtek 8821CE Wireless LAN 802.11ac PCI-E NIC-Native WiFi Filter Driver-0000
2020-10-27T19:43:35.624-0500 [DEBUG] [org.gradle.internal.remote.internal.inet.InetAddresses] Is this a loopback interface? false
2020-10-27T19:43:35.625-0500 [DEBUG] [org.gradle.internal.remote.internal.inet.InetAddresses] Adding IP addresses for network interface Realtek 8821CE Wireless LAN 802.11ac PCI-E NIC-QoS Packet Scheduler-0000
2020-10-27T19:43:35.630-0500 [DEBUG] [org.gradle.internal.remote.internal.inet.InetAddresses] Is this a loopback interface? false
2020-10-27T19:43:35.630-0500 [DEBUG] [org.gradle.internal.remote.internal.inet.InetAddresses] Adding IP addresses for network interface Realtek 8821CE Wireless LAN 802.11ac PCI-E NIC-WFP 802.3 MAC Layer LightWeight Filter-0000
2020-10-27T19:43:35.635-0500 [DEBUG] [org.gradle.internal.remote.internal.inet.InetAddresses] Is this a loopback interface? false
2020-10-27T19:43:35.636-0500 [DEBUG] [org.gradle.internal.remote.internal.inet.InetAddresses] Adding IP addresses for network interface WAN Miniport (IP)-WFP Native MAC Layer LightWeight Filter-0000
2020-10-27T19:43:35.641-0500 [DEBUG] [org.gradle.internal.remote.internal.inet.InetAddresses] Is this a loopback interface? false
2020-10-27T19:43:35.641-0500 [DEBUG] [org.gradle.internal.remote.internal.inet.InetAddresses] Adding IP addresses for network interface WAN Miniport (IP)-QoS Packet Scheduler-0000
2020-10-27T19:43:35.646-0500 [DEBUG] [org.gradle.internal.remote.internal.inet.InetAddresses] Is this a loopback interface? false
2020-10-27T19:43:35.648-0500 [DEBUG] [org.gradle.internal.remote.internal.inet.InetAddresses] Adding IP addresses for network interface WAN Miniport (IPv6)-WFP Native MAC Layer LightWeight Filter-0000
2020-10-27T19:43:35.655-0500 [DEBUG] [org.gradle.internal.remote.internal.inet.InetAddresses] Is this a loopback interface? false
2020-10-27T19:43:35.655-0500 [DEBUG] [org.gradle.internal.remote.internal.inet.InetAddresses] Adding IP addresses for network interface WAN Miniport (IPv6)-QoS Packet Scheduler-0000
2020-10-27T19:43:35.660-0500 [DEBUG] [org.gradle.internal.remote.internal.inet.InetAddresses] Is this a loopback interface? false
2020-10-27T19:43:35.661-0500 [DEBUG] [org.gradle.internal.remote.internal.inet.InetAddresses] Adding IP addresses for network interface WAN Miniport (Network Monitor)-WFP Native MAC Layer LightWeight Filter-0000
2020-10-27T19:43:35.666-0500 [DEBUG] [org.gradle.internal.remote.internal.inet.InetAddresses] Is this a loopback interface? false
2020-10-27T19:43:35.667-0500 [DEBUG] [org.gradle.internal.remote.internal.inet.InetAddresses] Adding IP addresses for network interface WAN Miniport (Network Monitor)-QoS Packet Scheduler-0000
2020-10-27T19:43:35.671-0500 [DEBUG] [org.gradle.internal.remote.internal.inet.InetAddresses] Is this a loopback interface? false
2020-10-27T19:43:35.672-0500 [DEBUG] [org.gradle.internal.remote.internal.inet.InetAddresses] Adding IP addresses for network interface Microsoft Wi-Fi Direct Virtual Adapter-WFP Native MAC Layer LightWeight Filter-0000
2020-10-27T19:43:35.676-0500 [DEBUG] [org.gradle.internal.remote.internal.inet.InetAddresses] Is this a loopback interface? false
2020-10-27T19:43:35.677-0500 [DEBUG] [org.gradle.internal.remote.internal.inet.InetAddresses] Adding IP addresses for network interface Microsoft Wi-Fi Direct Virtual Adapter-Native WiFi Filter Driver-0000
2020-10-27T19:43:35.682-0500 [DEBUG] [org.gradle.internal.remote.internal.inet.InetAddresses] Is this a loopback interface? false
2020-10-27T19:43:35.682-0500 [DEBUG] [org.gradle.internal.remote.internal.inet.InetAddresses] Adding IP addresses for network interface Microsoft Wi-Fi Direct Virtual Adapter-QoS Packet Scheduler-0000
2020-10-27T19:43:35.688-0500 [DEBUG] [org.gradle.internal.remote.internal.inet.InetAddresses] Is this a loopback interface? false
2020-10-27T19:43:35.688-0500 [DEBUG] [org.gradle.internal.remote.internal.inet.InetAddresses] Adding IP addresses for network interface Microsoft Wi-Fi Direct Virtual Adapter-WFP 802.3 MAC Layer LightWeight Filter-0000
2020-10-27T19:43:35.693-0500 [DEBUG] [org.gradle.internal.remote.internal.inet.InetAddresses] Is this a loopback interface? false
2020-10-27T19:43:35.693-0500 [DEBUG] [org.gradle.internal.remote.internal.inet.InetAddresses] Adding IP addresses for network interface Microsoft Wi-Fi Direct Virtual Adapter #2-WFP Native MAC Layer LightWeight Filter-0000
2020-10-27T19:43:35.698-0500 [DEBUG] [org.gradle.internal.remote.internal.inet.InetAddresses] Is this a loopback interface? false
2020-10-27T19:43:35.698-0500 [DEBUG] [org.gradle.internal.remote.internal.inet.InetAddresses] Adding IP addresses for network interface Microsoft Wi-Fi Direct Virtual Adapter #2-Native WiFi Filter Driver-0000
2020-10-27T19:43:35.703-0500 [DEBUG] [org.gradle.internal.remote.internal.inet.InetAddresses] Is this a loopback interface? false
2020-10-27T19:43:35.704-0500 [DEBUG] [org.gradle.internal.remote.internal.inet.InetAddresses] Adding IP addresses for network interface Microsoft Wi-Fi Direct Virtual Adapter #2-QoS Packet Scheduler-0000
2020-10-27T19:43:35.709-0500 [DEBUG] [org.gradle.internal.remote.internal.inet.InetAddresses] Is this a loopback interface? false
2020-10-27T19:43:35.709-0500 [DEBUG] [org.gradle.internal.remote.internal.inet.InetAddresses] Adding IP addresses for network interface Microsoft Wi-Fi Direct Virtual Adapter #2-WFP 802.3 MAC Layer LightWeight Filter-0000
2020-10-27T19:43:35.720-0500 [DEBUG] [org.gradle.internal.remote.internal.inet.InetAddresses] Is this a loopback interface? false
2020-10-27T19:43:36.100-0500 [DEBUG] [org.gradle.internal.remote.internal.inet.TcpIncomingConnector] Listening on [7014b50d-e67d-4260-bd2a-36802fcb7f24 port:53547, addresses:[/127.0.0.1, /0:0:0:0:0:0:0:1]].
2020-10-27T19:43:36.124-0500 [DEBUG] [org.gradle.launcher.daemon.server.Daemon] Daemon starting at: Tue Oct 27 19:43:36 CDT 2020, with address: [7014b50d-e67d-4260-bd2a-36802fcb7f24 port:53547, addresses:[/127.0.0.1, /0:0:0:0:0:0:0:1]]
2020-10-27T19:43:36.124-0500 [INFO] [org.gradle.launcher.daemon.server.DaemonRegistryUpdater] Advertising the daemon address to the clients: [7014b50d-e67d-4260-bd2a-36802fcb7f24 port:53547, addresses:[/127.0.0.1, /0:0:0:0:0:0:0:1]]
2020-10-27T19:43:36.125-0500 [DEBUG] [org.gradle.launcher.daemon.server.DaemonRegistryUpdater] Advertised daemon context: DefaultDaemonContext[uid=59eedc0f-609c-4955-8260-9e4f0211c3c2,javaHome=C:\Program Files\Java\jdk-13.0.2,daemonRegistryDir=C:\Users\lburk\lc101\java-web-dev-techjobs-persistent\daemon,pid=9780,idleTimeout=10800000,priority=NORMAL,daemonOpts=-XX:MaxMetaspaceSize=256m,-XX:+HeapDumpOnOutOfMemoryError,-agentlib:jdwp=transport=dt_socket,server=n,suspend=y,address=127.0.0.1:53542,--add-opens,java.base/java.util=ALL-UNNAMED,--add-opens,java.base/java.lang=ALL-UNNAMED,--add-opens,java.base/java.lang.invoke=ALL-UNNAMED,--add-opens,java.prefs/java.util.prefs=ALL-UNNAMED,-Xms256m,-Xmx512m,-Dfile.encoding=windows-1252,-Duser.country=US,-Duser.language=en,-Duser.variant]
2020-10-27T19:43:36.130-0500 [DEBUG] [org.gradle.launcher.daemon.registry.PersistentDaemonRegistry] Storing daemon address: [7014b50d-e67d-4260-bd2a-36802fcb7f24 port:53547, addresses:[/127.0.0.1, /0:0:0:0:0:0:0:1]], context: DefaultDaemonContext[uid=59eedc0f-609c-4955-8260-9e4f0211c3c2,javaHome=C:\Program Files\Java\jdk-13.0.2,daemonRegistryDir=C:\Users\lburk\lc101\java-web-dev-techjobs-persistent\daemon,pid=9780,idleTimeout=10800000,priority=NORMAL,daemonOpts=-XX:MaxMetaspaceSize=256m,-XX:+HeapDumpOnOutOfMemoryError,-agentlib:jdwp=transport=dt_socket,server=n,suspend=y,address=127.0.0.1:53542,--add-opens,java.base/java.util=ALL-UNNAMED,--add-opens,java.base/java.lang=ALL-UNNAMED,--add-opens,java.base/java.lang.invoke=ALL-UNNAMED,--add-opens,java.prefs/java.util.prefs=ALL-UNNAMED,-Xms256m,-Xmx512m,-Dfile.encoding=windows-1252,-Duser.country=US,-Duser.language=en,-Duser.variant]
2020-10-27T19:43:36.167-0500 [DEBUG] [org.gradle.cache.internal.DefaultFileLockManager] Waiting to acquire exclusive lock on daemon addresses registry.
2020-10-27T19:43:36.180-0500 [DEBUG] [org.gradle.cache.internal.DefaultFileLockManager] Lock acquired on daemon addresses registry.
2020-10-27T19:43:36.198-0500 [DEBUG] [org.gradle.cache.internal.DefaultFileLockManager] Releasing lock on daemon addresses registry.
2020-10-27T19:43:36.200-0500 [LIFECYCLE] [org.gradle.launcher.daemon.server.Daemon] Daemon server started.
2020-10-27T19:43:36.210-0500 [DEBUG] [org.gradle.launcher.daemon.bootstrap.DaemonStartupCommunication] Completed writing the daemon greeting. Closing streams...
2020-10-27T19:43:36.254-0500 [DEBUG] [org.gradle.internal.remote.internal.inet.TcpIncomingConnector] Accepted connection from /127.0.0.1:53548 to /127.0.0.1:53547.
2020-10-27T19:43:36.260-0500 [DEBUG] [org.gradle.launcher.daemon.server.Daemon] stopOnExpiration() called on daemon
2020-10-27T19:43:36.263-0500 [DEBUG] [org.gradle.launcher.daemon.server.Daemon] awaitExpiration() called on daemon
2020-10-27T19:43:36.266-0500 [DEBUG] [org.gradle.launcher.daemon.server.DaemonStateCoordinator] daemon is running. Sleeping until state changes.
2020-10-27T19:43:36.475-0500 [DEBUG] [org.gradle.launcher.daemon.server.SynchronizedDispatchConnection] thread 21: received class org.gradle.launcher.daemon.protocol.Build
2020-10-27T19:43:36.476-0500 [DEBUG] [org.gradle.launcher.daemon.server.DefaultDaemonConnection] thread 21: Received non-IO message from client: Build{id=a5602003-df31-4e6f-bf70-cc70330ff56d, currentDir=C:\Users\lburk\lc101\java-web-dev-techjobs-persistent}
2020-10-27T19:43:36.477-0500 [INFO] [org.gradle.launcher.daemon.server.DefaultIncomingConnectionHandler] Received command: Build{id=a5602003-df31-4e6f-bf70-cc70330ff56d, currentDir=C:\Users\lburk\lc101\java-web-dev-techjobs-persistent}.
2020-10-27T19:43:36.477-0500 [DEBUG] [org.gradle.launcher.daemon.server.DefaultIncomingConnectionHandler] Starting executing command: Build{id=a5602003-df31-4e6f-bf70-cc70330ff56d, currentDir=C:\Users\lburk\lc101\java-web-dev-techjobs-persistent} with connection: socket connection from /127.0.0.1:53547 to /127.0.0.1:53548.
2020-10-27T19:43:36.487-0500 [ERROR] [org.gradle.launcher.daemon.server.DaemonStateCoordinator] Command execution: started DaemonCommandExecution[command = Build{id=a5602003-df31-4e6f-bf70-cc70330ff56d, currentDir=C:\Users\lburk\lc101\java-web-dev-techjobs-persistent}, connection = DefaultDaemonConnection: socket connection from /127.0.0.1:53547 to /127.0.0.1:53548] after 0.0 minutes of idle
2020-10-27T19:43:36.488-0500 [INFO] [org.gradle.launcher.daemon.server.DaemonRegistryUpdater] Marking the daemon as busy, address: [7014b50d-e67d-4260-bd2a-36802fcb7f24 port:53547, addresses:[/127.0.0.1, /0:0:0:0:0:0:0:1]]
2020-10-27T19:43:36.489-0500 [DEBUG] [org.gradle.launcher.daemon.registry.PersistentDaemonRegistry] Marking busy by address: [7014b50d-e67d-4260-bd2a-36802fcb7f24 port:53547, addresses:[/127.0.0.1, /0:0:0:0:0:0:0:1]]
2020-10-27T19:43:36.492-0500 [DEBUG] [org.gradle.cache.internal.DefaultFileLockManager] Waiting to acquire exclusive lock on daemon addresses registry.
2020-10-27T19:43:36.496-0500 [DEBUG] [org.gradle.cache.internal.DefaultFileLockManager] Lock acquired on daemon addresses registry.
2020-10-27T19:43:36.500-0500 [DEBUG] [org.gradle.cache.internal.DefaultFileLockManager] Releasing lock on daemon addresses registry.
2020-10-27T19:43:36.501-0500 [DEBUG] [org.gradle.launcher.daemon.server.DaemonStateCoordinator] resetting idle timer
2020-10-27T19:43:36.502-0500 [DEBUG] [org.gradle.launcher.daemon.server.DaemonStateCoordinator] daemon is running. Sleeping until state changes.
2020-10-27T19:43:36.504-0500 [INFO] [org.gradle.launcher.daemon.server.exec.StartBuildOrRespondWithBusy] Daemon is about to start building Build{id=a5602003-df31-4e6f-bf70-cc70330ff56d, currentDir=C:\Users\lburk\lc101\java-web-dev-techjobs-persistent}. Dispatching build started information...
2020-10-27T19:43:36.505-0500 [DEBUG] [org.gradle.launcher.daemon.server.SynchronizedDispatchConnection] thread 23: dispatching class org.gradle.launcher.daemon.protocol.BuildStarted
2020-10-27T19:43:36.511-0500 [DEBUG] [org.gradle.launcher.daemon.server.exec.EstablishBuildEnvironment] Configuring env variables: {configsetroot=C:\WINDOWS\ConfigSetRoot, USERDOMAIN_ROAMINGPROFILE=LAPTOP-TOLOOT87, LOCALAPPDATA=C:\Users\lburk\AppData\Local, PROCESSOR_LEVEL=21, USERDOMAIN=LAPTOP-TOLOOT87, LOGONSERVER=\\LAPTOP-TOLOOT87, JAVA_HOME=C:\Program Files\Java\jdk-13.0.2, SESSIONNAME=Console, ALLUSERSPROFILE=C:\ProgramData, PROCESSOR_ARCHITECTURE=AMD64, ANDROID_HOME=C:\Users\lburk\lc101\angular-lc101-mission-planner\node_modules\protractor\node_modules\webdriver-manager\built\lib\binaries, PSModulePath=C:\Program Files\WindowsPowerShell\Modules;C:\WINDOWS\system32\WindowsPowerShell\v1.0\Modules, SystemDrive=C:, OneDrive=C:\Users\lburk\OneDrive, APPDATA=C:\Users\lburk\AppData\Roaming, USERNAME=lburk, ProgramFiles(x86)=C:\Program Files (x86), CommonProgramFiles=C:\Program Files\Common Files, Path=C:\WINDOWS\system32;C:\WINDOWS;C:\WINDOWS\System32\Wbem;C:\WINDOWS\System32\WindowsPowerShell\v1.0\;C:\WINDOWS\System32\OpenSSH\;C:\Program Files\Git\cmd;C:\Program Files\nodejs\;C:\Program Files\Java\jdk-13.0.2\bin;C:\Program Files\MySQL\MySQL Shell 8.0\bin\;C:\Users\lburk\AppData\Local\Microsoft\WindowsApps;C:\Users\lburk\AppData\Local\Programs\Microsoft VS Code\bin;C:\Users\lburk\AppData\Local\GitHubDesktop\bin;C:\Users\lburk\AppData\Roaming\npm, PATHEXT=.COM;.EXE;.BAT;.CMD;.VBS;.VBE;.JS;.JSE;.WSF;.WSH;.MSC, DriverData=C:\Windows\System32\Drivers\DriverData, OS=Windows_NT, OneDriveConsumer=C:\Users\lburk\OneDrive, COMPUTERNAME=LAPTOP-TOLOOT87, PROCESSOR_REVISION=7000, CommonProgramW6432=C:\Program Files\Common Files, ComSpec=C:\WINDOWS\system32\cmd.exe, ProgramData=C:\ProgramData, ProgramW6432=C:\Program Files, HOMEPATH=\Users\lburk, SystemRoot=C:\WINDOWS, TEMP=C:\Users\lburk\AppData\Local\Temp, PROCESSOR_IDENTIFIER=AMD64 Family 21 Model 112 Stepping 0, AuthenticAMD, USERPROFILE=C:\Users\lburk, HOMEDRIVE=C:, TMP=C:\Users\lburk\AppData\Local\Temp, ProgramFiles=C:\Program Files, CommonProgramFiles(x86)=C:\Program Files (x86)\Common Files, PUBLIC=C:\Users\Public, windir=C:\WINDOWS, NUMBER_OF_PROCESSORS=2, =::=::\, IDEA_INITIAL_DIRECTORY=C:\Users\lburk\AppData\Local\JetBrains\IntelliJ IDEA Community Edition 2020.2\bin}
2020-10-27T19:43:36.528-0500 [DEBUG] [org.gradle.launcher.daemon.server.exec.LogToClient] About to start relaying all logs to the client via the connection.
2020-10-27T19:43:36.528-0500 [INFO] [org.gradle.launcher.daemon.server.exec.LogToClient] The client will now receive all logging from the daemon (pid: 9780). The daemon log file: C:\Users\lburk\lc101\java-web-dev-techjobs-persistent\daemon\6.0.1\daemon-9780.out.log
2020-10-27T19:43:36.534-0500 [INFO] [org.gradle.launcher.daemon.server.exec.LogAndCheckHealth] Starting build in new daemon [memory: 536.9 MB]
2020-10-27T19:43:36.567-0500 [DEBUG] [org.gradle.launcher.daemon.server.exec.ExecuteBuild] The daemon has started executing the build.
2020-10-27T19:43:36.568-0500 [DEBUG] [org.gradle.launcher.daemon.server.exec.ExecuteBuild] Executing build with daemon context: DefaultDaemonContext[uid=59eedc0f-609c-4955-8260-9e4f0211c3c2,javaHome=C:\Program Files\Java\jdk-13.0.2,daemonRegistryDir=C:\Users\lburk\lc101\java-web-dev-techjobs-persistent\daemon,pid=9780,idleTimeout=10800000,priority=NORMAL,daemonOpts=-XX:MaxMetaspaceSize=256m,-XX:+HeapDumpOnOutOfMemoryError,-agentlib:jdwp=transport=dt_socket,server=n,suspend=y,address=127.0.0.1:53542,--add-opens,java.base/java.util=ALL-UNNAMED,--add-opens,java.base/java.lang=ALL-UNNAMED,--add-opens,java.base/java.lang.invoke=ALL-UNNAMED,--add-opens,java.prefs/java.util.prefs=ALL-UNNAMED,-Xms256m,-Xmx512m,-Dfile.encoding=windows-1252,-Duser.country=US,-Duser.language=en,-Duser.variant]

  .   ____          _            __ _ _
 /\\ / ___'_ __ _ _(_)_ __  __ _ \ \ \ \
( ( )\___ | '_ | '_| | '_ \/ _` | \ \ \ \
 \\/  ___)| |_)| | | | | || (_| |  ) ) ) )
  '  |____| .__|_| |_|_| |_\__, | / / / /
 =========|_|==============|___/=/_/_/_/
 :: Spring Boot ::        (v2.2.2.RELEASE)

2020-10-27 19:44:13.741  INFO 7076 --- [  restartedMain] .JavaWebDevTechjobsPersistentApplication : Starting JavaWebDevTechjobsPersistentApplication on LAPTOP-TOLOOT87 with PID 7076 (C:\Users\lburk\lc101\java-web-dev-techjobs-persistent\build\classes\java\main started by lburk in C:\Users\lburk\lc101\java-web-dev-techjobs-persistent)
2020-10-27 19:44:13.787  INFO 7076 --- [  restartedMain] .JavaWebDevTechjobsPersistentApplication : No active profile set, falling back to default profiles: default
2020-10-27 19:44:14.187  INFO 7076 --- [  restartedMain] o.s.b.devtools.restart.ChangeableUrls    : The Class-Path manifest attribute in C:\Users\lburk\lc101\java-web-dev-techjobs-persistent\caches\modules-2\files-2.1\org.glassfish.jaxb\jaxb-runtime\2.3.2\5528bc882ea499a09d720b42af11785c4fc6be2a\jaxb-runtime-2.3.2.jar referenced one or more files that do not exist: file:/C:/Users/lburk/lc101/java-web-dev-techjobs-persistent/caches/modules-2/files-2.1/org.glassfish.jaxb/jaxb-runtime/2.3.2/5528bc882ea499a09d720b42af11785c4fc6be2a/jakarta.xml.bind-api-2.3.2.jar,file:/C:/Users/lburk/lc101/java-web-dev-techjobs-persistent/caches/modules-2/files-2.1/org.glassfish.jaxb/jaxb-runtime/2.3.2/5528bc882ea499a09d720b42af11785c4fc6be2a/txw2-2.3.2.jar,file:/C:/Users/lburk/lc101/java-web-dev-techjobs-persistent/caches/modules-2/files-2.1/org.glassfish.jaxb/jaxb-runtime/2.3.2/5528bc882ea499a09d720b42af11785c4fc6be2a/istack-commons-runtime-3.0.8.jar,file:/C:/Users/lburk/lc101/java-web-dev-techjobs-persistent/caches/modules-2/files-2.1/org.glassfish.jaxb/jaxb-runtime/2.3.2/5528bc882ea499a09d720b42af11785c4fc6be2a/stax-ex-1.8.1.jar,file:/C:/Users/lburk/lc101/java-web-dev-techjobs-persistent/caches/modules-2/files-2.1/org.glassfish.jaxb/jaxb-runtime/2.3.2/5528bc882ea499a09d720b42af11785c4fc6be2a/FastInfoset-1.2.16.jar,file:/C:/Users/lburk/lc101/java-web-dev-techjobs-persistent/caches/modules-2/files-2.1/org.glassfish.jaxb/jaxb-runtime/2.3.2/5528bc882ea499a09d720b42af11785c4fc6be2a/jakarta.activation-api-1.2.1.jar
2020-10-27 19:44:14.190  INFO 7076 --- [  restartedMain] .e.DevToolsPropertyDefaultsPostProcessor : Devtools property defaults active! Set 'spring.devtools.add-properties' to 'false' to disable
2020-10-27 19:44:14.192  INFO 7076 --- [  restartedMain] .e.DevToolsPropertyDefaultsPostProcessor : For additional web related logging consider setting the 'logging.level.web' property to 'DEBUG'
2020-10-27 19:44:17.947  INFO 7076 --- [  restartedMain] .s.d.r.c.RepositoryConfigurationDelegate : Bootstrapping Spring Data JPA repositories in DEFAULT mode.
2020-10-27 19:44:18.486  INFO 7076 --- [  restartedMain] .s.d.r.c.RepositoryConfigurationDelegate : Finished Spring Data repository scanning in 486ms. Found 3 JPA repository interfaces.
2020-10-27 19:44:21.128  INFO 7076 --- [  restartedMain] trationDelegate$BeanPostProcessorChecker : Bean 'org.springframework.transaction.annotation.ProxyTransactionManagementConfiguration' of type [org.springframework.transaction.annotation.ProxyTransactionManagementConfiguration] is not eligible for getting processed by all BeanPostProcessors (for example: not eligible for auto-proxying)
2020-10-27 19:44:22.953  INFO 7076 --- [  restartedMain] o.s.b.w.embedded.tomcat.TomcatWebServer  : Tomcat initialized with port(s): 8080 (http)
2020-10-27 19:44:22.998  INFO 7076 --- [  restartedMain] o.apache.catalina.core.StandardService   : Starting service [Tomcat]
2020-10-27 19:44:22.999  INFO 7076 --- [  restartedMain] org.apache.catalina.core.StandardEngine  : Starting Servlet engine: [Apache Tomcat/9.0.29]
2020-10-27 19:44:23.591  INFO 7076 --- [  restartedMain] o.a.c.c.C.[Tomcat].[localhost].[/]       : Initializing Spring embedded WebApplicationContext
2020-10-27 19:44:23.592  INFO 7076 --- [  restartedMain] o.s.web.context.ContextLoader            : Root WebApplicationContext: initialization completed in 9398 ms
2020-10-27 19:44:24.254  INFO 7076 --- [  restartedMain] o.hibernate.jpa.internal.util.LogHelper  : HHH000204: Processing PersistenceUnitInfo [name: default]
2020-10-27 19:44:24.546  INFO 7076 --- [  restartedMain] org.hibernate.Version                    : HHH000412: Hibernate Core {5.4.9.Final}
2020-10-27 19:44:25.229  INFO 7076 --- [  restartedMain] o.hibernate.annotations.common.Version   : HCANN000001: Hibernate Commons Annotations {5.1.0.Final}
2020-10-27 19:44:25.851  INFO 7076 --- [  restartedMain] com.zaxxer.hikari.HikariDataSource       : HikariPool-1 - Starting...
2020-10-27 19:44:28.081  INFO 7076 --- [  restartedMain] com.zaxxer.hikari.HikariDataSource       : HikariPool-1 - Start completed.
2020-10-27 19:44:28.206  INFO 7076 --- [  restartedMain] org.hibernate.dialect.Dialect            : HHH000400: Using dialect: org.hibernate.dialect.MySQL8Dialect
2020-10-27 19:44:31.909  INFO 7076 --- [  restartedMain] o.h.e.t.j.p.i.JtaPlatformInitiator       : HHH000490: Using JtaPlatform implementation: [org.hibernate.engine.transaction.jta.platform.internal.NoJtaPlatform]
2020-10-27 19:44:31.936  INFO 7076 --- [  restartedMain] j.LocalContainerEntityManagerFactoryBean : Initialized JPA EntityManagerFactory for persistence unit 'default'
2020-10-27 19:44:31.996  INFO 7076 --- [  restartedMain] o.s.b.d.a.OptionalLiveReloadServer       : LiveReload server is running on port 35729
2020-10-27 19:44:33.454  WARN 7076 --- [  restartedMain] JpaBaseConfiguration$JpaWebConfiguration : spring.jpa.open-in-view is enabled by default. Therefore, database queries may be performed during view rendering. Explicitly configure spring.jpa.open-in-view to disable this warning
2020-10-27 19:44:33.962  INFO 7076 --- [  restartedMain] o.s.s.concurrent.ThreadPoolTaskExecutor  : Initializing ExecutorService 'applicationTaskExecutor'
2020-10-27 19:44:34.258  INFO 7076 --- [  restartedMain] o.s.b.a.w.s.WelcomePageHandlerMapping    : Adding welcome page template: index
2020-10-27 19:44:36.840  INFO 7076 --- [  restartedMain] o.s.b.w.embedded.tomcat.TomcatWebServer  : Tomcat started on port(s): 8080 (http) with context path ''
2020-10-27 19:44:36.849  INFO 7076 --- [  restartedMain] .JavaWebDevTechjobsPersistentApplication : Started JavaWebDevTechjobsPersistentApplication in 25.814 seconds (JVM running for 28.536)
2020-10-27 19:48:01.984  INFO 7076 --- [nio-8080-exec-1] o.a.c.c.C.[Tomcat].[localhost].[/]       : Initializing Spring DispatcherServlet 'dispatcherServlet'
2020-10-27 19:48:01.989  INFO 7076 --- [nio-8080-exec-1] o.s.web.servlet.DispatcherServlet        : Initializing Servlet 'dispatcherServlet'
2020-10-27 19:48:02.051  INFO 7076 --- [nio-8080-exec-1] o.s.web.servlet.DispatcherServlet        : Completed initialization in 61 ms
Hibernate: select employer0_.id as id1_0_, employer0_.name as name2_0_, employer0_.location as location3_0_ from employer employer0_
Hibernate: select skill0_.id as id1_3_, skill0_.name as name2_3_, skill0_.description as descript3_3_ from skill skill0_
Hibernate: select employer0_.id as id1_0_0_, employer0_.name as name2_0_0_, employer0_.location as location3_0_0_ from employer employer0_ where employer0_.id=?
2020-10-27 19:48:16.635 ERROR 7076 --- [nio-8080-exec-9] o.a.c.c.C.[.[.[/].[dispatcherServlet]    : Servlet.service() for servlet [dispatcherServlet] in context with path [] threw exception [Request processing failed; nested exception is org.springframework.dao.InvalidDataAccessApiUsageException: Ids must not be null!; nested exception is java.lang.IllegalArgumentException: Ids must not be null!] with root cause

java.lang.IllegalArgumentException: Ids must not be null!
	at org.springframework.util.Assert.notNull(Assert.java:198) ~[spring-core-5.2.2.RELEASE.jar:5.2.2.RELEASE]
	at org.springframework.data.jpa.repository.support.SimpleJpaRepository.findAllById(SimpleJpaRepository.java:365) ~[spring-data-jpa-2.2.3.RELEASE.jar:2.2.3.RELEASE]
	at org.springframework.data.jpa.repository.support.SimpleJpaRepository.findAllById(SimpleJpaRepository.java:78) ~[spring-data-jpa-2.2.3.RELEASE.jar:2.2.3.RELEASE]
	at java.base/jdk.internal.reflect.NativeMethodAccessorImpl.invoke0(Native Method) ~[na:na]
	at java.base/jdk.internal.reflect.NativeMethodAccessorImpl.invoke(NativeMethodAccessorImpl.java:62) ~[na:na]
	at java.base/jdk.internal.reflect.DelegatingMethodAccessorImpl.invoke(DelegatingMethodAccessorImpl.java:43) ~[na:na]
	at java.base/java.lang.reflect.Method.invoke(Method.java:567) ~[na:na]
	at org.springframework.data.repository.core.support.RepositoryComposition$RepositoryFragments.invoke(RepositoryComposition.java:371) ~[spring-data-commons-2.2.3.RELEASE.jar:2.2.3.RELEASE]
	at org.springframework.data.repository.core.support.RepositoryComposition.invoke(RepositoryComposition.java:204) ~[spring-data-commons-2.2.3.RELEASE.jar:2.2.3.RELEASE]
	at org.springframework.data.repository.core.support.RepositoryFactorySupport$ImplementationMethodExecutionInterceptor.invoke(RepositoryFactorySupport.java:657) ~[spring-data-commons-2.2.3.RELEASE.jar:2.2.3.RELEASE]
	at org.springframework.aop.framework.ReflectiveMethodInvocation.proceed(ReflectiveMethodInvocation.java:186) ~[spring-aop-5.2.2.RELEASE.jar:5.2.2.RELEASE]
	at org.springframework.data.repository.core.support.RepositoryFactorySupport$QueryExecutorMethodInterceptor.doInvoke(RepositoryFactorySupport.java:621) ~[spring-data-commons-2.2.3.RELEASE.jar:2.2.3.RELEASE]
	at org.springframework.data.repository.core.support.RepositoryFactorySupport$QueryExecutorMethodInterceptor.invoke(RepositoryFactorySupport.java:605) ~[spring-data-commons-2.2.3.RELEASE.jar:2.2.3.RELEASE]
	at org.springframework.aop.framework.ReflectiveMethodInvocation.proceed(ReflectiveMethodInvocation.java:186) ~[spring-aop-5.2.2.RELEASE.jar:5.2.2.RELEASE]
	at org.springframework.transaction.interceptor.TransactionAspectSupport.invokeWithinTransaction(TransactionAspectSupport.java:366) ~[spring-tx-5.2.2.RELEASE.jar:5.2.2.RELEASE]
	at org.springframework.transaction.interceptor.TransactionInterceptor.invoke(TransactionInterceptor.java:99) ~[spring-tx-5.2.2.RELEASE.jar:5.2.2.RELEASE]
	at org.springframework.aop.framework.ReflectiveMethodInvocation.proceed(ReflectiveMethodInvocation.java:186) ~[spring-aop-5.2.2.RELEASE.jar:5.2.2.RELEASE]
	at org.springframework.dao.support.PersistenceExceptionTranslationInterceptor.invoke(PersistenceExceptionTranslationInterceptor.java:139) ~[spring-tx-5.2.2.RELEASE.jar:5.2.2.RELEASE]
	at org.springframework.aop.framework.ReflectiveMethodInvocation.proceed(ReflectiveMethodInvocation.java:186) ~[spring-aop-5.2.2.RELEASE.jar:5.2.2.RELEASE]
	at org.springframework.data.jpa.repository.support.CrudMethodMetadataPostProcessor$CrudMethodMetadataPopulatingMethodInterceptor.invoke(CrudMethodMetadataPostProcessor.java:178) ~[spring-data-jpa-2.2.3.RELEASE.jar:2.2.3.RELEASE]
	at org.springframework.aop.framework.ReflectiveMethodInvocation.proceed(ReflectiveMethodInvocation.java:186) ~[spring-aop-5.2.2.RELEASE.jar:5.2.2.RELEASE]
	at org.springframework.aop.interceptor.ExposeInvocationInterceptor.invoke(ExposeInvocationInterceptor.java:93) ~[spring-aop-5.2.2.RELEASE.jar:5.2.2.RELEASE]
	at org.springframework.aop.framework.ReflectiveMethodInvocation.proceed(ReflectiveMethodInvocation.java:186) ~[spring-aop-5.2.2.RELEASE.jar:5.2.2.RELEASE]
	at org.springframework.aop.framework.JdkDynamicAopProxy.invoke(JdkDynamicAopProxy.java:212) ~[spring-aop-5.2.2.RELEASE.jar:5.2.2.RELEASE]
	at com.sun.proxy.$Proxy106.findAllById(Unknown Source) ~[na:na]
	at org.launchcode.javawebdevtechjobspersistent.controllers.HomeController.processAddJobForm(HomeController.java:74) ~[main/:na]
	at java.base/jdk.internal.reflect.NativeMethodAccessorImpl.invoke0(Native Method) ~[na:na]
	at java.base/jdk.internal.reflect.NativeMethodAccessorImpl.invoke(NativeMethodAccessorImpl.java:62) ~[na:na]
	at java.base/jdk.internal.reflect.DelegatingMethodAccessorImpl.invoke(DelegatingMethodAccessorImpl.java:43) ~[na:na]
	at java.base/java.lang.reflect.Method.invoke(Method.java:567) ~[na:na]
	at org.springframework.web.method.support.InvocableHandlerMethod.doInvoke(InvocableHandlerMethod.java:190) ~[spring-web-5.2.2.RELEASE.jar:5.2.2.RELEASE]
	at org.springframework.web.method.support.InvocableHandlerMethod.invokeForRequest(InvocableHandlerMethod.java:138) ~[spring-web-5.2.2.RELEASE.jar:5.2.2.RELEASE]
	at org.springframework.web.servlet.mvc.method.annotation.ServletInvocableHandlerMethod.invokeAndHandle(ServletInvocableHandlerMethod.java:106) ~[spring-webmvc-5.2.2.RELEASE.jar:5.2.2.RELEASE]
	at org.springframework.web.servlet.mvc.method.annotation.RequestMappingHandlerAdapter.invokeHandlerMethod(RequestMappingHandlerAdapter.java:888) ~[spring-webmvc-5.2.2.RELEASE.jar:5.2.2.RELEASE]
	at org.springframework.web.servlet.mvc.method.annotation.RequestMappingHandlerAdapter.handleInternal(RequestMappingHandlerAdapter.java:793) ~[spring-webmvc-5.2.2.RELEASE.jar:5.2.2.RELEASE]
	at org.springframework.web.servlet.mvc.method.AbstractHandlerMethodAdapter.handle(AbstractHandlerMethodAdapter.java:87) ~[spring-webmvc-5.2.2.RELEASE.jar:5.2.2.RELEASE]
	at org.springframework.web.servlet.DispatcherServlet.doDispatch(DispatcherServlet.java:1040) ~[spring-webmvc-5.2.2.RELEASE.jar:5.2.2.RELEASE]
	at org.springframework.web.servlet.DispatcherServlet.doService(DispatcherServlet.java:943) ~[spring-webmvc-5.2.2.RELEASE.jar:5.2.2.RELEASE]
	at org.springframework.web.servlet.FrameworkServlet.processRequest(FrameworkServlet.java:1006) ~[spring-webmvc-5.2.2.RELEASE.jar:5.2.2.RELEASE]
	at org.springframework.web.servlet.FrameworkServlet.doPost(FrameworkServlet.java:909) ~[spring-webmvc-5.2.2.RELEASE.jar:5.2.2.RELEASE]
	at javax.servlet.http.HttpServlet.service(HttpServlet.java:660) ~[tomcat-embed-core-9.0.29.jar:9.0.29]
	at org.springframework.web.servlet.FrameworkServlet.service(FrameworkServlet.java:883) ~[spring-webmvc-5.2.2.RELEASE.jar:5.2.2.RELEASE]
	at javax.servlet.http.HttpServlet.service(HttpServlet.java:741) ~[tomcat-embed-core-9.0.29.jar:9.0.29]
	at org.apache.catalina.core.ApplicationFilterChain.internalDoFilter(ApplicationFilterChain.java:231) ~[tomcat-embed-core-9.0.29.jar:9.0.29]
	at org.apache.catalina.core.ApplicationFilterChain.doFilter(ApplicationFilterChain.java:166) ~[tomcat-embed-core-9.0.29.jar:9.0.29]
	at org.apache.tomcat.websocket.server.WsFilter.doFilter(WsFilter.java:53) ~[tomcat-embed-websocket-9.0.29.jar:9.0.29]
	at org.apache.catalina.core.ApplicationFilterChain.internalDoFilter(ApplicationFilterChain.java:193) ~[tomcat-embed-core-9.0.29.jar:9.0.29]
	at org.apache.catalina.core.ApplicationFilterChain.doFilter(ApplicationFilterChain.java:166) ~[tomcat-embed-core-9.0.29.jar:9.0.29]
	at org.springframework.web.filter.RequestContextFilter.doFilterInternal(RequestContextFilter.java:100) ~[spring-web-5.2.2.RELEASE.jar:5.2.2.RELEASE]
	at org.springframework.web.filter.OncePerRequestFilter.doFilter(OncePerRequestFilter.java:119) ~[spring-web-5.2.2.RELEASE.jar:5.2.2.RELEASE]
	at org.apache.catalina.core.ApplicationFilterChain.internalDoFilter(ApplicationFilterChain.java:193) ~[tomcat-embed-core-9.0.29.jar:9.0.29]
	at org.apache.catalina.core.ApplicationFilterChain.doFilter(ApplicationFilterChain.java:166) ~[tomcat-embed-core-9.0.29.jar:9.0.29]
	at org.springframework.web.filter.FormContentFilter.doFilterInternal(FormContentFilter.java:93) ~[spring-web-5.2.2.RELEASE.jar:5.2.2.RELEASE]
	at org.springframework.web.filter.OncePerRequestFilter.doFilter(OncePerRequestFilter.java:119) ~[spring-web-5.2.2.RELEASE.jar:5.2.2.RELEASE]
	at org.apache.catalina.core.ApplicationFilterChain.internalDoFilter(ApplicationFilterChain.java:193) ~[tomcat-embed-core-9.0.29.jar:9.0.29]
	at org.apache.catalina.core.ApplicationFilterChain.doFilter(ApplicationFilterChain.java:166) ~[tomcat-embed-core-9.0.29.jar:9.0.29]
	at org.springframework.web.filter.CharacterEncodingFilter.doFilterInternal(CharacterEncodingFilter.java:201) ~[spring-web-5.2.2.RELEASE.jar:5.2.2.RELEASE]
	at org.springframework.web.filter.OncePerRequestFilter.doFilter(OncePerRequestFilter.java:119) ~[spring-web-5.2.2.RELEASE.jar:5.2.2.RELEASE]
	at org.apache.catalina.core.ApplicationFilterChain.internalDoFilter(ApplicationFilterChain.java:193) ~[tomcat-embed-core-9.0.29.jar:9.0.29]
	at org.apache.catalina.core.ApplicationFilterChain.doFilter(ApplicationFilterChain.java:166) ~[tomcat-embed-core-9.0.29.jar:9.0.29]
	at org.apache.catalina.core.StandardWrapperValve.invoke(StandardWrapperValve.java:202) ~[tomcat-embed-core-9.0.29.jar:9.0.29]
	at org.apache.catalina.core.StandardContextValve.invoke(StandardContextValve.java:96) ~[tomcat-embed-core-9.0.29.jar:9.0.29]
	at org.apache.catalina.authenticator.AuthenticatorBase.invoke(AuthenticatorBase.java:526) ~[tomcat-embed-core-9.0.29.jar:9.0.29]
	at org.apache.catalina.core.StandardHostValve.invoke(StandardHostValve.java:139) ~[tomcat-embed-core-9.0.29.jar:9.0.29]
	at org.apache.catalina.valves.ErrorReportValve.invoke(ErrorReportValve.java:92) ~[tomcat-embed-core-9.0.29.jar:9.0.29]
	at org.apache.catalina.core.StandardEngineValve.invoke(StandardEngineValve.java:74) ~[tomcat-embed-core-9.0.29.jar:9.0.29]
	at org.apache.catalina.connector.CoyoteAdapter.service(CoyoteAdapter.java:343) ~[tomcat-embed-core-9.0.29.jar:9.0.29]
	at org.apache.coyote.http11.Http11Processor.service(Http11Processor.java:367) ~[tomcat-embed-core-9.0.29.jar:9.0.29]
	at org.apache.coyote.AbstractProcessorLight.process(AbstractProcessorLight.java:65) ~[tomcat-embed-core-9.0.29.jar:9.0.29]
	at org.apache.coyote.AbstractProtocol$ConnectionHandler.process(AbstractProtocol.java:860) ~[tomcat-embed-core-9.0.29.jar:9.0.29]
	at org.apache.tomcat.util.net.NioEndpoint$SocketProcessor.doRun(NioEndpoint.java:1591) ~[tomcat-embed-core-9.0.29.jar:9.0.29]
	at org.apache.tomcat.util.net.SocketProcessorBase.run(SocketProcessorBase.java:49) ~[tomcat-embed-core-9.0.29.jar:9.0.29]
	at java.base/java.util.concurrent.ThreadPoolExecutor.runWorker(ThreadPoolExecutor.java:1128) ~[na:na]
	at java.base/java.util.concurrent.ThreadPoolExecutor$Worker.run(ThreadPoolExecutor.java:628) ~[na:na]
	at org.apache.tomcat.util.threads.TaskThread$WrappingRunnable.run(TaskThread.java:61) ~[tomcat-embed-core-9.0.29.jar:9.0.29]
	at java.base/java.lang.Thread.run(Thread.java:830) ~[na:na]

Hibernate: select employer0_.id as id1_0_0_, employer0_.name as name2_0_0_, employer0_.location as location3_0_0_ from employer employer0_ where employer0_.id=?
2020-10-27 19:49:34.922 ERROR 7076 --- [nio-8080-exec-5] o.a.c.c.C.[.[.[/].[dispatcherServlet]    : Servlet.service() for servlet [dispatcherServlet] in context with path [] threw exception [Request processing failed; nested exception is org.springframework.dao.InvalidDataAccessApiUsageException: Ids must not be null!; nested exception is java.lang.IllegalArgumentException: Ids must not be null!] with root cause

java.lang.IllegalArgumentException: Ids must not be null!
	at org.springframework.util.Assert.notNull(Assert.java:198) ~[spring-core-5.2.2.RELEASE.jar:5.2.2.RELEASE]
	at org.springframework.data.jpa.repository.support.SimpleJpaRepository.findAllById(SimpleJpaRepository.java:365) ~[spring-data-jpa-2.2.3.RELEASE.jar:2.2.3.RELEASE]
	at org.springframework.data.jpa.repository.support.SimpleJpaRepository.findAllById(SimpleJpaRepository.java:78) ~[spring-data-jpa-2.2.3.RELEASE.jar:2.2.3.RELEASE]
	at java.base/jdk.internal.reflect.NativeMethodAccessorImpl.invoke0(Native Method) ~[na:na]
	at java.base/jdk.internal.reflect.NativeMethodAccessorImpl.invoke(NativeMethodAccessorImpl.java:62) ~[na:na]
	at java.base/jdk.internal.reflect.DelegatingMethodAccessorImpl.invoke(DelegatingMethodAccessorImpl.java:43) ~[na:na]
	at java.base/java.lang.reflect.Method.invoke(Method.java:567) ~[na:na]
	at org.springframework.data.repository.core.support.RepositoryComposition$RepositoryFragments.invoke(RepositoryComposition.java:371) ~[spring-data-commons-2.2.3.RELEASE.jar:2.2.3.RELEASE]
	at org.springframework.data.repository.core.support.RepositoryComposition.invoke(RepositoryComposition.java:204) ~[spring-data-commons-2.2.3.RELEASE.jar:2.2.3.RELEASE]
	at org.springframework.data.repository.core.support.RepositoryFactorySupport$ImplementationMethodExecutionInterceptor.invoke(RepositoryFactorySupport.java:657) ~[spring-data-commons-2.2.3.RELEASE.jar:2.2.3.RELEASE]
	at org.springframework.aop.framework.ReflectiveMethodInvocation.proceed(ReflectiveMethodInvocation.java:186) ~[spring-aop-5.2.2.RELEASE.jar:5.2.2.RELEASE]
	at org.springframework.data.repository.core.support.RepositoryFactorySupport$QueryExecutorMethodInterceptor.doInvoke(RepositoryFactorySupport.java:621) ~[spring-data-commons-2.2.3.RELEASE.jar:2.2.3.RELEASE]
	at org.springframework.data.repository.core.support.RepositoryFactorySupport$QueryExecutorMethodInterceptor.invoke(RepositoryFactorySupport.java:605) ~[spring-data-commons-2.2.3.RELEASE.jar:2.2.3.RELEASE]
	at org.springframework.aop.framework.ReflectiveMethodInvocation.proceed(ReflectiveMethodInvocation.java:186) ~[spring-aop-5.2.2.RELEASE.jar:5.2.2.RELEASE]
	at org.springframework.transaction.interceptor.TransactionAspectSupport.invokeWithinTransaction(TransactionAspectSupport.java:366) ~[spring-tx-5.2.2.RELEASE.jar:5.2.2.RELEASE]
	at org.springframework.transaction.interceptor.TransactionInterceptor.invoke(TransactionInterceptor.java:99) ~[spring-tx-5.2.2.RELEASE.jar:5.2.2.RELEASE]
	at org.springframework.aop.framework.ReflectiveMethodInvocation.proceed(ReflectiveMethodInvocation.java:186) ~[spring-aop-5.2.2.RELEASE.jar:5.2.2.RELEASE]
	at org.springframework.dao.support.PersistenceExceptionTranslationInterceptor.invoke(PersistenceExceptionTranslationInterceptor.java:139) ~[spring-tx-5.2.2.RELEASE.jar:5.2.2.RELEASE]
	at org.springframework.aop.framework.ReflectiveMethodInvocation.proceed(ReflectiveMethodInvocation.java:186) ~[spring-aop-5.2.2.RELEASE.jar:5.2.2.RELEASE]
	at org.springframework.data.jpa.repository.support.CrudMethodMetadataPostProcessor$CrudMethodMetadataPopulatingMethodInterceptor.invoke(CrudMethodMetadataPostProcessor.java:178) ~[spring-data-jpa-2.2.3.RELEASE.jar:2.2.3.RELEASE]
	at org.springframework.aop.framework.ReflectiveMethodInvocation.proceed(ReflectiveMethodInvocation.java:186) ~[spring-aop-5.2.2.RELEASE.jar:5.2.2.RELEASE]
	at org.springframework.aop.interceptor.ExposeInvocationInterceptor.invoke(ExposeInvocationInterceptor.java:93) ~[spring-aop-5.2.2.RELEASE.jar:5.2.2.RELEASE]
	at org.springframework.aop.framework.ReflectiveMethodInvocation.proceed(ReflectiveMethodInvocation.java:186) ~[spring-aop-5.2.2.RELEASE.jar:5.2.2.RELEASE]
	at org.springframework.aop.framework.JdkDynamicAopProxy.invoke(JdkDynamicAopProxy.java:212) ~[spring-aop-5.2.2.RELEASE.jar:5.2.2.RELEASE]
	at com.sun.proxy.$Proxy106.findAllById(Unknown Source) ~[na:na]
	at org.launchcode.javawebdevtechjobspersistent.controllers.HomeController.processAddJobForm(HomeController.java:74) ~[main/:na]
	at java.base/jdk.internal.reflect.NativeMethodAccessorImpl.invoke0(Native Method) ~[na:na]
	at java.base/jdk.internal.reflect.NativeMethodAccessorImpl.invoke(NativeMethodAccessorImpl.java:62) ~[na:na]
	at java.base/jdk.internal.reflect.DelegatingMethodAccessorImpl.invoke(DelegatingMethodAccessorImpl.java:43) ~[na:na]
	at java.base/java.lang.reflect.Method.invoke(Method.java:567) ~[na:na]
	at org.springframework.web.method.support.InvocableHandlerMethod.doInvoke(InvocableHandlerMethod.java:190) ~[spring-web-5.2.2.RELEASE.jar:5.2.2.RELEASE]
	at org.springframework.web.method.support.InvocableHandlerMethod.invokeForRequest(InvocableHandlerMethod.java:138) ~[spring-web-5.2.2.RELEASE.jar:5.2.2.RELEASE]
	at org.springframework.web.servlet.mvc.method.annotation.ServletInvocableHandlerMethod.invokeAndHandle(ServletInvocableHandlerMethod.java:106) ~[spring-webmvc-5.2.2.RELEASE.jar:5.2.2.RELEASE]
	at org.springframework.web.servlet.mvc.method.annotation.RequestMappingHandlerAdapter.invokeHandlerMethod(RequestMappingHandlerAdapter.java:888) ~[spring-webmvc-5.2.2.RELEASE.jar:5.2.2.RELEASE]
	at org.springframework.web.servlet.mvc.method.annotation.RequestMappingHandlerAdapter.handleInternal(RequestMappingHandlerAdapter.java:793) ~[spring-webmvc-5.2.2.RELEASE.jar:5.2.2.RELEASE]
	at org.springframework.web.servlet.mvc.method.AbstractHandlerMethodAdapter.handle(AbstractHandlerMethodAdapter.java:87) ~[spring-webmvc-5.2.2.RELEASE.jar:5.2.2.RELEASE]
	at org.springframework.web.servlet.DispatcherServlet.doDispatch(DispatcherServlet.java:1040) ~[spring-webmvc-5.2.2.RELEASE.jar:5.2.2.RELEASE]
	at org.springframework.web.servlet.DispatcherServlet.doService(DispatcherServlet.java:943) ~[spring-webmvc-5.2.2.RELEASE.jar:5.2.2.RELEASE]
	at org.springframework.web.servlet.FrameworkServlet.processRequest(FrameworkServlet.java:1006) ~[spring-webmvc-5.2.2.RELEASE.jar:5.2.2.RELEASE]
	at org.springframework.web.servlet.FrameworkServlet.doPost(FrameworkServlet.java:909) ~[spring-webmvc-5.2.2.RELEASE.jar:5.2.2.RELEASE]
	at javax.servlet.http.HttpServlet.service(HttpServlet.java:660) ~[tomcat-embed-core-9.0.29.jar:9.0.29]
	at org.springframework.web.servlet.FrameworkServlet.service(FrameworkServlet.java:883) ~[spring-webmvc-5.2.2.RELEASE.jar:5.2.2.RELEASE]
	at javax.servlet.http.HttpServlet.service(HttpServlet.java:741) ~[tomcat-embed-core-9.0.29.jar:9.0.29]
	at org.apache.catalina.core.ApplicationFilterChain.internalDoFilter(ApplicationFilterChain.java:231) ~[tomcat-embed-core-9.0.29.jar:9.0.29]
	at org.apache.catalina.core.ApplicationFilterChain.doFilter(ApplicationFilterChain.java:166) ~[tomcat-embed-core-9.0.29.jar:9.0.29]
	at org.apache.tomcat.websocket.server.WsFilter.doFilter(WsFilter.java:53) ~[tomcat-embed-websocket-9.0.29.jar:9.0.29]
	at org.apache.catalina.core.ApplicationFilterChain.internalDoFilter(ApplicationFilterChain.java:193) ~[tomcat-embed-core-9.0.29.jar:9.0.29]
	at org.apache.catalina.core.ApplicationFilterChain.doFilter(ApplicationFilterChain.java:166) ~[tomcat-embed-core-9.0.29.jar:9.0.29]
	at org.springframework.web.filter.RequestContextFilter.doFilterInternal(RequestContextFilter.java:100) ~[spring-web-5.2.2.RELEASE.jar:5.2.2.RELEASE]
	at org.springframework.web.filter.OncePerRequestFilter.doFilter(OncePerRequestFilter.java:119) ~[spring-web-5.2.2.RELEASE.jar:5.2.2.RELEASE]
	at org.apache.catalina.core.ApplicationFilterChain.internalDoFilter(ApplicationFilterChain.java:193) ~[tomcat-embed-core-9.0.29.jar:9.0.29]
	at org.apache.catalina.core.ApplicationFilterChain.doFilter(ApplicationFilterChain.java:166) ~[tomcat-embed-core-9.0.29.jar:9.0.29]
	at org.springframework.web.filter.FormContentFilter.doFilterInternal(FormContentFilter.java:93) ~[spring-web-5.2.2.RELEASE.jar:5.2.2.RELEASE]
	at org.springframework.web.filter.OncePerRequestFilter.doFilter(OncePerRequestFilter.java:119) ~[spring-web-5.2.2.RELEASE.jar:5.2.2.RELEASE]
	at org.apache.catalina.core.ApplicationFilterChain.internalDoFilter(ApplicationFilterChain.java:193) ~[tomcat-embed-core-9.0.29.jar:9.0.29]
	at org.apache.catalina.core.ApplicationFilterChain.doFilter(ApplicationFilterChain.java:166) ~[tomcat-embed-core-9.0.29.jar:9.0.29]
	at org.springframework.web.filter.CharacterEncodingFilter.doFilterInternal(CharacterEncodingFilter.java:201) ~[spring-web-5.2.2.RELEASE.jar:5.2.2.RELEASE]
	at org.springframework.web.filter.OncePerRequestFilter.doFilter(OncePerRequestFilter.java:119) ~[spring-web-5.2.2.RELEASE.jar:5.2.2.RELEASE]
	at org.apache.catalina.core.ApplicationFilterChain.internalDoFilter(ApplicationFilterChain.java:193) ~[tomcat-embed-core-9.0.29.jar:9.0.29]
	at org.apache.catalina.core.ApplicationFilterChain.doFilter(ApplicationFilterChain.java:166) ~[tomcat-embed-core-9.0.29.jar:9.0.29]
	at org.apache.catalina.core.StandardWrapperValve.invoke(StandardWrapperValve.java:202) ~[tomcat-embed-core-9.0.29.jar:9.0.29]
	at org.apache.catalina.core.StandardContextValve.invoke(StandardContextValve.java:96) ~[tomcat-embed-core-9.0.29.jar:9.0.29]
	at org.apache.catalina.authenticator.AuthenticatorBase.invoke(AuthenticatorBase.java:526) ~[tomcat-embed-core-9.0.29.jar:9.0.29]
	at org.apache.catalina.core.StandardHostValve.invoke(StandardHostValve.java:139) ~[tomcat-embed-core-9.0.29.jar:9.0.29]
	at org.apache.catalina.valves.ErrorReportValve.invoke(ErrorReportValve.java:92) ~[tomcat-embed-core-9.0.29.jar:9.0.29]
	at org.apache.catalina.core.StandardEngineValve.invoke(StandardEngineValve.java:74) ~[tomcat-embed-core-9.0.29.jar:9.0.29]
	at org.apache.catalina.connector.CoyoteAdapter.service(CoyoteAdapter.java:343) ~[tomcat-embed-core-9.0.29.jar:9.0.29]
	at org.apache.coyote.http11.Http11Processor.service(Http11Processor.java:367) ~[tomcat-embed-core-9.0.29.jar:9.0.29]
	at org.apache.coyote.AbstractProcessorLight.process(AbstractProcessorLight.java:65) ~[tomcat-embed-core-9.0.29.jar:9.0.29]
	at org.apache.coyote.AbstractProtocol$ConnectionHandler.process(AbstractProtocol.java:860) ~[tomcat-embed-core-9.0.29.jar:9.0.29]
	at org.apache.tomcat.util.net.NioEndpoint$SocketProcessor.doRun(NioEndpoint.java:1591) ~[tomcat-embed-core-9.0.29.jar:9.0.29]
	at org.apache.tomcat.util.net.SocketProcessorBase.run(SocketProcessorBase.java:49) ~[tomcat-embed-core-9.0.29.jar:9.0.29]
	at java.base/java.util.concurrent.ThreadPoolExecutor.runWorker(ThreadPoolExecutor.java:1128) ~[na:na]
	at java.base/java.util.concurrent.ThreadPoolExecutor$Worker.run(ThreadPoolExecutor.java:628) ~[na:na]
	at org.apache.tomcat.util.threads.TaskThread$WrappingRunnable.run(TaskThread.java:61) ~[tomcat-embed-core-9.0.29.jar:9.0.29]
	at java.base/java.lang.Thread.run(Thread.java:830) ~[na:na]

