2020-10-26T20:22:21.267-0500 [DEBUG] [org.gradle.launcher.daemon.bootstrap.DaemonMain] Assuming the daemon was started with following jvm opts: [-XX:MaxMetaspaceSize=256m, -XX:+HeapDumpOnOutOfMemoryError, -agentlib:jdwp=transport=dt_socket,server=n,suspend=y,address=127.0.0.1:51291, --add-opens, java.base/java.util=ALL-UNNAMED, --add-opens, java.base/java.lang=ALL-UNNAMED, --add-opens, java.base/java.lang.invoke=ALL-UNNAMED, --add-opens, java.prefs/java.util.prefs=ALL-UNNAMED, -Xms256m, -Xmx512m, -Dfile.encoding=windows-1252, -Duser.country=US, -Duser.language=en, -Duser.variant]
2020-10-26T20:22:21.645-0500 [DEBUG] [org.gradle.internal.nativeintegration.services.NativeServices] Native-platform posix files integration is not available. Continuing with fallback.
2020-10-26T20:22:21.832-0500 [INFO] [org.gradle.launcher.daemon.server.Daemon] start() called on daemon - DefaultDaemonContext[uid=072e9817-3e17-48ae-8a09-124d11cfc99a,javaHome=C:\Program Files\Java\jdk-13.0.2,daemonRegistryDir=C:\Users\lburk\lc101\java-web-dev-techjobs-persistent\daemon,pid=15092,idleTimeout=10800000,priority=NORMAL,daemonOpts=-XX:MaxMetaspaceSize=256m,-XX:+HeapDumpOnOutOfMemoryError,-agentlib:jdwp=transport=dt_socket,server=n,suspend=y,address=127.0.0.1:51291,--add-opens,java.base/java.util=ALL-UNNAMED,--add-opens,java.base/java.lang=ALL-UNNAMED,--add-opens,java.base/java.lang.invoke=ALL-UNNAMED,--add-opens,java.prefs/java.util.prefs=ALL-UNNAMED,-Xms256m,-Xmx512m,-Dfile.encoding=windows-1252,-Duser.country=US,-Duser.language=en,-Duser.variant]
2020-10-26T20:22:23.897-0500 [DEBUG] [org.gradle.internal.remote.internal.inet.InetAddresses] Adding IP addresses for network interface Software Loopback Interface 1
2020-10-26T20:22:23.904-0500 [DEBUG] [org.gradle.internal.remote.internal.inet.InetAddresses] Is this a loopback interface? true
2020-10-26T20:22:23.905-0500 [DEBUG] [org.gradle.internal.remote.internal.inet.InetAddresses] Adding loopback address /127.0.0.1
2020-10-26T20:22:23.906-0500 [DEBUG] [org.gradle.internal.remote.internal.inet.InetAddresses] Adding loopback address /0:0:0:0:0:0:0:1
2020-10-26T20:22:23.912-0500 [DEBUG] [org.gradle.internal.remote.internal.inet.InetAddresses] Adding IP addresses for network interface Microsoft 6to4 Adapter
2020-10-26T20:22:23.918-0500 [DEBUG] [org.gradle.internal.remote.internal.inet.InetAddresses] Is this a loopback interface? false
2020-10-26T20:22:23.919-0500 [DEBUG] [org.gradle.internal.remote.internal.inet.InetAddresses] Adding IP addresses for network interface Microsoft Wi-Fi Direct Virtual Adapter #2
2020-10-26T20:22:23.924-0500 [DEBUG] [org.gradle.internal.remote.internal.inet.InetAddresses] Is this a loopback interface? false
2020-10-26T20:22:23.925-0500 [DEBUG] [org.gradle.internal.remote.internal.inet.InetAddresses] Adding remote address /192.168.137.1
2020-10-26T20:22:23.926-0500 [DEBUG] [org.gradle.internal.remote.internal.inet.InetAddresses] Adding remote address /fe80:0:0:0:2108:fa4b:eef4:62b3%wlan0
2020-10-26T20:22:23.927-0500 [DEBUG] [org.gradle.internal.remote.internal.inet.InetAddresses] Adding IP addresses for network interface Microsoft Kernel Debug Network Adapter
2020-10-26T20:22:23.935-0500 [DEBUG] [org.gradle.internal.remote.internal.inet.InetAddresses] Is this a loopback interface? false
2020-10-26T20:22:23.936-0500 [DEBUG] [org.gradle.internal.remote.internal.inet.InetAddresses] Adding IP addresses for network interface WAN Miniport (IPv6)
2020-10-26T20:22:23.942-0500 [DEBUG] [org.gradle.internal.remote.internal.inet.InetAddresses] Is this a loopback interface? false
2020-10-26T20:22:23.942-0500 [DEBUG] [org.gradle.internal.remote.internal.inet.InetAddresses] Adding IP addresses for network interface Microsoft IP-HTTPS Platform Adapter
2020-10-26T20:22:23.948-0500 [DEBUG] [org.gradle.internal.remote.internal.inet.InetAddresses] Is this a loopback interface? false
2020-10-26T20:22:23.948-0500 [DEBUG] [org.gradle.internal.remote.internal.inet.InetAddresses] Adding IP addresses for network interface WAN Miniport (IP)
2020-10-26T20:22:23.953-0500 [DEBUG] [org.gradle.internal.remote.internal.inet.InetAddresses] Is this a loopback interface? false
2020-10-26T20:22:23.954-0500 [DEBUG] [org.gradle.internal.remote.internal.inet.InetAddresses] Adding IP addresses for network interface Realtek 8821CE Wireless LAN 802.11ac PCI-E NIC
2020-10-26T20:22:23.959-0500 [DEBUG] [org.gradle.internal.remote.internal.inet.InetAddresses] Is this a loopback interface? false
2020-10-26T20:22:23.960-0500 [DEBUG] [org.gradle.internal.remote.internal.inet.InetAddresses] Adding remote address /192.168.1.163
2020-10-26T20:22:23.961-0500 [DEBUG] [org.gradle.internal.remote.internal.inet.InetAddresses] Adding remote address /2600:6c40:5a80:1870:0:7754:906d:d57
2020-10-26T20:22:23.961-0500 [DEBUG] [org.gradle.internal.remote.internal.inet.InetAddresses] Adding remote address /2600:6c40:5a80:1870:f933:bb7d:5e2c:68d
2020-10-26T20:22:23.962-0500 [DEBUG] [org.gradle.internal.remote.internal.inet.InetAddresses] Adding remote address /2600:6c40:5a80:1870:5c4c:8457:6c90:cfb7
2020-10-26T20:22:23.963-0500 [DEBUG] [org.gradle.internal.remote.internal.inet.InetAddresses] Adding remote address /2600:6c40:5a80:1870:74b5:9599:de4c:4ce3
2020-10-26T20:22:23.963-0500 [DEBUG] [org.gradle.internal.remote.internal.inet.InetAddresses] Adding remote address /fe80:0:0:0:f933:bb7d:5e2c:68d%wlan1
2020-10-26T20:22:23.964-0500 [DEBUG] [org.gradle.internal.remote.internal.inet.InetAddresses] Adding IP addresses for network interface WAN Miniport (Network Monitor)
2020-10-26T20:22:23.969-0500 [DEBUG] [org.gradle.internal.remote.internal.inet.InetAddresses] Is this a loopback interface? false
2020-10-26T20:22:23.970-0500 [DEBUG] [org.gradle.internal.remote.internal.inet.InetAddresses] Adding IP addresses for network interface WAN Miniport (L2TP)
2020-10-26T20:22:23.994-0500 [DEBUG] [org.gradle.internal.remote.internal.inet.InetAddresses] Is this a loopback interface? false
2020-10-26T20:22:23.995-0500 [DEBUG] [org.gradle.internal.remote.internal.inet.InetAddresses] Adding IP addresses for network interface WAN Miniport (PPTP)
2020-10-26T20:22:24.002-0500 [DEBUG] [org.gradle.internal.remote.internal.inet.InetAddresses] Is this a loopback interface? false
2020-10-26T20:22:24.002-0500 [DEBUG] [org.gradle.internal.remote.internal.inet.InetAddresses] Adding IP addresses for network interface WAN Miniport (PPPOE)
2020-10-26T20:22:24.009-0500 [DEBUG] [org.gradle.internal.remote.internal.inet.InetAddresses] Is this a loopback interface? false
2020-10-26T20:22:24.010-0500 [DEBUG] [org.gradle.internal.remote.internal.inet.InetAddresses] Adding IP addresses for network interface Microsoft Teredo Tunneling Adapter
2020-10-26T20:22:24.017-0500 [DEBUG] [org.gradle.internal.remote.internal.inet.InetAddresses] Is this a loopback interface? false
2020-10-26T20:22:24.018-0500 [DEBUG] [org.gradle.internal.remote.internal.inet.InetAddresses] Adding IP addresses for network interface WAN Miniport (IKEv2)
2020-10-26T20:22:24.037-0500 [DEBUG] [org.gradle.internal.remote.internal.inet.InetAddresses] Is this a loopback interface? false
2020-10-26T20:22:24.037-0500 [DEBUG] [org.gradle.internal.remote.internal.inet.InetAddresses] Adding IP addresses for network interface Bluetooth Device (Personal Area Network)
2020-10-26T20:22:24.044-0500 [DEBUG] [org.gradle.internal.remote.internal.inet.InetAddresses] Is this a loopback interface? false
2020-10-26T20:22:24.045-0500 [DEBUG] [org.gradle.internal.remote.internal.inet.InetAddresses] Adding remote address /fe80:0:0:0:f559:2eeb:3908:3e72%eth4
2020-10-26T20:22:24.045-0500 [DEBUG] [org.gradle.internal.remote.internal.inet.InetAddresses] Adding IP addresses for network interface Microsoft Wi-Fi Direct Virtual Adapter
2020-10-26T20:22:24.053-0500 [DEBUG] [org.gradle.internal.remote.internal.inet.InetAddresses] Is this a loopback interface? false
2020-10-26T20:22:24.054-0500 [DEBUG] [org.gradle.internal.remote.internal.inet.InetAddresses] Adding remote address /fe80:0:0:0:881:6590:171d:199e%wlan2
2020-10-26T20:22:24.055-0500 [DEBUG] [org.gradle.internal.remote.internal.inet.InetAddresses] Adding IP addresses for network interface WAN Miniport (SSTP)
2020-10-26T20:22:24.064-0500 [DEBUG] [org.gradle.internal.remote.internal.inet.InetAddresses] Is this a loopback interface? false
2020-10-26T20:22:24.065-0500 [DEBUG] [org.gradle.internal.remote.internal.inet.InetAddresses] Adding IP addresses for network interface Realtek 8821CE Wireless LAN 802.11ac PCI-E NIC-WFP Native MAC Layer LightWeight Filter-0000
2020-10-26T20:22:24.073-0500 [DEBUG] [org.gradle.internal.remote.internal.inet.InetAddresses] Is this a loopback interface? false
2020-10-26T20:22:24.073-0500 [DEBUG] [org.gradle.internal.remote.internal.inet.InetAddresses] Adding IP addresses for network interface Realtek 8821CE Wireless LAN 802.11ac PCI-E NIC-Virtual WiFi Filter Driver-0000
2020-10-26T20:22:24.083-0500 [DEBUG] [org.gradle.internal.remote.internal.inet.InetAddresses] Is this a loopback interface? false
2020-10-26T20:22:24.083-0500 [DEBUG] [org.gradle.internal.remote.internal.inet.InetAddresses] Adding IP addresses for network interface Realtek 8821CE Wireless LAN 802.11ac PCI-E NIC-Native WiFi Filter Driver-0000
2020-10-26T20:22:24.090-0500 [DEBUG] [org.gradle.internal.remote.internal.inet.InetAddresses] Is this a loopback interface? false
2020-10-26T20:22:24.091-0500 [DEBUG] [org.gradle.internal.remote.internal.inet.InetAddresses] Adding IP addresses for network interface Realtek 8821CE Wireless LAN 802.11ac PCI-E NIC-QoS Packet Scheduler-0000
2020-10-26T20:22:24.097-0500 [DEBUG] [org.gradle.internal.remote.internal.inet.InetAddresses] Is this a loopback interface? false
2020-10-26T20:22:24.098-0500 [DEBUG] [org.gradle.internal.remote.internal.inet.InetAddresses] Adding IP addresses for network interface Realtek 8821CE Wireless LAN 802.11ac PCI-E NIC-WFP 802.3 MAC Layer LightWeight Filter-0000
2020-10-26T20:22:24.105-0500 [DEBUG] [org.gradle.internal.remote.internal.inet.InetAddresses] Is this a loopback interface? false
2020-10-26T20:22:24.106-0500 [DEBUG] [org.gradle.internal.remote.internal.inet.InetAddresses] Adding IP addresses for network interface WAN Miniport (IP)-WFP Native MAC Layer LightWeight Filter-0000
2020-10-26T20:22:24.112-0500 [DEBUG] [org.gradle.internal.remote.internal.inet.InetAddresses] Is this a loopback interface? false
2020-10-26T20:22:24.113-0500 [DEBUG] [org.gradle.internal.remote.internal.inet.InetAddresses] Adding IP addresses for network interface WAN Miniport (IP)-QoS Packet Scheduler-0000
2020-10-26T20:22:24.119-0500 [DEBUG] [org.gradle.internal.remote.internal.inet.InetAddresses] Is this a loopback interface? false
2020-10-26T20:22:24.121-0500 [DEBUG] [org.gradle.internal.remote.internal.inet.InetAddresses] Adding IP addresses for network interface WAN Miniport (IPv6)-WFP Native MAC Layer LightWeight Filter-0000
2020-10-26T20:22:24.129-0500 [DEBUG] [org.gradle.internal.remote.internal.inet.InetAddresses] Is this a loopback interface? false
2020-10-26T20:22:24.131-0500 [DEBUG] [org.gradle.internal.remote.internal.inet.InetAddresses] Adding IP addresses for network interface WAN Miniport (IPv6)-QoS Packet Scheduler-0000
2020-10-26T20:22:24.139-0500 [DEBUG] [org.gradle.internal.remote.internal.inet.InetAddresses] Is this a loopback interface? false
2020-10-26T20:22:24.140-0500 [DEBUG] [org.gradle.internal.remote.internal.inet.InetAddresses] Adding IP addresses for network interface WAN Miniport (Network Monitor)-WFP Native MAC Layer LightWeight Filter-0000
2020-10-26T20:22:24.147-0500 [DEBUG] [org.gradle.internal.remote.internal.inet.InetAddresses] Is this a loopback interface? false
2020-10-26T20:22:24.147-0500 [DEBUG] [org.gradle.internal.remote.internal.inet.InetAddresses] Adding IP addresses for network interface WAN Miniport (Network Monitor)-QoS Packet Scheduler-0000
2020-10-26T20:22:24.154-0500 [DEBUG] [org.gradle.internal.remote.internal.inet.InetAddresses] Is this a loopback interface? false
2020-10-26T20:22:24.155-0500 [DEBUG] [org.gradle.internal.remote.internal.inet.InetAddresses] Adding IP addresses for network interface Microsoft Wi-Fi Direct Virtual Adapter-WFP Native MAC Layer LightWeight Filter-0000
2020-10-26T20:22:24.161-0500 [DEBUG] [org.gradle.internal.remote.internal.inet.InetAddresses] Is this a loopback interface? false
2020-10-26T20:22:24.162-0500 [DEBUG] [org.gradle.internal.remote.internal.inet.InetAddresses] Adding IP addresses for network interface Microsoft Wi-Fi Direct Virtual Adapter-Native WiFi Filter Driver-0000
2020-10-26T20:22:24.169-0500 [DEBUG] [org.gradle.internal.remote.internal.inet.InetAddresses] Is this a loopback interface? false
2020-10-26T20:22:24.169-0500 [DEBUG] [org.gradle.internal.remote.internal.inet.InetAddresses] Adding IP addresses for network interface Microsoft Wi-Fi Direct Virtual Adapter-QoS Packet Scheduler-0000
2020-10-26T20:22:24.176-0500 [DEBUG] [org.gradle.internal.remote.internal.inet.InetAddresses] Is this a loopback interface? false
2020-10-26T20:22:24.176-0500 [DEBUG] [org.gradle.internal.remote.internal.inet.InetAddresses] Adding IP addresses for network interface Microsoft Wi-Fi Direct Virtual Adapter-WFP 802.3 MAC Layer LightWeight Filter-0000
2020-10-26T20:22:24.182-0500 [DEBUG] [org.gradle.internal.remote.internal.inet.InetAddresses] Is this a loopback interface? false
2020-10-26T20:22:24.183-0500 [DEBUG] [org.gradle.internal.remote.internal.inet.InetAddresses] Adding IP addresses for network interface Microsoft Wi-Fi Direct Virtual Adapter #2-WFP Native MAC Layer LightWeight Filter-0000
2020-10-26T20:22:24.192-0500 [DEBUG] [org.gradle.internal.remote.internal.inet.InetAddresses] Is this a loopback interface? false
2020-10-26T20:22:24.192-0500 [DEBUG] [org.gradle.internal.remote.internal.inet.InetAddresses] Adding IP addresses for network interface Microsoft Wi-Fi Direct Virtual Adapter #2-Native WiFi Filter Driver-0000
2020-10-26T20:22:24.199-0500 [DEBUG] [org.gradle.internal.remote.internal.inet.InetAddresses] Is this a loopback interface? false
2020-10-26T20:22:24.200-0500 [DEBUG] [org.gradle.internal.remote.internal.inet.InetAddresses] Adding IP addresses for network interface Microsoft Wi-Fi Direct Virtual Adapter #2-QoS Packet Scheduler-0000
2020-10-26T20:22:24.207-0500 [DEBUG] [org.gradle.internal.remote.internal.inet.InetAddresses] Is this a loopback interface? false
2020-10-26T20:22:24.208-0500 [DEBUG] [org.gradle.internal.remote.internal.inet.InetAddresses] Adding IP addresses for network interface Microsoft Wi-Fi Direct Virtual Adapter #2-WFP 802.3 MAC Layer LightWeight Filter-0000
2020-10-26T20:22:24.214-0500 [DEBUG] [org.gradle.internal.remote.internal.inet.InetAddresses] Is this a loopback interface? false
2020-10-26T20:22:24.765-0500 [DEBUG] [org.gradle.internal.remote.internal.inet.TcpIncomingConnector] Listening on [ca3088f3-39a7-4c85-95a1-ff824450c275 port:51296, addresses:[/127.0.0.1, /0:0:0:0:0:0:0:1]].
2020-10-26T20:22:24.792-0500 [DEBUG] [org.gradle.launcher.daemon.server.Daemon] Daemon starting at: Mon Oct 26 20:22:24 CDT 2020, with address: [ca3088f3-39a7-4c85-95a1-ff824450c275 port:51296, addresses:[/127.0.0.1, /0:0:0:0:0:0:0:1]]
2020-10-26T20:22:24.793-0500 [INFO] [org.gradle.launcher.daemon.server.DaemonRegistryUpdater] Advertising the daemon address to the clients: [ca3088f3-39a7-4c85-95a1-ff824450c275 port:51296, addresses:[/127.0.0.1, /0:0:0:0:0:0:0:1]]
2020-10-26T20:22:24.794-0500 [DEBUG] [org.gradle.launcher.daemon.server.DaemonRegistryUpdater] Advertised daemon context: DefaultDaemonContext[uid=072e9817-3e17-48ae-8a09-124d11cfc99a,javaHome=C:\Program Files\Java\jdk-13.0.2,daemonRegistryDir=C:\Users\lburk\lc101\java-web-dev-techjobs-persistent\daemon,pid=15092,idleTimeout=10800000,priority=NORMAL,daemonOpts=-XX:MaxMetaspaceSize=256m,-XX:+HeapDumpOnOutOfMemoryError,-agentlib:jdwp=transport=dt_socket,server=n,suspend=y,address=127.0.0.1:51291,--add-opens,java.base/java.util=ALL-UNNAMED,--add-opens,java.base/java.lang=ALL-UNNAMED,--add-opens,java.base/java.lang.invoke=ALL-UNNAMED,--add-opens,java.prefs/java.util.prefs=ALL-UNNAMED,-Xms256m,-Xmx512m,-Dfile.encoding=windows-1252,-Duser.country=US,-Duser.language=en,-Duser.variant]
2020-10-26T20:22:24.798-0500 [DEBUG] [org.gradle.launcher.daemon.registry.PersistentDaemonRegistry] Storing daemon address: [ca3088f3-39a7-4c85-95a1-ff824450c275 port:51296, addresses:[/127.0.0.1, /0:0:0:0:0:0:0:1]], context: DefaultDaemonContext[uid=072e9817-3e17-48ae-8a09-124d11cfc99a,javaHome=C:\Program Files\Java\jdk-13.0.2,daemonRegistryDir=C:\Users\lburk\lc101\java-web-dev-techjobs-persistent\daemon,pid=15092,idleTimeout=10800000,priority=NORMAL,daemonOpts=-XX:MaxMetaspaceSize=256m,-XX:+HeapDumpOnOutOfMemoryError,-agentlib:jdwp=transport=dt_socket,server=n,suspend=y,address=127.0.0.1:51291,--add-opens,java.base/java.util=ALL-UNNAMED,--add-opens,java.base/java.lang=ALL-UNNAMED,--add-opens,java.base/java.lang.invoke=ALL-UNNAMED,--add-opens,java.prefs/java.util.prefs=ALL-UNNAMED,-Xms256m,-Xmx512m,-Dfile.encoding=windows-1252,-Duser.country=US,-Duser.language=en,-Duser.variant]
2020-10-26T20:22:24.836-0500 [DEBUG] [org.gradle.cache.internal.DefaultFileLockManager] Waiting to acquire exclusive lock on daemon addresses registry.
2020-10-26T20:22:24.852-0500 [DEBUG] [org.gradle.cache.internal.DefaultFileLockManager] Lock acquired on daemon addresses registry.
2020-10-26T20:22:24.884-0500 [DEBUG] [org.gradle.cache.internal.DefaultFileLockManager] Releasing lock on daemon addresses registry.
2020-10-26T20:22:24.887-0500 [LIFECYCLE] [org.gradle.launcher.daemon.server.Daemon] Daemon server started.
2020-10-26T20:22:24.896-0500 [DEBUG] [org.gradle.launcher.daemon.bootstrap.DaemonStartupCommunication] Completed writing the daemon greeting. Closing streams...
2020-10-26T20:22:24.913-0500 [DEBUG] [org.gradle.launcher.daemon.server.Daemon] stopOnExpiration() called on daemon
2020-10-26T20:22:24.916-0500 [DEBUG] [org.gradle.launcher.daemon.server.Daemon] awaitExpiration() called on daemon
2020-10-26T20:22:24.918-0500 [DEBUG] [org.gradle.launcher.daemon.server.DaemonStateCoordinator] daemon is running. Sleeping until state changes.
2020-10-26T20:22:24.956-0500 [DEBUG] [org.gradle.internal.remote.internal.inet.TcpIncomingConnector] Accepted connection from /127.0.0.1:51297 to /127.0.0.1:51296.
2020-10-26T20:22:25.183-0500 [DEBUG] [org.gradle.launcher.daemon.server.SynchronizedDispatchConnection] thread 21: received class org.gradle.launcher.daemon.protocol.Build
2020-10-26T20:22:25.184-0500 [DEBUG] [org.gradle.launcher.daemon.server.DefaultDaemonConnection] thread 21: Received non-IO message from client: Build{id=3e73b02e-92e0-4f74-97e1-1aeb5529a645, currentDir=C:\Users\lburk\lc101\java-web-dev-techjobs-persistent}
2020-10-26T20:22:25.185-0500 [INFO] [org.gradle.launcher.daemon.server.DefaultIncomingConnectionHandler] Received command: Build{id=3e73b02e-92e0-4f74-97e1-1aeb5529a645, currentDir=C:\Users\lburk\lc101\java-web-dev-techjobs-persistent}.
2020-10-26T20:22:25.185-0500 [DEBUG] [org.gradle.launcher.daemon.server.DefaultIncomingConnectionHandler] Starting executing command: Build{id=3e73b02e-92e0-4f74-97e1-1aeb5529a645, currentDir=C:\Users\lburk\lc101\java-web-dev-techjobs-persistent} with connection: socket connection from /127.0.0.1:51296 to /127.0.0.1:51297.
2020-10-26T20:22:25.193-0500 [ERROR] [org.gradle.launcher.daemon.server.DaemonStateCoordinator] Command execution: started DaemonCommandExecution[command = Build{id=3e73b02e-92e0-4f74-97e1-1aeb5529a645, currentDir=C:\Users\lburk\lc101\java-web-dev-techjobs-persistent}, connection = DefaultDaemonConnection: socket connection from /127.0.0.1:51296 to /127.0.0.1:51297] after 0.0 minutes of idle
2020-10-26T20:22:25.194-0500 [INFO] [org.gradle.launcher.daemon.server.DaemonRegistryUpdater] Marking the daemon as busy, address: [ca3088f3-39a7-4c85-95a1-ff824450c275 port:51296, addresses:[/127.0.0.1, /0:0:0:0:0:0:0:1]]
2020-10-26T20:22:25.195-0500 [DEBUG] [org.gradle.launcher.daemon.registry.PersistentDaemonRegistry] Marking busy by address: [ca3088f3-39a7-4c85-95a1-ff824450c275 port:51296, addresses:[/127.0.0.1, /0:0:0:0:0:0:0:1]]
2020-10-26T20:22:25.199-0500 [DEBUG] [org.gradle.cache.internal.DefaultFileLockManager] Waiting to acquire exclusive lock on daemon addresses registry.
2020-10-26T20:22:25.200-0500 [DEBUG] [org.gradle.cache.internal.DefaultFileLockManager] Lock acquired on daemon addresses registry.
2020-10-26T20:22:25.207-0500 [DEBUG] [org.gradle.cache.internal.DefaultFileLockManager] Releasing lock on daemon addresses registry.
2020-10-26T20:22:25.208-0500 [DEBUG] [org.gradle.launcher.daemon.server.DaemonStateCoordinator] resetting idle timer
2020-10-26T20:22:25.208-0500 [DEBUG] [org.gradle.launcher.daemon.server.DaemonStateCoordinator] daemon is running. Sleeping until state changes.
2020-10-26T20:22:25.210-0500 [INFO] [org.gradle.launcher.daemon.server.exec.StartBuildOrRespondWithBusy] Daemon is about to start building Build{id=3e73b02e-92e0-4f74-97e1-1aeb5529a645, currentDir=C:\Users\lburk\lc101\java-web-dev-techjobs-persistent}. Dispatching build started information...
2020-10-26T20:22:25.211-0500 [DEBUG] [org.gradle.launcher.daemon.server.SynchronizedDispatchConnection] thread 23: dispatching class org.gradle.launcher.daemon.protocol.BuildStarted
2020-10-26T20:22:25.216-0500 [DEBUG] [org.gradle.launcher.daemon.server.exec.EstablishBuildEnvironment] Configuring env variables: {configsetroot=C:\WINDOWS\ConfigSetRoot, USERDOMAIN_ROAMINGPROFILE=LAPTOP-TOLOOT87, LOCALAPPDATA=C:\Users\lburk\AppData\Local, PROCESSOR_LEVEL=21, USERDOMAIN=LAPTOP-TOLOOT87, LOGONSERVER=\\LAPTOP-TOLOOT87, JAVA_HOME=C:\Program Files\Java\jdk-13.0.2, SESSIONNAME=Console, ALLUSERSPROFILE=C:\ProgramData, PROCESSOR_ARCHITECTURE=AMD64, ANDROID_HOME=C:\Users\lburk\lc101\angular-lc101-mission-planner\node_modules\protractor\node_modules\webdriver-manager\built\lib\binaries, PSModulePath=C:\Program Files\WindowsPowerShell\Modules;C:\WINDOWS\system32\WindowsPowerShell\v1.0\Modules, SystemDrive=C:, OneDrive=C:\Users\lburk\OneDrive, APPDATA=C:\Users\lburk\AppData\Roaming, USERNAME=lburk, ProgramFiles(x86)=C:\Program Files (x86), CommonProgramFiles=C:\Program Files\Common Files, Path=C:\WINDOWS\system32;C:\WINDOWS;C:\WINDOWS\System32\Wbem;C:\WINDOWS\System32\WindowsPowerShell\v1.0\;C:\WINDOWS\System32\OpenSSH\;C:\Program Files\Git\cmd;C:\Program Files\nodejs\;C:\Program Files\Java\jdk-13.0.2\bin;C:\Program Files\MySQL\MySQL Shell 8.0\bin\;C:\Users\lburk\AppData\Local\Microsoft\WindowsApps;C:\Users\lburk\AppData\Local\Programs\Microsoft VS Code\bin;C:\Users\lburk\AppData\Local\GitHubDesktop\bin;C:\Users\lburk\AppData\Roaming\npm, PATHEXT=.COM;.EXE;.BAT;.CMD;.VBS;.VBE;.JS;.JSE;.WSF;.WSH;.MSC, DriverData=C:\Windows\System32\Drivers\DriverData, OS=Windows_NT, OneDriveConsumer=C:\Users\lburk\OneDrive, COMPUTERNAME=LAPTOP-TOLOOT87, PROCESSOR_REVISION=7000, CommonProgramW6432=C:\Program Files\Common Files, ComSpec=C:\WINDOWS\system32\cmd.exe, ProgramData=C:\ProgramData, ProgramW6432=C:\Program Files, HOMEPATH=\Users\lburk, SystemRoot=C:\WINDOWS, TEMP=C:\Users\lburk\AppData\Local\Temp, PROCESSOR_IDENTIFIER=AMD64 Family 21 Model 112 Stepping 0, AuthenticAMD, USERPROFILE=C:\Users\lburk, HOMEDRIVE=C:, TMP=C:\Users\lburk\AppData\Local\Temp, ProgramFiles=C:\Program Files, CommonProgramFiles(x86)=C:\Program Files (x86)\Common Files, PUBLIC=C:\Users\Public, windir=C:\WINDOWS, NUMBER_OF_PROCESSORS=2, =::=::\, IDEA_INITIAL_DIRECTORY=C:\Users\lburk\AppData\Local\JetBrains\IntelliJ IDEA Community Edition 2020.2\bin}
2020-10-26T20:22:25.243-0500 [DEBUG] [org.gradle.launcher.daemon.server.exec.LogToClient] About to start relaying all logs to the client via the connection.
2020-10-26T20:22:25.243-0500 [INFO] [org.gradle.launcher.daemon.server.exec.LogToClient] The client will now receive all logging from the daemon (pid: 15092). The daemon log file: C:\Users\lburk\lc101\java-web-dev-techjobs-persistent\daemon\6.0.1\daemon-15092.out.log
2020-10-26T20:22:25.253-0500 [INFO] [org.gradle.launcher.daemon.server.exec.LogAndCheckHealth] Starting build in new daemon [memory: 536.9 MB]
2020-10-26T20:22:25.280-0500 [DEBUG] [org.gradle.launcher.daemon.server.exec.ExecuteBuild] The daemon has started executing the build.
2020-10-26T20:22:25.282-0500 [DEBUG] [org.gradle.launcher.daemon.server.exec.ExecuteBuild] Executing build with daemon context: DefaultDaemonContext[uid=072e9817-3e17-48ae-8a09-124d11cfc99a,javaHome=C:\Program Files\Java\jdk-13.0.2,daemonRegistryDir=C:\Users\lburk\lc101\java-web-dev-techjobs-persistent\daemon,pid=15092,idleTimeout=10800000,priority=NORMAL,daemonOpts=-XX:MaxMetaspaceSize=256m,-XX:+HeapDumpOnOutOfMemoryError,-agentlib:jdwp=transport=dt_socket,server=n,suspend=y,address=127.0.0.1:51291,--add-opens,java.base/java.util=ALL-UNNAMED,--add-opens,java.base/java.lang=ALL-UNNAMED,--add-opens,java.base/java.lang.invoke=ALL-UNNAMED,--add-opens,java.prefs/java.util.prefs=ALL-UNNAMED,-Xms256m,-Xmx512m,-Dfile.encoding=windows-1252,-Duser.country=US,-Duser.language=en,-Duser.variant]

  .   ____          _            __ _ _
 /\\ / ___'_ __ _ _(_)_ __  __ _ \ \ \ \
( ( )\___ | '_ | '_| | '_ \/ _` | \ \ \ \
 \\/  ___)| |_)| | | | | || (_| |  ) ) ) )
  '  |____| .__|_| |_|_| |_\__, | / / / /
 =========|_|==============|___/=/_/_/_/
 :: Spring Boot ::        (v2.2.2.RELEASE)

2020-10-26 20:23:00.549  INFO 15300 --- [  restartedMain] .JavaWebDevTechjobsPersistentApplication : Starting JavaWebDevTechjobsPersistentApplication on LAPTOP-TOLOOT87 with PID 15300 (C:\Users\lburk\lc101\java-web-dev-techjobs-persistent\build\classes\java\main started by lburk in C:\Users\lburk\lc101\java-web-dev-techjobs-persistent)
2020-10-26 20:23:00.560  INFO 15300 --- [  restartedMain] .JavaWebDevTechjobsPersistentApplication : No active profile set, falling back to default profiles: default
2020-10-26 20:23:01.009  INFO 15300 --- [  restartedMain] o.s.b.devtools.restart.ChangeableUrls    : The Class-Path manifest attribute in C:\Users\lburk\lc101\java-web-dev-techjobs-persistent\caches\modules-2\files-2.1\org.glassfish.jaxb\jaxb-runtime\2.3.2\5528bc882ea499a09d720b42af11785c4fc6be2a\jaxb-runtime-2.3.2.jar referenced one or more files that do not exist: file:/C:/Users/lburk/lc101/java-web-dev-techjobs-persistent/caches/modules-2/files-2.1/org.glassfish.jaxb/jaxb-runtime/2.3.2/5528bc882ea499a09d720b42af11785c4fc6be2a/jakarta.xml.bind-api-2.3.2.jar,file:/C:/Users/lburk/lc101/java-web-dev-techjobs-persistent/caches/modules-2/files-2.1/org.glassfish.jaxb/jaxb-runtime/2.3.2/5528bc882ea499a09d720b42af11785c4fc6be2a/txw2-2.3.2.jar,file:/C:/Users/lburk/lc101/java-web-dev-techjobs-persistent/caches/modules-2/files-2.1/org.glassfish.jaxb/jaxb-runtime/2.3.2/5528bc882ea499a09d720b42af11785c4fc6be2a/istack-commons-runtime-3.0.8.jar,file:/C:/Users/lburk/lc101/java-web-dev-techjobs-persistent/caches/modules-2/files-2.1/org.glassfish.jaxb/jaxb-runtime/2.3.2/5528bc882ea499a09d720b42af11785c4fc6be2a/stax-ex-1.8.1.jar,file:/C:/Users/lburk/lc101/java-web-dev-techjobs-persistent/caches/modules-2/files-2.1/org.glassfish.jaxb/jaxb-runtime/2.3.2/5528bc882ea499a09d720b42af11785c4fc6be2a/FastInfoset-1.2.16.jar,file:/C:/Users/lburk/lc101/java-web-dev-techjobs-persistent/caches/modules-2/files-2.1/org.glassfish.jaxb/jaxb-runtime/2.3.2/5528bc882ea499a09d720b42af11785c4fc6be2a/jakarta.activation-api-1.2.1.jar
2020-10-26 20:23:01.012  INFO 15300 --- [  restartedMain] .e.DevToolsPropertyDefaultsPostProcessor : Devtools property defaults active! Set 'spring.devtools.add-properties' to 'false' to disable
2020-10-26 20:23:01.012  INFO 15300 --- [  restartedMain] .e.DevToolsPropertyDefaultsPostProcessor : For additional web related logging consider setting the 'logging.level.web' property to 'DEBUG'
2020-10-26 20:23:05.768  INFO 15300 --- [  restartedMain] .s.d.r.c.RepositoryConfigurationDelegate : Bootstrapping Spring Data JPA repositories in DEFAULT mode.
2020-10-26 20:23:06.038  INFO 15300 --- [  restartedMain] .s.d.r.c.RepositoryConfigurationDelegate : Finished Spring Data repository scanning in 244ms. Found 3 JPA repository interfaces.
2020-10-26 20:23:07.717  INFO 15300 --- [  restartedMain] trationDelegate$BeanPostProcessorChecker : Bean 'org.springframework.transaction.annotation.ProxyTransactionManagementConfiguration' of type [org.springframework.transaction.annotation.ProxyTransactionManagementConfiguration] is not eligible for getting processed by all BeanPostProcessors (for example: not eligible for auto-proxying)
2020-10-26 20:23:09.762  INFO 15300 --- [  restartedMain] o.s.b.w.embedded.tomcat.TomcatWebServer  : Tomcat initialized with port(s): 8080 (http)
2020-10-26 20:23:09.795  INFO 15300 --- [  restartedMain] o.apache.catalina.core.StandardService   : Starting service [Tomcat]
2020-10-26 20:23:09.795  INFO 15300 --- [  restartedMain] org.apache.catalina.core.StandardEngine  : Starting Servlet engine: [Apache Tomcat/9.0.29]
2020-10-26 20:23:10.582  INFO 15300 --- [  restartedMain] o.a.c.c.C.[Tomcat].[localhost].[/]       : Initializing Spring embedded WebApplicationContext
2020-10-26 20:23:10.583  INFO 15300 --- [  restartedMain] o.s.web.context.ContextLoader            : Root WebApplicationContext: initialization completed in 9569 ms
2020-10-26 20:23:12.187  INFO 15300 --- [  restartedMain] o.hibernate.jpa.internal.util.LogHelper  : HHH000204: Processing PersistenceUnitInfo [name: default]
2020-10-26 20:23:12.427  INFO 15300 --- [  restartedMain] org.hibernate.Version                    : HHH000412: Hibernate Core {5.4.9.Final}
2020-10-26 20:23:12.985  INFO 15300 --- [  restartedMain] o.hibernate.annotations.common.Version   : HCANN000001: Hibernate Commons Annotations {5.1.0.Final}
2020-10-26 20:23:13.507  INFO 15300 --- [  restartedMain] com.zaxxer.hikari.HikariDataSource       : HikariPool-1 - Starting...
2020-10-26 20:23:15.046  INFO 15300 --- [  restartedMain] com.zaxxer.hikari.HikariDataSource       : HikariPool-1 - Start completed.
2020-10-26 20:23:15.129  INFO 15300 --- [  restartedMain] org.hibernate.dialect.Dialect            : HHH000400: Using dialect: org.hibernate.dialect.MySQL8Dialect
2020-10-26 20:23:20.535  INFO 15300 --- [  restartedMain] o.h.e.t.j.p.i.JtaPlatformInitiator       : HHH000490: Using JtaPlatform implementation: [org.hibernate.engine.transaction.jta.platform.internal.NoJtaPlatform]
2020-10-26 20:23:20.568  INFO 15300 --- [  restartedMain] j.LocalContainerEntityManagerFactoryBean : Initialized JPA EntityManagerFactory for persistence unit 'default'
2020-10-26 20:23:21.074  INFO 15300 --- [  restartedMain] o.s.b.d.a.OptionalLiveReloadServer       : LiveReload server is running on port 35729
2020-10-26 20:23:22.702  WARN 15300 --- [  restartedMain] JpaBaseConfiguration$JpaWebConfiguration : spring.jpa.open-in-view is enabled by default. Therefore, database queries may be performed during view rendering. Explicitly configure spring.jpa.open-in-view to disable this warning
2020-10-26 20:23:23.257  INFO 15300 --- [  restartedMain] o.s.s.concurrent.ThreadPoolTaskExecutor  : Initializing ExecutorService 'applicationTaskExecutor'
2020-10-26 20:23:23.672  INFO 15300 --- [  restartedMain] o.s.b.a.w.s.WelcomePageHandlerMapping    : Adding welcome page template: index
2020-10-26 20:23:26.483  INFO 15300 --- [  restartedMain] o.s.b.w.embedded.tomcat.TomcatWebServer  : Tomcat started on port(s): 8080 (http) with context path ''
2020-10-26 20:23:26.490  INFO 15300 --- [  restartedMain] .JavaWebDevTechjobsPersistentApplication : Started JavaWebDevTechjobsPersistentApplication in 28.922 seconds (JVM running for 31.729)
2020-10-26 20:23:31.761  INFO 15300 --- [nio-8080-exec-1] o.a.c.c.C.[Tomcat].[localhost].[/]       : Initializing Spring DispatcherServlet 'dispatcherServlet'
2020-10-26 20:23:31.763  INFO 15300 --- [nio-8080-exec-1] o.s.web.servlet.DispatcherServlet        : Initializing Servlet 'dispatcherServlet'
2020-10-26 20:23:31.838  INFO 15300 --- [nio-8080-exec-1] o.s.web.servlet.DispatcherServlet        : Completed initialization in 73 ms
Hibernate: select employer0_.id as id1_0_, employer0_.name as name2_0_, employer0_.location as location3_0_ from employer employer0_
Hibernate: select skill0_.id as id1_3_, skill0_.name as name2_3_, skill0_.description as descript3_3_ from skill skill0_
Hibernate: select job0_.id as id1_1_, job0_.name as name2_1_, job0_.employer_id as employer3_1_ from job job0_
Hibernate: select employer0_.id as id1_0_0_, employer0_.name as name2_0_0_, employer0_.location as location3_0_0_ from employer employer0_ where employer0_.id=?
Hibernate: select employer0_.id as id1_0_0_, employer0_.name as name2_0_0_, employer0_.location as location3_0_0_ from employer employer0_ where employer0_.id=?
2020-10-26 20:23:51.175 ERROR 15300 --- [nio-8080-exec-2] o.a.c.c.C.[.[.[/].[dispatcherServlet]    : Servlet.service() for servlet [dispatcherServlet] in context with path [] threw exception [Request processing failed; nested exception is java.lang.NullPointerException] with root cause

java.lang.NullPointerException: null
	at org.launchcode.javawebdevtechjobspersistent.models.JobData.findByValue(JobData.java:77) ~[main/:na]
	at org.launchcode.javawebdevtechjobspersistent.models.JobData.findByColumnAndValue(JobData.java:33) ~[main/:na]
	at org.launchcode.javawebdevtechjobspersistent.controllers.SearchController.displaySearchResults(SearchController.java:36) ~[main/:na]
	at java.base/jdk.internal.reflect.NativeMethodAccessorImpl.invoke0(Native Method) ~[na:na]
	at java.base/jdk.internal.reflect.NativeMethodAccessorImpl.invoke(NativeMethodAccessorImpl.java:62) ~[na:na]
	at java.base/jdk.internal.reflect.DelegatingMethodAccessorImpl.invoke(DelegatingMethodAccessorImpl.java:43) ~[na:na]
	at java.base/java.lang.reflect.Method.invoke(Method.java:567) ~[na:na]
	at org.springframework.web.method.support.InvocableHandlerMethod.doInvoke(InvocableHandlerMethod.java:190) ~[spring-web-5.2.2.RELEASE.jar:5.2.2.RELEASE]
	at org.springframework.web.method.support.InvocableHandlerMethod.invokeForRequest(InvocableHandlerMethod.java:138) ~[spring-web-5.2.2.RELEASE.jar:5.2.2.RELEASE]
	at org.springframework.web.servlet.mvc.method.annotation.ServletInvocableHandlerMethod.invokeAndHandle(ServletInvocableHandlerMethod.java:106) ~[spring-webmvc-5.2.2.RELEASE.jar:5.2.2.RELEASE]
	at org.springframework.web.servlet.mvc.method.annotation.RequestMappingHandlerAdapter.invokeHandlerMethod(RequestMappingHandlerAdapter.java:888) ~[spring-webmvc-5.2.2.RELEASE.jar:5.2.2.RELEASE]
	at org.springframework.web.servlet.mvc.method.annotation.RequestMappingHandlerAdapter.handleInternal(RequestMappingHandlerAdapter.java:793) ~[spring-webmvc-5.2.2.RELEASE.jar:5.2.2.RELEASE]
	at org.springframework.web.servlet.mvc.method.AbstractHandlerMethodAdapter.handle(AbstractHandlerMethodAdapter.java:87) ~[spring-webmvc-5.2.2.RELEASE.jar:5.2.2.RELEASE]
	at org.springframework.web.servlet.DispatcherServlet.doDispatch(DispatcherServlet.java:1040) ~[spring-webmvc-5.2.2.RELEASE.jar:5.2.2.RELEASE]
	at org.springframework.web.servlet.DispatcherServlet.doService(DispatcherServlet.java:943) ~[spring-webmvc-5.2.2.RELEASE.jar:5.2.2.RELEASE]
	at org.springframework.web.servlet.FrameworkServlet.processRequest(FrameworkServlet.java:1006) ~[spring-webmvc-5.2.2.RELEASE.jar:5.2.2.RELEASE]
	at org.springframework.web.servlet.FrameworkServlet.doPost(FrameworkServlet.java:909) ~[spring-webmvc-5.2.2.RELEASE.jar:5.2.2.RELEASE]
	at javax.servlet.http.HttpServlet.service(HttpServlet.java:660) ~[tomcat-embed-core-9.0.29.jar:9.0.29]
	at org.springframework.web.servlet.FrameworkServlet.service(FrameworkServlet.java:883) ~[spring-webmvc-5.2.2.RELEASE.jar:5.2.2.RELEASE]
	at javax.servlet.http.HttpServlet.service(HttpServlet.java:741) ~[tomcat-embed-core-9.0.29.jar:9.0.29]
	at org.apache.catalina.core.ApplicationFilterChain.internalDoFilter(ApplicationFilterChain.java:231) ~[tomcat-embed-core-9.0.29.jar:9.0.29]
	at org.apache.catalina.core.ApplicationFilterChain.doFilter(ApplicationFilterChain.java:166) ~[tomcat-embed-core-9.0.29.jar:9.0.29]
	at org.apache.tomcat.websocket.server.WsFilter.doFilter(WsFilter.java:53) ~[tomcat-embed-websocket-9.0.29.jar:9.0.29]
	at org.apache.catalina.core.ApplicationFilterChain.internalDoFilter(ApplicationFilterChain.java:193) ~[tomcat-embed-core-9.0.29.jar:9.0.29]
	at org.apache.catalina.core.ApplicationFilterChain.doFilter(ApplicationFilterChain.java:166) ~[tomcat-embed-core-9.0.29.jar:9.0.29]
	at org.springframework.web.filter.RequestContextFilter.doFilterInternal(RequestContextFilter.java:100) ~[spring-web-5.2.2.RELEASE.jar:5.2.2.RELEASE]
	at org.springframework.web.filter.OncePerRequestFilter.doFilter(OncePerRequestFilter.java:119) ~[spring-web-5.2.2.RELEASE.jar:5.2.2.RELEASE]
	at org.apache.catalina.core.ApplicationFilterChain.internalDoFilter(ApplicationFilterChain.java:193) ~[tomcat-embed-core-9.0.29.jar:9.0.29]
	at org.apache.catalina.core.ApplicationFilterChain.doFilter(ApplicationFilterChain.java:166) ~[tomcat-embed-core-9.0.29.jar:9.0.29]
	at org.springframework.web.filter.FormContentFilter.doFilterInternal(FormContentFilter.java:93) ~[spring-web-5.2.2.RELEASE.jar:5.2.2.RELEASE]
	at org.springframework.web.filter.OncePerRequestFilter.doFilter(OncePerRequestFilter.java:119) ~[spring-web-5.2.2.RELEASE.jar:5.2.2.RELEASE]
	at org.apache.catalina.core.ApplicationFilterChain.internalDoFilter(ApplicationFilterChain.java:193) ~[tomcat-embed-core-9.0.29.jar:9.0.29]
	at org.apache.catalina.core.ApplicationFilterChain.doFilter(ApplicationFilterChain.java:166) ~[tomcat-embed-core-9.0.29.jar:9.0.29]
	at org.springframework.web.filter.CharacterEncodingFilter.doFilterInternal(CharacterEncodingFilter.java:201) ~[spring-web-5.2.2.RELEASE.jar:5.2.2.RELEASE]
	at org.springframework.web.filter.OncePerRequestFilter.doFilter(OncePerRequestFilter.java:119) ~[spring-web-5.2.2.RELEASE.jar:5.2.2.RELEASE]
	at org.apache.catalina.core.ApplicationFilterChain.internalDoFilter(ApplicationFilterChain.java:193) ~[tomcat-embed-core-9.0.29.jar:9.0.29]
	at org.apache.catalina.core.ApplicationFilterChain.doFilter(ApplicationFilterChain.java:166) ~[tomcat-embed-core-9.0.29.jar:9.0.29]
	at org.apache.catalina.core.StandardWrapperValve.invoke(StandardWrapperValve.java:202) ~[tomcat-embed-core-9.0.29.jar:9.0.29]
	at org.apache.catalina.core.StandardContextValve.invoke(StandardContextValve.java:96) ~[tomcat-embed-core-9.0.29.jar:9.0.29]
	at org.apache.catalina.authenticator.AuthenticatorBase.invoke(AuthenticatorBase.java:526) ~[tomcat-embed-core-9.0.29.jar:9.0.29]
	at org.apache.catalina.core.StandardHostValve.invoke(StandardHostValve.java:139) ~[tomcat-embed-core-9.0.29.jar:9.0.29]
	at org.apache.catalina.valves.ErrorReportValve.invoke(ErrorReportValve.java:92) ~[tomcat-embed-core-9.0.29.jar:9.0.29]
	at org.apache.catalina.core.StandardEngineValve.invoke(StandardEngineValve.java:74) ~[tomcat-embed-core-9.0.29.jar:9.0.29]
	at org.apache.catalina.connector.CoyoteAdapter.service(CoyoteAdapter.java:343) ~[tomcat-embed-core-9.0.29.jar:9.0.29]
	at org.apache.coyote.http11.Http11Processor.service(Http11Processor.java:367) ~[tomcat-embed-core-9.0.29.jar:9.0.29]
	at org.apache.coyote.AbstractProcessorLight.process(AbstractProcessorLight.java:65) ~[tomcat-embed-core-9.0.29.jar:9.0.29]
	at org.apache.coyote.AbstractProtocol$ConnectionHandler.process(AbstractProtocol.java:860) ~[tomcat-embed-core-9.0.29.jar:9.0.29]
	at org.apache.tomcat.util.net.NioEndpoint$SocketProcessor.doRun(NioEndpoint.java:1591) ~[tomcat-embed-core-9.0.29.jar:9.0.29]
	at org.apache.tomcat.util.net.SocketProcessorBase.run(SocketProcessorBase.java:49) ~[tomcat-embed-core-9.0.29.jar:9.0.29]
	at java.base/java.util.concurrent.ThreadPoolExecutor.runWorker(ThreadPoolExecutor.java:1128) ~[na:na]
	at java.base/java.util.concurrent.ThreadPoolExecutor$Worker.run(ThreadPoolExecutor.java:628) ~[na:na]
	at org.apache.tomcat.util.threads.TaskThread$WrappingRunnable.run(TaskThread.java:61) ~[tomcat-embed-core-9.0.29.jar:9.0.29]
	at java.base/java.lang.Thread.run(Thread.java:830) ~[na:na]

Hibernate: select job0_.id as id1_1_, job0_.name as name2_1_, job0_.employer_id as employer3_1_ from job job0_
Hibernate: select employer0_.id as id1_0_0_, employer0_.name as name2_0_0_, employer0_.location as location3_0_0_ from employer employer0_ where employer0_.id=?
Hibernate: select employer0_.id as id1_0_0_, employer0_.name as name2_0_0_, employer0_.location as location3_0_0_ from employer employer0_ where employer0_.id=?
2020-10-26 20:24:28.564 ERROR 15300 --- [nio-8080-exec-3] org.thymeleaf.TemplateEngine             : [THYMELEAF][http-nio-8080-exec-3] Exception processing template "search": An error happened during template parsing (template: "class path resource [templates/search.html]")

org.thymeleaf.exceptions.TemplateInputException: An error happened during template parsing (template: "class path resource [templates/search.html]")
	at org.thymeleaf.templateparser.markup.AbstractMarkupTemplateParser.parse(AbstractMarkupTemplateParser.java:241) ~[thymeleaf-3.0.11.RELEASE.jar:3.0.11.RELEASE]
	at org.thymeleaf.templateparser.markup.AbstractMarkupTemplateParser.parseStandalone(AbstractMarkupTemplateParser.java:100) ~[thymeleaf-3.0.11.RELEASE.jar:3.0.11.RELEASE]
	at org.thymeleaf.engine.TemplateManager.parseAndProcess(TemplateManager.java:666) ~[thymeleaf-3.0.11.RELEASE.jar:3.0.11.RELEASE]
	at org.thymeleaf.TemplateEngine.process(TemplateEngine.java:1098) ~[thymeleaf-3.0.11.RELEASE.jar:3.0.11.RELEASE]
	at org.thymeleaf.TemplateEngine.process(TemplateEngine.java:1072) ~[thymeleaf-3.0.11.RELEASE.jar:3.0.11.RELEASE]
	at org.thymeleaf.spring5.view.ThymeleafView.renderFragment(ThymeleafView.java:362) ~[thymeleaf-spring5-3.0.11.RELEASE.jar:3.0.11.RELEASE]
	at org.thymeleaf.spring5.view.ThymeleafView.render(ThymeleafView.java:189) ~[thymeleaf-spring5-3.0.11.RELEASE.jar:3.0.11.RELEASE]
	at org.springframework.web.servlet.DispatcherServlet.render(DispatcherServlet.java:1373) ~[spring-webmvc-5.2.2.RELEASE.jar:5.2.2.RELEASE]
	at org.springframework.web.servlet.DispatcherServlet.processDispatchResult(DispatcherServlet.java:1118) ~[spring-webmvc-5.2.2.RELEASE.jar:5.2.2.RELEASE]
	at org.springframework.web.servlet.DispatcherServlet.doDispatch(DispatcherServlet.java:1057) ~[spring-webmvc-5.2.2.RELEASE.jar:5.2.2.RELEASE]
	at org.springframework.web.servlet.DispatcherServlet.doService(DispatcherServlet.java:943) ~[spring-webmvc-5.2.2.RELEASE.jar:5.2.2.RELEASE]
	at org.springframework.web.servlet.FrameworkServlet.processRequest(FrameworkServlet.java:1006) ~[spring-webmvc-5.2.2.RELEASE.jar:5.2.2.RELEASE]
	at org.springframework.web.servlet.FrameworkServlet.doPost(FrameworkServlet.java:909) ~[spring-webmvc-5.2.2.RELEASE.jar:5.2.2.RELEASE]
	at javax.servlet.http.HttpServlet.service(HttpServlet.java:660) ~[tomcat-embed-core-9.0.29.jar:9.0.29]
	at org.springframework.web.servlet.FrameworkServlet.service(FrameworkServlet.java:883) ~[spring-webmvc-5.2.2.RELEASE.jar:5.2.2.RELEASE]
	at javax.servlet.http.HttpServlet.service(HttpServlet.java:741) ~[tomcat-embed-core-9.0.29.jar:9.0.29]
	at org.apache.catalina.core.ApplicationFilterChain.internalDoFilter(ApplicationFilterChain.java:231) ~[tomcat-embed-core-9.0.29.jar:9.0.29]
	at org.apache.catalina.core.ApplicationFilterChain.doFilter(ApplicationFilterChain.java:166) ~[tomcat-embed-core-9.0.29.jar:9.0.29]
	at org.apache.tomcat.websocket.server.WsFilter.doFilter(WsFilter.java:53) ~[tomcat-embed-websocket-9.0.29.jar:9.0.29]
	at org.apache.catalina.core.ApplicationFilterChain.internalDoFilter(ApplicationFilterChain.java:193) ~[tomcat-embed-core-9.0.29.jar:9.0.29]
	at org.apache.catalina.core.ApplicationFilterChain.doFilter(ApplicationFilterChain.java:166) ~[tomcat-embed-core-9.0.29.jar:9.0.29]
	at org.springframework.web.filter.RequestContextFilter.doFilterInternal(RequestContextFilter.java:100) ~[spring-web-5.2.2.RELEASE.jar:5.2.2.RELEASE]
	at org.springframework.web.filter.OncePerRequestFilter.doFilter(OncePerRequestFilter.java:119) ~[spring-web-5.2.2.RELEASE.jar:5.2.2.RELEASE]
	at org.apache.catalina.core.ApplicationFilterChain.internalDoFilter(ApplicationFilterChain.java:193) ~[tomcat-embed-core-9.0.29.jar:9.0.29]
	at org.apache.catalina.core.ApplicationFilterChain.doFilter(ApplicationFilterChain.java:166) ~[tomcat-embed-core-9.0.29.jar:9.0.29]
	at org.springframework.web.filter.FormContentFilter.doFilterInternal(FormContentFilter.java:93) ~[spring-web-5.2.2.RELEASE.jar:5.2.2.RELEASE]
	at org.springframework.web.filter.OncePerRequestFilter.doFilter(OncePerRequestFilter.java:119) ~[spring-web-5.2.2.RELEASE.jar:5.2.2.RELEASE]
	at org.apache.catalina.core.ApplicationFilterChain.internalDoFilter(ApplicationFilterChain.java:193) ~[tomcat-embed-core-9.0.29.jar:9.0.29]
	at org.apache.catalina.core.ApplicationFilterChain.doFilter(ApplicationFilterChain.java:166) ~[tomcat-embed-core-9.0.29.jar:9.0.29]
	at org.springframework.web.filter.CharacterEncodingFilter.doFilterInternal(CharacterEncodingFilter.java:201) ~[spring-web-5.2.2.RELEASE.jar:5.2.2.RELEASE]
	at org.springframework.web.filter.OncePerRequestFilter.doFilter(OncePerRequestFilter.java:119) ~[spring-web-5.2.2.RELEASE.jar:5.2.2.RELEASE]
	at org.apache.catalina.core.ApplicationFilterChain.internalDoFilter(ApplicationFilterChain.java:193) ~[tomcat-embed-core-9.0.29.jar:9.0.29]
	at org.apache.catalina.core.ApplicationFilterChain.doFilter(ApplicationFilterChain.java:166) ~[tomcat-embed-core-9.0.29.jar:9.0.29]
	at org.apache.catalina.core.StandardWrapperValve.invoke(StandardWrapperValve.java:202) ~[tomcat-embed-core-9.0.29.jar:9.0.29]
	at org.apache.catalina.core.StandardContextValve.invoke(StandardContextValve.java:96) ~[tomcat-embed-core-9.0.29.jar:9.0.29]
	at org.apache.catalina.authenticator.AuthenticatorBase.invoke(AuthenticatorBase.java:526) ~[tomcat-embed-core-9.0.29.jar:9.0.29]
	at org.apache.catalina.core.StandardHostValve.invoke(StandardHostValve.java:139) ~[tomcat-embed-core-9.0.29.jar:9.0.29]
	at org.apache.catalina.valves.ErrorReportValve.invoke(ErrorReportValve.java:92) ~[tomcat-embed-core-9.0.29.jar:9.0.29]
	at org.apache.catalina.core.StandardEngineValve.invoke(StandardEngineValve.java:74) ~[tomcat-embed-core-9.0.29.jar:9.0.29]
	at org.apache.catalina.connector.CoyoteAdapter.service(CoyoteAdapter.java:343) ~[tomcat-embed-core-9.0.29.jar:9.0.29]
	at org.apache.coyote.http11.Http11Processor.service(Http11Processor.java:367) ~[tomcat-embed-core-9.0.29.jar:9.0.29]
	at org.apache.coyote.AbstractProcessorLight.process(AbstractProcessorLight.java:65) ~[tomcat-embed-core-9.0.29.jar:9.0.29]
	at org.apache.coyote.AbstractProtocol$ConnectionHandler.process(AbstractProtocol.java:860) ~[tomcat-embed-core-9.0.29.jar:9.0.29]
	at org.apache.tomcat.util.net.NioEndpoint$SocketProcessor.doRun(NioEndpoint.java:1591) ~[tomcat-embed-core-9.0.29.jar:9.0.29]
	at org.apache.tomcat.util.net.SocketProcessorBase.run(SocketProcessorBase.java:49) ~[tomcat-embed-core-9.0.29.jar:9.0.29]
	at java.base/java.util.concurrent.ThreadPoolExecutor.runWorker(ThreadPoolExecutor.java:1128) ~[na:na]
	at java.base/java.util.concurrent.ThreadPoolExecutor$Worker.run(ThreadPoolExecutor.java:628) ~[na:na]
	at org.apache.tomcat.util.threads.TaskThread$WrappingRunnable.run(TaskThread.java:61) ~[tomcat-embed-core-9.0.29.jar:9.0.29]
	at java.base/java.lang.Thread.run(Thread.java:830) ~[na:na]
Caused by: org.attoparser.ParseException: Exception evaluating SpringEL expression: "job.employer.id" (template: "search" - line 50, col 24)
	at org.attoparser.MarkupParser.parseDocument(MarkupParser.java:393) ~[attoparser-2.0.5.RELEASE.jar:2.0.5.RELEASE]
	at org.attoparser.MarkupParser.parse(MarkupParser.java:257) ~[attoparser-2.0.5.RELEASE.jar:2.0.5.RELEASE]
	at org.thymeleaf.templateparser.markup.AbstractMarkupTemplateParser.parse(AbstractMarkupTemplateParser.java:230) ~[thymeleaf-3.0.11.RELEASE.jar:3.0.11.RELEASE]
	... 48 common frames omitted
Caused by: org.thymeleaf.exceptions.TemplateProcessingException: Exception evaluating SpringEL expression: "job.employer.id" (template: "search" - line 50, col 24)
	at org.thymeleaf.spring5.expression.SPELVariableExpressionEvaluator.evaluate(SPELVariableExpressionEvaluator.java:290) ~[thymeleaf-spring5-3.0.11.RELEASE.jar:3.0.11.RELEASE]
	at org.thymeleaf.standard.expression.VariableExpression.executeVariableExpression(VariableExpression.java:166) ~[thymeleaf-3.0.11.RELEASE.jar:3.0.11.RELEASE]
	at org.thymeleaf.standard.expression.SimpleExpression.executeSimple(SimpleExpression.java:66) ~[thymeleaf-3.0.11.RELEASE.jar:3.0.11.RELEASE]
	at org.thymeleaf.standard.expression.Expression.execute(Expression.java:109) ~[thymeleaf-3.0.11.RELEASE.jar:3.0.11.RELEASE]
	at org.thymeleaf.standard.expression.AdditionExpression.executeAddition(AdditionExpression.java:96) ~[thymeleaf-3.0.11.RELEASE.jar:3.0.11.RELEASE]
	at org.thymeleaf.standard.expression.ComplexExpression.executeComplex(ComplexExpression.java:62) ~[thymeleaf-3.0.11.RELEASE.jar:3.0.11.RELEASE]
	at org.thymeleaf.standard.expression.Expression.execute(Expression.java:112) ~[thymeleaf-3.0.11.RELEASE.jar:3.0.11.RELEASE]
	at org.thymeleaf.standard.expression.Expression.execute(Expression.java:138) ~[thymeleaf-3.0.11.RELEASE.jar:3.0.11.RELEASE]
	at org.thymeleaf.standard.expression.LinkExpression.executeLinkExpression(LinkExpression.java:264) ~[thymeleaf-3.0.11.RELEASE.jar:3.0.11.RELEASE]
	at org.thymeleaf.standard.expression.SimpleExpression.executeSimple(SimpleExpression.java:85) ~[thymeleaf-3.0.11.RELEASE.jar:3.0.11.RELEASE]
	at org.thymeleaf.standard.expression.Expression.execute(Expression.java:109) ~[thymeleaf-3.0.11.RELEASE.jar:3.0.11.RELEASE]
	at org.thymeleaf.standard.expression.Expression.execute(Expression.java:138) ~[thymeleaf-3.0.11.RELEASE.jar:3.0.11.RELEASE]
	at org.thymeleaf.standard.processor.AbstractStandardExpressionAttributeTagProcessor.doProcess(AbstractStandardExpressionAttributeTagProcessor.java:144) ~[thymeleaf-3.0.11.RELEASE.jar:3.0.11.RELEASE]
	at org.thymeleaf.processor.element.AbstractAttributeTagProcessor.doProcess(AbstractAttributeTagProcessor.java:74) ~[thymeleaf-3.0.11.RELEASE.jar:3.0.11.RELEASE]
	at org.thymeleaf.processor.element.AbstractElementTagProcessor.process(AbstractElementTagProcessor.java:95) ~[thymeleaf-3.0.11.RELEASE.jar:3.0.11.RELEASE]
	at org.thymeleaf.util.ProcessorConfigurationUtils$ElementTagProcessorWrapper.process(ProcessorConfigurationUtils.java:633) ~[thymeleaf-3.0.11.RELEASE.jar:3.0.11.RELEASE]
	at org.thymeleaf.engine.ProcessorTemplateHandler.handleOpenElement(ProcessorTemplateHandler.java:1314) ~[thymeleaf-3.0.11.RELEASE.jar:3.0.11.RELEASE]
	at org.thymeleaf.engine.OpenElementTag.beHandled(OpenElementTag.java:205) ~[thymeleaf-3.0.11.RELEASE.jar:3.0.11.RELEASE]
	at org.thymeleaf.engine.Model.process(Model.java:282) ~[thymeleaf-3.0.11.RELEASE.jar:3.0.11.RELEASE]
	at org.thymeleaf.engine.Model.process(Model.java:290) ~[thymeleaf-3.0.11.RELEASE.jar:3.0.11.RELEASE]
	at org.thymeleaf.engine.IteratedGatheringModelProcessable.processIterationModel(IteratedGatheringModelProcessable.java:367) ~[thymeleaf-3.0.11.RELEASE.jar:3.0.11.RELEASE]
	at org.thymeleaf.engine.IteratedGatheringModelProcessable.process(IteratedGatheringModelProcessable.java:221) ~[thymeleaf-3.0.11.RELEASE.jar:3.0.11.RELEASE]
	at org.thymeleaf.engine.ProcessorTemplateHandler.handleCloseElement(ProcessorTemplateHandler.java:1640) ~[thymeleaf-3.0.11.RELEASE.jar:3.0.11.RELEASE]
	at org.thymeleaf.engine.TemplateHandlerAdapterMarkupHandler.handleCloseElementEnd(TemplateHandlerAdapterMarkupHandler.java:388) ~[thymeleaf-3.0.11.RELEASE.jar:3.0.11.RELEASE]
	at org.thymeleaf.templateparser.markup.InlinedOutputExpressionMarkupHandler$InlineMarkupAdapterPreProcessorHandler.handleCloseElementEnd(InlinedOutputExpressionMarkupHandler.java:322) ~[thymeleaf-3.0.11.RELEASE.jar:3.0.11.RELEASE]
	at org.thymeleaf.standard.inline.OutputExpressionInlinePreProcessorHandler.handleCloseElementEnd(OutputExpressionInlinePreProcessorHandler.java:220) ~[thymeleaf-3.0.11.RELEASE.jar:3.0.11.RELEASE]
	at org.thymeleaf.templateparser.markup.InlinedOutputExpressionMarkupHandler.handleCloseElementEnd(InlinedOutputExpressionMarkupHandler.java:164) ~[thymeleaf-3.0.11.RELEASE.jar:3.0.11.RELEASE]
	at org.attoparser.HtmlElement.handleCloseElementEnd(HtmlElement.java:169) ~[attoparser-2.0.5.RELEASE.jar:2.0.5.RELEASE]
	at org.attoparser.HtmlMarkupHandler.handleCloseElementEnd(HtmlMarkupHandler.java:412) ~[attoparser-2.0.5.RELEASE.jar:2.0.5.RELEASE]
	at org.attoparser.MarkupEventProcessorHandler.handleCloseElementEnd(MarkupEventProcessorHandler.java:473) ~[attoparser-2.0.5.RELEASE.jar:2.0.5.RELEASE]
	at org.attoparser.ParsingElementMarkupUtil.parseCloseElement(ParsingElementMarkupUtil.java:201) ~[attoparser-2.0.5.RELEASE.jar:2.0.5.RELEASE]
	at org.attoparser.MarkupParser.parseBuffer(MarkupParser.java:725) ~[attoparser-2.0.5.RELEASE.jar:2.0.5.RELEASE]
	at org.attoparser.MarkupParser.parseDocument(MarkupParser.java:301) ~[attoparser-2.0.5.RELEASE.jar:2.0.5.RELEASE]
	... 50 common frames omitted
Caused by: org.springframework.expression.spel.SpelEvaluationException: EL1007E: Property or field 'id' cannot be found on null
	at org.springframework.expression.spel.ast.PropertyOrFieldReference.readProperty(PropertyOrFieldReference.java:213) ~[spring-expression-5.2.2.RELEASE.jar:5.2.2.RELEASE]
	at org.springframework.expression.spel.ast.PropertyOrFieldReference.getValueInternal(PropertyOrFieldReference.java:104) ~[spring-expression-5.2.2.RELEASE.jar:5.2.2.RELEASE]
	at org.springframework.expression.spel.ast.PropertyOrFieldReference.access$000(PropertyOrFieldReference.java:51) ~[spring-expression-5.2.2.RELEASE.jar:5.2.2.RELEASE]
	at org.springframework.expression.spel.ast.PropertyOrFieldReference$AccessorLValue.getValue(PropertyOrFieldReference.java:406) ~[spring-expression-5.2.2.RELEASE.jar:5.2.2.RELEASE]
	at org.springframework.expression.spel.ast.CompoundExpression.getValueInternal(CompoundExpression.java:92) ~[spring-expression-5.2.2.RELEASE.jar:5.2.2.RELEASE]
	at org.springframework.expression.spel.ast.SpelNodeImpl.getValue(SpelNodeImpl.java:112) ~[spring-expression-5.2.2.RELEASE.jar:5.2.2.RELEASE]
	at org.springframework.expression.spel.standard.SpelExpression.getValue(SpelExpression.java:330) ~[spring-expression-5.2.2.RELEASE.jar:5.2.2.RELEASE]
	at org.thymeleaf.spring5.expression.SPELVariableExpressionEvaluator.evaluate(SPELVariableExpressionEvaluator.java:263) ~[thymeleaf-spring5-3.0.11.RELEASE.jar:3.0.11.RELEASE]
	... 82 common frames omitted

2020-10-26 20:24:28.598 ERROR 15300 --- [nio-8080-exec-3] o.a.c.c.C.[.[.[/].[dispatcherServlet]    : Servlet.service() for servlet [dispatcherServlet] in context with path [] threw exception [Request processing failed; nested exception is org.thymeleaf.exceptions.TemplateInputException: An error happened during template parsing (template: "class path resource [templates/search.html]")] with root cause

org.springframework.expression.spel.SpelEvaluationException: EL1007E: Property or field 'id' cannot be found on null
	at org.springframework.expression.spel.ast.PropertyOrFieldReference.readProperty(PropertyOrFieldReference.java:213) ~[spring-expression-5.2.2.RELEASE.jar:5.2.2.RELEASE]
	at org.springframework.expression.spel.ast.PropertyOrFieldReference.getValueInternal(PropertyOrFieldReference.java:104) ~[spring-expression-5.2.2.RELEASE.jar:5.2.2.RELEASE]
	at org.springframework.expression.spel.ast.PropertyOrFieldReference.access$000(PropertyOrFieldReference.java:51) ~[spring-expression-5.2.2.RELEASE.jar:5.2.2.RELEASE]
	at org.springframework.expression.spel.ast.PropertyOrFieldReference$AccessorLValue.getValue(PropertyOrFieldReference.java:406) ~[spring-expression-5.2.2.RELEASE.jar:5.2.2.RELEASE]
	at org.springframework.expression.spel.ast.CompoundExpression.getValueInternal(CompoundExpression.java:92) ~[spring-expression-5.2.2.RELEASE.jar:5.2.2.RELEASE]
	at org.springframework.expression.spel.ast.SpelNodeImpl.getValue(SpelNodeImpl.java:112) ~[spring-expression-5.2.2.RELEASE.jar:5.2.2.RELEASE]
	at org.springframework.expression.spel.standard.SpelExpression.getValue(SpelExpression.java:330) ~[spring-expression-5.2.2.RELEASE.jar:5.2.2.RELEASE]
	at org.thymeleaf.spring5.expression.SPELVariableExpressionEvaluator.evaluate(SPELVariableExpressionEvaluator.java:263) ~[thymeleaf-spring5-3.0.11.RELEASE.jar:3.0.11.RELEASE]
	at org.thymeleaf.standard.expression.VariableExpression.executeVariableExpression(VariableExpression.java:166) ~[thymeleaf-3.0.11.RELEASE.jar:3.0.11.RELEASE]
	at org.thymeleaf.standard.expression.SimpleExpression.executeSimple(SimpleExpression.java:66) ~[thymeleaf-3.0.11.RELEASE.jar:3.0.11.RELEASE]
	at org.thymeleaf.standard.expression.Expression.execute(Expression.java:109) ~[thymeleaf-3.0.11.RELEASE.jar:3.0.11.RELEASE]
	at org.thymeleaf.standard.expression.AdditionExpression.executeAddition(AdditionExpression.java:96) ~[thymeleaf-3.0.11.RELEASE.jar:3.0.11.RELEASE]
	at org.thymeleaf.standard.expression.ComplexExpression.executeComplex(ComplexExpression.java:62) ~[thymeleaf-3.0.11.RELEASE.jar:3.0.11.RELEASE]
	at org.thymeleaf.standard.expression.Expression.execute(Expression.java:112) ~[thymeleaf-3.0.11.RELEASE.jar:3.0.11.RELEASE]
	at org.thymeleaf.standard.expression.Expression.execute(Expression.java:138) ~[thymeleaf-3.0.11.RELEASE.jar:3.0.11.RELEASE]
	at org.thymeleaf.standard.expression.LinkExpression.executeLinkExpression(LinkExpression.java:264) ~[thymeleaf-3.0.11.RELEASE.jar:3.0.11.RELEASE]
	at org.thymeleaf.standard.expression.SimpleExpression.executeSimple(SimpleExpression.java:85) ~[thymeleaf-3.0.11.RELEASE.jar:3.0.11.RELEASE]
	at org.thymeleaf.standard.expression.Expression.execute(Expression.java:109) ~[thymeleaf-3.0.11.RELEASE.jar:3.0.11.RELEASE]
	at org.thymeleaf.standard.expression.Expression.execute(Expression.java:138) ~[thymeleaf-3.0.11.RELEASE.jar:3.0.11.RELEASE]
	at org.thymeleaf.standard.processor.AbstractStandardExpressionAttributeTagProcessor.doProcess(AbstractStandardExpressionAttributeTagProcessor.java:144) ~[thymeleaf-3.0.11.RELEASE.jar:3.0.11.RELEASE]
	at org.thymeleaf.processor.element.AbstractAttributeTagProcessor.doProcess(AbstractAttributeTagProcessor.java:74) ~[thymeleaf-3.0.11.RELEASE.jar:3.0.11.RELEASE]
	at org.thymeleaf.processor.element.AbstractElementTagProcessor.process(AbstractElementTagProcessor.java:95) ~[thymeleaf-3.0.11.RELEASE.jar:3.0.11.RELEASE]
	at org.thymeleaf.util.ProcessorConfigurationUtils$ElementTagProcessorWrapper.process(ProcessorConfigurationUtils.java:633) ~[thymeleaf-3.0.11.RELEASE.jar:3.0.11.RELEASE]
	at org.thymeleaf.engine.ProcessorTemplateHandler.handleOpenElement(ProcessorTemplateHandler.java:1314) ~[thymeleaf-3.0.11.RELEASE.jar:3.0.11.RELEASE]
	at org.thymeleaf.engine.OpenElementTag.beHandled(OpenElementTag.java:205) ~[thymeleaf-3.0.11.RELEASE.jar:3.0.11.RELEASE]
	at org.thymeleaf.engine.Model.process(Model.java:282) ~[thymeleaf-3.0.11.RELEASE.jar:3.0.11.RELEASE]
	at org.thymeleaf.engine.Model.process(Model.java:290) ~[thymeleaf-3.0.11.RELEASE.jar:3.0.11.RELEASE]
	at org.thymeleaf.engine.IteratedGatheringModelProcessable.processIterationModel(IteratedGatheringModelProcessable.java:367) ~[thymeleaf-3.0.11.RELEASE.jar:3.0.11.RELEASE]
	at org.thymeleaf.engine.IteratedGatheringModelProcessable.process(IteratedGatheringModelProcessable.java:221) ~[thymeleaf-3.0.11.RELEASE.jar:3.0.11.RELEASE]
	at org.thymeleaf.engine.ProcessorTemplateHandler.handleCloseElement(ProcessorTemplateHandler.java:1640) ~[thymeleaf-3.0.11.RELEASE.jar:3.0.11.RELEASE]
	at org.thymeleaf.engine.TemplateHandlerAdapterMarkupHandler.handleCloseElementEnd(TemplateHandlerAdapterMarkupHandler.java:388) ~[thymeleaf-3.0.11.RELEASE.jar:3.0.11.RELEASE]
	at org.thymeleaf.templateparser.markup.InlinedOutputExpressionMarkupHandler$InlineMarkupAdapterPreProcessorHandler.handleCloseElementEnd(InlinedOutputExpressionMarkupHandler.java:322) ~[thymeleaf-3.0.11.RELEASE.jar:3.0.11.RELEASE]
	at org.thymeleaf.standard.inline.OutputExpressionInlinePreProcessorHandler.handleCloseElementEnd(OutputExpressionInlinePreProcessorHandler.java:220) ~[thymeleaf-3.0.11.RELEASE.jar:3.0.11.RELEASE]
	at org.thymeleaf.templateparser.markup.InlinedOutputExpressionMarkupHandler.handleCloseElementEnd(InlinedOutputExpressionMarkupHandler.java:164) ~[thymeleaf-3.0.11.RELEASE.jar:3.0.11.RELEASE]
	at org.attoparser.HtmlElement.handleCloseElementEnd(HtmlElement.java:169) ~[attoparser-2.0.5.RELEASE.jar:2.0.5.RELEASE]
	at org.attoparser.HtmlMarkupHandler.handleCloseElementEnd(HtmlMarkupHandler.java:412) ~[attoparser-2.0.5.RELEASE.jar:2.0.5.RELEASE]
	at org.attoparser.MarkupEventProcessorHandler.handleCloseElementEnd(MarkupEventProcessorHandler.java:473) ~[attoparser-2.0.5.RELEASE.jar:2.0.5.RELEASE]
	at org.attoparser.ParsingElementMarkupUtil.parseCloseElement(ParsingElementMarkupUtil.java:201) ~[attoparser-2.0.5.RELEASE.jar:2.0.5.RELEASE]
	at org.attoparser.MarkupParser.parseBuffer(MarkupParser.java:725) ~[attoparser-2.0.5.RELEASE.jar:2.0.5.RELEASE]
	at org.attoparser.MarkupParser.parseDocument(MarkupParser.java:301) ~[attoparser-2.0.5.RELEASE.jar:2.0.5.RELEASE]
	at org.attoparser.MarkupParser.parse(MarkupParser.java:257) ~[attoparser-2.0.5.RELEASE.jar:2.0.5.RELEASE]
	at org.thymeleaf.templateparser.markup.AbstractMarkupTemplateParser.parse(AbstractMarkupTemplateParser.java:230) ~[thymeleaf-3.0.11.RELEASE.jar:3.0.11.RELEASE]
	at org.thymeleaf.templateparser.markup.AbstractMarkupTemplateParser.parseStandalone(AbstractMarkupTemplateParser.java:100) ~[thymeleaf-3.0.11.RELEASE.jar:3.0.11.RELEASE]
	at org.thymeleaf.engine.TemplateManager.parseAndProcess(TemplateManager.java:666) ~[thymeleaf-3.0.11.RELEASE.jar:3.0.11.RELEASE]
	at org.thymeleaf.TemplateEngine.process(TemplateEngine.java:1098) ~[thymeleaf-3.0.11.RELEASE.jar:3.0.11.RELEASE]
	at org.thymeleaf.TemplateEngine.process(TemplateEngine.java:1072) ~[thymeleaf-3.0.11.RELEASE.jar:3.0.11.RELEASE]
	at org.thymeleaf.spring5.view.ThymeleafView.renderFragment(ThymeleafView.java:362) ~[thymeleaf-spring5-3.0.11.RELEASE.jar:3.0.11.RELEASE]
	at org.thymeleaf.spring5.view.ThymeleafView.render(ThymeleafView.java:189) ~[thymeleaf-spring5-3.0.11.RELEASE.jar:3.0.11.RELEASE]
	at org.springframework.web.servlet.DispatcherServlet.render(DispatcherServlet.java:1373) ~[spring-webmvc-5.2.2.RELEASE.jar:5.2.2.RELEASE]
	at org.springframework.web.servlet.DispatcherServlet.processDispatchResult(DispatcherServlet.java:1118) ~[spring-webmvc-5.2.2.RELEASE.jar:5.2.2.RELEASE]
	at org.springframework.web.servlet.DispatcherServlet.doDispatch(DispatcherServlet.java:1057) ~[spring-webmvc-5.2.2.RELEASE.jar:5.2.2.RELEASE]
	at org.springframework.web.servlet.DispatcherServlet.doService(DispatcherServlet.java:943) ~[spring-webmvc-5.2.2.RELEASE.jar:5.2.2.RELEASE]
	at org.springframework.web.servlet.FrameworkServlet.processRequest(FrameworkServlet.java:1006) ~[spring-webmvc-5.2.2.RELEASE.jar:5.2.2.RELEASE]
	at org.springframework.web.servlet.FrameworkServlet.doPost(FrameworkServlet.java:909) ~[spring-webmvc-5.2.2.RELEASE.jar:5.2.2.RELEASE]
	at javax.servlet.http.HttpServlet.service(HttpServlet.java:660) ~[tomcat-embed-core-9.0.29.jar:9.0.29]
	at org.springframework.web.servlet.FrameworkServlet.service(FrameworkServlet.java:883) ~[spring-webmvc-5.2.2.RELEASE.jar:5.2.2.RELEASE]
	at javax.servlet.http.HttpServlet.service(HttpServlet.java:741) ~[tomcat-embed-core-9.0.29.jar:9.0.29]
	at org.apache.catalina.core.ApplicationFilterChain.internalDoFilter(ApplicationFilterChain.java:231) ~[tomcat-embed-core-9.0.29.jar:9.0.29]
	at org.apache.catalina.core.ApplicationFilterChain.doFilter(ApplicationFilterChain.java:166) ~[tomcat-embed-core-9.0.29.jar:9.0.29]
	at org.apache.tomcat.websocket.server.WsFilter.doFilter(WsFilter.java:53) ~[tomcat-embed-websocket-9.0.29.jar:9.0.29]
	at org.apache.catalina.core.ApplicationFilterChain.internalDoFilter(ApplicationFilterChain.java:193) ~[tomcat-embed-core-9.0.29.jar:9.0.29]
	at org.apache.catalina.core.ApplicationFilterChain.doFilter(ApplicationFilterChain.java:166) ~[tomcat-embed-core-9.0.29.jar:9.0.29]
	at org.springframework.web.filter.RequestContextFilter.doFilterInternal(RequestContextFilter.java:100) ~[spring-web-5.2.2.RELEASE.jar:5.2.2.RELEASE]
	at org.springframework.web.filter.OncePerRequestFilter.doFilter(OncePerRequestFilter.java:119) ~[spring-web-5.2.2.RELEASE.jar:5.2.2.RELEASE]
	at org.apache.catalina.core.ApplicationFilterChain.internalDoFilter(ApplicationFilterChain.java:193) ~[tomcat-embed-core-9.0.29.jar:9.0.29]
	at org.apache.catalina.core.ApplicationFilterChain.doFilter(ApplicationFilterChain.java:166) ~[tomcat-embed-core-9.0.29.jar:9.0.29]
	at org.springframework.web.filter.FormContentFilter.doFilterInternal(FormContentFilter.java:93) ~[spring-web-5.2.2.RELEASE.jar:5.2.2.RELEASE]
	at org.springframework.web.filter.OncePerRequestFilter.doFilter(OncePerRequestFilter.java:119) ~[spring-web-5.2.2.RELEASE.jar:5.2.2.RELEASE]
	at org.apache.catalina.core.ApplicationFilterChain.internalDoFilter(ApplicationFilterChain.java:193) ~[tomcat-embed-core-9.0.29.jar:9.0.29]
	at org.apache.catalina.core.ApplicationFilterChain.doFilter(ApplicationFilterChain.java:166) ~[tomcat-embed-core-9.0.29.jar:9.0.29]
	at org.springframework.web.filter.CharacterEncodingFilter.doFilterInternal(CharacterEncodingFilter.java:201) ~[spring-web-5.2.2.RELEASE.jar:5.2.2.RELEASE]
	at org.springframework.web.filter.OncePerRequestFilter.doFilter(OncePerRequestFilter.java:119) ~[spring-web-5.2.2.RELEASE.jar:5.2.2.RELEASE]
	at org.apache.catalina.core.ApplicationFilterChain.internalDoFilter(ApplicationFilterChain.java:193) ~[tomcat-embed-core-9.0.29.jar:9.0.29]
	at org.apache.catalina.core.ApplicationFilterChain.doFilter(ApplicationFilterChain.java:166) ~[tomcat-embed-core-9.0.29.jar:9.0.29]
	at org.apache.catalina.core.StandardWrapperValve.invoke(StandardWrapperValve.java:202) ~[tomcat-embed-core-9.0.29.jar:9.0.29]
	at org.apache.catalina.core.StandardContextValve.invoke(StandardContextValve.java:96) ~[tomcat-embed-core-9.0.29.jar:9.0.29]
	at org.apache.catalina.authenticator.AuthenticatorBase.invoke(AuthenticatorBase.java:526) ~[tomcat-embed-core-9.0.29.jar:9.0.29]
	at org.apache.catalina.core.StandardHostValve.invoke(StandardHostValve.java:139) ~[tomcat-embed-core-9.0.29.jar:9.0.29]
	at org.apache.catalina.valves.ErrorReportValve.invoke(ErrorReportValve.java:92) ~[tomcat-embed-core-9.0.29.jar:9.0.29]
	at org.apache.catalina.core.StandardEngineValve.invoke(StandardEngineValve.java:74) ~[tomcat-embed-core-9.0.29.jar:9.0.29]
	at org.apache.catalina.connector.CoyoteAdapter.service(CoyoteAdapter.java:343) ~[tomcat-embed-core-9.0.29.jar:9.0.29]
	at org.apache.coyote.http11.Http11Processor.service(Http11Processor.java:367) ~[tomcat-embed-core-9.0.29.jar:9.0.29]
	at org.apache.coyote.AbstractProcessorLight.process(AbstractProcessorLight.java:65) ~[tomcat-embed-core-9.0.29.jar:9.0.29]
	at org.apache.coyote.AbstractProtocol$ConnectionHandler.process(AbstractProtocol.java:860) ~[tomcat-embed-core-9.0.29.jar:9.0.29]
	at org.apache.tomcat.util.net.NioEndpoint$SocketProcessor.doRun(NioEndpoint.java:1591) ~[tomcat-embed-core-9.0.29.jar:9.0.29]
	at org.apache.tomcat.util.net.SocketProcessorBase.run(SocketProcessorBase.java:49) ~[tomcat-embed-core-9.0.29.jar:9.0.29]
	at java.base/java.util.concurrent.ThreadPoolExecutor.runWorker(ThreadPoolExecutor.java:1128) ~[na:na]
	at java.base/java.util.concurrent.ThreadPoolExecutor$Worker.run(ThreadPoolExecutor.java:628) ~[na:na]
	at org.apache.tomcat.util.threads.TaskThread$WrappingRunnable.run(TaskThread.java:61) ~[tomcat-embed-core-9.0.29.jar:9.0.29]
	at java.base/java.lang.Thread.run(Thread.java:830) ~[na:na]

2020-10-26 20:33:45.950  WARN 15300 --- [nio-8080-exec-7] .w.s.m.s.DefaultHandlerExceptionResolver : Resolved [org.springframework.web.HttpRequestMethodNotSupportedException: Request method 'GET' not supported]
Hibernate: select employer0_.id as id1_0_, employer0_.name as name2_0_, employer0_.location as location3_0_ from employer employer0_
Hibernate: select skill0_.id as id1_3_, skill0_.name as name2_3_, skill0_.description as descript3_3_ from skill skill0_
Hibernate: select job0_.id as id1_1_, job0_.name as name2_1_, job0_.employer_id as employer3_1_ from job job0_
Hibernate: select employer0_.id as id1_0_0_, employer0_.name as name2_0_0_, employer0_.location as location3_0_0_ from employer employer0_ where employer0_.id=?
Hibernate: select employer0_.id as id1_0_0_, employer0_.name as name2_0_0_, employer0_.location as location3_0_0_ from employer employer0_ where employer0_.id=?
2020-10-26 20:33:57.795 ERROR 15300 --- [nio-8080-exec-4] o.a.c.c.C.[.[.[/].[dispatcherServlet]    : Servlet.service() for servlet [dispatcherServlet] in context with path [] threw exception [Request processing failed; nested exception is java.lang.NullPointerException] with root cause

java.lang.NullPointerException: null
	at org.launchcode.javawebdevtechjobspersistent.models.JobData.getFieldValue(JobData.java:53) ~[main/:na]
	at org.launchcode.javawebdevtechjobspersistent.models.JobData.findByColumnAndValue(JobData.java:38) ~[main/:na]
	at org.launchcode.javawebdevtechjobspersistent.controllers.ListController.listJobsByColumnAndValue(ListController.java:59) ~[main/:na]
	at java.base/jdk.internal.reflect.NativeMethodAccessorImpl.invoke0(Native Method) ~[na:na]
	at java.base/jdk.internal.reflect.NativeMethodAccessorImpl.invoke(NativeMethodAccessorImpl.java:62) ~[na:na]
	at java.base/jdk.internal.reflect.DelegatingMethodAccessorImpl.invoke(DelegatingMethodAccessorImpl.java:43) ~[na:na]
	at java.base/java.lang.reflect.Method.invoke(Method.java:567) ~[na:na]
	at org.springframework.web.method.support.InvocableHandlerMethod.doInvoke(InvocableHandlerMethod.java:190) ~[spring-web-5.2.2.RELEASE.jar:5.2.2.RELEASE]
	at org.springframework.web.method.support.InvocableHandlerMethod.invokeForRequest(InvocableHandlerMethod.java:138) ~[spring-web-5.2.2.RELEASE.jar:5.2.2.RELEASE]
	at org.springframework.web.servlet.mvc.method.annotation.ServletInvocableHandlerMethod.invokeAndHandle(ServletInvocableHandlerMethod.java:106) ~[spring-webmvc-5.2.2.RELEASE.jar:5.2.2.RELEASE]
	at org.springframework.web.servlet.mvc.method.annotation.RequestMappingHandlerAdapter.invokeHandlerMethod(RequestMappingHandlerAdapter.java:888) ~[spring-webmvc-5.2.2.RELEASE.jar:5.2.2.RELEASE]
	at org.springframework.web.servlet.mvc.method.annotation.RequestMappingHandlerAdapter.handleInternal(RequestMappingHandlerAdapter.java:793) ~[spring-webmvc-5.2.2.RELEASE.jar:5.2.2.RELEASE]
	at org.springframework.web.servlet.mvc.method.AbstractHandlerMethodAdapter.handle(AbstractHandlerMethodAdapter.java:87) ~[spring-webmvc-5.2.2.RELEASE.jar:5.2.2.RELEASE]
	at org.springframework.web.servlet.DispatcherServlet.doDispatch(DispatcherServlet.java:1040) ~[spring-webmvc-5.2.2.RELEASE.jar:5.2.2.RELEASE]
	at org.springframework.web.servlet.DispatcherServlet.doService(DispatcherServlet.java:943) ~[spring-webmvc-5.2.2.RELEASE.jar:5.2.2.RELEASE]
	at org.springframework.web.servlet.FrameworkServlet.processRequest(FrameworkServlet.java:1006) ~[spring-webmvc-5.2.2.RELEASE.jar:5.2.2.RELEASE]
	at org.springframework.web.servlet.FrameworkServlet.doGet(FrameworkServlet.java:898) ~[spring-webmvc-5.2.2.RELEASE.jar:5.2.2.RELEASE]
	at javax.servlet.http.HttpServlet.service(HttpServlet.java:634) ~[tomcat-embed-core-9.0.29.jar:9.0.29]
	at org.springframework.web.servlet.FrameworkServlet.service(FrameworkServlet.java:883) ~[spring-webmvc-5.2.2.RELEASE.jar:5.2.2.RELEASE]
	at javax.servlet.http.HttpServlet.service(HttpServlet.java:741) ~[tomcat-embed-core-9.0.29.jar:9.0.29]
	at org.apache.catalina.core.ApplicationFilterChain.internalDoFilter(ApplicationFilterChain.java:231) ~[tomcat-embed-core-9.0.29.jar:9.0.29]
	at org.apache.catalina.core.ApplicationFilterChain.doFilter(ApplicationFilterChain.java:166) ~[tomcat-embed-core-9.0.29.jar:9.0.29]
	at org.apache.tomcat.websocket.server.WsFilter.doFilter(WsFilter.java:53) ~[tomcat-embed-websocket-9.0.29.jar:9.0.29]
	at org.apache.catalina.core.ApplicationFilterChain.internalDoFilter(ApplicationFilterChain.java:193) ~[tomcat-embed-core-9.0.29.jar:9.0.29]
	at org.apache.catalina.core.ApplicationFilterChain.doFilter(ApplicationFilterChain.java:166) ~[tomcat-embed-core-9.0.29.jar:9.0.29]
	at org.springframework.web.filter.RequestContextFilter.doFilterInternal(RequestContextFilter.java:100) ~[spring-web-5.2.2.RELEASE.jar:5.2.2.RELEASE]
	at org.springframework.web.filter.OncePerRequestFilter.doFilter(OncePerRequestFilter.java:119) ~[spring-web-5.2.2.RELEASE.jar:5.2.2.RELEASE]
	at org.apache.catalina.core.ApplicationFilterChain.internalDoFilter(ApplicationFilterChain.java:193) ~[tomcat-embed-core-9.0.29.jar:9.0.29]
	at org.apache.catalina.core.ApplicationFilterChain.doFilter(ApplicationFilterChain.java:166) ~[tomcat-embed-core-9.0.29.jar:9.0.29]
	at org.springframework.web.filter.FormContentFilter.doFilterInternal(FormContentFilter.java:93) ~[spring-web-5.2.2.RELEASE.jar:5.2.2.RELEASE]
	at org.springframework.web.filter.OncePerRequestFilter.doFilter(OncePerRequestFilter.java:119) ~[spring-web-5.2.2.RELEASE.jar:5.2.2.RELEASE]
	at org.apache.catalina.core.ApplicationFilterChain.internalDoFilter(ApplicationFilterChain.java:193) ~[tomcat-embed-core-9.0.29.jar:9.0.29]
	at org.apache.catalina.core.ApplicationFilterChain.doFilter(ApplicationFilterChain.java:166) ~[tomcat-embed-core-9.0.29.jar:9.0.29]
	at org.springframework.web.filter.CharacterEncodingFilter.doFilterInternal(CharacterEncodingFilter.java:201) ~[spring-web-5.2.2.RELEASE.jar:5.2.2.RELEASE]
	at org.springframework.web.filter.OncePerRequestFilter.doFilter(OncePerRequestFilter.java:119) ~[spring-web-5.2.2.RELEASE.jar:5.2.2.RELEASE]
	at org.apache.catalina.core.ApplicationFilterChain.internalDoFilter(ApplicationFilterChain.java:193) ~[tomcat-embed-core-9.0.29.jar:9.0.29]
	at org.apache.catalina.core.ApplicationFilterChain.doFilter(ApplicationFilterChain.java:166) ~[tomcat-embed-core-9.0.29.jar:9.0.29]
	at org.apache.catalina.core.StandardWrapperValve.invoke(StandardWrapperValve.java:202) ~[tomcat-embed-core-9.0.29.jar:9.0.29]
	at org.apache.catalina.core.StandardContextValve.invoke(StandardContextValve.java:96) ~[tomcat-embed-core-9.0.29.jar:9.0.29]
	at org.apache.catalina.authenticator.AuthenticatorBase.invoke(AuthenticatorBase.java:526) ~[tomcat-embed-core-9.0.29.jar:9.0.29]
	at org.apache.catalina.core.StandardHostValve.invoke(StandardHostValve.java:139) ~[tomcat-embed-core-9.0.29.jar:9.0.29]
	at org.apache.catalina.valves.ErrorReportValve.invoke(ErrorReportValve.java:92) ~[tomcat-embed-core-9.0.29.jar:9.0.29]
	at org.apache.catalina.core.StandardEngineValve.invoke(StandardEngineValve.java:74) ~[tomcat-embed-core-9.0.29.jar:9.0.29]
	at org.apache.catalina.connector.CoyoteAdapter.service(CoyoteAdapter.java:343) ~[tomcat-embed-core-9.0.29.jar:9.0.29]
	at org.apache.coyote.http11.Http11Processor.service(Http11Processor.java:367) ~[tomcat-embed-core-9.0.29.jar:9.0.29]
	at org.apache.coyote.AbstractProcessorLight.process(AbstractProcessorLight.java:65) ~[tomcat-embed-core-9.0.29.jar:9.0.29]
	at org.apache.coyote.AbstractProtocol$ConnectionHandler.process(AbstractProtocol.java:860) ~[tomcat-embed-core-9.0.29.jar:9.0.29]
	at org.apache.tomcat.util.net.NioEndpoint$SocketProcessor.doRun(NioEndpoint.java:1591) ~[tomcat-embed-core-9.0.29.jar:9.0.29]
	at org.apache.tomcat.util.net.SocketProcessorBase.run(SocketProcessorBase.java:49) ~[tomcat-embed-core-9.0.29.jar:9.0.29]
	at java.base/java.util.concurrent.ThreadPoolExecutor.runWorker(ThreadPoolExecutor.java:1128) ~[na:na]
	at java.base/java.util.concurrent.ThreadPoolExecutor$Worker.run(ThreadPoolExecutor.java:628) ~[na:na]
	at org.apache.tomcat.util.threads.TaskThread$WrappingRunnable.run(TaskThread.java:61) ~[tomcat-embed-core-9.0.29.jar:9.0.29]
	at java.base/java.lang.Thread.run(Thread.java:830) ~[na:na]

Hibernate: select job0_.id as id1_1_, job0_.name as name2_1_, job0_.employer_id as employer3_1_ from job job0_
Hibernate: select employer0_.id as id1_0_0_, employer0_.name as name2_0_0_, employer0_.location as location3_0_0_ from employer employer0_ where employer0_.id=?
Hibernate: select employer0_.id as id1_0_0_, employer0_.name as name2_0_0_, employer0_.location as location3_0_0_ from employer employer0_ where employer0_.id=?
2020-10-26 20:34:30.266 ERROR 15300 --- [nio-8080-exec-8] o.a.c.c.C.[.[.[/].[dispatcherServlet]    : Servlet.service() for servlet [dispatcherServlet] in context with path [] threw exception [Request processing failed; nested exception is java.lang.NullPointerException] with root cause

java.lang.NullPointerException: null
	at org.launchcode.javawebdevtechjobspersistent.models.JobData.getFieldValue(JobData.java:53) ~[main/:na]
	at org.launchcode.javawebdevtechjobspersistent.models.JobData.findByColumnAndValue(JobData.java:38) ~[main/:na]
	at org.launchcode.javawebdevtechjobspersistent.controllers.ListController.listJobsByColumnAndValue(ListController.java:59) ~[main/:na]
	at java.base/jdk.internal.reflect.NativeMethodAccessorImpl.invoke0(Native Method) ~[na:na]
	at java.base/jdk.internal.reflect.NativeMethodAccessorImpl.invoke(NativeMethodAccessorImpl.java:62) ~[na:na]
	at java.base/jdk.internal.reflect.DelegatingMethodAccessorImpl.invoke(DelegatingMethodAccessorImpl.java:43) ~[na:na]
	at java.base/java.lang.reflect.Method.invoke(Method.java:567) ~[na:na]
	at org.springframework.web.method.support.InvocableHandlerMethod.doInvoke(InvocableHandlerMethod.java:190) ~[spring-web-5.2.2.RELEASE.jar:5.2.2.RELEASE]
	at org.springframework.web.method.support.InvocableHandlerMethod.invokeForRequest(InvocableHandlerMethod.java:138) ~[spring-web-5.2.2.RELEASE.jar:5.2.2.RELEASE]
	at org.springframework.web.servlet.mvc.method.annotation.ServletInvocableHandlerMethod.invokeAndHandle(ServletInvocableHandlerMethod.java:106) ~[spring-webmvc-5.2.2.RELEASE.jar:5.2.2.RELEASE]
	at org.springframework.web.servlet.mvc.method.annotation.RequestMappingHandlerAdapter.invokeHandlerMethod(RequestMappingHandlerAdapter.java:888) ~[spring-webmvc-5.2.2.RELEASE.jar:5.2.2.RELEASE]
	at org.springframework.web.servlet.mvc.method.annotation.RequestMappingHandlerAdapter.handleInternal(RequestMappingHandlerAdapter.java:793) ~[spring-webmvc-5.2.2.RELEASE.jar:5.2.2.RELEASE]
	at org.springframework.web.servlet.mvc.method.AbstractHandlerMethodAdapter.handle(AbstractHandlerMethodAdapter.java:87) ~[spring-webmvc-5.2.2.RELEASE.jar:5.2.2.RELEASE]
	at org.springframework.web.servlet.DispatcherServlet.doDispatch(DispatcherServlet.java:1040) ~[spring-webmvc-5.2.2.RELEASE.jar:5.2.2.RELEASE]
	at org.springframework.web.servlet.DispatcherServlet.doService(DispatcherServlet.java:943) ~[spring-webmvc-5.2.2.RELEASE.jar:5.2.2.RELEASE]
	at org.springframework.web.servlet.FrameworkServlet.processRequest(FrameworkServlet.java:1006) ~[spring-webmvc-5.2.2.RELEASE.jar:5.2.2.RELEASE]
	at org.springframework.web.servlet.FrameworkServlet.doGet(FrameworkServlet.java:898) ~[spring-webmvc-5.2.2.RELEASE.jar:5.2.2.RELEASE]
	at javax.servlet.http.HttpServlet.service(HttpServlet.java:634) ~[tomcat-embed-core-9.0.29.jar:9.0.29]
	at org.springframework.web.servlet.FrameworkServlet.service(FrameworkServlet.java:883) ~[spring-webmvc-5.2.2.RELEASE.jar:5.2.2.RELEASE]
	at javax.servlet.http.HttpServlet.service(HttpServlet.java:741) ~[tomcat-embed-core-9.0.29.jar:9.0.29]
	at org.apache.catalina.core.ApplicationFilterChain.internalDoFilter(ApplicationFilterChain.java:231) ~[tomcat-embed-core-9.0.29.jar:9.0.29]
	at org.apache.catalina.core.ApplicationFilterChain.doFilter(ApplicationFilterChain.java:166) ~[tomcat-embed-core-9.0.29.jar:9.0.29]
	at org.apache.tomcat.websocket.server.WsFilter.doFilter(WsFilter.java:53) ~[tomcat-embed-websocket-9.0.29.jar:9.0.29]
	at org.apache.catalina.core.ApplicationFilterChain.internalDoFilter(ApplicationFilterChain.java:193) ~[tomcat-embed-core-9.0.29.jar:9.0.29]
	at org.apache.catalina.core.ApplicationFilterChain.doFilter(ApplicationFilterChain.java:166) ~[tomcat-embed-core-9.0.29.jar:9.0.29]
	at org.springframework.web.filter.RequestContextFilter.doFilterInternal(RequestContextFilter.java:100) ~[spring-web-5.2.2.RELEASE.jar:5.2.2.RELEASE]
	at org.springframework.web.filter.OncePerRequestFilter.doFilter(OncePerRequestFilter.java:119) ~[spring-web-5.2.2.RELEASE.jar:5.2.2.RELEASE]
	at org.apache.catalina.core.ApplicationFilterChain.internalDoFilter(ApplicationFilterChain.java:193) ~[tomcat-embed-core-9.0.29.jar:9.0.29]
	at org.apache.catalina.core.ApplicationFilterChain.doFilter(ApplicationFilterChain.java:166) ~[tomcat-embed-core-9.0.29.jar:9.0.29]
	at org.springframework.web.filter.FormContentFilter.doFilterInternal(FormContentFilter.java:93) ~[spring-web-5.2.2.RELEASE.jar:5.2.2.RELEASE]
	at org.springframework.web.filter.OncePerRequestFilter.doFilter(OncePerRequestFilter.java:119) ~[spring-web-5.2.2.RELEASE.jar:5.2.2.RELEASE]
	at org.apache.catalina.core.ApplicationFilterChain.internalDoFilter(ApplicationFilterChain.java:193) ~[tomcat-embed-core-9.0.29.jar:9.0.29]
	at org.apache.catalina.core.ApplicationFilterChain.doFilter(ApplicationFilterChain.java:166) ~[tomcat-embed-core-9.0.29.jar:9.0.29]
	at org.springframework.web.filter.CharacterEncodingFilter.doFilterInternal(CharacterEncodingFilter.java:201) ~[spring-web-5.2.2.RELEASE.jar:5.2.2.RELEASE]
	at org.springframework.web.filter.OncePerRequestFilter.doFilter(OncePerRequestFilter.java:119) ~[spring-web-5.2.2.RELEASE.jar:5.2.2.RELEASE]
	at org.apache.catalina.core.ApplicationFilterChain.internalDoFilter(ApplicationFilterChain.java:193) ~[tomcat-embed-core-9.0.29.jar:9.0.29]
	at org.apache.catalina.core.ApplicationFilterChain.doFilter(ApplicationFilterChain.java:166) ~[tomcat-embed-core-9.0.29.jar:9.0.29]
	at org.apache.catalina.core.StandardWrapperValve.invoke(StandardWrapperValve.java:202) ~[tomcat-embed-core-9.0.29.jar:9.0.29]
	at org.apache.catalina.core.StandardContextValve.invoke(StandardContextValve.java:96) ~[tomcat-embed-core-9.0.29.jar:9.0.29]
	at org.apache.catalina.authenticator.AuthenticatorBase.invoke(AuthenticatorBase.java:526) ~[tomcat-embed-core-9.0.29.jar:9.0.29]
	at org.apache.catalina.core.StandardHostValve.invoke(StandardHostValve.java:139) ~[tomcat-embed-core-9.0.29.jar:9.0.29]
	at org.apache.catalina.valves.ErrorReportValve.invoke(ErrorReportValve.java:92) ~[tomcat-embed-core-9.0.29.jar:9.0.29]
	at org.apache.catalina.core.StandardEngineValve.invoke(StandardEngineValve.java:74) ~[tomcat-embed-core-9.0.29.jar:9.0.29]
	at org.apache.catalina.connector.CoyoteAdapter.service(CoyoteAdapter.java:343) ~[tomcat-embed-core-9.0.29.jar:9.0.29]
	at org.apache.coyote.http11.Http11Processor.service(Http11Processor.java:367) ~[tomcat-embed-core-9.0.29.jar:9.0.29]
	at org.apache.coyote.AbstractProcessorLight.process(AbstractProcessorLight.java:65) ~[tomcat-embed-core-9.0.29.jar:9.0.29]
	at org.apache.coyote.AbstractProtocol$ConnectionHandler.process(AbstractProtocol.java:860) ~[tomcat-embed-core-9.0.29.jar:9.0.29]
	at org.apache.tomcat.util.net.NioEndpoint$SocketProcessor.doRun(NioEndpoint.java:1591) ~[tomcat-embed-core-9.0.29.jar:9.0.29]
	at org.apache.tomcat.util.net.SocketProcessorBase.run(SocketProcessorBase.java:49) ~[tomcat-embed-core-9.0.29.jar:9.0.29]
	at java.base/java.util.concurrent.ThreadPoolExecutor.runWorker(ThreadPoolExecutor.java:1128) ~[na:na]
	at java.base/java.util.concurrent.ThreadPoolExecutor$Worker.run(ThreadPoolExecutor.java:628) ~[na:na]
	at org.apache.tomcat.util.threads.TaskThread$WrappingRunnable.run(TaskThread.java:61) ~[tomcat-embed-core-9.0.29.jar:9.0.29]
	at java.base/java.lang.Thread.run(Thread.java:830) ~[na:na]

Hibernate: select job0_.id as id1_1_, job0_.name as name2_1_, job0_.employer_id as employer3_1_ from job job0_
Hibernate: select employer0_.id as id1_0_0_, employer0_.name as name2_0_0_, employer0_.location as location3_0_0_ from employer employer0_ where employer0_.id=?
Hibernate: select employer0_.id as id1_0_0_, employer0_.name as name2_0_0_, employer0_.location as location3_0_0_ from employer employer0_ where employer0_.id=?
Hibernate: select skills0_.jobs_id as jobs_id1_2_0_, skills0_.skills_id as skills_i2_2_0_, skill1_.id as id1_3_1_, skill1_.name as name2_3_1_, skill1_.description as descript3_3_1_ from job_skills skills0_ inner join skill skill1_ on skills0_.skills_id=skill1_.id where skills0_.jobs_id=?
Hibernate: select skills0_.jobs_id as jobs_id1_2_0_, skills0_.skills_id as skills_i2_2_0_, skill1_.id as id1_3_1_, skill1_.name as name2_3_1_, skill1_.description as descript3_3_1_ from job_skills skills0_ inner join skill skill1_ on skills0_.skills_id=skill1_.id where skills0_.jobs_id=?
Hibernate: select skills0_.jobs_id as jobs_id1_2_0_, skills0_.skills_id as skills_i2_2_0_, skill1_.id as id1_3_1_, skill1_.name as name2_3_1_, skill1_.description as descript3_3_1_ from job_skills skills0_ inner join skill skill1_ on skills0_.skills_id=skill1_.id where skills0_.jobs_id=?
Hibernate: select skills0_.jobs_id as jobs_id1_2_0_, skills0_.skills_id as skills_i2_2_0_, skill1_.id as id1_3_1_, skill1_.name as name2_3_1_, skill1_.description as descript3_3_1_ from job_skills skills0_ inner join skill skill1_ on skills0_.skills_id=skill1_.id where skills0_.jobs_id=?
Hibernate: select skills0_.jobs_id as jobs_id1_2_0_, skills0_.skills_id as skills_i2_2_0_, skill1_.id as id1_3_1_, skill1_.name as name2_3_1_, skill1_.description as descript3_3_1_ from job_skills skills0_ inner join skill skill1_ on skills0_.skills_id=skill1_.id where skills0_.jobs_id=?
Hibernate: select skills0_.jobs_id as jobs_id1_2_0_, skills0_.skills_id as skills_i2_2_0_, skill1_.id as id1_3_1_, skill1_.name as name2_3_1_, skill1_.description as descript3_3_1_ from job_skills skills0_ inner join skill skill1_ on skills0_.skills_id=skill1_.id where skills0_.jobs_id=?
Hibernate: select skills0_.jobs_id as jobs_id1_2_0_, skills0_.skills_id as skills_i2_2_0_, skill1_.id as id1_3_1_, skill1_.name as name2_3_1_, skill1_.description as descript3_3_1_ from job_skills skills0_ inner join skill skill1_ on skills0_.skills_id=skill1_.id where skills0_.jobs_id=?
Hibernate: select skills0_.jobs_id as jobs_id1_2_0_, skills0_.skills_id as skills_i2_2_0_, skill1_.id as id1_3_1_, skill1_.name as name2_3_1_, skill1_.description as descript3_3_1_ from job_skills skills0_ inner join skill skill1_ on skills0_.skills_id=skill1_.id where skills0_.jobs_id=?
Hibernate: select skills0_.jobs_id as jobs_id1_2_0_, skills0_.skills_id as skills_i2_2_0_, skill1_.id as id1_3_1_, skill1_.name as name2_3_1_, skill1_.description as descript3_3_1_ from job_skills skills0_ inner join skill skill1_ on skills0_.skills_id=skill1_.id where skills0_.jobs_id=?
Hibernate: select skills0_.jobs_id as jobs_id1_2_0_, skills0_.skills_id as skills_i2_2_0_, skill1_.id as id1_3_1_, skill1_.name as name2_3_1_, skill1_.description as descript3_3_1_ from job_skills skills0_ inner join skill skill1_ on skills0_.skills_id=skill1_.id where skills0_.jobs_id=?
Hibernate: select job0_.id as id1_1_, job0_.name as name2_1_, job0_.employer_id as employer3_1_ from job job0_
Hibernate: select employer0_.id as id1_0_0_, employer0_.name as name2_0_0_, employer0_.location as location3_0_0_ from employer employer0_ where employer0_.id=?
Hibernate: select employer0_.id as id1_0_0_, employer0_.name as name2_0_0_, employer0_.location as location3_0_0_ from employer employer0_ where employer0_.id=?
2020-10-26 20:36:28.487 ERROR 15300 --- [nio-8080-exec-2] o.a.c.c.C.[.[.[/].[dispatcherServlet]    : Servlet.service() for servlet [dispatcherServlet] in context with path [] threw exception [Request processing failed; nested exception is java.lang.NullPointerException] with root cause

java.lang.NullPointerException: null
	at org.launchcode.javawebdevtechjobspersistent.models.JobData.getFieldValue(JobData.java:53) ~[main/:na]
	at org.launchcode.javawebdevtechjobspersistent.models.JobData.findByColumnAndValue(JobData.java:38) ~[main/:na]
	at org.launchcode.javawebdevtechjobspersistent.controllers.SearchController.displaySearchResults(SearchController.java:36) ~[main/:na]
	at java.base/jdk.internal.reflect.NativeMethodAccessorImpl.invoke0(Native Method) ~[na:na]
	at java.base/jdk.internal.reflect.NativeMethodAccessorImpl.invoke(NativeMethodAccessorImpl.java:62) ~[na:na]
	at java.base/jdk.internal.reflect.DelegatingMethodAccessorImpl.invoke(DelegatingMethodAccessorImpl.java:43) ~[na:na]
	at java.base/java.lang.reflect.Method.invoke(Method.java:567) ~[na:na]
	at org.springframework.web.method.support.InvocableHandlerMethod.doInvoke(InvocableHandlerMethod.java:190) ~[spring-web-5.2.2.RELEASE.jar:5.2.2.RELEASE]
	at org.springframework.web.method.support.InvocableHandlerMethod.invokeForRequest(InvocableHandlerMethod.java:138) ~[spring-web-5.2.2.RELEASE.jar:5.2.2.RELEASE]
	at org.springframework.web.servlet.mvc.method.annotation.ServletInvocableHandlerMethod.invokeAndHandle(ServletInvocableHandlerMethod.java:106) ~[spring-webmvc-5.2.2.RELEASE.jar:5.2.2.RELEASE]
	at org.springframework.web.servlet.mvc.method.annotation.RequestMappingHandlerAdapter.invokeHandlerMethod(RequestMappingHandlerAdapter.java:888) ~[spring-webmvc-5.2.2.RELEASE.jar:5.2.2.RELEASE]
	at org.springframework.web.servlet.mvc.method.annotation.RequestMappingHandlerAdapter.handleInternal(RequestMappingHandlerAdapter.java:793) ~[spring-webmvc-5.2.2.RELEASE.jar:5.2.2.RELEASE]
	at org.springframework.web.servlet.mvc.method.AbstractHandlerMethodAdapter.handle(AbstractHandlerMethodAdapter.java:87) ~[spring-webmvc-5.2.2.RELEASE.jar:5.2.2.RELEASE]
	at org.springframework.web.servlet.DispatcherServlet.doDispatch(DispatcherServlet.java:1040) ~[spring-webmvc-5.2.2.RELEASE.jar:5.2.2.RELEASE]
	at org.springframework.web.servlet.DispatcherServlet.doService(DispatcherServlet.java:943) ~[spring-webmvc-5.2.2.RELEASE.jar:5.2.2.RELEASE]
	at org.springframework.web.servlet.FrameworkServlet.processRequest(FrameworkServlet.java:1006) ~[spring-webmvc-5.2.2.RELEASE.jar:5.2.2.RELEASE]
	at org.springframework.web.servlet.FrameworkServlet.doPost(FrameworkServlet.java:909) ~[spring-webmvc-5.2.2.RELEASE.jar:5.2.2.RELEASE]
	at javax.servlet.http.HttpServlet.service(HttpServlet.java:660) ~[tomcat-embed-core-9.0.29.jar:9.0.29]
	at org.springframework.web.servlet.FrameworkServlet.service(FrameworkServlet.java:883) ~[spring-webmvc-5.2.2.RELEASE.jar:5.2.2.RELEASE]
	at javax.servlet.http.HttpServlet.service(HttpServlet.java:741) ~[tomcat-embed-core-9.0.29.jar:9.0.29]
	at org.apache.catalina.core.ApplicationFilterChain.internalDoFilter(ApplicationFilterChain.java:231) ~[tomcat-embed-core-9.0.29.jar:9.0.29]
	at org.apache.catalina.core.ApplicationFilterChain.doFilter(ApplicationFilterChain.java:166) ~[tomcat-embed-core-9.0.29.jar:9.0.29]
	at org.apache.tomcat.websocket.server.WsFilter.doFilter(WsFilter.java:53) ~[tomcat-embed-websocket-9.0.29.jar:9.0.29]
	at org.apache.catalina.core.ApplicationFilterChain.internalDoFilter(ApplicationFilterChain.java:193) ~[tomcat-embed-core-9.0.29.jar:9.0.29]
	at org.apache.catalina.core.ApplicationFilterChain.doFilter(ApplicationFilterChain.java:166) ~[tomcat-embed-core-9.0.29.jar:9.0.29]
	at org.springframework.web.filter.RequestContextFilter.doFilterInternal(RequestContextFilter.java:100) ~[spring-web-5.2.2.RELEASE.jar:5.2.2.RELEASE]
	at org.springframework.web.filter.OncePerRequestFilter.doFilter(OncePerRequestFilter.java:119) ~[spring-web-5.2.2.RELEASE.jar:5.2.2.RELEASE]
	at org.apache.catalina.core.ApplicationFilterChain.internalDoFilter(ApplicationFilterChain.java:193) ~[tomcat-embed-core-9.0.29.jar:9.0.29]
	at org.apache.catalina.core.ApplicationFilterChain.doFilter(ApplicationFilterChain.java:166) ~[tomcat-embed-core-9.0.29.jar:9.0.29]
	at org.springframework.web.filter.FormContentFilter.doFilterInternal(FormContentFilter.java:93) ~[spring-web-5.2.2.RELEASE.jar:5.2.2.RELEASE]
	at org.springframework.web.filter.OncePerRequestFilter.doFilter(OncePerRequestFilter.java:119) ~[spring-web-5.2.2.RELEASE.jar:5.2.2.RELEASE]
	at org.apache.catalina.core.ApplicationFilterChain.internalDoFilter(ApplicationFilterChain.java:193) ~[tomcat-embed-core-9.0.29.jar:9.0.29]
	at org.apache.catalina.core.ApplicationFilterChain.doFilter(ApplicationFilterChain.java:166) ~[tomcat-embed-core-9.0.29.jar:9.0.29]
	at org.springframework.web.filter.CharacterEncodingFilter.doFilterInternal(CharacterEncodingFilter.java:201) ~[spring-web-5.2.2.RELEASE.jar:5.2.2.RELEASE]
	at org.springframework.web.filter.OncePerRequestFilter.doFilter(OncePerRequestFilter.java:119) ~[spring-web-5.2.2.RELEASE.jar:5.2.2.RELEASE]
	at org.apache.catalina.core.ApplicationFilterChain.internalDoFilter(ApplicationFilterChain.java:193) ~[tomcat-embed-core-9.0.29.jar:9.0.29]
	at org.apache.catalina.core.ApplicationFilterChain.doFilter(ApplicationFilterChain.java:166) ~[tomcat-embed-core-9.0.29.jar:9.0.29]
	at org.apache.catalina.core.StandardWrapperValve.invoke(StandardWrapperValve.java:202) ~[tomcat-embed-core-9.0.29.jar:9.0.29]
	at org.apache.catalina.core.StandardContextValve.invoke(StandardContextValve.java:96) ~[tomcat-embed-core-9.0.29.jar:9.0.29]
	at org.apache.catalina.authenticator.AuthenticatorBase.invoke(AuthenticatorBase.java:526) ~[tomcat-embed-core-9.0.29.jar:9.0.29]
	at org.apache.catalina.core.StandardHostValve.invoke(StandardHostValve.java:139) ~[tomcat-embed-core-9.0.29.jar:9.0.29]
	at org.apache.catalina.valves.ErrorReportValve.invoke(ErrorReportValve.java:92) ~[tomcat-embed-core-9.0.29.jar:9.0.29]
	at org.apache.catalina.core.StandardEngineValve.invoke(StandardEngineValve.java:74) ~[tomcat-embed-core-9.0.29.jar:9.0.29]
	at org.apache.catalina.connector.CoyoteAdapter.service(CoyoteAdapter.java:343) ~[tomcat-embed-core-9.0.29.jar:9.0.29]
	at org.apache.coyote.http11.Http11Processor.service(Http11Processor.java:367) ~[tomcat-embed-core-9.0.29.jar:9.0.29]
	at org.apache.coyote.AbstractProcessorLight.process(AbstractProcessorLight.java:65) ~[tomcat-embed-core-9.0.29.jar:9.0.29]
	at org.apache.coyote.AbstractProtocol$ConnectionHandler.process(AbstractProtocol.java:860) ~[tomcat-embed-core-9.0.29.jar:9.0.29]
	at org.apache.tomcat.util.net.NioEndpoint$SocketProcessor.doRun(NioEndpoint.java:1591) ~[tomcat-embed-core-9.0.29.jar:9.0.29]
	at org.apache.tomcat.util.net.SocketProcessorBase.run(SocketProcessorBase.java:49) ~[tomcat-embed-core-9.0.29.jar:9.0.29]
	at java.base/java.util.concurrent.ThreadPoolExecutor.runWorker(ThreadPoolExecutor.java:1128) ~[na:na]
	at java.base/java.util.concurrent.ThreadPoolExecutor$Worker.run(ThreadPoolExecutor.java:628) ~[na:na]
	at org.apache.tomcat.util.threads.TaskThread$WrappingRunnable.run(TaskThread.java:61) ~[tomcat-embed-core-9.0.29.jar:9.0.29]
	at java.base/java.lang.Thread.run(Thread.java:830) ~[na:na]

Hibernate: select job0_.id as id1_1_, job0_.name as name2_1_, job0_.employer_id as employer3_1_ from job job0_
Hibernate: select employer0_.id as id1_0_0_, employer0_.name as name2_0_0_, employer0_.location as location3_0_0_ from employer employer0_ where employer0_.id=?
Hibernate: select employer0_.id as id1_0_0_, employer0_.name as name2_0_0_, employer0_.location as location3_0_0_ from employer employer0_ where employer0_.id=?
2020-10-26 20:39:53.599  WARN 15300 --- [l-1 housekeeper] com.zaxxer.hikari.pool.HikariPool        : HikariPool-1 - Thread starvation or clock leap detected (housekeeper delta=53s871ms29s300ns).
Hibernate: select skills0_.jobs_id as jobs_id1_2_0_, skills0_.skills_id as skills_i2_2_0_, skill1_.id as id1_3_1_, skill1_.name as name2_3_1_, skill1_.description as descript3_3_1_ from job_skills skills0_ inner join skill skill1_ on skills0_.skills_id=skill1_.id where skills0_.jobs_id=?
