2020-10-26T17:21:00.782-0500 [DEBUG] [org.gradle.launcher.daemon.bootstrap.DaemonMain] Assuming the daemon was started with following jvm opts: [-XX:MaxMetaspaceSize=256m, -XX:+HeapDumpOnOutOfMemoryError, -agentlib:jdwp=transport=dt_socket,server=n,suspend=y,address=127.0.0.1:49908, --add-opens, java.base/java.util=ALL-UNNAMED, --add-opens, java.base/java.lang=ALL-UNNAMED, --add-opens, java.base/java.lang.invoke=ALL-UNNAMED, --add-opens, java.prefs/java.util.prefs=ALL-UNNAMED, -Xms256m, -Xmx512m, -Dfile.encoding=windows-1252, -Duser.country=US, -Duser.language=en, -Duser.variant]
2020-10-26T17:21:01.426-0500 [DEBUG] [org.gradle.internal.nativeintegration.services.NativeServices] Native-platform posix files integration is not available. Continuing with fallback.
2020-10-26T17:21:01.852-0500 [INFO] [org.gradle.launcher.daemon.server.Daemon] start() called on daemon - DefaultDaemonContext[uid=2d47f77f-1710-4eec-9409-a7f534c51e1e,javaHome=C:\Program Files\Java\jdk-13.0.2,daemonRegistryDir=C:\Users\lburk\lc101\java-web-dev-techjobs-persistent\daemon,pid=3548,idleTimeout=10800000,priority=NORMAL,daemonOpts=-XX:MaxMetaspaceSize=256m,-XX:+HeapDumpOnOutOfMemoryError,-agentlib:jdwp=transport=dt_socket,server=n,suspend=y,address=127.0.0.1:49908,--add-opens,java.base/java.util=ALL-UNNAMED,--add-opens,java.base/java.lang=ALL-UNNAMED,--add-opens,java.base/java.lang.invoke=ALL-UNNAMED,--add-opens,java.prefs/java.util.prefs=ALL-UNNAMED,-Xms256m,-Xmx512m,-Dfile.encoding=windows-1252,-Duser.country=US,-Duser.language=en,-Duser.variant]
2020-10-26T17:21:03.575-0500 [DEBUG] [org.gradle.internal.remote.internal.inet.InetAddresses] Adding IP addresses for network interface Software Loopback Interface 1
2020-10-26T17:21:03.581-0500 [DEBUG] [org.gradle.internal.remote.internal.inet.InetAddresses] Is this a loopback interface? true
2020-10-26T17:21:03.582-0500 [DEBUG] [org.gradle.internal.remote.internal.inet.InetAddresses] Adding loopback address /127.0.0.1
2020-10-26T17:21:03.583-0500 [DEBUG] [org.gradle.internal.remote.internal.inet.InetAddresses] Adding loopback address /0:0:0:0:0:0:0:1
2020-10-26T17:21:03.590-0500 [DEBUG] [org.gradle.internal.remote.internal.inet.InetAddresses] Adding IP addresses for network interface Microsoft 6to4 Adapter
2020-10-26T17:21:03.597-0500 [DEBUG] [org.gradle.internal.remote.internal.inet.InetAddresses] Is this a loopback interface? false
2020-10-26T17:21:03.597-0500 [DEBUG] [org.gradle.internal.remote.internal.inet.InetAddresses] Adding IP addresses for network interface Microsoft Wi-Fi Direct Virtual Adapter #2
2020-10-26T17:21:03.603-0500 [DEBUG] [org.gradle.internal.remote.internal.inet.InetAddresses] Is this a loopback interface? false
2020-10-26T17:21:03.604-0500 [DEBUG] [org.gradle.internal.remote.internal.inet.InetAddresses] Adding remote address /192.168.137.1
2020-10-26T17:21:03.605-0500 [DEBUG] [org.gradle.internal.remote.internal.inet.InetAddresses] Adding remote address /fe80:0:0:0:2108:fa4b:eef4:62b3%wlan0
2020-10-26T17:21:03.606-0500 [DEBUG] [org.gradle.internal.remote.internal.inet.InetAddresses] Adding IP addresses for network interface Microsoft Kernel Debug Network Adapter
2020-10-26T17:21:03.615-0500 [DEBUG] [org.gradle.internal.remote.internal.inet.InetAddresses] Is this a loopback interface? false
2020-10-26T17:21:03.616-0500 [DEBUG] [org.gradle.internal.remote.internal.inet.InetAddresses] Adding IP addresses for network interface WAN Miniport (IPv6)
2020-10-26T17:21:03.621-0500 [DEBUG] [org.gradle.internal.remote.internal.inet.InetAddresses] Is this a loopback interface? false
2020-10-26T17:21:03.622-0500 [DEBUG] [org.gradle.internal.remote.internal.inet.InetAddresses] Adding IP addresses for network interface Microsoft IP-HTTPS Platform Adapter
2020-10-26T17:21:03.628-0500 [DEBUG] [org.gradle.internal.remote.internal.inet.InetAddresses] Is this a loopback interface? false
2020-10-26T17:21:03.629-0500 [DEBUG] [org.gradle.internal.remote.internal.inet.InetAddresses] Adding IP addresses for network interface WAN Miniport (IP)
2020-10-26T17:21:03.634-0500 [DEBUG] [org.gradle.internal.remote.internal.inet.InetAddresses] Is this a loopback interface? false
2020-10-26T17:21:03.635-0500 [DEBUG] [org.gradle.internal.remote.internal.inet.InetAddresses] Adding IP addresses for network interface Realtek 8821CE Wireless LAN 802.11ac PCI-E NIC
2020-10-26T17:21:03.640-0500 [DEBUG] [org.gradle.internal.remote.internal.inet.InetAddresses] Is this a loopback interface? false
2020-10-26T17:21:03.641-0500 [DEBUG] [org.gradle.internal.remote.internal.inet.InetAddresses] Adding remote address /192.168.1.163
2020-10-26T17:21:03.642-0500 [DEBUG] [org.gradle.internal.remote.internal.inet.InetAddresses] Adding remote address /2600:6c40:5a80:1870:0:7754:906d:d57
2020-10-26T17:21:03.643-0500 [DEBUG] [org.gradle.internal.remote.internal.inet.InetAddresses] Adding remote address /2600:6c40:5a80:1870:f933:bb7d:5e2c:68d
2020-10-26T17:21:03.643-0500 [DEBUG] [org.gradle.internal.remote.internal.inet.InetAddresses] Adding remote address /2600:6c40:5a80:1870:5c4c:8457:6c90:cfb7
2020-10-26T17:21:03.644-0500 [DEBUG] [org.gradle.internal.remote.internal.inet.InetAddresses] Adding remote address /2600:6c40:5a80:1870:74b5:9599:de4c:4ce3
2020-10-26T17:21:03.644-0500 [DEBUG] [org.gradle.internal.remote.internal.inet.InetAddresses] Adding remote address /fe80:0:0:0:f933:bb7d:5e2c:68d%wlan1
2020-10-26T17:21:03.644-0500 [DEBUG] [org.gradle.internal.remote.internal.inet.InetAddresses] Adding IP addresses for network interface WAN Miniport (Network Monitor)
2020-10-26T17:21:03.650-0500 [DEBUG] [org.gradle.internal.remote.internal.inet.InetAddresses] Is this a loopback interface? false
2020-10-26T17:21:03.651-0500 [DEBUG] [org.gradle.internal.remote.internal.inet.InetAddresses] Adding IP addresses for network interface WAN Miniport (L2TP)
2020-10-26T17:21:03.674-0500 [DEBUG] [org.gradle.internal.remote.internal.inet.InetAddresses] Is this a loopback interface? false
2020-10-26T17:21:03.675-0500 [DEBUG] [org.gradle.internal.remote.internal.inet.InetAddresses] Adding IP addresses for network interface WAN Miniport (PPTP)
2020-10-26T17:21:03.680-0500 [DEBUG] [org.gradle.internal.remote.internal.inet.InetAddresses] Is this a loopback interface? false
2020-10-26T17:21:03.681-0500 [DEBUG] [org.gradle.internal.remote.internal.inet.InetAddresses] Adding IP addresses for network interface WAN Miniport (PPPOE)
2020-10-26T17:21:03.686-0500 [DEBUG] [org.gradle.internal.remote.internal.inet.InetAddresses] Is this a loopback interface? false
2020-10-26T17:21:03.687-0500 [DEBUG] [org.gradle.internal.remote.internal.inet.InetAddresses] Adding IP addresses for network interface Microsoft Teredo Tunneling Adapter
2020-10-26T17:21:03.692-0500 [DEBUG] [org.gradle.internal.remote.internal.inet.InetAddresses] Is this a loopback interface? false
2020-10-26T17:21:03.693-0500 [DEBUG] [org.gradle.internal.remote.internal.inet.InetAddresses] Adding IP addresses for network interface WAN Miniport (IKEv2)
2020-10-26T17:21:03.698-0500 [DEBUG] [org.gradle.internal.remote.internal.inet.InetAddresses] Is this a loopback interface? false
2020-10-26T17:21:03.699-0500 [DEBUG] [org.gradle.internal.remote.internal.inet.InetAddresses] Adding IP addresses for network interface Bluetooth Device (Personal Area Network)
2020-10-26T17:21:03.704-0500 [DEBUG] [org.gradle.internal.remote.internal.inet.InetAddresses] Is this a loopback interface? false
2020-10-26T17:21:03.705-0500 [DEBUG] [org.gradle.internal.remote.internal.inet.InetAddresses] Adding remote address /fe80:0:0:0:f559:2eeb:3908:3e72%eth4
2020-10-26T17:21:03.705-0500 [DEBUG] [org.gradle.internal.remote.internal.inet.InetAddresses] Adding IP addresses for network interface Microsoft Wi-Fi Direct Virtual Adapter
2020-10-26T17:21:03.711-0500 [DEBUG] [org.gradle.internal.remote.internal.inet.InetAddresses] Is this a loopback interface? false
2020-10-26T17:21:03.711-0500 [DEBUG] [org.gradle.internal.remote.internal.inet.InetAddresses] Adding remote address /fe80:0:0:0:881:6590:171d:199e%wlan2
2020-10-26T17:21:03.712-0500 [DEBUG] [org.gradle.internal.remote.internal.inet.InetAddresses] Adding IP addresses for network interface WAN Miniport (SSTP)
2020-10-26T17:21:03.718-0500 [DEBUG] [org.gradle.internal.remote.internal.inet.InetAddresses] Is this a loopback interface? false
2020-10-26T17:21:03.719-0500 [DEBUG] [org.gradle.internal.remote.internal.inet.InetAddresses] Adding IP addresses for network interface Realtek 8821CE Wireless LAN 802.11ac PCI-E NIC-WFP Native MAC Layer LightWeight Filter-0000
2020-10-26T17:21:03.725-0500 [DEBUG] [org.gradle.internal.remote.internal.inet.InetAddresses] Is this a loopback interface? false
2020-10-26T17:21:03.726-0500 [DEBUG] [org.gradle.internal.remote.internal.inet.InetAddresses] Adding IP addresses for network interface Realtek 8821CE Wireless LAN 802.11ac PCI-E NIC-Virtual WiFi Filter Driver-0000
2020-10-26T17:21:03.731-0500 [DEBUG] [org.gradle.internal.remote.internal.inet.InetAddresses] Is this a loopback interface? false
2020-10-26T17:21:03.732-0500 [DEBUG] [org.gradle.internal.remote.internal.inet.InetAddresses] Adding IP addresses for network interface Realtek 8821CE Wireless LAN 802.11ac PCI-E NIC-Native WiFi Filter Driver-0000
2020-10-26T17:21:03.737-0500 [DEBUG] [org.gradle.internal.remote.internal.inet.InetAddresses] Is this a loopback interface? false
2020-10-26T17:21:03.738-0500 [DEBUG] [org.gradle.internal.remote.internal.inet.InetAddresses] Adding IP addresses for network interface Realtek 8821CE Wireless LAN 802.11ac PCI-E NIC-QoS Packet Scheduler-0000
2020-10-26T17:21:03.743-0500 [DEBUG] [org.gradle.internal.remote.internal.inet.InetAddresses] Is this a loopback interface? false
2020-10-26T17:21:03.744-0500 [DEBUG] [org.gradle.internal.remote.internal.inet.InetAddresses] Adding IP addresses for network interface Realtek 8821CE Wireless LAN 802.11ac PCI-E NIC-WFP 802.3 MAC Layer LightWeight Filter-0000
2020-10-26T17:21:03.749-0500 [DEBUG] [org.gradle.internal.remote.internal.inet.InetAddresses] Is this a loopback interface? false
2020-10-26T17:21:03.750-0500 [DEBUG] [org.gradle.internal.remote.internal.inet.InetAddresses] Adding IP addresses for network interface WAN Miniport (IP)-WFP Native MAC Layer LightWeight Filter-0000
2020-10-26T17:21:03.755-0500 [DEBUG] [org.gradle.internal.remote.internal.inet.InetAddresses] Is this a loopback interface? false
2020-10-26T17:21:03.755-0500 [DEBUG] [org.gradle.internal.remote.internal.inet.InetAddresses] Adding IP addresses for network interface WAN Miniport (IP)-QoS Packet Scheduler-0000
2020-10-26T17:21:03.760-0500 [DEBUG] [org.gradle.internal.remote.internal.inet.InetAddresses] Is this a loopback interface? false
2020-10-26T17:21:03.761-0500 [DEBUG] [org.gradle.internal.remote.internal.inet.InetAddresses] Adding IP addresses for network interface WAN Miniport (IPv6)-WFP Native MAC Layer LightWeight Filter-0000
2020-10-26T17:21:03.768-0500 [DEBUG] [org.gradle.internal.remote.internal.inet.InetAddresses] Is this a loopback interface? false
2020-10-26T17:21:03.768-0500 [DEBUG] [org.gradle.internal.remote.internal.inet.InetAddresses] Adding IP addresses for network interface WAN Miniport (IPv6)-QoS Packet Scheduler-0000
2020-10-26T17:21:03.774-0500 [DEBUG] [org.gradle.internal.remote.internal.inet.InetAddresses] Is this a loopback interface? false
2020-10-26T17:21:03.774-0500 [DEBUG] [org.gradle.internal.remote.internal.inet.InetAddresses] Adding IP addresses for network interface WAN Miniport (Network Monitor)-WFP Native MAC Layer LightWeight Filter-0000
2020-10-26T17:21:03.779-0500 [DEBUG] [org.gradle.internal.remote.internal.inet.InetAddresses] Is this a loopback interface? false
2020-10-26T17:21:03.780-0500 [DEBUG] [org.gradle.internal.remote.internal.inet.InetAddresses] Adding IP addresses for network interface WAN Miniport (Network Monitor)-QoS Packet Scheduler-0000
2020-10-26T17:21:03.785-0500 [DEBUG] [org.gradle.internal.remote.internal.inet.InetAddresses] Is this a loopback interface? false
2020-10-26T17:21:03.786-0500 [DEBUG] [org.gradle.internal.remote.internal.inet.InetAddresses] Adding IP addresses for network interface Microsoft Wi-Fi Direct Virtual Adapter-WFP Native MAC Layer LightWeight Filter-0000
2020-10-26T17:21:03.791-0500 [DEBUG] [org.gradle.internal.remote.internal.inet.InetAddresses] Is this a loopback interface? false
2020-10-26T17:21:03.791-0500 [DEBUG] [org.gradle.internal.remote.internal.inet.InetAddresses] Adding IP addresses for network interface Microsoft Wi-Fi Direct Virtual Adapter-Native WiFi Filter Driver-0000
2020-10-26T17:21:03.796-0500 [DEBUG] [org.gradle.internal.remote.internal.inet.InetAddresses] Is this a loopback interface? false
2020-10-26T17:21:03.797-0500 [DEBUG] [org.gradle.internal.remote.internal.inet.InetAddresses] Adding IP addresses for network interface Microsoft Wi-Fi Direct Virtual Adapter-QoS Packet Scheduler-0000
2020-10-26T17:21:03.803-0500 [DEBUG] [org.gradle.internal.remote.internal.inet.InetAddresses] Is this a loopback interface? false
2020-10-26T17:21:03.803-0500 [DEBUG] [org.gradle.internal.remote.internal.inet.InetAddresses] Adding IP addresses for network interface Microsoft Wi-Fi Direct Virtual Adapter-WFP 802.3 MAC Layer LightWeight Filter-0000
2020-10-26T17:21:03.809-0500 [DEBUG] [org.gradle.internal.remote.internal.inet.InetAddresses] Is this a loopback interface? false
2020-10-26T17:21:03.809-0500 [DEBUG] [org.gradle.internal.remote.internal.inet.InetAddresses] Adding IP addresses for network interface Microsoft Wi-Fi Direct Virtual Adapter #2-WFP Native MAC Layer LightWeight Filter-0000
2020-10-26T17:21:03.815-0500 [DEBUG] [org.gradle.internal.remote.internal.inet.InetAddresses] Is this a loopback interface? false
2020-10-26T17:21:03.816-0500 [DEBUG] [org.gradle.internal.remote.internal.inet.InetAddresses] Adding IP addresses for network interface Microsoft Wi-Fi Direct Virtual Adapter #2-Native WiFi Filter Driver-0000
2020-10-26T17:21:03.821-0500 [DEBUG] [org.gradle.internal.remote.internal.inet.InetAddresses] Is this a loopback interface? false
2020-10-26T17:21:03.821-0500 [DEBUG] [org.gradle.internal.remote.internal.inet.InetAddresses] Adding IP addresses for network interface Microsoft Wi-Fi Direct Virtual Adapter #2-QoS Packet Scheduler-0000
2020-10-26T17:21:03.826-0500 [DEBUG] [org.gradle.internal.remote.internal.inet.InetAddresses] Is this a loopback interface? false
2020-10-26T17:21:03.827-0500 [DEBUG] [org.gradle.internal.remote.internal.inet.InetAddresses] Adding IP addresses for network interface Microsoft Wi-Fi Direct Virtual Adapter #2-WFP 802.3 MAC Layer LightWeight Filter-0000
2020-10-26T17:21:03.832-0500 [DEBUG] [org.gradle.internal.remote.internal.inet.InetAddresses] Is this a loopback interface? false
2020-10-26T17:21:04.137-0500 [DEBUG] [org.gradle.internal.remote.internal.inet.TcpIncomingConnector] Listening on [5fdfee25-d3a6-4f24-9d9e-66a9c6a232bc port:49913, addresses:[/127.0.0.1, /0:0:0:0:0:0:0:1]].
2020-10-26T17:21:04.154-0500 [DEBUG] [org.gradle.launcher.daemon.server.Daemon] Daemon starting at: Mon Oct 26 17:21:04 CDT 2020, with address: [5fdfee25-d3a6-4f24-9d9e-66a9c6a232bc port:49913, addresses:[/127.0.0.1, /0:0:0:0:0:0:0:1]]
2020-10-26T17:21:04.154-0500 [INFO] [org.gradle.launcher.daemon.server.DaemonRegistryUpdater] Advertising the daemon address to the clients: [5fdfee25-d3a6-4f24-9d9e-66a9c6a232bc port:49913, addresses:[/127.0.0.1, /0:0:0:0:0:0:0:1]]
2020-10-26T17:21:04.155-0500 [DEBUG] [org.gradle.launcher.daemon.server.DaemonRegistryUpdater] Advertised daemon context: DefaultDaemonContext[uid=2d47f77f-1710-4eec-9409-a7f534c51e1e,javaHome=C:\Program Files\Java\jdk-13.0.2,daemonRegistryDir=C:\Users\lburk\lc101\java-web-dev-techjobs-persistent\daemon,pid=3548,idleTimeout=10800000,priority=NORMAL,daemonOpts=-XX:MaxMetaspaceSize=256m,-XX:+HeapDumpOnOutOfMemoryError,-agentlib:jdwp=transport=dt_socket,server=n,suspend=y,address=127.0.0.1:49908,--add-opens,java.base/java.util=ALL-UNNAMED,--add-opens,java.base/java.lang=ALL-UNNAMED,--add-opens,java.base/java.lang.invoke=ALL-UNNAMED,--add-opens,java.prefs/java.util.prefs=ALL-UNNAMED,-Xms256m,-Xmx512m,-Dfile.encoding=windows-1252,-Duser.country=US,-Duser.language=en,-Duser.variant]
2020-10-26T17:21:04.158-0500 [DEBUG] [org.gradle.launcher.daemon.registry.PersistentDaemonRegistry] Storing daemon address: [5fdfee25-d3a6-4f24-9d9e-66a9c6a232bc port:49913, addresses:[/127.0.0.1, /0:0:0:0:0:0:0:1]], context: DefaultDaemonContext[uid=2d47f77f-1710-4eec-9409-a7f534c51e1e,javaHome=C:\Program Files\Java\jdk-13.0.2,daemonRegistryDir=C:\Users\lburk\lc101\java-web-dev-techjobs-persistent\daemon,pid=3548,idleTimeout=10800000,priority=NORMAL,daemonOpts=-XX:MaxMetaspaceSize=256m,-XX:+HeapDumpOnOutOfMemoryError,-agentlib:jdwp=transport=dt_socket,server=n,suspend=y,address=127.0.0.1:49908,--add-opens,java.base/java.util=ALL-UNNAMED,--add-opens,java.base/java.lang=ALL-UNNAMED,--add-opens,java.base/java.lang.invoke=ALL-UNNAMED,--add-opens,java.prefs/java.util.prefs=ALL-UNNAMED,-Xms256m,-Xmx512m,-Dfile.encoding=windows-1252,-Duser.country=US,-Duser.language=en,-Duser.variant]
2020-10-26T17:21:04.193-0500 [DEBUG] [org.gradle.cache.internal.DefaultFileLockManager] Waiting to acquire exclusive lock on daemon addresses registry.
2020-10-26T17:21:04.206-0500 [DEBUG] [org.gradle.cache.internal.DefaultFileLockManager] Lock acquired on daemon addresses registry.
2020-10-26T17:21:04.222-0500 [DEBUG] [org.gradle.cache.internal.DefaultFileLockManager] Releasing lock on daemon addresses registry.
2020-10-26T17:21:04.224-0500 [LIFECYCLE] [org.gradle.launcher.daemon.server.Daemon] Daemon server started.
2020-10-26T17:21:04.230-0500 [DEBUG] [org.gradle.launcher.daemon.bootstrap.DaemonStartupCommunication] Completed writing the daemon greeting. Closing streams...
2020-10-26T17:21:04.251-0500 [DEBUG] [org.gradle.launcher.daemon.server.Daemon] stopOnExpiration() called on daemon
2020-10-26T17:21:04.254-0500 [DEBUG] [org.gradle.launcher.daemon.server.Daemon] awaitExpiration() called on daemon
2020-10-26T17:21:04.255-0500 [DEBUG] [org.gradle.launcher.daemon.server.DaemonStateCoordinator] daemon is running. Sleeping until state changes.
2020-10-26T17:21:04.270-0500 [DEBUG] [org.gradle.internal.remote.internal.inet.TcpIncomingConnector] Accepted connection from /127.0.0.1:49914 to /127.0.0.1:49913.
2020-10-26T17:21:04.499-0500 [DEBUG] [org.gradle.launcher.daemon.server.SynchronizedDispatchConnection] thread 21: received class org.gradle.launcher.daemon.protocol.Build
2020-10-26T17:21:04.499-0500 [DEBUG] [org.gradle.launcher.daemon.server.DefaultDaemonConnection] thread 21: Received non-IO message from client: Build{id=25937430-c2e6-4203-b68c-401149c2371d, currentDir=C:\Users\lburk\lc101\java-web-dev-techjobs-persistent}
2020-10-26T17:21:04.500-0500 [INFO] [org.gradle.launcher.daemon.server.DefaultIncomingConnectionHandler] Received command: Build{id=25937430-c2e6-4203-b68c-401149c2371d, currentDir=C:\Users\lburk\lc101\java-web-dev-techjobs-persistent}.
2020-10-26T17:21:04.500-0500 [DEBUG] [org.gradle.launcher.daemon.server.DefaultIncomingConnectionHandler] Starting executing command: Build{id=25937430-c2e6-4203-b68c-401149c2371d, currentDir=C:\Users\lburk\lc101\java-web-dev-techjobs-persistent} with connection: socket connection from /127.0.0.1:49913 to /127.0.0.1:49914.
2020-10-26T17:21:04.511-0500 [ERROR] [org.gradle.launcher.daemon.server.DaemonStateCoordinator] Command execution: started DaemonCommandExecution[command = Build{id=25937430-c2e6-4203-b68c-401149c2371d, currentDir=C:\Users\lburk\lc101\java-web-dev-techjobs-persistent}, connection = DefaultDaemonConnection: socket connection from /127.0.0.1:49913 to /127.0.0.1:49914] after 0.0 minutes of idle
2020-10-26T17:21:04.512-0500 [INFO] [org.gradle.launcher.daemon.server.DaemonRegistryUpdater] Marking the daemon as busy, address: [5fdfee25-d3a6-4f24-9d9e-66a9c6a232bc port:49913, addresses:[/127.0.0.1, /0:0:0:0:0:0:0:1]]
2020-10-26T17:21:04.512-0500 [DEBUG] [org.gradle.launcher.daemon.registry.PersistentDaemonRegistry] Marking busy by address: [5fdfee25-d3a6-4f24-9d9e-66a9c6a232bc port:49913, addresses:[/127.0.0.1, /0:0:0:0:0:0:0:1]]
2020-10-26T17:21:04.516-0500 [DEBUG] [org.gradle.cache.internal.DefaultFileLockManager] Waiting to acquire exclusive lock on daemon addresses registry.
2020-10-26T17:21:04.521-0500 [DEBUG] [org.gradle.cache.internal.DefaultFileLockManager] Lock acquired on daemon addresses registry.
2020-10-26T17:21:04.526-0500 [DEBUG] [org.gradle.cache.internal.DefaultFileLockManager] Releasing lock on daemon addresses registry.
2020-10-26T17:21:04.527-0500 [DEBUG] [org.gradle.launcher.daemon.server.DaemonStateCoordinator] resetting idle timer
2020-10-26T17:21:04.528-0500 [DEBUG] [org.gradle.launcher.daemon.server.DaemonStateCoordinator] daemon is running. Sleeping until state changes.
2020-10-26T17:21:04.533-0500 [INFO] [org.gradle.launcher.daemon.server.exec.StartBuildOrRespondWithBusy] Daemon is about to start building Build{id=25937430-c2e6-4203-b68c-401149c2371d, currentDir=C:\Users\lburk\lc101\java-web-dev-techjobs-persistent}. Dispatching build started information...
2020-10-26T17:21:04.534-0500 [DEBUG] [org.gradle.launcher.daemon.server.SynchronizedDispatchConnection] thread 23: dispatching class org.gradle.launcher.daemon.protocol.BuildStarted
2020-10-26T17:21:04.542-0500 [DEBUG] [org.gradle.launcher.daemon.server.exec.EstablishBuildEnvironment] Configuring env variables: {configsetroot=C:\WINDOWS\ConfigSetRoot, USERDOMAIN_ROAMINGPROFILE=LAPTOP-TOLOOT87, LOCALAPPDATA=C:\Users\lburk\AppData\Local, PROCESSOR_LEVEL=21, USERDOMAIN=LAPTOP-TOLOOT87, LOGONSERVER=\\LAPTOP-TOLOOT87, JAVA_HOME=C:\Program Files\Java\jdk-13.0.2, SESSIONNAME=Console, ALLUSERSPROFILE=C:\ProgramData, PROCESSOR_ARCHITECTURE=AMD64, ANDROID_HOME=C:\Users\lburk\lc101\angular-lc101-mission-planner\node_modules\protractor\node_modules\webdriver-manager\built\lib\binaries, PSModulePath=C:\Program Files\WindowsPowerShell\Modules;C:\WINDOWS\system32\WindowsPowerShell\v1.0\Modules, SystemDrive=C:, OneDrive=C:\Users\lburk\OneDrive, APPDATA=C:\Users\lburk\AppData\Roaming, USERNAME=lburk, ProgramFiles(x86)=C:\Program Files (x86), CommonProgramFiles=C:\Program Files\Common Files, Path=C:\WINDOWS\system32;C:\WINDOWS;C:\WINDOWS\System32\Wbem;C:\WINDOWS\System32\WindowsPowerShell\v1.0\;C:\WINDOWS\System32\OpenSSH\;C:\Program Files\Git\cmd;C:\Program Files\nodejs\;C:\Program Files\Java\jdk-13.0.2\bin;C:\Program Files\MySQL\MySQL Shell 8.0\bin\;C:\Users\lburk\AppData\Local\Microsoft\WindowsApps;C:\Users\lburk\AppData\Local\Programs\Microsoft VS Code\bin;C:\Users\lburk\AppData\Local\GitHubDesktop\bin;C:\Users\lburk\AppData\Roaming\npm, PATHEXT=.COM;.EXE;.BAT;.CMD;.VBS;.VBE;.JS;.JSE;.WSF;.WSH;.MSC, DriverData=C:\Windows\System32\Drivers\DriverData, OS=Windows_NT, OneDriveConsumer=C:\Users\lburk\OneDrive, COMPUTERNAME=LAPTOP-TOLOOT87, PROCESSOR_REVISION=7000, CommonProgramW6432=C:\Program Files\Common Files, ComSpec=C:\WINDOWS\system32\cmd.exe, ProgramData=C:\ProgramData, ProgramW6432=C:\Program Files, HOMEPATH=\Users\lburk, SystemRoot=C:\WINDOWS, TEMP=C:\Users\lburk\AppData\Local\Temp, PROCESSOR_IDENTIFIER=AMD64 Family 21 Model 112 Stepping 0, AuthenticAMD, USERPROFILE=C:\Users\lburk, HOMEDRIVE=C:, TMP=C:\Users\lburk\AppData\Local\Temp, ProgramFiles=C:\Program Files, CommonProgramFiles(x86)=C:\Program Files (x86)\Common Files, PUBLIC=C:\Users\Public, windir=C:\WINDOWS, NUMBER_OF_PROCESSORS=2, =::=::\, IDEA_INITIAL_DIRECTORY=C:\Users\lburk\AppData\Local\JetBrains\IntelliJ IDEA Community Edition 2020.2\bin}
2020-10-26T17:21:04.564-0500 [DEBUG] [org.gradle.launcher.daemon.server.exec.LogToClient] About to start relaying all logs to the client via the connection.
2020-10-26T17:21:04.565-0500 [INFO] [org.gradle.launcher.daemon.server.exec.LogToClient] The client will now receive all logging from the daemon (pid: 3548). The daemon log file: C:\Users\lburk\lc101\java-web-dev-techjobs-persistent\daemon\6.0.1\daemon-3548.out.log
2020-10-26T17:21:04.574-0500 [INFO] [org.gradle.launcher.daemon.server.exec.LogAndCheckHealth] Starting build in new daemon [memory: 536.9 MB]
2020-10-26T17:21:04.619-0500 [DEBUG] [org.gradle.launcher.daemon.server.exec.ExecuteBuild] The daemon has started executing the build.
2020-10-26T17:21:04.622-0500 [DEBUG] [org.gradle.launcher.daemon.server.exec.ExecuteBuild] Executing build with daemon context: DefaultDaemonContext[uid=2d47f77f-1710-4eec-9409-a7f534c51e1e,javaHome=C:\Program Files\Java\jdk-13.0.2,daemonRegistryDir=C:\Users\lburk\lc101\java-web-dev-techjobs-persistent\daemon,pid=3548,idleTimeout=10800000,priority=NORMAL,daemonOpts=-XX:MaxMetaspaceSize=256m,-XX:+HeapDumpOnOutOfMemoryError,-agentlib:jdwp=transport=dt_socket,server=n,suspend=y,address=127.0.0.1:49908,--add-opens,java.base/java.util=ALL-UNNAMED,--add-opens,java.base/java.lang=ALL-UNNAMED,--add-opens,java.base/java.lang.invoke=ALL-UNNAMED,--add-opens,java.prefs/java.util.prefs=ALL-UNNAMED,-Xms256m,-Xmx512m,-Dfile.encoding=windows-1252,-Duser.country=US,-Duser.language=en,-Duser.variant]

  .   ____          _            __ _ _
 /\\ / ___'_ __ _ _(_)_ __  __ _ \ \ \ \
( ( )\___ | '_ | '_| | '_ \/ _` | \ \ \ \
 \\/  ___)| |_)| | | | | || (_| |  ) ) ) )
  '  |____| .__|_| |_|_| |_\__, | / / / /
 =========|_|==============|___/=/_/_/_/
 :: Spring Boot ::        (v2.2.2.RELEASE)

2020-10-26 17:21:37.802  INFO 2452 --- [  restartedMain] .JavaWebDevTechjobsPersistentApplication : Starting JavaWebDevTechjobsPersistentApplication on LAPTOP-TOLOOT87 with PID 2452 (C:\Users\lburk\lc101\java-web-dev-techjobs-persistent\build\classes\java\main started by lburk in C:\Users\lburk\lc101\java-web-dev-techjobs-persistent)
2020-10-26 17:21:37.824  INFO 2452 --- [  restartedMain] .JavaWebDevTechjobsPersistentApplication : No active profile set, falling back to default profiles: default
2020-10-26 17:21:38.168  INFO 2452 --- [  restartedMain] o.s.b.devtools.restart.ChangeableUrls    : The Class-Path manifest attribute in C:\Users\lburk\lc101\java-web-dev-techjobs-persistent\caches\modules-2\files-2.1\org.glassfish.jaxb\jaxb-runtime\2.3.2\5528bc882ea499a09d720b42af11785c4fc6be2a\jaxb-runtime-2.3.2.jar referenced one or more files that do not exist: file:/C:/Users/lburk/lc101/java-web-dev-techjobs-persistent/caches/modules-2/files-2.1/org.glassfish.jaxb/jaxb-runtime/2.3.2/5528bc882ea499a09d720b42af11785c4fc6be2a/jakarta.xml.bind-api-2.3.2.jar,file:/C:/Users/lburk/lc101/java-web-dev-techjobs-persistent/caches/modules-2/files-2.1/org.glassfish.jaxb/jaxb-runtime/2.3.2/5528bc882ea499a09d720b42af11785c4fc6be2a/txw2-2.3.2.jar,file:/C:/Users/lburk/lc101/java-web-dev-techjobs-persistent/caches/modules-2/files-2.1/org.glassfish.jaxb/jaxb-runtime/2.3.2/5528bc882ea499a09d720b42af11785c4fc6be2a/istack-commons-runtime-3.0.8.jar,file:/C:/Users/lburk/lc101/java-web-dev-techjobs-persistent/caches/modules-2/files-2.1/org.glassfish.jaxb/jaxb-runtime/2.3.2/5528bc882ea499a09d720b42af11785c4fc6be2a/stax-ex-1.8.1.jar,file:/C:/Users/lburk/lc101/java-web-dev-techjobs-persistent/caches/modules-2/files-2.1/org.glassfish.jaxb/jaxb-runtime/2.3.2/5528bc882ea499a09d720b42af11785c4fc6be2a/FastInfoset-1.2.16.jar,file:/C:/Users/lburk/lc101/java-web-dev-techjobs-persistent/caches/modules-2/files-2.1/org.glassfish.jaxb/jaxb-runtime/2.3.2/5528bc882ea499a09d720b42af11785c4fc6be2a/jakarta.activation-api-1.2.1.jar
2020-10-26 17:21:38.171  INFO 2452 --- [  restartedMain] .e.DevToolsPropertyDefaultsPostProcessor : Devtools property defaults active! Set 'spring.devtools.add-properties' to 'false' to disable
2020-10-26 17:21:38.173  INFO 2452 --- [  restartedMain] .e.DevToolsPropertyDefaultsPostProcessor : For additional web related logging consider setting the 'logging.level.web' property to 'DEBUG'
2020-10-26 17:21:43.433  INFO 2452 --- [  restartedMain] .s.d.r.c.RepositoryConfigurationDelegate : Bootstrapping Spring Data JPA repositories in DEFAULT mode.
2020-10-26 17:21:43.732  INFO 2452 --- [  restartedMain] .s.d.r.c.RepositoryConfigurationDelegate : Finished Spring Data repository scanning in 263ms. Found 3 JPA repository interfaces.
2020-10-26 17:21:45.215  INFO 2452 --- [  restartedMain] trationDelegate$BeanPostProcessorChecker : Bean 'org.springframework.transaction.annotation.ProxyTransactionManagementConfiguration' of type [org.springframework.transaction.annotation.ProxyTransactionManagementConfiguration] is not eligible for getting processed by all BeanPostProcessors (for example: not eligible for auto-proxying)
2020-10-26 17:21:46.978  INFO 2452 --- [  restartedMain] o.s.b.w.embedded.tomcat.TomcatWebServer  : Tomcat initialized with port(s): 8080 (http)
2020-10-26 17:21:47.022  INFO 2452 --- [  restartedMain] o.apache.catalina.core.StandardService   : Starting service [Tomcat]
2020-10-26 17:21:47.023  INFO 2452 --- [  restartedMain] org.apache.catalina.core.StandardEngine  : Starting Servlet engine: [Apache Tomcat/9.0.29]
2020-10-26 17:21:47.627  INFO 2452 --- [  restartedMain] o.a.c.c.C.[Tomcat].[localhost].[/]       : Initializing Spring embedded WebApplicationContext
2020-10-26 17:21:47.628  INFO 2452 --- [  restartedMain] o.s.web.context.ContextLoader            : Root WebApplicationContext: initialization completed in 9454 ms
2020-10-26 17:21:48.486  INFO 2452 --- [  restartedMain] o.hibernate.jpa.internal.util.LogHelper  : HHH000204: Processing PersistenceUnitInfo [name: default]
2020-10-26 17:21:49.787  INFO 2452 --- [  restartedMain] org.hibernate.Version                    : HHH000412: Hibernate Core {5.4.9.Final}
2020-10-26 17:21:50.468  INFO 2452 --- [  restartedMain] o.hibernate.annotations.common.Version   : HCANN000001: Hibernate Commons Annotations {5.1.0.Final}
2020-10-26 17:21:51.031  INFO 2452 --- [  restartedMain] com.zaxxer.hikari.HikariDataSource       : HikariPool-1 - Starting...
2020-10-26 17:21:52.277  INFO 2452 --- [  restartedMain] com.zaxxer.hikari.HikariDataSource       : HikariPool-1 - Start completed.
2020-10-26 17:21:52.343  INFO 2452 --- [  restartedMain] org.hibernate.dialect.Dialect            : HHH000400: Using dialect: org.hibernate.dialect.MySQL8Dialect
2020-10-26 17:21:56.809  INFO 2452 --- [  restartedMain] o.h.e.t.j.p.i.JtaPlatformInitiator       : HHH000490: Using JtaPlatform implementation: [org.hibernate.engine.transaction.jta.platform.internal.NoJtaPlatform]
2020-10-26 17:21:56.841  INFO 2452 --- [  restartedMain] j.LocalContainerEntityManagerFactoryBean : Initialized JPA EntityManagerFactory for persistence unit 'default'
2020-10-26 17:21:56.961  INFO 2452 --- [  restartedMain] o.s.b.d.a.OptionalLiveReloadServer       : LiveReload server is running on port 35729
2020-10-26 17:21:58.431  WARN 2452 --- [  restartedMain] JpaBaseConfiguration$JpaWebConfiguration : spring.jpa.open-in-view is enabled by default. Therefore, database queries may be performed during view rendering. Explicitly configure spring.jpa.open-in-view to disable this warning
2020-10-26 17:21:59.059  INFO 2452 --- [  restartedMain] o.s.s.concurrent.ThreadPoolTaskExecutor  : Initializing ExecutorService 'applicationTaskExecutor'
2020-10-26 17:21:59.421  INFO 2452 --- [  restartedMain] o.s.b.a.w.s.WelcomePageHandlerMapping    : Adding welcome page template: index
2020-10-26 17:22:00.608  INFO 2452 --- [  restartedMain] o.s.b.w.embedded.tomcat.TomcatWebServer  : Tomcat started on port(s): 8080 (http) with context path ''
2020-10-26 17:22:00.615  INFO 2452 --- [  restartedMain] .JavaWebDevTechjobsPersistentApplication : Started JavaWebDevTechjobsPersistentApplication in 24.931 seconds (JVM running for 28.019)
